<?xml version="1.0" encoding="UTF-8"?>
<testsuite xmlns:xsi="http://www.w3.org/2001/XMLSchema-instance" xsi:noNamespaceSchemaLocation="https://maven.apache.org/surefire/maven-surefire-plugin/xsd/surefire-test-report.xsd" name="org.apache.flink.connector.jdbc.JdbcRowOutputFormatTest" time="13.5" tests="10" errors="0" skipped="0" failures="0">
  <properties>
    <property name="gopherProxySet" value="false"/>
    <property name="awt.toolkit" value="sun.lwawt.macosx.LWCToolkit"/>
    <property name="file.encoding.pkg" value="sun.io"/>
    <property name="java.specification.version" value="1.8"/>
    <property name="forkNumber" value="07"/>
    <property name="sun.cpu.isalist" value=""/>
    <property name="sun.jnu.encoding" value="UTF-8"/>
    <property name="java.class.path" value="/Users/liuzhiwei/ideapro/flink-1.14.4/flink-connectors/flink-connector-jdbc/target/test-classes:/Users/liuzhiwei/ideapro/flink-1.14.4/flink-connectors/flink-connector-jdbc/target/classes:/Users/liuzhiwei/ideapro/flink-1.14.4/flink-table/flink-table-api-java-bridge/target/flink-table-api-java-bridge_2.11-1.14.4.jar:/Users/liuzhiwei/ideapro/flink-1.14.4/flink-table/flink-table-api-java/target/flink-table-api-java-1.14.4.jar:/Users/liuzhiwei/ideapro/flink-1.14.4/flink-java/target/flink-java-1.14.4.jar:/Users/liuzhiwei/ideapro/flink-1.14.4/flink-streaming-java/target/flink-streaming-java_2.11-1.14.4.jar:/Users/liuzhiwei/.m2/repository/org/postgresql/postgresql/42.2.10/postgresql-42.2.10.jar:/Users/liuzhiwei/ideapro/flink-1.14.4/flink-test-utils-parent/flink-test-utils/target/flink-test-utils_2.11-1.14.4.jar:/Users/liuzhiwei/ideapro/flink-1.14.4/flink-runtime/target/flink-runtime-1.14.4.jar:/Users/liuzhiwei/ideapro/flink-1.14.4/flink-rpc/flink-rpc-core/target/flink-rpc-core-1.14.4.jar:/Users/liuzhiwei/ideapro/flink-1.14.4/flink-rpc/flink-rpc-akka-loader/target/flink-rpc-akka-loader-1.14.4.jar:/Users/liuzhiwei/ideapro/flink-1.14.4/flink-queryable-state/flink-queryable-state-client-java/target/flink-queryable-state-client-java-1.14.4.jar:/Users/liuzhiwei/ideapro/flink-1.14.4/flink-filesystems/flink-hadoop-fs/target/flink-hadoop-fs-1.14.4.jar:/Users/liuzhiwei/.m2/repository/org/apache/flink/flink-shaded-netty/4.1.65.Final-14.0/flink-shaded-netty-4.1.65.Final-14.0.jar:/Users/liuzhiwei/.m2/repository/org/apache/flink/flink-shaded-jackson/2.12.4-14.0/flink-shaded-jackson-2.12.4-14.0.jar:/Users/liuzhiwei/.m2/repository/org/apache/flink/flink-shaded-zookeeper-3/3.4.14-14.0/flink-shaded-zookeeper-3-3.4.14-14.0.jar:/Users/liuzhiwei/.m2/repository/commons-cli/commons-cli/1.3.1/commons-cli-1.3.1.jar:/Users/liuzhiwei/.m2/repository/org/javassist/javassist/3.24.0-GA/javassist-3.24.0-GA.jar:/Users/liuzhiwei/.m2/repository/org/xerial/snappy/snappy-java/1.1.8.3/snappy-java-1.1.8.3.jar:/Users/liuzhiwei/.m2/repository/org/lz4/lz4-java/1.8.0/lz4-java-1.8.0.jar:/Users/liuzhiwei/ideapro/flink-1.14.4/flink-runtime/target/flink-runtime-1.14.4-tests.jar:/Users/liuzhiwei/ideapro/flink-1.14.4/flink-rpc/flink-rpc-akka-loader/target/flink-rpc-akka-loader-1.14.4-tests.jar:/Users/liuzhiwei/ideapro/flink-1.14.4/flink-clients/target/flink-clients_2.11-1.14.4.jar:/Users/liuzhiwei/ideapro/flink-1.14.4/flink-optimizer/target/flink-optimizer-1.14.4.jar:/Users/liuzhiwei/.m2/repository/io/netty/netty/3.10.6.Final/netty-3.10.6.Final.jar:/Users/liuzhiwei/.m2/repository/org/apache/curator/curator-test/2.12.0/curator-test-2.12.0.jar:/Users/liuzhiwei/.m2/repository/org/apache/zookeeper/zookeeper/3.4.14/zookeeper-3.4.14.jar:/Users/liuzhiwei/.m2/repository/org/apache/yetus/audience-annotations/0.5.0/audience-annotations-0.5.0.jar:/Users/liuzhiwei/ideapro/flink-1.14.4/flink-state-backends/flink-statebackend-changelog/target/flink-statebackend-changelog-1.14.4.jar:/Users/liuzhiwei/ideapro/flink-1.14.4/flink-table/flink-table-common/target/flink-table-common-1.14.4-tests.jar:/Users/liuzhiwei/ideapro/flink-1.14.4/flink-core/target/flink-core-1.14.4.jar:/Users/liuzhiwei/ideapro/flink-1.14.4/flink-connectors/flink-connector-files/target/flink-connector-files-1.14.4.jar:/Users/liuzhiwei/ideapro/flink-1.14.4/flink-connectors/flink-connector-base/target/flink-connector-base-1.14.4.jar:/Users/liuzhiwei/.m2/repository/org/apache/flink/flink-shaded-asm-7/7.1-14.0/flink-shaded-asm-7-7.1-14.0.jar:/Users/liuzhiwei/ideapro/flink-1.14.4/flink-streaming-java/target/flink-streaming-java_2.11-1.14.4-tests.jar:/Users/liuzhiwei/ideapro/flink-1.14.4/flink-connectors/flink-file-sink-common/target/flink-file-sink-common-1.14.4.jar:/Users/liuzhiwei/ideapro/flink-1.14.4/flink-scala/target/flink-scala_2.11-1.14.4.jar:/Users/liuzhiwei/.m2/repository/org/scala-lang/scala-reflect/2.11.12/scala-reflect-2.11.12.jar:/Users/liuzhiwei/.m2/repository/org/scala-lang/scala-library/2.11.12/scala-library-2.11.12.jar:/Users/liuzhiwei/.m2/repository/org/scala-lang/scala-compiler/2.11.12/scala-compiler-2.11.12.jar:/Users/liuzhiwei/.m2/repository/org/scala-lang/modules/scala-xml_2.11/1.0.5/scala-xml_2.11-1.0.5.jar:/Users/liuzhiwei/.m2/repository/com/twitter/chill_2.11/0.7.6/chill_2.11-0.7.6.jar:/Users/liuzhiwei/.m2/repository/com/twitter/chill-java/0.7.6/chill-java-0.7.6.jar:/Users/liuzhiwei/.m2/repository/org/apache/flink/flink-shaded-guava/30.1.1-jre-14.0/flink-shaded-guava-30.1.1-jre-14.0.jar:/Users/liuzhiwei/.m2/repository/org/apache/commons/commons-math3/3.5/commons-math3-3.5.jar:/Users/liuzhiwei/ideapro/flink-1.14.4/flink-core/target/flink-core-1.14.4-tests.jar:/Users/liuzhiwei/ideapro/flink-1.14.4/flink-annotations/target/flink-annotations-1.14.4.jar:/Users/liuzhiwei/ideapro/flink-1.14.4/flink-metrics/flink-metrics-core/target/flink-metrics-core-1.14.4.jar:/Users/liuzhiwei/.m2/repository/org/apache/commons/commons-lang3/3.3.2/commons-lang3-3.3.2.jar:/Users/liuzhiwei/.m2/repository/com/esotericsoftware/kryo/kryo/2.24.0/kryo-2.24.0.jar:/Users/liuzhiwei/.m2/repository/com/esotericsoftware/minlog/minlog/1.2/minlog-1.2.jar:/Users/liuzhiwei/.m2/repository/commons-collections/commons-collections/3.2.2/commons-collections-3.2.2.jar:/Users/liuzhiwei/.m2/repository/org/apache/commons/commons-compress/1.21/commons-compress-1.21.jar:/Users/liuzhiwei/ideapro/flink-1.14.4/flink-table/flink-table-planner/target/flink-table-planner_2.11-1.14.4-tests.jar:/Users/liuzhiwei/.m2/repository/com/google/guava/guava/29.0-jre/guava-29.0-jre.jar:/Users/liuzhiwei/.m2/repository/com/google/guava/failureaccess/1.0.1/failureaccess-1.0.1.jar:/Users/liuzhiwei/.m2/repository/com/google/guava/listenablefuture/9999.0-empty-to-avoid-conflict-with-guava/listenablefuture-9999.0-empty-to-avoid-conflict-with-guava.jar:/Users/liuzhiwei/.m2/repository/org/checkerframework/checker-qual/2.11.1/checker-qual-2.11.1.jar:/Users/liuzhiwei/.m2/repository/com/google/errorprone/error_prone_annotations/2.3.4/error_prone_annotations-2.3.4.jar:/Users/liuzhiwei/.m2/repository/com/google/j2objc/j2objc-annotations/1.3/j2objc-annotations-1.3.jar:/Users/liuzhiwei/.m2/repository/org/codehaus/janino/commons-compiler/3.0.11/commons-compiler-3.0.11.jar:/Users/liuzhiwei/.m2/repository/org/codehaus/janino/janino/3.0.11/janino-3.0.11.jar:/Users/liuzhiwei/ideapro/flink-1.14.4/flink-table/flink-table-common/target/flink-table-common-1.14.4.jar:/Users/liuzhiwei/ideapro/flink-1.14.4/flink-table/flink-table-api-scala/target/flink-table-api-scala_2.11-1.14.4.jar:/Users/liuzhiwei/ideapro/flink-1.14.4/flink-table/flink-table-api-scala-bridge/target/flink-table-api-scala-bridge_2.11-1.14.4.jar:/Users/liuzhiwei/ideapro/flink-1.14.4/flink-streaming-scala/target/flink-streaming-scala_2.11-1.14.4.jar:/Users/liuzhiwei/ideapro/flink-1.14.4/flink-table/flink-sql-parser/target/flink-sql-parser-1.14.4.jar:/Users/liuzhiwei/ideapro/flink-1.14.4/flink-table/flink-sql-parser-hive/target/flink-sql-parser-hive-1.14.4.jar:/Users/liuzhiwei/ideapro/flink-1.14.4/flink-table/flink-table-runtime/target/flink-table-runtime_2.11-1.14.4.jar:/Users/liuzhiwei/ideapro/flink-1.14.4/flink-table/flink-table-code-splitter/target/flink-table-code-splitter-1.14.4.jar:/Users/liuzhiwei/.m2/repository/org/antlr/antlr4-runtime/4.7/antlr4-runtime-4.7.jar:/Users/liuzhiwei/.m2/repository/org/apache/calcite/avatica/avatica-core/1.17.0/avatica-core-1.17.0.jar:/Users/liuzhiwei/.m2/repository/org/apache/calcite/calcite-core/1.26.0/calcite-core-1.26.0.jar:/Users/liuzhiwei/.m2/repository/org/apache/calcite/calcite-linq4j/1.26.0/calcite-linq4j-1.26.0.jar:/Users/liuzhiwei/.m2/repository/com/fasterxml/jackson/core/jackson-annotations/2.12.1/jackson-annotations-2.12.1.jar:/Users/liuzhiwei/.m2/repository/com/esri/geometry/esri-geometry-api/2.2.0/esri-geometry-api-2.2.0.jar:/Users/liuzhiwei/.m2/repository/com/fasterxml/jackson/core/jackson-core/2.12.1/jackson-core-2.12.1.jar:/Users/liuzhiwei/.m2/repository/com/fasterxml/jackson/core/jackson-databind/2.12.1/jackson-databind-2.12.1.jar:/Users/liuzhiwei/.m2/repository/com/jayway/jsonpath/json-path/2.4.0/json-path-2.4.0.jar:/Users/liuzhiwei/.m2/repository/net/minidev/json-smart/2.3/json-smart-2.3.jar:/Users/liuzhiwei/.m2/repository/net/minidev/accessors-smart/1.2/accessors-smart-1.2.jar:/Users/liuzhiwei/.m2/repository/org/ow2/asm/asm/5.0.4/asm-5.0.4.jar:/Users/liuzhiwei/.m2/repository/com/ibm/icu/icu4j/67.1/icu4j-67.1.jar:/Users/liuzhiwei/.m2/repository/org/scala-lang/modules/scala-parser-combinators_2.11/1.1.1/scala-parser-combinators_2.11-1.1.1.jar:/Users/liuzhiwei/.m2/repository/org/reflections/reflections/0.9.10/reflections-0.9.10.jar:/Users/liuzhiwei/ideapro/flink-1.14.4/flink-table/flink-table-planner/target/flink-table-planner_2.11-1.14.4.jar:/Users/liuzhiwei/.m2/repository/com/opentable/components/otj-pg-embedded/0.13.3/otj-pg-embedded-0.13.3.jar:/Users/liuzhiwei/.m2/repository/org/tukaani/xz/1.5/xz-1.5.jar:/Users/liuzhiwei/.m2/repository/commons-io/commons-io/2.8.0/commons-io-2.8.0.jar:/Users/liuzhiwei/.m2/repository/commons-codec/commons-codec/1.13/commons-codec-1.13.jar:/Users/liuzhiwei/.m2/repository/com/github/spotbugs/spotbugs-annotations/3.1.12/spotbugs-annotations-3.1.12.jar:/Users/liuzhiwei/.m2/repository/org/slf4j/jcl-over-slf4j/1.7.28/jcl-over-slf4j-1.7.28.jar:/Users/liuzhiwei/.m2/repository/org/testcontainers/postgresql/1.16.2/postgresql-1.16.2.jar:/Users/liuzhiwei/.m2/repository/org/testcontainers/jdbc/1.16.2/jdbc-1.16.2.jar:/Users/liuzhiwei/.m2/repository/org/testcontainers/database-commons/1.16.2/database-commons-1.16.2.jar:/Users/liuzhiwei/.m2/repository/org/testcontainers/testcontainers/1.16.2/testcontainers-1.16.2.jar:/Users/liuzhiwei/.m2/repository/org/rnorth/duct-tape/duct-tape/1.0.8/duct-tape-1.0.8.jar:/Users/liuzhiwei/.m2/repository/org/jetbrains/annotations/17.0.0/annotations-17.0.0.jar:/Users/liuzhiwei/.m2/repository/com/github/docker-java/docker-java-api/3.2.12/docker-java-api-3.2.12.jar:/Users/liuzhiwei/.m2/repository/com/github/docker-java/docker-java-transport-zerodep/3.2.12/docker-java-transport-zerodep-3.2.12.jar:/Users/liuzhiwei/.m2/repository/com/github/docker-java/docker-java-transport/3.2.12/docker-java-transport-3.2.12.jar:/Users/liuzhiwei/.m2/repository/net/java/dev/jna/jna/5.8.0/jna-5.8.0.jar:/Users/liuzhiwei/.m2/repository/ch/vorburger/mariaDB4j/mariaDB4j/2.4.0/mariaDB4j-2.4.0.jar:/Users/liuzhiwei/.m2/repository/ch/vorburger/mariaDB4j/mariaDB4j-core/2.4.0/mariaDB4j-core-2.4.0.jar:/Users/liuzhiwei/.m2/repository/ch/vorburger/exec/exec/3.1.1/exec-3.1.1.jar:/Users/liuzhiwei/.m2/repository/org/apache/commons/commons-exec/1.3/commons-exec-1.3.jar:/Users/liuzhiwei/.m2/repository/org/apache/commons/commons-collections4/4.2/commons-collections4-4.2.jar:/Users/liuzhiwei/.m2/repository/org/springframework/spring-core/5.1.4.RELEASE/spring-core-5.1.4.RELEASE.jar:/Users/liuzhiwei/.m2/repository/org/springframework/spring-jcl/5.1.4.RELEASE/spring-jcl-5.1.4.RELEASE.jar:/Users/liuzhiwei/.m2/repository/ch/vorburger/mariaDB4j/mariaDB4j-db-linux64/10.2.11/mariaDB4j-db-linux64-10.2.11.jar:/Users/liuzhiwei/.m2/repository/ch/vorburger/mariaDB4j/mariaDB4j-db-win32/10.2.11/mariaDB4j-db-win32-10.2.11.jar:/Users/liuzhiwei/.m2/repository/ch/vorburger/mariaDB4j/mariaDB4j-db-mac64/10.2.11/mariaDB4j-db-mac64-10.2.11.jar:/Users/liuzhiwei/.m2/repository/org/mariadb/jdbc/mariadb-java-client/2.5.4/mariadb-java-client-2.5.4.jar:/Users/liuzhiwei/.m2/repository/mysql/mysql-connector-java/8.0.20/mysql-connector-java-8.0.20.jar:/Users/liuzhiwei/.m2/repository/com/google/protobuf/protobuf-java/3.6.1/protobuf-java-3.6.1.jar:/Users/liuzhiwei/.m2/repository/org/apache/derby/derby/10.14.2.0/derby-10.14.2.0.jar:/Users/liuzhiwei/.m2/repository/com/h2database/h2/2.1.210/h2-2.1.210.jar:/Users/liuzhiwei/.m2/repository/org/testcontainers/mysql/1.16.2/mysql-1.16.2.jar:/Users/liuzhiwei/.m2/repository/org/slf4j/slf4j-api/1.7.15/slf4j-api-1.7.15.jar:/Users/liuzhiwei/.m2/repository/com/google/code/findbugs/jsr305/1.3.9/jsr305-1.3.9.jar:/Users/liuzhiwei/ideapro/flink-1.14.4/flink-test-utils-parent/flink-test-utils-junit/target/flink-test-utils-junit-1.14.4.jar:/Users/liuzhiwei/.m2/repository/org/apache/flink/flink-shaded-force-shading/14.0/flink-shaded-force-shading-14.0.jar:/Users/liuzhiwei/.m2/repository/org/junit/jupiter/junit-jupiter/5.7.2/junit-jupiter-5.7.2.jar:/Users/liuzhiwei/.m2/repository/org/junit/jupiter/junit-jupiter-api/5.7.2/junit-jupiter-api-5.7.2.jar:/Users/liuzhiwei/.m2/repository/org/opentest4j/opentest4j/1.2.0/opentest4j-1.2.0.jar:/Users/liuzhiwei/.m2/repository/org/junit/platform/junit-platform-commons/1.7.2/junit-platform-commons-1.7.2.jar:/Users/liuzhiwei/.m2/repository/org/junit/jupiter/junit-jupiter-params/5.7.2/junit-jupiter-params-5.7.2.jar:/Users/liuzhiwei/.m2/repository/org/junit/jupiter/junit-jupiter-engine/5.7.2/junit-jupiter-engine-5.7.2.jar:/Users/liuzhiwei/.m2/repository/org/junit/vintage/junit-vintage-engine/5.7.2/junit-vintage-engine-5.7.2.jar:/Users/liuzhiwei/.m2/repository/org/apiguardian/apiguardian-api/1.1.0/apiguardian-api-1.1.0.jar:/Users/liuzhiwei/.m2/repository/org/junit/platform/junit-platform-engine/1.7.2/junit-platform-engine-1.7.2.jar:/Users/liuzhiwei/.m2/repository/junit/junit/4.13.2/junit-4.13.2.jar:/Users/liuzhiwei/.m2/repository/org/mockito/mockito-core/2.21.0/mockito-core-2.21.0.jar:/Users/liuzhiwei/.m2/repository/net/bytebuddy/byte-buddy/1.8.22/byte-buddy-1.8.22.jar:/Users/liuzhiwei/.m2/repository/net/bytebuddy/byte-buddy-agent/1.8.22/byte-buddy-agent-1.8.22.jar:/Users/liuzhiwei/.m2/repository/org/objenesis/objenesis/2.1/objenesis-2.1.jar:/Users/liuzhiwei/.m2/repository/org/powermock/powermock-module-junit4/2.0.4/powermock-module-junit4-2.0.4.jar:/Users/liuzhiwei/.m2/repository/org/powermock/powermock-module-junit4-common/2.0.4/powermock-module-junit4-common-2.0.4.jar:/Users/liuzhiwei/.m2/repository/org/powermock/powermock-reflect/2.0.4/powermock-reflect-2.0.4.jar:/Users/liuzhiwei/.m2/repository/org/powermock/powermock-core/2.0.4/powermock-core-2.0.4.jar:/Users/liuzhiwei/.m2/repository/org/hamcrest/hamcrest-core/1.3/hamcrest-core-1.3.jar:/Users/liuzhiwei/.m2/repository/org/powermock/powermock-api-mockito2/2.0.4/powermock-api-mockito2-2.0.4.jar:/Users/liuzhiwei/.m2/repository/org/powermock/powermock-api-support/2.0.4/powermock-api-support-2.0.4.jar:/Users/liuzhiwei/.m2/repository/org/hamcrest/hamcrest-all/1.3/hamcrest-all-1.3.jar:/Users/liuzhiwei/.m2/repository/org/apache/logging/log4j/log4j-slf4j-impl/2.17.1/log4j-slf4j-impl-2.17.1.jar:/Users/liuzhiwei/.m2/repository/org/apache/logging/log4j/log4j-api/2.17.1/log4j-api-2.17.1.jar:/Users/liuzhiwei/.m2/repository/org/apache/logging/log4j/log4j-core/2.17.1/log4j-core-2.17.1.jar:/Users/liuzhiwei/.m2/repository/org/apache/logging/log4j/log4j-1.2-api/2.17.1/log4j-1.2-api-2.17.1.jar:"/>
    <property name="java.vm.vendor" value="Oracle Corporation"/>
    <property name="hadoop.version" value="2.4.1"/>
    <property name="sun.arch.data.model" value="64"/>
    <property name="java.vendor.url" value="http://java.oracle.com/"/>
    <property name="user.timezone" value=""/>
    <property name="os.name" value="Mac OS X"/>
    <property name="java.vm.specification.version" value="1.8"/>
    <property name="user.country" value="US"/>
    <property name="sun.java.launcher" value="SUN_STANDARD"/>
    <property name="sun.boot.library.path" value="/Library/Java/JavaVirtualMachines/jdk1.8.0_311.jdk/Contents/Home/jre/lib"/>
    <property name="project.basedir" value="/Users/liuzhiwei/ideapro/flink-1.14.4/flink-connectors/flink-connector-jdbc"/>
    <property name="sun.java.command" value="/Users/liuzhiwei/ideapro/flink-1.14.4/flink-connectors/flink-connector-jdbc/target/surefire/surefirebooter6232125695561686258.jar /Users/liuzhiwei/ideapro/flink-1.14.4/flink-connectors/flink-connector-jdbc/target/surefire 2022-06-10T17-37-14_312-jvmRun7 surefire4307414090001640367tmp surefire_1355382555485906620162tmp"/>
    <property name="http.nonProxyHosts" value="local|*.local|169.254/16|*.169.254/16"/>
    <property name="surefire.test.class.path" value="/Users/liuzhiwei/ideapro/flink-1.14.4/flink-connectors/flink-connector-jdbc/target/test-classes:/Users/liuzhiwei/ideapro/flink-1.14.4/flink-connectors/flink-connector-jdbc/target/classes:/Users/liuzhiwei/ideapro/flink-1.14.4/flink-table/flink-table-api-java-bridge/target/flink-table-api-java-bridge_2.11-1.14.4.jar:/Users/liuzhiwei/ideapro/flink-1.14.4/flink-table/flink-table-api-java/target/flink-table-api-java-1.14.4.jar:/Users/liuzhiwei/ideapro/flink-1.14.4/flink-java/target/flink-java-1.14.4.jar:/Users/liuzhiwei/ideapro/flink-1.14.4/flink-streaming-java/target/flink-streaming-java_2.11-1.14.4.jar:/Users/liuzhiwei/.m2/repository/org/postgresql/postgresql/42.2.10/postgresql-42.2.10.jar:/Users/liuzhiwei/ideapro/flink-1.14.4/flink-test-utils-parent/flink-test-utils/target/flink-test-utils_2.11-1.14.4.jar:/Users/liuzhiwei/ideapro/flink-1.14.4/flink-runtime/target/flink-runtime-1.14.4.jar:/Users/liuzhiwei/ideapro/flink-1.14.4/flink-rpc/flink-rpc-core/target/flink-rpc-core-1.14.4.jar:/Users/liuzhiwei/ideapro/flink-1.14.4/flink-rpc/flink-rpc-akka-loader/target/flink-rpc-akka-loader-1.14.4.jar:/Users/liuzhiwei/ideapro/flink-1.14.4/flink-queryable-state/flink-queryable-state-client-java/target/flink-queryable-state-client-java-1.14.4.jar:/Users/liuzhiwei/ideapro/flink-1.14.4/flink-filesystems/flink-hadoop-fs/target/flink-hadoop-fs-1.14.4.jar:/Users/liuzhiwei/.m2/repository/org/apache/flink/flink-shaded-netty/4.1.65.Final-14.0/flink-shaded-netty-4.1.65.Final-14.0.jar:/Users/liuzhiwei/.m2/repository/org/apache/flink/flink-shaded-jackson/2.12.4-14.0/flink-shaded-jackson-2.12.4-14.0.jar:/Users/liuzhiwei/.m2/repository/org/apache/flink/flink-shaded-zookeeper-3/3.4.14-14.0/flink-shaded-zookeeper-3-3.4.14-14.0.jar:/Users/liuzhiwei/.m2/repository/commons-cli/commons-cli/1.3.1/commons-cli-1.3.1.jar:/Users/liuzhiwei/.m2/repository/org/javassist/javassist/3.24.0-GA/javassist-3.24.0-GA.jar:/Users/liuzhiwei/.m2/repository/org/xerial/snappy/snappy-java/1.1.8.3/snappy-java-1.1.8.3.jar:/Users/liuzhiwei/.m2/repository/org/lz4/lz4-java/1.8.0/lz4-java-1.8.0.jar:/Users/liuzhiwei/ideapro/flink-1.14.4/flink-runtime/target/flink-runtime-1.14.4-tests.jar:/Users/liuzhiwei/ideapro/flink-1.14.4/flink-rpc/flink-rpc-akka-loader/target/flink-rpc-akka-loader-1.14.4-tests.jar:/Users/liuzhiwei/ideapro/flink-1.14.4/flink-clients/target/flink-clients_2.11-1.14.4.jar:/Users/liuzhiwei/ideapro/flink-1.14.4/flink-optimizer/target/flink-optimizer-1.14.4.jar:/Users/liuzhiwei/.m2/repository/io/netty/netty/3.10.6.Final/netty-3.10.6.Final.jar:/Users/liuzhiwei/.m2/repository/org/apache/curator/curator-test/2.12.0/curator-test-2.12.0.jar:/Users/liuzhiwei/.m2/repository/org/apache/zookeeper/zookeeper/3.4.14/zookeeper-3.4.14.jar:/Users/liuzhiwei/.m2/repository/org/apache/yetus/audience-annotations/0.5.0/audience-annotations-0.5.0.jar:/Users/liuzhiwei/ideapro/flink-1.14.4/flink-state-backends/flink-statebackend-changelog/target/flink-statebackend-changelog-1.14.4.jar:/Users/liuzhiwei/ideapro/flink-1.14.4/flink-table/flink-table-common/target/flink-table-common-1.14.4-tests.jar:/Users/liuzhiwei/ideapro/flink-1.14.4/flink-core/target/flink-core-1.14.4.jar:/Users/liuzhiwei/ideapro/flink-1.14.4/flink-connectors/flink-connector-files/target/flink-connector-files-1.14.4.jar:/Users/liuzhiwei/ideapro/flink-1.14.4/flink-connectors/flink-connector-base/target/flink-connector-base-1.14.4.jar:/Users/liuzhiwei/.m2/repository/org/apache/flink/flink-shaded-asm-7/7.1-14.0/flink-shaded-asm-7-7.1-14.0.jar:/Users/liuzhiwei/ideapro/flink-1.14.4/flink-streaming-java/target/flink-streaming-java_2.11-1.14.4-tests.jar:/Users/liuzhiwei/ideapro/flink-1.14.4/flink-connectors/flink-file-sink-common/target/flink-file-sink-common-1.14.4.jar:/Users/liuzhiwei/ideapro/flink-1.14.4/flink-scala/target/flink-scala_2.11-1.14.4.jar:/Users/liuzhiwei/.m2/repository/org/scala-lang/scala-reflect/2.11.12/scala-reflect-2.11.12.jar:/Users/liuzhiwei/.m2/repository/org/scala-lang/scala-library/2.11.12/scala-library-2.11.12.jar:/Users/liuzhiwei/.m2/repository/org/scala-lang/scala-compiler/2.11.12/scala-compiler-2.11.12.jar:/Users/liuzhiwei/.m2/repository/org/scala-lang/modules/scala-xml_2.11/1.0.5/scala-xml_2.11-1.0.5.jar:/Users/liuzhiwei/.m2/repository/com/twitter/chill_2.11/0.7.6/chill_2.11-0.7.6.jar:/Users/liuzhiwei/.m2/repository/com/twitter/chill-java/0.7.6/chill-java-0.7.6.jar:/Users/liuzhiwei/.m2/repository/org/apache/flink/flink-shaded-guava/30.1.1-jre-14.0/flink-shaded-guava-30.1.1-jre-14.0.jar:/Users/liuzhiwei/.m2/repository/org/apache/commons/commons-math3/3.5/commons-math3-3.5.jar:/Users/liuzhiwei/ideapro/flink-1.14.4/flink-core/target/flink-core-1.14.4-tests.jar:/Users/liuzhiwei/ideapro/flink-1.14.4/flink-annotations/target/flink-annotations-1.14.4.jar:/Users/liuzhiwei/ideapro/flink-1.14.4/flink-metrics/flink-metrics-core/target/flink-metrics-core-1.14.4.jar:/Users/liuzhiwei/.m2/repository/org/apache/commons/commons-lang3/3.3.2/commons-lang3-3.3.2.jar:/Users/liuzhiwei/.m2/repository/com/esotericsoftware/kryo/kryo/2.24.0/kryo-2.24.0.jar:/Users/liuzhiwei/.m2/repository/com/esotericsoftware/minlog/minlog/1.2/minlog-1.2.jar:/Users/liuzhiwei/.m2/repository/commons-collections/commons-collections/3.2.2/commons-collections-3.2.2.jar:/Users/liuzhiwei/.m2/repository/org/apache/commons/commons-compress/1.21/commons-compress-1.21.jar:/Users/liuzhiwei/ideapro/flink-1.14.4/flink-table/flink-table-planner/target/flink-table-planner_2.11-1.14.4-tests.jar:/Users/liuzhiwei/.m2/repository/com/google/guava/guava/29.0-jre/guava-29.0-jre.jar:/Users/liuzhiwei/.m2/repository/com/google/guava/failureaccess/1.0.1/failureaccess-1.0.1.jar:/Users/liuzhiwei/.m2/repository/com/google/guava/listenablefuture/9999.0-empty-to-avoid-conflict-with-guava/listenablefuture-9999.0-empty-to-avoid-conflict-with-guava.jar:/Users/liuzhiwei/.m2/repository/org/checkerframework/checker-qual/2.11.1/checker-qual-2.11.1.jar:/Users/liuzhiwei/.m2/repository/com/google/errorprone/error_prone_annotations/2.3.4/error_prone_annotations-2.3.4.jar:/Users/liuzhiwei/.m2/repository/com/google/j2objc/j2objc-annotations/1.3/j2objc-annotations-1.3.jar:/Users/liuzhiwei/.m2/repository/org/codehaus/janino/commons-compiler/3.0.11/commons-compiler-3.0.11.jar:/Users/liuzhiwei/.m2/repository/org/codehaus/janino/janino/3.0.11/janino-3.0.11.jar:/Users/liuzhiwei/ideapro/flink-1.14.4/flink-table/flink-table-common/target/flink-table-common-1.14.4.jar:/Users/liuzhiwei/ideapro/flink-1.14.4/flink-table/flink-table-api-scala/target/flink-table-api-scala_2.11-1.14.4.jar:/Users/liuzhiwei/ideapro/flink-1.14.4/flink-table/flink-table-api-scala-bridge/target/flink-table-api-scala-bridge_2.11-1.14.4.jar:/Users/liuzhiwei/ideapro/flink-1.14.4/flink-streaming-scala/target/flink-streaming-scala_2.11-1.14.4.jar:/Users/liuzhiwei/ideapro/flink-1.14.4/flink-table/flink-sql-parser/target/flink-sql-parser-1.14.4.jar:/Users/liuzhiwei/ideapro/flink-1.14.4/flink-table/flink-sql-parser-hive/target/flink-sql-parser-hive-1.14.4.jar:/Users/liuzhiwei/ideapro/flink-1.14.4/flink-table/flink-table-runtime/target/flink-table-runtime_2.11-1.14.4.jar:/Users/liuzhiwei/ideapro/flink-1.14.4/flink-table/flink-table-code-splitter/target/flink-table-code-splitter-1.14.4.jar:/Users/liuzhiwei/.m2/repository/org/antlr/antlr4-runtime/4.7/antlr4-runtime-4.7.jar:/Users/liuzhiwei/.m2/repository/org/apache/calcite/avatica/avatica-core/1.17.0/avatica-core-1.17.0.jar:/Users/liuzhiwei/.m2/repository/org/apache/calcite/calcite-core/1.26.0/calcite-core-1.26.0.jar:/Users/liuzhiwei/.m2/repository/org/apache/calcite/calcite-linq4j/1.26.0/calcite-linq4j-1.26.0.jar:/Users/liuzhiwei/.m2/repository/com/fasterxml/jackson/core/jackson-annotations/2.12.1/jackson-annotations-2.12.1.jar:/Users/liuzhiwei/.m2/repository/com/esri/geometry/esri-geometry-api/2.2.0/esri-geometry-api-2.2.0.jar:/Users/liuzhiwei/.m2/repository/com/fasterxml/jackson/core/jackson-core/2.12.1/jackson-core-2.12.1.jar:/Users/liuzhiwei/.m2/repository/com/fasterxml/jackson/core/jackson-databind/2.12.1/jackson-databind-2.12.1.jar:/Users/liuzhiwei/.m2/repository/com/jayway/jsonpath/json-path/2.4.0/json-path-2.4.0.jar:/Users/liuzhiwei/.m2/repository/net/minidev/json-smart/2.3/json-smart-2.3.jar:/Users/liuzhiwei/.m2/repository/net/minidev/accessors-smart/1.2/accessors-smart-1.2.jar:/Users/liuzhiwei/.m2/repository/org/ow2/asm/asm/5.0.4/asm-5.0.4.jar:/Users/liuzhiwei/.m2/repository/com/ibm/icu/icu4j/67.1/icu4j-67.1.jar:/Users/liuzhiwei/.m2/repository/org/scala-lang/modules/scala-parser-combinators_2.11/1.1.1/scala-parser-combinators_2.11-1.1.1.jar:/Users/liuzhiwei/.m2/repository/org/reflections/reflections/0.9.10/reflections-0.9.10.jar:/Users/liuzhiwei/ideapro/flink-1.14.4/flink-table/flink-table-planner/target/flink-table-planner_2.11-1.14.4.jar:/Users/liuzhiwei/.m2/repository/com/opentable/components/otj-pg-embedded/0.13.3/otj-pg-embedded-0.13.3.jar:/Users/liuzhiwei/.m2/repository/org/tukaani/xz/1.5/xz-1.5.jar:/Users/liuzhiwei/.m2/repository/commons-io/commons-io/2.8.0/commons-io-2.8.0.jar:/Users/liuzhiwei/.m2/repository/commons-codec/commons-codec/1.13/commons-codec-1.13.jar:/Users/liuzhiwei/.m2/repository/com/github/spotbugs/spotbugs-annotations/3.1.12/spotbugs-annotations-3.1.12.jar:/Users/liuzhiwei/.m2/repository/org/slf4j/jcl-over-slf4j/1.7.28/jcl-over-slf4j-1.7.28.jar:/Users/liuzhiwei/.m2/repository/org/testcontainers/postgresql/1.16.2/postgresql-1.16.2.jar:/Users/liuzhiwei/.m2/repository/org/testcontainers/jdbc/1.16.2/jdbc-1.16.2.jar:/Users/liuzhiwei/.m2/repository/org/testcontainers/database-commons/1.16.2/database-commons-1.16.2.jar:/Users/liuzhiwei/.m2/repository/org/testcontainers/testcontainers/1.16.2/testcontainers-1.16.2.jar:/Users/liuzhiwei/.m2/repository/org/rnorth/duct-tape/duct-tape/1.0.8/duct-tape-1.0.8.jar:/Users/liuzhiwei/.m2/repository/org/jetbrains/annotations/17.0.0/annotations-17.0.0.jar:/Users/liuzhiwei/.m2/repository/com/github/docker-java/docker-java-api/3.2.12/docker-java-api-3.2.12.jar:/Users/liuzhiwei/.m2/repository/com/github/docker-java/docker-java-transport-zerodep/3.2.12/docker-java-transport-zerodep-3.2.12.jar:/Users/liuzhiwei/.m2/repository/com/github/docker-java/docker-java-transport/3.2.12/docker-java-transport-3.2.12.jar:/Users/liuzhiwei/.m2/repository/net/java/dev/jna/jna/5.8.0/jna-5.8.0.jar:/Users/liuzhiwei/.m2/repository/ch/vorburger/mariaDB4j/mariaDB4j/2.4.0/mariaDB4j-2.4.0.jar:/Users/liuzhiwei/.m2/repository/ch/vorburger/mariaDB4j/mariaDB4j-core/2.4.0/mariaDB4j-core-2.4.0.jar:/Users/liuzhiwei/.m2/repository/ch/vorburger/exec/exec/3.1.1/exec-3.1.1.jar:/Users/liuzhiwei/.m2/repository/org/apache/commons/commons-exec/1.3/commons-exec-1.3.jar:/Users/liuzhiwei/.m2/repository/org/apache/commons/commons-collections4/4.2/commons-collections4-4.2.jar:/Users/liuzhiwei/.m2/repository/org/springframework/spring-core/5.1.4.RELEASE/spring-core-5.1.4.RELEASE.jar:/Users/liuzhiwei/.m2/repository/org/springframework/spring-jcl/5.1.4.RELEASE/spring-jcl-5.1.4.RELEASE.jar:/Users/liuzhiwei/.m2/repository/ch/vorburger/mariaDB4j/mariaDB4j-db-linux64/10.2.11/mariaDB4j-db-linux64-10.2.11.jar:/Users/liuzhiwei/.m2/repository/ch/vorburger/mariaDB4j/mariaDB4j-db-win32/10.2.11/mariaDB4j-db-win32-10.2.11.jar:/Users/liuzhiwei/.m2/repository/ch/vorburger/mariaDB4j/mariaDB4j-db-mac64/10.2.11/mariaDB4j-db-mac64-10.2.11.jar:/Users/liuzhiwei/.m2/repository/org/mariadb/jdbc/mariadb-java-client/2.5.4/mariadb-java-client-2.5.4.jar:/Users/liuzhiwei/.m2/repository/mysql/mysql-connector-java/8.0.20/mysql-connector-java-8.0.20.jar:/Users/liuzhiwei/.m2/repository/com/google/protobuf/protobuf-java/3.6.1/protobuf-java-3.6.1.jar:/Users/liuzhiwei/.m2/repository/org/apache/derby/derby/10.14.2.0/derby-10.14.2.0.jar:/Users/liuzhiwei/.m2/repository/com/h2database/h2/2.1.210/h2-2.1.210.jar:/Users/liuzhiwei/.m2/repository/org/testcontainers/mysql/1.16.2/mysql-1.16.2.jar:/Users/liuzhiwei/.m2/repository/org/slf4j/slf4j-api/1.7.15/slf4j-api-1.7.15.jar:/Users/liuzhiwei/.m2/repository/com/google/code/findbugs/jsr305/1.3.9/jsr305-1.3.9.jar:/Users/liuzhiwei/ideapro/flink-1.14.4/flink-test-utils-parent/flink-test-utils-junit/target/flink-test-utils-junit-1.14.4.jar:/Users/liuzhiwei/.m2/repository/org/apache/flink/flink-shaded-force-shading/14.0/flink-shaded-force-shading-14.0.jar:/Users/liuzhiwei/.m2/repository/org/junit/jupiter/junit-jupiter/5.7.2/junit-jupiter-5.7.2.jar:/Users/liuzhiwei/.m2/repository/org/junit/jupiter/junit-jupiter-api/5.7.2/junit-jupiter-api-5.7.2.jar:/Users/liuzhiwei/.m2/repository/org/opentest4j/opentest4j/1.2.0/opentest4j-1.2.0.jar:/Users/liuzhiwei/.m2/repository/org/junit/platform/junit-platform-commons/1.7.2/junit-platform-commons-1.7.2.jar:/Users/liuzhiwei/.m2/repository/org/junit/jupiter/junit-jupiter-params/5.7.2/junit-jupiter-params-5.7.2.jar:/Users/liuzhiwei/.m2/repository/org/junit/jupiter/junit-jupiter-engine/5.7.2/junit-jupiter-engine-5.7.2.jar:/Users/liuzhiwei/.m2/repository/org/junit/vintage/junit-vintage-engine/5.7.2/junit-vintage-engine-5.7.2.jar:/Users/liuzhiwei/.m2/repository/org/apiguardian/apiguardian-api/1.1.0/apiguardian-api-1.1.0.jar:/Users/liuzhiwei/.m2/repository/org/junit/platform/junit-platform-engine/1.7.2/junit-platform-engine-1.7.2.jar:/Users/liuzhiwei/.m2/repository/junit/junit/4.13.2/junit-4.13.2.jar:/Users/liuzhiwei/.m2/repository/org/mockito/mockito-core/2.21.0/mockito-core-2.21.0.jar:/Users/liuzhiwei/.m2/repository/net/bytebuddy/byte-buddy/1.8.22/byte-buddy-1.8.22.jar:/Users/liuzhiwei/.m2/repository/net/bytebuddy/byte-buddy-agent/1.8.22/byte-buddy-agent-1.8.22.jar:/Users/liuzhiwei/.m2/repository/org/objenesis/objenesis/2.1/objenesis-2.1.jar:/Users/liuzhiwei/.m2/repository/org/powermock/powermock-module-junit4/2.0.4/powermock-module-junit4-2.0.4.jar:/Users/liuzhiwei/.m2/repository/org/powermock/powermock-module-junit4-common/2.0.4/powermock-module-junit4-common-2.0.4.jar:/Users/liuzhiwei/.m2/repository/org/powermock/powermock-reflect/2.0.4/powermock-reflect-2.0.4.jar:/Users/liuzhiwei/.m2/repository/org/powermock/powermock-core/2.0.4/powermock-core-2.0.4.jar:/Users/liuzhiwei/.m2/repository/org/hamcrest/hamcrest-core/1.3/hamcrest-core-1.3.jar:/Users/liuzhiwei/.m2/repository/org/powermock/powermock-api-mockito2/2.0.4/powermock-api-mockito2-2.0.4.jar:/Users/liuzhiwei/.m2/repository/org/powermock/powermock-api-support/2.0.4/powermock-api-support-2.0.4.jar:/Users/liuzhiwei/.m2/repository/org/hamcrest/hamcrest-all/1.3/hamcrest-all-1.3.jar:/Users/liuzhiwei/.m2/repository/org/apache/logging/log4j/log4j-slf4j-impl/2.17.1/log4j-slf4j-impl-2.17.1.jar:/Users/liuzhiwei/.m2/repository/org/apache/logging/log4j/log4j-api/2.17.1/log4j-api-2.17.1.jar:/Users/liuzhiwei/.m2/repository/org/apache/logging/log4j/log4j-core/2.17.1/log4j-core-2.17.1.jar:/Users/liuzhiwei/.m2/repository/org/apache/logging/log4j/log4j-1.2-api/2.17.1/log4j-1.2-api-2.17.1.jar:"/>
    <property name="sun.cpu.endian" value="little"/>
    <property name="user.home" value="/Users/liuzhiwei"/>
    <property name="user.language" value="en"/>
    <property name="java.specification.vendor" value="Oracle Corporation"/>
    <property name="java.home" value="/Library/Java/JavaVirtualMachines/jdk1.8.0_311.jdk/Contents/Home/jre"/>
    <property name="basedir" value="/Users/liuzhiwei/ideapro/flink-1.14.4/flink-connectors/flink-connector-jdbc"/>
    <property name="file.separator" value="/"/>
    <property name="line.separator" value="&#10;"/>
    <property name="java.vm.specification.vendor" value="Oracle Corporation"/>
    <property name="java.specification.name" value="Java Platform API Specification"/>
    <property name="java.awt.graphicsenv" value="sun.awt.CGraphicsEnvironment"/>
    <property name="test.randomization.seed" value=""/>
    <property name="mvn.forkNumber" value="7"/>
    <property name="surefire.real.class.path" value="/Users/liuzhiwei/ideapro/flink-1.14.4/flink-connectors/flink-connector-jdbc/target/surefire/surefirebooter6232125695561686258.jar"/>
    <property name="buffer-debloat.randomization" value="true"/>
    <property name="sun.boot.class.path" value="/Library/Java/JavaVirtualMachines/jdk1.8.0_311.jdk/Contents/Home/jre/lib/resources.jar:/Library/Java/JavaVirtualMachines/jdk1.8.0_311.jdk/Contents/Home/jre/lib/rt.jar:/Library/Java/JavaVirtualMachines/jdk1.8.0_311.jdk/Contents/Home/jre/lib/sunrsasign.jar:/Library/Java/JavaVirtualMachines/jdk1.8.0_311.jdk/Contents/Home/jre/lib/jsse.jar:/Library/Java/JavaVirtualMachines/jdk1.8.0_311.jdk/Contents/Home/jre/lib/jce.jar:/Library/Java/JavaVirtualMachines/jdk1.8.0_311.jdk/Contents/Home/jre/lib/charsets.jar:/Library/Java/JavaVirtualMachines/jdk1.8.0_311.jdk/Contents/Home/jre/lib/jfr.jar:/Library/Java/JavaVirtualMachines/jdk1.8.0_311.jdk/Contents/Home/jre/classes"/>
    <property name="checkpointing.changelog" value="unset"/>
    <property name="sun.management.compiler" value="HotSpot 64-Bit Tiered Compilers"/>
    <property name="ftp.nonProxyHosts" value="local|*.local|169.254/16|*.169.254/16"/>
    <property name="java.runtime.version" value="1.8.0_311-b11"/>
    <property name="user.name" value="liuzhiwei"/>
    <property name="path.separator" value=":"/>
    <property name="os.version" value="10.16"/>
    <property name="java.endorsed.dirs" value="/Library/Java/JavaVirtualMachines/jdk1.8.0_311.jdk/Contents/Home/jre/lib/endorsed"/>
    <property name="java.runtime.name" value="Java(TM) SE Runtime Environment"/>
    <property name="file.encoding" value="UTF-8"/>
    <property name="java.vm.name" value="Java HotSpot(TM) 64-Bit Server VM"/>
    <property name="localRepository" value="/Users/liuzhiwei/.m2/repository"/>
    <property name="java.vendor.url.bug" value="http://bugreport.sun.com/bugreport/"/>
    <property name="java.io.tmpdir" value="/var/folders/9v/knhh7l116z927rs422hz7g7r0000gn/T/"/>
    <property name="idea.version" value="2021.3.2"/>
    <property name="java.version" value="1.8.0_311"/>
    <property name="user.dir" value="/Users/liuzhiwei/ideapro/flink-1.14.4/flink-connectors/flink-connector-jdbc"/>
    <property name="os.arch" value="x86_64"/>
    <property name="java.vm.specification.name" value="Java Virtual Machine Specification"/>
    <property name="java.awt.printerjob" value="sun.lwawt.macosx.CPrinterJob"/>
    <property name="sun.os.patch.level" value="unknown"/>
    <property name="checkpointing.randomization" value="true"/>
    <property name="java.library.path" value="/Users/liuzhiwei/Library/Java/Extensions:/Library/Java/Extensions:/Network/Library/Java/Extensions:/System/Library/Java/Extensions:/usr/lib/java:."/>
    <property name="java.vm.info" value="mixed mode"/>
    <property name="java.vendor" value="Oracle Corporation"/>
    <property name="java.vm.version" value="25.311-b11"/>
    <property name="java.ext.dirs" value="/Users/liuzhiwei/Library/Java/Extensions:/Library/Java/JavaVirtualMachines/jdk1.8.0_311.jdk/Contents/Home/jre/lib/ext:/Library/Java/Extensions:/Network/Library/Java/Extensions:/System/Library/Java/Extensions:/usr/lib/java"/>
    <property name="sun.io.unicode.encoding" value="UnicodeBig"/>
    <property name="maven.repo.local" value="/Users/liuzhiwei/.m2/repository"/>
    <property name="java.class.version" value="52.0"/>
    <property name="socksNonProxyHosts" value="local|*.local|169.254/16|*.169.254/16"/>
  </properties>
  <testcase name="testInvalidConnectionInJdbcOutputFormat" classname="org.apache.flink.connector.jdbc.JdbcRowOutputFormatTest" time="5.413"/>
  <testcase name="testIncompleteConfiguration" classname="org.apache.flink.connector.jdbc.JdbcRowOutputFormatTest" time="0.316"/>
  <testcase name="testFlush" classname="org.apache.flink.connector.jdbc.JdbcRowOutputFormatTest" time="0.332"/>
  <testcase name="testIncompatibleTypes" classname="org.apache.flink.connector.jdbc.JdbcRowOutputFormatTest" time="3.433"/>
  <testcase name="testExceptionOnInvalidType" classname="org.apache.flink.connector.jdbc.JdbcRowOutputFormatTest" time="0.129"/>
  <testcase name="testJdbcOutputFormat" classname="org.apache.flink.connector.jdbc.JdbcRowOutputFormatTest" time="0.137"/>
  <testcase name="testInvalidDriver" classname="org.apache.flink.connector.jdbc.JdbcRowOutputFormatTest" time="0.078"/>
  <testcase name="testExceptionOnClose" classname="org.apache.flink.connector.jdbc.JdbcRowOutputFormatTest" time="3.409"/>
  <testcase name="testInvalidQuery" classname="org.apache.flink.connector.jdbc.JdbcRowOutputFormatTest" time="0.125"/>
  <testcase name="testInvalidURL" classname="org.apache.flink.connector.jdbc.JdbcRowOutputFormatTest" time="0.102"/>
</testsuite>