<?xml version="1.0" encoding="UTF-8"?>
<testsuite xmlns:xsi="http://www.w3.org/2001/XMLSchema-instance" xsi:noNamespaceSchemaLocation="https://maven.apache.org/surefire/maven-surefire-plugin/xsd/surefire-test-report.xsd" name="org.apache.flink.runtime.io.network.buffer.NetworkBufferTest" time="12.205" tests="404" errors="0" skipped="0" failures="0">
  <properties>
    <property name="gopherProxySet" value="false"/>
    <property name="awt.toolkit" value="sun.lwawt.macosx.LWCToolkit"/>
    <property name="file.encoding.pkg" value="sun.io"/>
    <property name="java.specification.version" value="1.8"/>
    <property name="forkNumber" value="08"/>
    <property name="sun.cpu.isalist" value=""/>
    <property name="sun.jnu.encoding" value="UTF-8"/>
    <property name="java.class.path" value="/Users/liuzhiwei/ideapro/flink-1.14.4/flink-runtime/target/test-classes:/Users/liuzhiwei/ideapro/flink-1.14.4/flink-runtime/target/classes:/Users/liuzhiwei/ideapro/flink-1.14.4/flink-core/target/flink-core-1.14.4.jar:/Users/liuzhiwei/ideapro/flink-1.14.4/flink-annotations/target/flink-annotations-1.14.4.jar:/Users/liuzhiwei/ideapro/flink-1.14.4/flink-metrics/flink-metrics-core/target/flink-metrics-core-1.14.4.jar:/Users/liuzhiwei/.m2/repository/org/apache/flink/flink-shaded-asm-7/7.1-14.0/flink-shaded-asm-7-7.1-14.0.jar:/Users/liuzhiwei/.m2/repository/com/esotericsoftware/kryo/kryo/2.24.0/kryo-2.24.0.jar:/Users/liuzhiwei/.m2/repository/com/esotericsoftware/minlog/minlog/1.2/minlog-1.2.jar:/Users/liuzhiwei/.m2/repository/commons-collections/commons-collections/3.2.2/commons-collections-3.2.2.jar:/Users/liuzhiwei/.m2/repository/org/apache/commons/commons-compress/1.21/commons-compress-1.21.jar:/Users/liuzhiwei/ideapro/flink-1.14.4/flink-rpc/flink-rpc-core/target/flink-rpc-core-1.14.4.jar:/Users/liuzhiwei/ideapro/flink-1.14.4/flink-rpc/flink-rpc-akka-loader/target/flink-rpc-akka-loader-1.14.4.jar:/Users/liuzhiwei/ideapro/flink-1.14.4/flink-rpc/flink-rpc-akka-loader/target/flink-rpc-akka-loader-1.14.4-tests.jar:/Users/liuzhiwei/ideapro/flink-1.14.4/flink-java/target/flink-java-1.14.4.jar:/Users/liuzhiwei/.m2/repository/org/apache/commons/commons-math3/3.5/commons-math3-3.5.jar:/Users/liuzhiwei/ideapro/flink-1.14.4/flink-queryable-state/flink-queryable-state-client-java/target/flink-queryable-state-client-java-1.14.4.jar:/Users/liuzhiwei/ideapro/flink-1.14.4/flink-filesystems/flink-hadoop-fs/target/flink-hadoop-fs-1.14.4.jar:/Users/liuzhiwei/.m2/repository/org/apache/hadoop/hadoop-common/2.4.1/hadoop-common-2.4.1.jar:/Users/liuzhiwei/.m2/repository/org/apache/hadoop/hadoop-annotations/2.4.1/hadoop-annotations-2.4.1.jar:/Users/liuzhiwei/.m2/repository/com/google/guava/guava/11.0.2/guava-11.0.2.jar:/Users/liuzhiwei/.m2/repository/xmlenc/xmlenc/0.52/xmlenc-0.52.jar:/Users/liuzhiwei/.m2/repository/commons-httpclient/commons-httpclient/3.1/commons-httpclient-3.1.jar:/Users/liuzhiwei/.m2/repository/commons-codec/commons-codec/1.13/commons-codec-1.13.jar:/Users/liuzhiwei/.m2/repository/commons-net/commons-net/3.1/commons-net-3.1.jar:/Users/liuzhiwei/.m2/repository/javax/servlet/servlet-api/2.5/servlet-api-2.5.jar:/Users/liuzhiwei/.m2/repository/org/mortbay/jetty/jetty/6.1.26/jetty-6.1.26.jar:/Users/liuzhiwei/.m2/repository/org/mortbay/jetty/jetty-util/6.1.26/jetty-util-6.1.26.jar:/Users/liuzhiwei/.m2/repository/com/sun/jersey/jersey-core/1.9/jersey-core-1.9.jar:/Users/liuzhiwei/.m2/repository/com/sun/jersey/jersey-json/1.9/jersey-json-1.9.jar:/Users/liuzhiwei/.m2/repository/org/codehaus/jettison/jettison/1.1/jettison-1.1.jar:/Users/liuzhiwei/.m2/repository/com/sun/xml/bind/jaxb-impl/2.2.3-1/jaxb-impl-2.2.3-1.jar:/Users/liuzhiwei/.m2/repository/org/codehaus/jackson/jackson-jaxrs/1.8.3/jackson-jaxrs-1.8.3.jar:/Users/liuzhiwei/.m2/repository/org/codehaus/jackson/jackson-xc/1.8.3/jackson-xc-1.8.3.jar:/Users/liuzhiwei/.m2/repository/com/sun/jersey/jersey-server/1.9/jersey-server-1.9.jar:/Users/liuzhiwei/.m2/repository/asm/asm/3.1/asm-3.1.jar:/Users/liuzhiwei/.m2/repository/tomcat/jasper-compiler/5.5.23/jasper-compiler-5.5.23.jar:/Users/liuzhiwei/.m2/repository/tomcat/jasper-runtime/5.5.23/jasper-runtime-5.5.23.jar:/Users/liuzhiwei/.m2/repository/javax/servlet/jsp/jsp-api/2.1/jsp-api-2.1.jar:/Users/liuzhiwei/.m2/repository/commons-el/commons-el/1.0/commons-el-1.0.jar:/Users/liuzhiwei/.m2/repository/commons-logging/commons-logging/1.1.3/commons-logging-1.1.3.jar:/Users/liuzhiwei/.m2/repository/net/java/dev/jets3t/jets3t/0.9.0/jets3t-0.9.0.jar:/Users/liuzhiwei/.m2/repository/org/apache/httpcomponents/httpclient/4.5.13/httpclient-4.5.13.jar:/Users/liuzhiwei/.m2/repository/org/apache/httpcomponents/httpcore/4.4.14/httpcore-4.4.14.jar:/Users/liuzhiwei/.m2/repository/com/jamesmurty/utils/java-xmlbuilder/0.4/java-xmlbuilder-0.4.jar:/Users/liuzhiwei/.m2/repository/commons-lang/commons-lang/2.6/commons-lang-2.6.jar:/Users/liuzhiwei/.m2/repository/commons-configuration/commons-configuration/1.7/commons-configuration-1.7.jar:/Users/liuzhiwei/.m2/repository/commons-digester/commons-digester/1.8.1/commons-digester-1.8.1.jar:/Users/liuzhiwei/.m2/repository/commons-beanutils/commons-beanutils/1.8.3/commons-beanutils-1.8.3.jar:/Users/liuzhiwei/.m2/repository/org/codehaus/jackson/jackson-core-asl/1.8.8/jackson-core-asl-1.8.8.jar:/Users/liuzhiwei/.m2/repository/org/codehaus/jackson/jackson-mapper-asl/1.8.8/jackson-mapper-asl-1.8.8.jar:/Users/liuzhiwei/.m2/repository/org/apache/avro/avro/1.10.0/avro-1.10.0.jar:/Users/liuzhiwei/.m2/repository/com/fasterxml/jackson/core/jackson-core/2.12.1/jackson-core-2.12.1.jar:/Users/liuzhiwei/.m2/repository/com/fasterxml/jackson/core/jackson-databind/2.12.1/jackson-databind-2.12.1.jar:/Users/liuzhiwei/.m2/repository/com/fasterxml/jackson/core/jackson-annotations/2.12.1/jackson-annotations-2.12.1.jar:/Users/liuzhiwei/.m2/repository/com/google/protobuf/protobuf-java/2.5.0/protobuf-java-2.5.0.jar:/Users/liuzhiwei/.m2/repository/org/apache/hadoop/hadoop-auth/2.4.1/hadoop-auth-2.4.1.jar:/Users/liuzhiwei/.m2/repository/com/jcraft/jsch/0.1.42/jsch-0.1.42.jar:/Users/liuzhiwei/.m2/repository/org/apache/zookeeper/zookeeper/3.4.14/zookeeper-3.4.14.jar:/Users/liuzhiwei/.m2/repository/com/github/spotbugs/spotbugs-annotations/3.1.9/spotbugs-annotations-3.1.9.jar:/Users/liuzhiwei/.m2/repository/org/apache/yetus/audience-annotations/0.5.0/audience-annotations-0.5.0.jar:/Users/liuzhiwei/.m2/repository/org/apache/hadoop/hadoop-hdfs/2.4.1/hadoop-hdfs-2.4.1.jar:/Users/liuzhiwei/.m2/repository/commons-daemon/commons-daemon/1.0.13/commons-daemon-1.0.13.jar:/Users/liuzhiwei/.m2/repository/org/apache/hadoop/hadoop-mapreduce-client-core/2.4.1/hadoop-mapreduce-client-core-2.4.1.jar:/Users/liuzhiwei/.m2/repository/org/apache/hadoop/hadoop-yarn-common/2.4.1/hadoop-yarn-common-2.4.1.jar:/Users/liuzhiwei/.m2/repository/org/apache/hadoop/hadoop-yarn-api/2.4.1/hadoop-yarn-api-2.4.1.jar:/Users/liuzhiwei/.m2/repository/javax/xml/bind/jaxb-api/2.3.1/jaxb-api-2.3.1.jar:/Users/liuzhiwei/.m2/repository/javax/activation/javax.activation-api/1.2.0/javax.activation-api-1.2.0.jar:/Users/liuzhiwei/.m2/repository/com/google/inject/guice/3.0/guice-3.0.jar:/Users/liuzhiwei/.m2/repository/javax/inject/javax.inject/1/javax.inject-1.jar:/Users/liuzhiwei/.m2/repository/aopalliance/aopalliance/1.0/aopalliance-1.0.jar:/Users/liuzhiwei/.m2/repository/com/sun/jersey/contribs/jersey-guice/1.9/jersey-guice-1.9.jar:/Users/liuzhiwei/.m2/repository/com/google/inject/extensions/guice-servlet/3.0/guice-servlet-3.0.jar:/Users/liuzhiwei/.m2/repository/io/netty/netty/3.6.2.Final/netty-3.6.2.Final.jar:/Users/liuzhiwei/.m2/repository/commons-io/commons-io/2.8.0/commons-io-2.8.0.jar:/Users/liuzhiwei/.m2/repository/org/apache/flink/flink-shaded-netty/4.1.65.Final-14.0/flink-shaded-netty-4.1.65.Final-14.0.jar:/Users/liuzhiwei/.m2/repository/org/apache/flink/flink-shaded-guava/30.1.1-jre-14.0/flink-shaded-guava-30.1.1-jre-14.0.jar:/Users/liuzhiwei/.m2/repository/org/apache/flink/flink-shaded-jackson/2.12.4-14.0/flink-shaded-jackson-2.12.4-14.0.jar:/Users/liuzhiwei/.m2/repository/org/apache/flink/flink-shaded-zookeeper-3/3.4.14-14.0/flink-shaded-zookeeper-3-3.4.14-14.0.jar:/Users/liuzhiwei/.m2/repository/org/apache/commons/commons-lang3/3.3.2/commons-lang3-3.3.2.jar:/Users/liuzhiwei/.m2/repository/commons-cli/commons-cli/1.3.1/commons-cli-1.3.1.jar:/Users/liuzhiwei/.m2/repository/org/javassist/javassist/3.24.0-GA/javassist-3.24.0-GA.jar:/Users/liuzhiwei/.m2/repository/org/xerial/snappy/snappy-java/1.1.8.3/snappy-java-1.1.8.3.jar:/Users/liuzhiwei/.m2/repository/org/lz4/lz4-java/1.8.0/lz4-java-1.8.0.jar:/Users/liuzhiwei/ideapro/flink-1.14.4/flink-test-utils-parent/flink-test-utils-junit/target/flink-test-utils-junit-1.14.4.jar:/Users/liuzhiwei/ideapro/flink-1.14.4/flink-metrics/flink-metrics-core/target/flink-metrics-core-1.14.4-tests.jar:/Users/liuzhiwei/ideapro/flink-1.14.4/flink-core/target/flink-core-1.14.4-tests.jar:/Users/liuzhiwei/.m2/repository/org/apache/flink/flink-shaded-netty-tcnative-dynamic/2.0.39.Final-14.0/flink-shaded-netty-tcnative-dynamic-2.0.39.Final-14.0.jar:/Users/liuzhiwei/.m2/repository/org/apache/curator/curator-test/2.12.0/curator-test-2.12.0.jar:/Users/liuzhiwei/.m2/repository/com/squareup/okhttp3/okhttp/3.7.0/okhttp-3.7.0.jar:/Users/liuzhiwei/.m2/repository/com/squareup/okio/okio/1.12.0/okio-1.12.0.jar:/Users/liuzhiwei/.m2/repository/com/github/oshi/oshi-core/3.4.0/oshi-core-3.4.0.jar:/Users/liuzhiwei/.m2/repository/net/java/dev/jna/jna-platform/4.2.2/jna-platform-4.2.2.jar:/Users/liuzhiwei/.m2/repository/net/java/dev/jna/jna/4.2.2/jna-4.2.2.jar:/Users/liuzhiwei/.m2/repository/org/apache/flink/flink-shaded-force-shading/14.0/flink-shaded-force-shading-14.0.jar:/Users/liuzhiwei/.m2/repository/org/slf4j/slf4j-api/1.7.15/slf4j-api-1.7.15.jar:/Users/liuzhiwei/.m2/repository/com/google/code/findbugs/jsr305/1.3.9/jsr305-1.3.9.jar:/Users/liuzhiwei/.m2/repository/org/junit/jupiter/junit-jupiter/5.7.2/junit-jupiter-5.7.2.jar:/Users/liuzhiwei/.m2/repository/org/junit/jupiter/junit-jupiter-api/5.7.2/junit-jupiter-api-5.7.2.jar:/Users/liuzhiwei/.m2/repository/org/opentest4j/opentest4j/1.2.0/opentest4j-1.2.0.jar:/Users/liuzhiwei/.m2/repository/org/junit/platform/junit-platform-commons/1.7.2/junit-platform-commons-1.7.2.jar:/Users/liuzhiwei/.m2/repository/org/junit/jupiter/junit-jupiter-params/5.7.2/junit-jupiter-params-5.7.2.jar:/Users/liuzhiwei/.m2/repository/org/junit/jupiter/junit-jupiter-engine/5.7.2/junit-jupiter-engine-5.7.2.jar:/Users/liuzhiwei/.m2/repository/org/junit/vintage/junit-vintage-engine/5.7.2/junit-vintage-engine-5.7.2.jar:/Users/liuzhiwei/.m2/repository/org/apiguardian/apiguardian-api/1.1.0/apiguardian-api-1.1.0.jar:/Users/liuzhiwei/.m2/repository/org/junit/platform/junit-platform-engine/1.7.2/junit-platform-engine-1.7.2.jar:/Users/liuzhiwei/.m2/repository/junit/junit/4.13.2/junit-4.13.2.jar:/Users/liuzhiwei/.m2/repository/org/mockito/mockito-core/2.21.0/mockito-core-2.21.0.jar:/Users/liuzhiwei/.m2/repository/net/bytebuddy/byte-buddy/1.8.22/byte-buddy-1.8.22.jar:/Users/liuzhiwei/.m2/repository/net/bytebuddy/byte-buddy-agent/1.8.22/byte-buddy-agent-1.8.22.jar:/Users/liuzhiwei/.m2/repository/org/objenesis/objenesis/2.1/objenesis-2.1.jar:/Users/liuzhiwei/.m2/repository/org/powermock/powermock-module-junit4/2.0.4/powermock-module-junit4-2.0.4.jar:/Users/liuzhiwei/.m2/repository/org/powermock/powermock-module-junit4-common/2.0.4/powermock-module-junit4-common-2.0.4.jar:/Users/liuzhiwei/.m2/repository/org/powermock/powermock-reflect/2.0.4/powermock-reflect-2.0.4.jar:/Users/liuzhiwei/.m2/repository/org/powermock/powermock-core/2.0.4/powermock-core-2.0.4.jar:/Users/liuzhiwei/.m2/repository/org/hamcrest/hamcrest-core/1.3/hamcrest-core-1.3.jar:/Users/liuzhiwei/.m2/repository/org/powermock/powermock-api-mockito2/2.0.4/powermock-api-mockito2-2.0.4.jar:/Users/liuzhiwei/.m2/repository/org/powermock/powermock-api-support/2.0.4/powermock-api-support-2.0.4.jar:/Users/liuzhiwei/.m2/repository/org/hamcrest/hamcrest-all/1.3/hamcrest-all-1.3.jar:/Users/liuzhiwei/.m2/repository/org/apache/logging/log4j/log4j-slf4j-impl/2.17.1/log4j-slf4j-impl-2.17.1.jar:/Users/liuzhiwei/.m2/repository/org/apache/logging/log4j/log4j-api/2.17.1/log4j-api-2.17.1.jar:/Users/liuzhiwei/.m2/repository/org/apache/logging/log4j/log4j-core/2.17.1/log4j-core-2.17.1.jar:/Users/liuzhiwei/.m2/repository/org/apache/logging/log4j/log4j-1.2-api/2.17.1/log4j-1.2-api-2.17.1.jar:"/>
    <property name="java.vm.vendor" value="Oracle Corporation"/>
    <property name="hadoop.version" value="2.4.1"/>
    <property name="sun.arch.data.model" value="64"/>
    <property name="java.vendor.url" value="http://java.oracle.com/"/>
    <property name="user.timezone" value=""/>
    <property name="os.name" value="Mac OS X"/>
    <property name="java.vm.specification.version" value="1.8"/>
    <property name="user.country" value="US"/>
    <property name="sun.java.launcher" value="SUN_STANDARD"/>
    <property name="sun.boot.library.path" value="/Library/Java/JavaVirtualMachines/jdk1.8.0_311.jdk/Contents/Home/jre/lib"/>
    <property name="project.basedir" value="/Users/liuzhiwei/ideapro/flink-1.14.4/flink-runtime"/>
    <property name="sun.java.command" value="/Users/liuzhiwei/ideapro/flink-1.14.4/flink-runtime/target/surefire/surefirebooter5967034153975826013.jar /Users/liuzhiwei/ideapro/flink-1.14.4/flink-runtime/target/surefire 2022-06-10T17-37-14_312-jvmRun8 surefire1459517612391957942tmp surefire_4668324344424436219906tmp"/>
    <property name="http.nonProxyHosts" value="local|*.local|169.254/16|*.169.254/16"/>
    <property name="surefire.test.class.path" value="/Users/liuzhiwei/ideapro/flink-1.14.4/flink-runtime/target/test-classes:/Users/liuzhiwei/ideapro/flink-1.14.4/flink-runtime/target/classes:/Users/liuzhiwei/ideapro/flink-1.14.4/flink-core/target/flink-core-1.14.4.jar:/Users/liuzhiwei/ideapro/flink-1.14.4/flink-annotations/target/flink-annotations-1.14.4.jar:/Users/liuzhiwei/ideapro/flink-1.14.4/flink-metrics/flink-metrics-core/target/flink-metrics-core-1.14.4.jar:/Users/liuzhiwei/.m2/repository/org/apache/flink/flink-shaded-asm-7/7.1-14.0/flink-shaded-asm-7-7.1-14.0.jar:/Users/liuzhiwei/.m2/repository/com/esotericsoftware/kryo/kryo/2.24.0/kryo-2.24.0.jar:/Users/liuzhiwei/.m2/repository/com/esotericsoftware/minlog/minlog/1.2/minlog-1.2.jar:/Users/liuzhiwei/.m2/repository/commons-collections/commons-collections/3.2.2/commons-collections-3.2.2.jar:/Users/liuzhiwei/.m2/repository/org/apache/commons/commons-compress/1.21/commons-compress-1.21.jar:/Users/liuzhiwei/ideapro/flink-1.14.4/flink-rpc/flink-rpc-core/target/flink-rpc-core-1.14.4.jar:/Users/liuzhiwei/ideapro/flink-1.14.4/flink-rpc/flink-rpc-akka-loader/target/flink-rpc-akka-loader-1.14.4.jar:/Users/liuzhiwei/ideapro/flink-1.14.4/flink-rpc/flink-rpc-akka-loader/target/flink-rpc-akka-loader-1.14.4-tests.jar:/Users/liuzhiwei/ideapro/flink-1.14.4/flink-java/target/flink-java-1.14.4.jar:/Users/liuzhiwei/.m2/repository/org/apache/commons/commons-math3/3.5/commons-math3-3.5.jar:/Users/liuzhiwei/ideapro/flink-1.14.4/flink-queryable-state/flink-queryable-state-client-java/target/flink-queryable-state-client-java-1.14.4.jar:/Users/liuzhiwei/ideapro/flink-1.14.4/flink-filesystems/flink-hadoop-fs/target/flink-hadoop-fs-1.14.4.jar:/Users/liuzhiwei/.m2/repository/org/apache/hadoop/hadoop-common/2.4.1/hadoop-common-2.4.1.jar:/Users/liuzhiwei/.m2/repository/org/apache/hadoop/hadoop-annotations/2.4.1/hadoop-annotations-2.4.1.jar:/Users/liuzhiwei/.m2/repository/com/google/guava/guava/11.0.2/guava-11.0.2.jar:/Users/liuzhiwei/.m2/repository/xmlenc/xmlenc/0.52/xmlenc-0.52.jar:/Users/liuzhiwei/.m2/repository/commons-httpclient/commons-httpclient/3.1/commons-httpclient-3.1.jar:/Users/liuzhiwei/.m2/repository/commons-codec/commons-codec/1.13/commons-codec-1.13.jar:/Users/liuzhiwei/.m2/repository/commons-net/commons-net/3.1/commons-net-3.1.jar:/Users/liuzhiwei/.m2/repository/javax/servlet/servlet-api/2.5/servlet-api-2.5.jar:/Users/liuzhiwei/.m2/repository/org/mortbay/jetty/jetty/6.1.26/jetty-6.1.26.jar:/Users/liuzhiwei/.m2/repository/org/mortbay/jetty/jetty-util/6.1.26/jetty-util-6.1.26.jar:/Users/liuzhiwei/.m2/repository/com/sun/jersey/jersey-core/1.9/jersey-core-1.9.jar:/Users/liuzhiwei/.m2/repository/com/sun/jersey/jersey-json/1.9/jersey-json-1.9.jar:/Users/liuzhiwei/.m2/repository/org/codehaus/jettison/jettison/1.1/jettison-1.1.jar:/Users/liuzhiwei/.m2/repository/com/sun/xml/bind/jaxb-impl/2.2.3-1/jaxb-impl-2.2.3-1.jar:/Users/liuzhiwei/.m2/repository/org/codehaus/jackson/jackson-jaxrs/1.8.3/jackson-jaxrs-1.8.3.jar:/Users/liuzhiwei/.m2/repository/org/codehaus/jackson/jackson-xc/1.8.3/jackson-xc-1.8.3.jar:/Users/liuzhiwei/.m2/repository/com/sun/jersey/jersey-server/1.9/jersey-server-1.9.jar:/Users/liuzhiwei/.m2/repository/asm/asm/3.1/asm-3.1.jar:/Users/liuzhiwei/.m2/repository/tomcat/jasper-compiler/5.5.23/jasper-compiler-5.5.23.jar:/Users/liuzhiwei/.m2/repository/tomcat/jasper-runtime/5.5.23/jasper-runtime-5.5.23.jar:/Users/liuzhiwei/.m2/repository/javax/servlet/jsp/jsp-api/2.1/jsp-api-2.1.jar:/Users/liuzhiwei/.m2/repository/commons-el/commons-el/1.0/commons-el-1.0.jar:/Users/liuzhiwei/.m2/repository/commons-logging/commons-logging/1.1.3/commons-logging-1.1.3.jar:/Users/liuzhiwei/.m2/repository/net/java/dev/jets3t/jets3t/0.9.0/jets3t-0.9.0.jar:/Users/liuzhiwei/.m2/repository/org/apache/httpcomponents/httpclient/4.5.13/httpclient-4.5.13.jar:/Users/liuzhiwei/.m2/repository/org/apache/httpcomponents/httpcore/4.4.14/httpcore-4.4.14.jar:/Users/liuzhiwei/.m2/repository/com/jamesmurty/utils/java-xmlbuilder/0.4/java-xmlbuilder-0.4.jar:/Users/liuzhiwei/.m2/repository/commons-lang/commons-lang/2.6/commons-lang-2.6.jar:/Users/liuzhiwei/.m2/repository/commons-configuration/commons-configuration/1.7/commons-configuration-1.7.jar:/Users/liuzhiwei/.m2/repository/commons-digester/commons-digester/1.8.1/commons-digester-1.8.1.jar:/Users/liuzhiwei/.m2/repository/commons-beanutils/commons-beanutils/1.8.3/commons-beanutils-1.8.3.jar:/Users/liuzhiwei/.m2/repository/org/codehaus/jackson/jackson-core-asl/1.8.8/jackson-core-asl-1.8.8.jar:/Users/liuzhiwei/.m2/repository/org/codehaus/jackson/jackson-mapper-asl/1.8.8/jackson-mapper-asl-1.8.8.jar:/Users/liuzhiwei/.m2/repository/org/apache/avro/avro/1.10.0/avro-1.10.0.jar:/Users/liuzhiwei/.m2/repository/com/fasterxml/jackson/core/jackson-core/2.12.1/jackson-core-2.12.1.jar:/Users/liuzhiwei/.m2/repository/com/fasterxml/jackson/core/jackson-databind/2.12.1/jackson-databind-2.12.1.jar:/Users/liuzhiwei/.m2/repository/com/fasterxml/jackson/core/jackson-annotations/2.12.1/jackson-annotations-2.12.1.jar:/Users/liuzhiwei/.m2/repository/com/google/protobuf/protobuf-java/2.5.0/protobuf-java-2.5.0.jar:/Users/liuzhiwei/.m2/repository/org/apache/hadoop/hadoop-auth/2.4.1/hadoop-auth-2.4.1.jar:/Users/liuzhiwei/.m2/repository/com/jcraft/jsch/0.1.42/jsch-0.1.42.jar:/Users/liuzhiwei/.m2/repository/org/apache/zookeeper/zookeeper/3.4.14/zookeeper-3.4.14.jar:/Users/liuzhiwei/.m2/repository/com/github/spotbugs/spotbugs-annotations/3.1.9/spotbugs-annotations-3.1.9.jar:/Users/liuzhiwei/.m2/repository/org/apache/yetus/audience-annotations/0.5.0/audience-annotations-0.5.0.jar:/Users/liuzhiwei/.m2/repository/org/apache/hadoop/hadoop-hdfs/2.4.1/hadoop-hdfs-2.4.1.jar:/Users/liuzhiwei/.m2/repository/commons-daemon/commons-daemon/1.0.13/commons-daemon-1.0.13.jar:/Users/liuzhiwei/.m2/repository/org/apache/hadoop/hadoop-mapreduce-client-core/2.4.1/hadoop-mapreduce-client-core-2.4.1.jar:/Users/liuzhiwei/.m2/repository/org/apache/hadoop/hadoop-yarn-common/2.4.1/hadoop-yarn-common-2.4.1.jar:/Users/liuzhiwei/.m2/repository/org/apache/hadoop/hadoop-yarn-api/2.4.1/hadoop-yarn-api-2.4.1.jar:/Users/liuzhiwei/.m2/repository/javax/xml/bind/jaxb-api/2.3.1/jaxb-api-2.3.1.jar:/Users/liuzhiwei/.m2/repository/javax/activation/javax.activation-api/1.2.0/javax.activation-api-1.2.0.jar:/Users/liuzhiwei/.m2/repository/com/google/inject/guice/3.0/guice-3.0.jar:/Users/liuzhiwei/.m2/repository/javax/inject/javax.inject/1/javax.inject-1.jar:/Users/liuzhiwei/.m2/repository/aopalliance/aopalliance/1.0/aopalliance-1.0.jar:/Users/liuzhiwei/.m2/repository/com/sun/jersey/contribs/jersey-guice/1.9/jersey-guice-1.9.jar:/Users/liuzhiwei/.m2/repository/com/google/inject/extensions/guice-servlet/3.0/guice-servlet-3.0.jar:/Users/liuzhiwei/.m2/repository/io/netty/netty/3.6.2.Final/netty-3.6.2.Final.jar:/Users/liuzhiwei/.m2/repository/commons-io/commons-io/2.8.0/commons-io-2.8.0.jar:/Users/liuzhiwei/.m2/repository/org/apache/flink/flink-shaded-netty/4.1.65.Final-14.0/flink-shaded-netty-4.1.65.Final-14.0.jar:/Users/liuzhiwei/.m2/repository/org/apache/flink/flink-shaded-guava/30.1.1-jre-14.0/flink-shaded-guava-30.1.1-jre-14.0.jar:/Users/liuzhiwei/.m2/repository/org/apache/flink/flink-shaded-jackson/2.12.4-14.0/flink-shaded-jackson-2.12.4-14.0.jar:/Users/liuzhiwei/.m2/repository/org/apache/flink/flink-shaded-zookeeper-3/3.4.14-14.0/flink-shaded-zookeeper-3-3.4.14-14.0.jar:/Users/liuzhiwei/.m2/repository/org/apache/commons/commons-lang3/3.3.2/commons-lang3-3.3.2.jar:/Users/liuzhiwei/.m2/repository/commons-cli/commons-cli/1.3.1/commons-cli-1.3.1.jar:/Users/liuzhiwei/.m2/repository/org/javassist/javassist/3.24.0-GA/javassist-3.24.0-GA.jar:/Users/liuzhiwei/.m2/repository/org/xerial/snappy/snappy-java/1.1.8.3/snappy-java-1.1.8.3.jar:/Users/liuzhiwei/.m2/repository/org/lz4/lz4-java/1.8.0/lz4-java-1.8.0.jar:/Users/liuzhiwei/ideapro/flink-1.14.4/flink-test-utils-parent/flink-test-utils-junit/target/flink-test-utils-junit-1.14.4.jar:/Users/liuzhiwei/ideapro/flink-1.14.4/flink-metrics/flink-metrics-core/target/flink-metrics-core-1.14.4-tests.jar:/Users/liuzhiwei/ideapro/flink-1.14.4/flink-core/target/flink-core-1.14.4-tests.jar:/Users/liuzhiwei/.m2/repository/org/apache/flink/flink-shaded-netty-tcnative-dynamic/2.0.39.Final-14.0/flink-shaded-netty-tcnative-dynamic-2.0.39.Final-14.0.jar:/Users/liuzhiwei/.m2/repository/org/apache/curator/curator-test/2.12.0/curator-test-2.12.0.jar:/Users/liuzhiwei/.m2/repository/com/squareup/okhttp3/okhttp/3.7.0/okhttp-3.7.0.jar:/Users/liuzhiwei/.m2/repository/com/squareup/okio/okio/1.12.0/okio-1.12.0.jar:/Users/liuzhiwei/.m2/repository/com/github/oshi/oshi-core/3.4.0/oshi-core-3.4.0.jar:/Users/liuzhiwei/.m2/repository/net/java/dev/jna/jna-platform/4.2.2/jna-platform-4.2.2.jar:/Users/liuzhiwei/.m2/repository/net/java/dev/jna/jna/4.2.2/jna-4.2.2.jar:/Users/liuzhiwei/.m2/repository/org/apache/flink/flink-shaded-force-shading/14.0/flink-shaded-force-shading-14.0.jar:/Users/liuzhiwei/.m2/repository/org/slf4j/slf4j-api/1.7.15/slf4j-api-1.7.15.jar:/Users/liuzhiwei/.m2/repository/com/google/code/findbugs/jsr305/1.3.9/jsr305-1.3.9.jar:/Users/liuzhiwei/.m2/repository/org/junit/jupiter/junit-jupiter/5.7.2/junit-jupiter-5.7.2.jar:/Users/liuzhiwei/.m2/repository/org/junit/jupiter/junit-jupiter-api/5.7.2/junit-jupiter-api-5.7.2.jar:/Users/liuzhiwei/.m2/repository/org/opentest4j/opentest4j/1.2.0/opentest4j-1.2.0.jar:/Users/liuzhiwei/.m2/repository/org/junit/platform/junit-platform-commons/1.7.2/junit-platform-commons-1.7.2.jar:/Users/liuzhiwei/.m2/repository/org/junit/jupiter/junit-jupiter-params/5.7.2/junit-jupiter-params-5.7.2.jar:/Users/liuzhiwei/.m2/repository/org/junit/jupiter/junit-jupiter-engine/5.7.2/junit-jupiter-engine-5.7.2.jar:/Users/liuzhiwei/.m2/repository/org/junit/vintage/junit-vintage-engine/5.7.2/junit-vintage-engine-5.7.2.jar:/Users/liuzhiwei/.m2/repository/org/apiguardian/apiguardian-api/1.1.0/apiguardian-api-1.1.0.jar:/Users/liuzhiwei/.m2/repository/org/junit/platform/junit-platform-engine/1.7.2/junit-platform-engine-1.7.2.jar:/Users/liuzhiwei/.m2/repository/junit/junit/4.13.2/junit-4.13.2.jar:/Users/liuzhiwei/.m2/repository/org/mockito/mockito-core/2.21.0/mockito-core-2.21.0.jar:/Users/liuzhiwei/.m2/repository/net/bytebuddy/byte-buddy/1.8.22/byte-buddy-1.8.22.jar:/Users/liuzhiwei/.m2/repository/net/bytebuddy/byte-buddy-agent/1.8.22/byte-buddy-agent-1.8.22.jar:/Users/liuzhiwei/.m2/repository/org/objenesis/objenesis/2.1/objenesis-2.1.jar:/Users/liuzhiwei/.m2/repository/org/powermock/powermock-module-junit4/2.0.4/powermock-module-junit4-2.0.4.jar:/Users/liuzhiwei/.m2/repository/org/powermock/powermock-module-junit4-common/2.0.4/powermock-module-junit4-common-2.0.4.jar:/Users/liuzhiwei/.m2/repository/org/powermock/powermock-reflect/2.0.4/powermock-reflect-2.0.4.jar:/Users/liuzhiwei/.m2/repository/org/powermock/powermock-core/2.0.4/powermock-core-2.0.4.jar:/Users/liuzhiwei/.m2/repository/org/hamcrest/hamcrest-core/1.3/hamcrest-core-1.3.jar:/Users/liuzhiwei/.m2/repository/org/powermock/powermock-api-mockito2/2.0.4/powermock-api-mockito2-2.0.4.jar:/Users/liuzhiwei/.m2/repository/org/powermock/powermock-api-support/2.0.4/powermock-api-support-2.0.4.jar:/Users/liuzhiwei/.m2/repository/org/hamcrest/hamcrest-all/1.3/hamcrest-all-1.3.jar:/Users/liuzhiwei/.m2/repository/org/apache/logging/log4j/log4j-slf4j-impl/2.17.1/log4j-slf4j-impl-2.17.1.jar:/Users/liuzhiwei/.m2/repository/org/apache/logging/log4j/log4j-api/2.17.1/log4j-api-2.17.1.jar:/Users/liuzhiwei/.m2/repository/org/apache/logging/log4j/log4j-core/2.17.1/log4j-core-2.17.1.jar:/Users/liuzhiwei/.m2/repository/org/apache/logging/log4j/log4j-1.2-api/2.17.1/log4j-1.2-api-2.17.1.jar:"/>
    <property name="sun.cpu.endian" value="little"/>
    <property name="user.home" value="/Users/liuzhiwei"/>
    <property name="user.language" value="en"/>
    <property name="java.specification.vendor" value="Oracle Corporation"/>
    <property name="java.home" value="/Library/Java/JavaVirtualMachines/jdk1.8.0_311.jdk/Contents/Home/jre"/>
    <property name="basedir" value="/Users/liuzhiwei/ideapro/flink-1.14.4/flink-runtime"/>
    <property name="file.separator" value="/"/>
    <property name="line.separator" value="&#10;"/>
    <property name="java.vm.specification.vendor" value="Oracle Corporation"/>
    <property name="java.specification.name" value="Java Platform API Specification"/>
    <property name="java.awt.graphicsenv" value="sun.awt.CGraphicsEnvironment"/>
    <property name="test.randomization.seed" value=""/>
    <property name="mvn.forkNumber" value="8"/>
    <property name="surefire.real.class.path" value="/Users/liuzhiwei/ideapro/flink-1.14.4/flink-runtime/target/surefire/surefirebooter5967034153975826013.jar"/>
    <property name="buffer-debloat.randomization" value="true"/>
    <property name="sun.boot.class.path" value="/Library/Java/JavaVirtualMachines/jdk1.8.0_311.jdk/Contents/Home/jre/lib/resources.jar:/Library/Java/JavaVirtualMachines/jdk1.8.0_311.jdk/Contents/Home/jre/lib/rt.jar:/Library/Java/JavaVirtualMachines/jdk1.8.0_311.jdk/Contents/Home/jre/lib/sunrsasign.jar:/Library/Java/JavaVirtualMachines/jdk1.8.0_311.jdk/Contents/Home/jre/lib/jsse.jar:/Library/Java/JavaVirtualMachines/jdk1.8.0_311.jdk/Contents/Home/jre/lib/jce.jar:/Library/Java/JavaVirtualMachines/jdk1.8.0_311.jdk/Contents/Home/jre/lib/charsets.jar:/Library/Java/JavaVirtualMachines/jdk1.8.0_311.jdk/Contents/Home/jre/lib/jfr.jar:/Library/Java/JavaVirtualMachines/jdk1.8.0_311.jdk/Contents/Home/jre/classes"/>
    <property name="checkpointing.changelog" value="unset"/>
    <property name="sun.management.compiler" value="HotSpot 64-Bit Tiered Compilers"/>
    <property name="ftp.nonProxyHosts" value="local|*.local|169.254/16|*.169.254/16"/>
    <property name="java.runtime.version" value="1.8.0_311-b11"/>
    <property name="user.name" value="liuzhiwei"/>
    <property name="path.separator" value=":"/>
    <property name="os.version" value="10.16"/>
    <property name="java.endorsed.dirs" value="/Library/Java/JavaVirtualMachines/jdk1.8.0_311.jdk/Contents/Home/jre/lib/endorsed"/>
    <property name="java.runtime.name" value="Java(TM) SE Runtime Environment"/>
    <property name="file.encoding" value="UTF-8"/>
    <property name="java.vm.name" value="Java HotSpot(TM) 64-Bit Server VM"/>
    <property name="localRepository" value="/Users/liuzhiwei/.m2/repository"/>
    <property name="java.vendor.url.bug" value="http://bugreport.sun.com/bugreport/"/>
    <property name="java.io.tmpdir" value="/var/folders/9v/knhh7l116z927rs422hz7g7r0000gn/T/"/>
    <property name="idea.version" value="2021.3.2"/>
    <property name="java.version" value="1.8.0_311"/>
    <property name="user.dir" value="/Users/liuzhiwei/ideapro/flink-1.14.4/flink-runtime"/>
    <property name="os.arch" value="x86_64"/>
    <property name="java.vm.specification.name" value="Java Virtual Machine Specification"/>
    <property name="java.awt.printerjob" value="sun.lwawt.macosx.CPrinterJob"/>
    <property name="sun.os.patch.level" value="unknown"/>
    <property name="checkpointing.randomization" value="true"/>
    <property name="java.library.path" value="/Users/liuzhiwei/Library/Java/Extensions:/Library/Java/Extensions:/Network/Library/Java/Extensions:/System/Library/Java/Extensions:/usr/lib/java:."/>
    <property name="java.vm.info" value="mixed mode"/>
    <property name="java.vendor" value="Oracle Corporation"/>
    <property name="java.vm.version" value="25.311-b11"/>
    <property name="java.ext.dirs" value="/Users/liuzhiwei/Library/Java/Extensions:/Library/Java/JavaVirtualMachines/jdk1.8.0_311.jdk/Contents/Home/jre/lib/ext:/Library/Java/Extensions:/Network/Library/Java/Extensions:/System/Library/Java/Extensions:/usr/lib/java"/>
    <property name="sun.io.unicode.encoding" value="UnicodeBig"/>
    <property name="maven.repo.local" value="/Users/liuzhiwei/.m2/repository"/>
    <property name="java.class.version" value="52.0"/>
    <property name="socksNonProxyHosts" value="local|*.local|169.254/16|*.169.254/16"/>
  </properties>
  <testcase name="testDataBufferGetNioBuffer" classname="org.apache.flink.runtime.io.network.buffer.NetworkBufferTest" time="1.208"/>
  <testcase name="testEventBufferGetNioBufferReadable" classname="org.apache.flink.runtime.io.network.buffer.NetworkBufferTest" time="0.046"/>
  <testcase name="testDataBufferReadableBytes" classname="org.apache.flink.runtime.io.network.buffer.NetworkBufferTest" time="0.022"/>
  <testcase name="testDataBufferGetNioBufferReadable" classname="org.apache.flink.runtime.io.network.buffer.NetworkBufferTest" time="0.007"/>
  <testcase name="testEventBufferGetRecycler" classname="org.apache.flink.runtime.io.network.buffer.NetworkBufferTest" time="0.032"/>
  <testcase name="testDataBufferTagAsEvent" classname="org.apache.flink.runtime.io.network.buffer.NetworkBufferTest" time="0.022"/>
  <testcase name="testDataBufferRetainBuffer" classname="org.apache.flink.runtime.io.network.buffer.NetworkBufferTest" time="0.021"/>
  <testcase name="testEventBufferSetGetSize" classname="org.apache.flink.runtime.io.network.buffer.NetworkBufferTest" time="0.022"/>
  <testcase name="testEventBufferIsBuffer" classname="org.apache.flink.runtime.io.network.buffer.NetworkBufferTest" time="0.021"/>
  <testcase name="testDataBufferGetSetReaderIndex" classname="org.apache.flink.runtime.io.network.buffer.NetworkBufferTest" time="0.02"/>
  <testcase name="testEventBufferTagAsEvent" classname="org.apache.flink.runtime.io.network.buffer.NetworkBufferTest" time="0.018"/>
  <testcase name="testEventBufferCreateSlice1" classname="org.apache.flink.runtime.io.network.buffer.NetworkBufferTest" time="0.033"/>
  <testcase name="testEventBufferCreateSlice2" classname="org.apache.flink.runtime.io.network.buffer.NetworkBufferTest" time="0.023"/>
  <testcase name="testEventBufferRecycleBuffer" classname="org.apache.flink.runtime.io.network.buffer.NetworkBufferTest" time="0.02"/>
  <testcase name="testEventBufferSetAllocator" classname="org.apache.flink.runtime.io.network.buffer.NetworkBufferTest" time="0.019"/>
  <testcase name="testEventBufferGetSetReaderIndex" classname="org.apache.flink.runtime.io.network.buffer.NetworkBufferTest" time="0.021"/>
  <testcase name="testGetNioBufferReadableThreadSafe" classname="org.apache.flink.runtime.io.network.buffer.NetworkBufferTest" time="0.018"/>
  <testcase name="testGetNioBufferThreadSafe" classname="org.apache.flink.runtime.io.network.buffer.NetworkBufferTest" time="0.022"/>
  <testcase name="testDataBufferIsBuffer" classname="org.apache.flink.runtime.io.network.buffer.NetworkBufferTest" time="0.021"/>
  <testcase name="testEventBufferGetMaxCapacity" classname="org.apache.flink.runtime.io.network.buffer.NetworkBufferTest" time="0.023"/>
  <testcase name="testDataBufferCreateSlice1" classname="org.apache.flink.runtime.io.network.buffer.NetworkBufferTest" time="0.024"/>
  <testcase name="testDataBufferCreateSlice2" classname="org.apache.flink.runtime.io.network.buffer.NetworkBufferTest" time="0.088"/>
  <testcase name="testEventBufferReadableBytes" classname="org.apache.flink.runtime.io.network.buffer.NetworkBufferTest" time="0.133"/>
  <testcase name="testDataBufferGetMemorySegment" classname="org.apache.flink.runtime.io.network.buffer.NetworkBufferTest" time="0.033"/>
  <testcase name="testDataBufferSetAllocator" classname="org.apache.flink.runtime.io.network.buffer.NetworkBufferTest" time="0.021"/>
  <testcase name="testEventBufferGetNioBuffer" classname="org.apache.flink.runtime.io.network.buffer.NetworkBufferTest" time="0.026"/>
  <testcase name="testDataBufferGetRecycler" classname="org.apache.flink.runtime.io.network.buffer.NetworkBufferTest" time="0.042"/>
  <testcase name="testDataBufferRecycleBuffer" classname="org.apache.flink.runtime.io.network.buffer.NetworkBufferTest" time="0.033"/>
  <testcase name="testEventBufferGetMemorySegment" classname="org.apache.flink.runtime.io.network.buffer.NetworkBufferTest" time="0.031"/>
  <testcase name="testEventBufferRetainBuffer" classname="org.apache.flink.runtime.io.network.buffer.NetworkBufferTest" time="0.029"/>
  <testcase name="testDataBufferSetGetSize" classname="org.apache.flink.runtime.io.network.buffer.NetworkBufferTest" time="0.029"/>
  <testcase name="testDataBufferGetMaxCapacity" classname="org.apache.flink.runtime.io.network.buffer.NetworkBufferTest" time="0.034"/>
  <testcase name="testRetainedDuplicateAfterReleaseRetainedSlice" classname="org.apache.flink.runtime.io.network.buffer.NetworkBufferTest" time="0.023"/>
  <testcase name="testSequentialUnsignedMediumAccess" classname="org.apache.flink.runtime.io.network.buffer.NetworkBufferTest" time="0.053"/>
  <testcase name="testWriteIso88591CharSequenceExpand" classname="org.apache.flink.runtime.io.network.buffer.NetworkBufferTest" time="0.069"/>
  <testcase name="testReadShortAfterRelease" classname="org.apache.flink.runtime.io.network.buffer.NetworkBufferTest" time="0.038"/>
  <testcase name="testEmptyNioBuffers" classname="org.apache.flink.runtime.io.network.buffer.NetworkBufferTest" time="0.041"/>
  <testcase name="testReadUnsignedMediumAfterRelease" classname="org.apache.flink.runtime.io.network.buffer.NetworkBufferTest" time="0.036"/>
  <testcase name="getIntBoundaryCheck1" classname="org.apache.flink.runtime.io.network.buffer.NetworkBufferTest" time="0.022"/>
  <testcase name="getIntBoundaryCheck2" classname="org.apache.flink.runtime.io.network.buffer.NetworkBufferTest" time="0.043"/>
  <testcase name="testSetByteAfterRelease" classname="org.apache.flink.runtime.io.network.buffer.NetworkBufferTest" time="0.038"/>
  <testcase name="testToStringMultipleThreads" classname="org.apache.flink.runtime.io.network.buffer.NetworkBufferTest" time="0.103"/>
  <testcase name="getLongBoundaryCheck1" classname="org.apache.flink.runtime.io.network.buffer.NetworkBufferTest" time="0.07"/>
  <testcase name="getLongBoundaryCheck2" classname="org.apache.flink.runtime.io.network.buffer.NetworkBufferTest" time="0.013"/>
  <testcase name="testMixedSliceAIndexOutOfBounds" classname="org.apache.flink.runtime.io.network.buffer.NetworkBufferTest" time="0.015"/>
  <testcase name="testReadIntAfterRelease" classname="org.apache.flink.runtime.io.network.buffer.NetworkBufferTest" time="0.009"/>
  <testcase name="testSliceAfterRelease" classname="org.apache.flink.runtime.io.network.buffer.NetworkBufferTest" time="0.01"/>
  <testcase name="testNioBufferAfterRelease" classname="org.apache.flink.runtime.io.network.buffer.NetworkBufferTest" time="0.008"/>
  <testcase name="testNioBuffersAfterRelease2" classname="org.apache.flink.runtime.io.network.buffer.NetworkBufferTest" time="0.057"/>
  <testcase name="testRandomIntLEAccess" classname="org.apache.flink.runtime.io.network.buffer.NetworkBufferTest" time="0.022"/>
  <testcase name="testWriteReadUsAsciiCharSequence" classname="org.apache.flink.runtime.io.network.buffer.NetworkBufferTest" time="0.183"/>
  <testcase name="testWriteUsAsciiCharSequenceAfterRelease" classname="org.apache.flink.runtime.io.network.buffer.NetworkBufferTest" time="0.058"/>
  <testcase name="testWriteMediumLEAfterRelease" classname="org.apache.flink.runtime.io.network.buffer.NetworkBufferTest" time="0.045"/>
  <testcase name="testWriteDoubleLEAfterRelease" classname="org.apache.flink.runtime.io.network.buffer.NetworkBufferTest" time="0.043"/>
  <testcase name="testReadRetainedSliceOutOfBounds" classname="org.apache.flink.runtime.io.network.buffer.NetworkBufferTest" time="0.048"/>
  <testcase name="testSequentialUnsignedMediumLEAccess" classname="org.apache.flink.runtime.io.network.buffer.NetworkBufferTest" time="0.041"/>
  <testcase name="testSliceReadGatheringByteChannelMultipleThreads" classname="org.apache.flink.runtime.io.network.buffer.NetworkBufferTest" time="0.292"/>
  <testcase name="setIndexBoundaryCheck1" classname="org.apache.flink.runtime.io.network.buffer.NetworkBufferTest" time="0.042"/>
  <testcase name="setIndexBoundaryCheck2" classname="org.apache.flink.runtime.io.network.buffer.NetworkBufferTest" time="0.008"/>
  <testcase name="setIndexBoundaryCheck3" classname="org.apache.flink.runtime.io.network.buffer.NetworkBufferTest" time="0.01"/>
  <testcase name="testRetainedDuplicateUnreleasable1" classname="org.apache.flink.runtime.io.network.buffer.NetworkBufferTest" time="0.027"/>
  <testcase name="testRetainedDuplicateUnreleasable2" classname="org.apache.flink.runtime.io.network.buffer.NetworkBufferTest" time="0.008"/>
  <testcase name="testRetainedDuplicateUnreleasable3" classname="org.apache.flink.runtime.io.network.buffer.NetworkBufferTest" time="0.007"/>
  <testcase name="testRetainedDuplicateUnreleasable4" classname="org.apache.flink.runtime.io.network.buffer.NetworkBufferTest" time="0.008"/>
  <testcase name="testSetBytesAfterRelease2" classname="org.apache.flink.runtime.io.network.buffer.NetworkBufferTest" time="0.016"/>
  <testcase name="testSetBytesAfterRelease3" classname="org.apache.flink.runtime.io.network.buffer.NetworkBufferTest" time="0.04"/>
  <testcase name="testSetBytesAfterRelease4" classname="org.apache.flink.runtime.io.network.buffer.NetworkBufferTest" time="0.011"/>
  <testcase name="testSetBytesAfterRelease5" classname="org.apache.flink.runtime.io.network.buffer.NetworkBufferTest" time="0.009"/>
  <testcase name="testSetBytesAfterRelease6" classname="org.apache.flink.runtime.io.network.buffer.NetworkBufferTest" time="0.007"/>
  <testcase name="testSetBytesAfterRelease7" classname="org.apache.flink.runtime.io.network.buffer.NetworkBufferTest" time="0.011"/>
  <testcase name="testSetBytesAfterRelease8" classname="org.apache.flink.runtime.io.network.buffer.NetworkBufferTest" time="0.034"/>
  <testcase name="testSequentialIntLEAccess" classname="org.apache.flink.runtime.io.network.buffer.NetworkBufferTest" time="0.006"/>
  <testcase name="getByteBoundaryCheck1" classname="org.apache.flink.runtime.io.network.buffer.NetworkBufferTest" time="0.008"/>
  <testcase name="getByteBoundaryCheck2" classname="org.apache.flink.runtime.io.network.buffer.NetworkBufferTest" time="0.004"/>
  <testcase name="testGetReadOnlyDirectDst" classname="org.apache.flink.runtime.io.network.buffer.NetworkBufferTest" time="0.008"/>
  <testcase name="testWriteLongAfterRelease" classname="org.apache.flink.runtime.io.network.buffer.NetworkBufferTest" time="0.008"/>
  <testcase name="testMultipleLevelRetainedSlice1" classname="org.apache.flink.runtime.io.network.buffer.NetworkBufferTest" time="0.032"/>
  <testcase name="testMultipleLevelRetainedSlice2" classname="org.apache.flink.runtime.io.network.buffer.NetworkBufferTest" time="0.045"/>
  <testcase name="testMultipleLevelRetainedSlice3" classname="org.apache.flink.runtime.io.network.buffer.NetworkBufferTest" time="0.062"/>
  <testcase name="testMultipleLevelRetainedSlice4" classname="org.apache.flink.runtime.io.network.buffer.NetworkBufferTest" time="0.029"/>
  <testcase name="testForEachByteAfterRelease1" classname="org.apache.flink.runtime.io.network.buffer.NetworkBufferTest" time="0.007"/>
  <testcase name="testRetainedDuplicateAndRetainedSliceContentIsExpected" classname="org.apache.flink.runtime.io.network.buffer.NetworkBufferTest" time="0.018"/>
  <testcase name="copyBoundaryCheck1" classname="org.apache.flink.runtime.io.network.buffer.NetworkBufferTest" time="0.007"/>
  <testcase name="copyBoundaryCheck2" classname="org.apache.flink.runtime.io.network.buffer.NetworkBufferTest" time="0.004"/>
  <testcase name="copyBoundaryCheck3" classname="org.apache.flink.runtime.io.network.buffer.NetworkBufferTest" time="0.006"/>
  <testcase name="copyBoundaryCheck4" classname="org.apache.flink.runtime.io.network.buffer.NetworkBufferTest" time="0.014"/>
  <testcase name="testReadCharAfterRelease" classname="org.apache.flink.runtime.io.network.buffer.NetworkBufferTest" time="0.011"/>
  <testcase name="ensureWritableWithOutForceDoesNotThrow" classname="org.apache.flink.runtime.io.network.buffer.NetworkBufferTest" time="0.007"/>
  <testcase name="testSetIso88591CharSequenceNoExpand" classname="org.apache.flink.runtime.io.network.buffer.NetworkBufferTest" time="0.034"/>
  <testcase name="testRandomUnsignedIntLEAccess" classname="org.apache.flink.runtime.io.network.buffer.NetworkBufferTest" time="0.01"/>
  <testcase name="testSetBooleanAfterRelease" classname="org.apache.flink.runtime.io.network.buffer.NetworkBufferTest" time="0.008"/>
  <testcase name="testCompareTo2" classname="org.apache.flink.runtime.io.network.buffer.NetworkBufferTest" time="0.018"/>
  <testcase name="testRetainedSliceAfterRelease2" classname="org.apache.flink.runtime.io.network.buffer.NetworkBufferTest" time="0.006"/>
  <testcase name="testReadUnsignedMediumLEAfterRelease" classname="org.apache.flink.runtime.io.network.buffer.NetworkBufferTest" time="0.049"/>
  <testcase name="testDuplicateReadGatheringByteChannelMultipleThreads" classname="org.apache.flink.runtime.io.network.buffer.NetworkBufferTest" time="0.208"/>
  <testcase name="testWriteBytesAfterRelease" classname="org.apache.flink.runtime.io.network.buffer.NetworkBufferTest" time="0.013"/>
  <testcase name="testReadBooleanAfterRelease" classname="org.apache.flink.runtime.io.network.buffer.NetworkBufferTest" time="0.038"/>
  <testcase name="testSliceEndianness" classname="org.apache.flink.runtime.io.network.buffer.NetworkBufferTest" time="0.019"/>
  <testcase name="testRandomByteAccess" classname="org.apache.flink.runtime.io.network.buffer.NetworkBufferTest" time="0.012"/>
  <testcase name="testSetBytesAfterRelease" classname="org.apache.flink.runtime.io.network.buffer.NetworkBufferTest" time="0.009"/>
  <testcase name="testGetUnsignedShortLEAfterRelease" classname="org.apache.flink.runtime.io.network.buffer.NetworkBufferTest" time="0.01"/>
  <testcase name="testWriteShortAfterRelease" classname="org.apache.flink.runtime.io.network.buffer.NetworkBufferTest" time="0.01"/>
  <testcase name="testSliceRelease" classname="org.apache.flink.runtime.io.network.buffer.NetworkBufferTest" time="0.006"/>
  <testcase name="testSetUtf16CharSequence" classname="org.apache.flink.runtime.io.network.buffer.NetworkBufferTest" time="0.019"/>
  <testcase name="testSequentialByteBufferTransfer" classname="org.apache.flink.runtime.io.network.buffer.NetworkBufferTest" time="0.007"/>
  <testcase name="testForEachByteDesc" classname="org.apache.flink.runtime.io.network.buffer.NetworkBufferTest" time="0.021"/>
  <testcase name="testSetShortAfterRelease" classname="org.apache.flink.runtime.io.network.buffer.NetworkBufferTest" time="0.009"/>
  <testcase name="testReadUnsignedIntLEAfterRelease" classname="org.apache.flink.runtime.io.network.buffer.NetworkBufferTest" time="0.049"/>
  <testcase name="testWriteBooleanAfterRelease" classname="org.apache.flink.runtime.io.network.buffer.NetworkBufferTest" time="0.009"/>
  <testcase name="testSliceAfterRelease2" classname="org.apache.flink.runtime.io.network.buffer.NetworkBufferTest" time="0.019"/>
  <testcase name="testNioBufferAfterRelease1" classname="org.apache.flink.runtime.io.network.buffer.NetworkBufferTest" time="0.035"/>
  <testcase name="getDirectByteBufferState" classname="org.apache.flink.runtime.io.network.buffer.NetworkBufferTest" time="0.008"/>
  <testcase name="testSequentialUnsignedIntLEAccess" classname="org.apache.flink.runtime.io.network.buffer.NetworkBufferTest" time="0.005"/>
  <testcase name="testRetainedDuplicateContents" classname="org.apache.flink.runtime.io.network.buffer.NetworkBufferTest" time="0.058"/>
  <testcase name="testSetDoubleAfterRelease" classname="org.apache.flink.runtime.io.network.buffer.NetworkBufferTest" time="0.004"/>
  <testcase name="testReadUnsignedShortLEAfterRelease" classname="org.apache.flink.runtime.io.network.buffer.NetworkBufferTest" time="0.006"/>
  <testcase name="readByteThrowsIndexOutOfBoundsException" classname="org.apache.flink.runtime.io.network.buffer.NetworkBufferTest" time="0.021"/>
  <testcase name="testWriteMediumAfterRelease" classname="org.apache.flink.runtime.io.network.buffer.NetworkBufferTest" time="0.037"/>
  <testcase name="testWriteByteAfterRelease" classname="org.apache.flink.runtime.io.network.buffer.NetworkBufferTest" time="0.047"/>
  <testcase name="testCopy" classname="org.apache.flink.runtime.io.network.buffer.NetworkBufferTest" time="0.073"/>
  <testcase name="testSetIso88591CharSequence" classname="org.apache.flink.runtime.io.network.buffer.NetworkBufferTest" time="0.01"/>
  <testcase name="testWriteReadIso88591CharSequence" classname="org.apache.flink.runtime.io.network.buffer.NetworkBufferTest" time="0.011"/>
  <testcase name="testSetShortLEAfterRelease" classname="org.apache.flink.runtime.io.network.buffer.NetworkBufferTest" time="0.009"/>
  <testcase name="testGetMediumAfterRelease" classname="org.apache.flink.runtime.io.network.buffer.NetworkBufferTest" time="0.008"/>
  <testcase name="testMediumConsistentWithByteBuffer" classname="org.apache.flink.runtime.io.network.buffer.NetworkBufferTest" time="0.026"/>
  <testcase name="testSliceContents" classname="org.apache.flink.runtime.io.network.buffer.NetworkBufferTest" time="0.027"/>
  <testcase name="testRetainedSliceAfterReleaseRetainedSlice" classname="org.apache.flink.runtime.io.network.buffer.NetworkBufferTest" time="0.01"/>
  <testcase name="testReadShortLEAfterRelease" classname="org.apache.flink.runtime.io.network.buffer.NetworkBufferTest" time="0.013"/>
  <testcase name="testToString" classname="org.apache.flink.runtime.io.network.buffer.NetworkBufferTest" time="0.012"/>
  <testcase name="testMixedSliceBLengthOutOfBounds" classname="org.apache.flink.runtime.io.network.buffer.NetworkBufferTest" time="0.013"/>
  <testcase name="testSkipBytes1" classname="org.apache.flink.runtime.io.network.buffer.NetworkBufferTest" time="0.008"/>
  <testcase name="testGetLongAfterRelease" classname="org.apache.flink.runtime.io.network.buffer.NetworkBufferTest" time="0.007"/>
  <testcase name="testWriteLongLEAfterRelease" classname="org.apache.flink.runtime.io.network.buffer.NetworkBufferTest" time="0.007"/>
  <testcase name="testGetUnsignedIntLEAfterRelease" classname="org.apache.flink.runtime.io.network.buffer.NetworkBufferTest" time="0.152"/>
  <testcase name="testSliceCapacityChange" classname="org.apache.flink.runtime.io.network.buffer.NetworkBufferTest" time="0.033"/>
  <testcase name="testWriteUsAsciiCharSequenceExpand" classname="org.apache.flink.runtime.io.network.buffer.NetworkBufferTest" time="0.011"/>
  <testcase name="getBooleanBoundaryCheck1" classname="org.apache.flink.runtime.io.network.buffer.NetworkBufferTest" time="0.007"/>
  <testcase name="getBooleanBoundaryCheck2" classname="org.apache.flink.runtime.io.network.buffer.NetworkBufferTest" time="0.003"/>
  <testcase name="testSequentialIntAccess" classname="org.apache.flink.runtime.io.network.buffer.NetworkBufferTest" time="0.008"/>
  <testcase name="testShortConsistentWithByteBuffer" classname="org.apache.flink.runtime.io.network.buffer.NetworkBufferTest" time="0.007"/>
  <testcase name="testRandomDoubleLEAccess" classname="org.apache.flink.runtime.io.network.buffer.NetworkBufferTest" time="0.007"/>
  <testcase name="testSetCharAfterRelease" classname="org.apache.flink.runtime.io.network.buffer.NetworkBufferTest" time="0.009"/>
  <testcase name="testGetLongLEAfterRelease" classname="org.apache.flink.runtime.io.network.buffer.NetworkBufferTest" time="0.059"/>
  <testcase name="testWriteShortLEAfterRelease" classname="org.apache.flink.runtime.io.network.buffer.NetworkBufferTest" time="0.015"/>
  <testcase name="testRetainedSliceUnreleasable1" classname="org.apache.flink.runtime.io.network.buffer.NetworkBufferTest" time="0.011"/>
  <testcase name="testRetainedSliceUnreleasable2" classname="org.apache.flink.runtime.io.network.buffer.NetworkBufferTest" time="0.009"/>
  <testcase name="testRetainedSliceUnreleasable3" classname="org.apache.flink.runtime.io.network.buffer.NetworkBufferTest" time="0.009"/>
  <testcase name="testRetainedSliceUnreleasable4" classname="org.apache.flink.runtime.io.network.buffer.NetworkBufferTest" time="0.01"/>
  <testcase name="testGetBytesAfterRelease" classname="org.apache.flink.runtime.io.network.buffer.NetworkBufferTest" time="0.011"/>
  <testcase name="testDuplicateAfterReleaseRetainedDuplicate" classname="org.apache.flink.runtime.io.network.buffer.NetworkBufferTest" time="0.011"/>
  <testcase name="testWriteUtf8CharSequenceAfterRelease" classname="org.apache.flink.runtime.io.network.buffer.NetworkBufferTest" time="0.013"/>
  <testcase name="testNioBuffersAfterRelease" classname="org.apache.flink.runtime.io.network.buffer.NetworkBufferTest" time="0.008"/>
  <testcase name="testMultipleRetainedSliceReleaseOriginal1" classname="org.apache.flink.runtime.io.network.buffer.NetworkBufferTest" time="0.019"/>
  <testcase name="testMultipleRetainedSliceReleaseOriginal2" classname="org.apache.flink.runtime.io.network.buffer.NetworkBufferTest" time="0.023"/>
  <testcase name="testMultipleRetainedSliceReleaseOriginal3" classname="org.apache.flink.runtime.io.network.buffer.NetworkBufferTest" time="0.072"/>
  <testcase name="testMultipleRetainedSliceReleaseOriginal4" classname="org.apache.flink.runtime.io.network.buffer.NetworkBufferTest" time="0.052"/>
  <testcase name="testSliceAfterReleaseRetainedSliceRetainedDuplicate" classname="org.apache.flink.runtime.io.network.buffer.NetworkBufferTest" time="0.02"/>
  <testcase name="testCompareTo" classname="org.apache.flink.runtime.io.network.buffer.NetworkBufferTest" time="0.069"/>
  <testcase name="testWriteZero" classname="org.apache.flink.runtime.io.network.buffer.NetworkBufferTest" time="0.161"/>
  <testcase name="testGetShortAfterRelease" classname="org.apache.flink.runtime.io.network.buffer.NetworkBufferTest" time="0.019"/>
  <testcase name="testRandomByteBufferTransfer" classname="org.apache.flink.runtime.io.network.buffer.NetworkBufferTest" time="0.006"/>
  <testcase name="testSequentialCopiedBufferTransfer1" classname="org.apache.flink.runtime.io.network.buffer.NetworkBufferTest" time="0.029"/>
  <testcase name="testGetIntAfterRelease" classname="org.apache.flink.runtime.io.network.buffer.NetworkBufferTest" time="0.012"/>
  <testcase name="testSliceLengthOutOfBounds" classname="org.apache.flink.runtime.io.network.buffer.NetworkBufferTest" time="0.01"/>
  <testcase name="testForEachByte" classname="org.apache.flink.runtime.io.network.buffer.NetworkBufferTest" time="0.014"/>
  <testcase name="testWriteUtf16CharSequenceExpand" classname="org.apache.flink.runtime.io.network.buffer.NetworkBufferTest" time="0.015"/>
  <testcase name="testLongConsistentWithByteBuffer" classname="org.apache.flink.runtime.io.network.buffer.NetworkBufferTest" time="0.038"/>
  <testcase name="testMixedSliceBIndexOutOfBounds" classname="org.apache.flink.runtime.io.network.buffer.NetworkBufferTest" time="0.041"/>
  <testcase name="testSetMediumLEAfterRelease" classname="org.apache.flink.runtime.io.network.buffer.NetworkBufferTest" time="0.067"/>
  <testcase name="testSliceIndexOutOfBounds" classname="org.apache.flink.runtime.io.network.buffer.NetworkBufferTest" time="0.099"/>
  <testcase name="testDiscardAllReadBytes" classname="org.apache.flink.runtime.io.network.buffer.NetworkBufferTest" time="0.036"/>
  <testcase name="testCopyAfterRelease" classname="org.apache.flink.runtime.io.network.buffer.NetworkBufferTest" time="0.077"/>
  <testcase name="testRetainedSliceAfterReleaseRetainedSliceDuplicate" classname="org.apache.flink.runtime.io.network.buffer.NetworkBufferTest" time="0.08"/>
  <testcase name="getDirectByteBufferBoundaryCheck" classname="org.apache.flink.runtime.io.network.buffer.NetworkBufferTest" time="0.033"/>
  <testcase name="testSequentialMediumAccess" classname="org.apache.flink.runtime.io.network.buffer.NetworkBufferTest" time="0.044"/>
  <testcase name="testSliceIndex" classname="org.apache.flink.runtime.io.network.buffer.NetworkBufferTest" time="0.037"/>
  <testcase name="testSetUsAsciiCharSequenceAfterRelease" classname="org.apache.flink.runtime.io.network.buffer.NetworkBufferTest" time="0.063"/>
  <testcase name="testRandomShortAccess" classname="org.apache.flink.runtime.io.network.buffer.NetworkBufferTest" time="0.05"/>
  <testcase name="testRetainedSliceContents" classname="org.apache.flink.runtime.io.network.buffer.NetworkBufferTest" time="0.037"/>
  <testcase name="testSliceReadOutputStreamMultipleThreads" classname="org.apache.flink.runtime.io.network.buffer.NetworkBufferTest" time="0.152"/>
  <testcase name="testReadBytes" classname="org.apache.flink.runtime.io.network.buffer.NetworkBufferTest" time="0.068"/>
  <testcase name="testGetByteAfterRelease" classname="org.apache.flink.runtime.io.network.buffer.NetworkBufferTest" time="0.033"/>
  <testcase name="testRandomFloatLEAccess" classname="org.apache.flink.runtime.io.network.buffer.NetworkBufferTest" time="0.025"/>
  <testcase name="testRetainedSliceAfterReleaseRetainedDuplicateSlice" classname="org.apache.flink.runtime.io.network.buffer.NetworkBufferTest" time="0.065"/>
  <testcase name="testRandomUnsignedMediumLEAccess" classname="org.apache.flink.runtime.io.network.buffer.NetworkBufferTest" time="0.055"/>
  <testcase name="testMemoryAddressAfterRelease" classname="org.apache.flink.runtime.io.network.buffer.NetworkBufferTest" time="0.017"/>
  <testcase name="testRetainedDuplicateCapacityChange" classname="org.apache.flink.runtime.io.network.buffer.NetworkBufferTest" time="0.026"/>
  <testcase name="testDuplicateAfterRelease" classname="org.apache.flink.runtime.io.network.buffer.NetworkBufferTest" time="0.005"/>
  <testcase name="initialState" classname="org.apache.flink.runtime.io.network.buffer.NetworkBufferTest" time="0.003"/>
  <testcase name="testSequentialByteArrayTransfer1" classname="org.apache.flink.runtime.io.network.buffer.NetworkBufferTest" time="0.042"/>
  <testcase name="testSequentialByteArrayTransfer2" classname="org.apache.flink.runtime.io.network.buffer.NetworkBufferTest" time="0.01"/>
  <testcase name="testSequentialShortAccess" classname="org.apache.flink.runtime.io.network.buffer.NetworkBufferTest" time="0.014"/>
  <testcase name="testReaderIndexLargerThanWriterIndex" classname="org.apache.flink.runtime.io.network.buffer.NetworkBufferTest" time="0.034"/>
  <testcase name="testCopyAfterRelease1" classname="org.apache.flink.runtime.io.network.buffer.NetworkBufferTest" time="0.038"/>
  <testcase name="testRandomDirectBufferTransfer" classname="org.apache.flink.runtime.io.network.buffer.NetworkBufferTest" time="0.021"/>
  <testcase name="testDiscardSomeReadBytesAfterRelease" classname="org.apache.flink.runtime.io.network.buffer.NetworkBufferTest" time="0.009"/>
  <testcase name="testRetainedSliceIndexOutOfBounds" classname="org.apache.flink.runtime.io.network.buffer.NetworkBufferTest" time="0.01"/>
  <testcase name="testSliceAfterReleaseRetainedSliceDuplicate" classname="org.apache.flink.runtime.io.network.buffer.NetworkBufferTest" time="0.011"/>
  <testcase name="testReadFloatAfterRelease" classname="org.apache.flink.runtime.io.network.buffer.NetworkBufferTest" time="0.011"/>
  <testcase name="testRetainedDuplicateReleaseOriginal1" classname="org.apache.flink.runtime.io.network.buffer.NetworkBufferTest" time="0.023"/>
  <testcase name="testRetainedDuplicateReleaseOriginal2" classname="org.apache.flink.runtime.io.network.buffer.NetworkBufferTest" time="0.03"/>
  <testcase name="testRetainedDuplicateReleaseOriginal3" classname="org.apache.flink.runtime.io.network.buffer.NetworkBufferTest" time="0.07"/>
  <testcase name="testRetainedDuplicateReleaseOriginal4" classname="org.apache.flink.runtime.io.network.buffer.NetworkBufferTest" time="0.022"/>
  <testcase name="testForEachByteDescAfterRelease1" classname="org.apache.flink.runtime.io.network.buffer.NetworkBufferTest" time="0.017"/>
  <testcase name="testRandomIntAccess" classname="org.apache.flink.runtime.io.network.buffer.NetworkBufferTest" time="0.007"/>
  <testcase name="testRandomMediumAccess" classname="org.apache.flink.runtime.io.network.buffer.NetworkBufferTest" time="0.009"/>
  <testcase name="testRandomUnsignedShortAccess" classname="org.apache.flink.runtime.io.network.buffer.NetworkBufferTest" time="0.041"/>
  <testcase name="testDuplicateContents" classname="org.apache.flink.runtime.io.network.buffer.NetworkBufferTest" time="0.021"/>
  <testcase name="testSliceAfterReleaseRetainedDuplicateSlice" classname="org.apache.flink.runtime.io.network.buffer.NetworkBufferTest" time="0.009"/>
  <testcase name="testWriteUtf16CharSequenceAfterRelease" classname="org.apache.flink.runtime.io.network.buffer.NetworkBufferTest" time="0.01"/>
  <testcase name="testWriteBytesAfterRelease2" classname="org.apache.flink.runtime.io.network.buffer.NetworkBufferTest" time="0.009"/>
  <testcase name="testWriteBytesAfterRelease3" classname="org.apache.flink.runtime.io.network.buffer.NetworkBufferTest" time="0.007"/>
  <testcase name="testWriteBytesAfterRelease4" classname="org.apache.flink.runtime.io.network.buffer.NetworkBufferTest" time="0.017"/>
  <testcase name="testWriteBytesAfterRelease5" classname="org.apache.flink.runtime.io.network.buffer.NetworkBufferTest" time="0.044"/>
  <testcase name="testWriteBytesAfterRelease6" classname="org.apache.flink.runtime.io.network.buffer.NetworkBufferTest" time="0.025"/>
  <testcase name="testWriteBytesAfterRelease7" classname="org.apache.flink.runtime.io.network.buffer.NetworkBufferTest" time="0.024"/>
  <testcase name="testWriteBytesAfterRelease8" classname="org.apache.flink.runtime.io.network.buffer.NetworkBufferTest" time="0.018"/>
  <testcase name="testGetUnsignedIntAfterRelease" classname="org.apache.flink.runtime.io.network.buffer.NetworkBufferTest" time="0.013"/>
  <testcase name="testRetainedDuplicateAfterRelease" classname="org.apache.flink.runtime.io.network.buffer.NetworkBufferTest" time="0.01"/>
  <testcase name="getByteArrayBoundaryCheck1" classname="org.apache.flink.runtime.io.network.buffer.NetworkBufferTest" time="0.007"/>
  <testcase name="getByteArrayBoundaryCheck2" classname="org.apache.flink.runtime.io.network.buffer.NetworkBufferTest" time="0.004"/>
  <testcase name="getByteArrayBoundaryCheck3" classname="org.apache.flink.runtime.io.network.buffer.NetworkBufferTest" time="0.055"/>
  <testcase name="getByteArrayBoundaryCheck4" classname="org.apache.flink.runtime.io.network.buffer.NetworkBufferTest" time="0.011"/>
  <testcase name="testWriteCharAfterRelease" classname="org.apache.flink.runtime.io.network.buffer.NetworkBufferTest" time="0.009"/>
  <testcase name="testSequentialUnsignedByteAccess" classname="org.apache.flink.runtime.io.network.buffer.NetworkBufferTest" time="0.006"/>
  <testcase name="testMixedSliceALengthOutOfBounds" classname="org.apache.flink.runtime.io.network.buffer.NetworkBufferTest" time="0.009"/>
  <testcase name="testGetBytesAfterRelease2" classname="org.apache.flink.runtime.io.network.buffer.NetworkBufferTest" time="0.009"/>
  <testcase name="testGetBytesAfterRelease3" classname="org.apache.flink.runtime.io.network.buffer.NetworkBufferTest" time="0.009"/>
  <testcase name="testGetBytesAfterRelease4" classname="org.apache.flink.runtime.io.network.buffer.NetworkBufferTest" time="0.007"/>
  <testcase name="testGetBytesAfterRelease5" classname="org.apache.flink.runtime.io.network.buffer.NetworkBufferTest" time="0.019"/>
  <testcase name="testGetBytesAfterRelease6" classname="org.apache.flink.runtime.io.network.buffer.NetworkBufferTest" time="0.008"/>
  <testcase name="testGetBytesAfterRelease7" classname="org.apache.flink.runtime.io.network.buffer.NetworkBufferTest" time="0.044"/>
  <testcase name="testGetBytesAfterRelease8" classname="org.apache.flink.runtime.io.network.buffer.NetworkBufferTest" time="0.025"/>
  <testcase name="testIntConsistentWithByteBuffer" classname="org.apache.flink.runtime.io.network.buffer.NetworkBufferTest" time="0.027"/>
  <testcase name="testDuplicateReadOutputStreamMultipleThreads" classname="org.apache.flink.runtime.io.network.buffer.NetworkBufferTest" time="0.072"/>
  <testcase name="testSequentialSlice1" classname="org.apache.flink.runtime.io.network.buffer.NetworkBufferTest" time="0.005"/>
  <testcase name="testMultipleRetainedDuplicateReleaseOriginal1" classname="org.apache.flink.runtime.io.network.buffer.NetworkBufferTest" time="0.011"/>
  <testcase name="testMultipleRetainedDuplicateReleaseOriginal2" classname="org.apache.flink.runtime.io.network.buffer.NetworkBufferTest" time="0.03"/>
  <testcase name="testMultipleRetainedDuplicateReleaseOriginal3" classname="org.apache.flink.runtime.io.network.buffer.NetworkBufferTest" time="0.017"/>
  <testcase name="testMultipleRetainedDuplicateReleaseOriginal4" classname="org.apache.flink.runtime.io.network.buffer.NetworkBufferTest" time="0.043"/>
  <testcase name="testSequentialUnsignedShortAccess" classname="org.apache.flink.runtime.io.network.buffer.NetworkBufferTest" time="0.01"/>
  <testcase name="testRandomHeapBufferTransfer1" classname="org.apache.flink.runtime.io.network.buffer.NetworkBufferTest" time="0.005"/>
  <testcase name="testRandomHeapBufferTransfer2" classname="org.apache.flink.runtime.io.network.buffer.NetworkBufferTest" time="0.01"/>
  <testcase name="testByteArrayTransfer" classname="org.apache.flink.runtime.io.network.buffer.NetworkBufferTest" time="0.012"/>
  <testcase name="testReadMediumAfterRelease" classname="org.apache.flink.runtime.io.network.buffer.NetworkBufferTest" time="0.008"/>
  <testcase name="testRetainedSliceIndex" classname="org.apache.flink.runtime.io.network.buffer.NetworkBufferTest" time="0.004"/>
  <testcase name="testRetainedSliceCapacityChange" classname="org.apache.flink.runtime.io.network.buffer.NetworkBufferTest" time="0.007"/>
  <testcase name="testSetIntAfterRelease" classname="org.apache.flink.runtime.io.network.buffer.NetworkBufferTest" time="0.009"/>
  <testcase name="testLittleEndianWithExpand" classname="org.apache.flink.runtime.io.network.buffer.NetworkBufferTest" time="0.033"/>
  <testcase name="testStreamTransfer1" classname="org.apache.flink.runtime.io.network.buffer.NetworkBufferTest" time="0.004"/>
  <testcase name="testStreamTransfer2" classname="org.apache.flink.runtime.io.network.buffer.NetworkBufferTest" time="0.005"/>
  <testcase name="testRandomByteArrayTransfer1" classname="org.apache.flink.runtime.io.network.buffer.NetworkBufferTest" time="0.006"/>
  <testcase name="testRandomByteArrayTransfer2" classname="org.apache.flink.runtime.io.network.buffer.NetworkBufferTest" time="0.035"/>
  <testcase name="testSliceBytesInArrayMultipleThreads" classname="org.apache.flink.runtime.io.network.buffer.NetworkBufferTest" time="0.104"/>
  <testcase name="testCapacityIncrease" classname="org.apache.flink.runtime.io.network.buffer.NetworkBufferTest" time="0.015"/>
  <testcase name="testForEachByteAfterRelease" classname="org.apache.flink.runtime.io.network.buffer.NetworkBufferTest" time="0.039"/>
  <testcase name="testGetFloatLEAfterRelease" classname="org.apache.flink.runtime.io.network.buffer.NetworkBufferTest" time="0.018"/>
  <testcase name="testReadMediumLEAfterRelease" classname="org.apache.flink.runtime.io.network.buffer.NetworkBufferTest" time="0.008"/>
  <testcase name="testReadDoubleLEAfterRelease" classname="org.apache.flink.runtime.io.network.buffer.NetworkBufferTest" time="0.006"/>
  <testcase name="testSliceAfterReleaseRetainedSlice" classname="org.apache.flink.runtime.io.network.buffer.NetworkBufferTest" time="0.009"/>
  <testcase name="testReadBytesAfterRelease10" classname="org.apache.flink.runtime.io.network.buffer.NetworkBufferTest" time="0.008"/>
  <testcase name="testReadIntLEAfterRelease" classname="org.apache.flink.runtime.io.network.buffer.NetworkBufferTest" time="0.009"/>
  <testcase name="testWriteDoubleAfterRelease" classname="org.apache.flink.runtime.io.network.buffer.NetworkBufferTest" time="0.008"/>
  <testcase name="testNioBuffer1" classname="org.apache.flink.runtime.io.network.buffer.NetworkBufferTest" time="0.011"/>
  <testcase name="testReadLongLEAfterRelease" classname="org.apache.flink.runtime.io.network.buffer.NetworkBufferTest" time="0.026"/>
  <testcase name="testWriteFloatAfterRelease" classname="org.apache.flink.runtime.io.network.buffer.NetworkBufferTest" time="0.016"/>
  <testcase name="testSequentialHeapBufferTransfer1" classname="org.apache.flink.runtime.io.network.buffer.NetworkBufferTest" time="0.011"/>
  <testcase name="testSequentialHeapBufferTransfer2" classname="org.apache.flink.runtime.io.network.buffer.NetworkBufferTest" time="0.007"/>
  <testcase name="testRetainedSliceAfterReleaseRetainedDuplicate" classname="org.apache.flink.runtime.io.network.buffer.NetworkBufferTest" time="0.016"/>
  <testcase name="testRandomShortLEAccess" classname="org.apache.flink.runtime.io.network.buffer.NetworkBufferTest" time="0.019"/>
  <testcase name="testGetBytesByteBuffer" classname="org.apache.flink.runtime.io.network.buffer.NetworkBufferTest" time="0.012"/>
  <testcase name="testNioBufferExposeOnlyRegion" classname="org.apache.flink.runtime.io.network.buffer.NetworkBufferTest" time="0.007"/>
  <testcase name="testReadUnsignedShortAfterRelease" classname="org.apache.flink.runtime.io.network.buffer.NetworkBufferTest" time="0.247"/>
  <testcase name="testGetDoubleAfterRelease" classname="org.apache.flink.runtime.io.network.buffer.NetworkBufferTest" time="0.007"/>
  <testcase name="testSetFloatAfterRelease" classname="org.apache.flink.runtime.io.network.buffer.NetworkBufferTest" time="0.007"/>
  <testcase name="testReadBytesAndWriteBytesWithFileChannel" classname="org.apache.flink.runtime.io.network.buffer.NetworkBufferTest" time="0.167"/>
  <testcase name="testGetReadOnlyHeapDst" classname="org.apache.flink.runtime.io.network.buffer.NetworkBufferTest" time="0.013"/>
  <testcase name="testForEachByte2" classname="org.apache.flink.runtime.io.network.buffer.NetworkBufferTest" time="0.07"/>
  <testcase name="testSequentialLongLEAccess" classname="org.apache.flink.runtime.io.network.buffer.NetworkBufferTest" time="0.004"/>
  <testcase name="getMediumBoundaryCheck1" classname="org.apache.flink.runtime.io.network.buffer.NetworkBufferTest" time="0.006"/>
  <testcase name="getMediumBoundaryCheck2" classname="org.apache.flink.runtime.io.network.buffer.NetworkBufferTest" time="0.004"/>
  <testcase name="testEnsureWritableAfterRelease" classname="org.apache.flink.runtime.io.network.buffer.NetworkBufferTest" time="0.012"/>
  <testcase name="testWriteUtf8CharSequenceExpand" classname="org.apache.flink.runtime.io.network.buffer.NetworkBufferTest" time="0.006"/>
  <testcase name="testRandomUnsignedByteAccess" classname="org.apache.flink.runtime.io.network.buffer.NetworkBufferTest" time="0.004"/>
  <testcase name="testSequentialUnsignedShortLEAccess" classname="org.apache.flink.runtime.io.network.buffer.NetworkBufferTest" time="0.009"/>
  <testcase name="testDuplicateBytesInArrayMultipleThreads" classname="org.apache.flink.runtime.io.network.buffer.NetworkBufferTest" time="0.061"/>
  <testcase name="testGetCharAfterRelease" classname="org.apache.flink.runtime.io.network.buffer.NetworkBufferTest" time="0.007"/>
  <testcase name="testRefCnt2" classname="org.apache.flink.runtime.io.network.buffer.NetworkBufferTest" time="0.072"/>
  <testcase name="testGetUnsignedByteAfterRelease" classname="org.apache.flink.runtime.io.network.buffer.NetworkBufferTest" time="0.008"/>
  <testcase name="testSequentialLongAccess" classname="org.apache.flink.runtime.io.network.buffer.NetworkBufferTest" time="0.004"/>
  <testcase name="testForEachByteAbort" classname="org.apache.flink.runtime.io.network.buffer.NetworkBufferTest" time="0.006"/>
  <testcase name="testForEachByteDesc2" classname="org.apache.flink.runtime.io.network.buffer.NetworkBufferTest" time="0.008"/>
  <testcase name="testArrayAfterRelease" classname="org.apache.flink.runtime.io.network.buffer.NetworkBufferTest" time="0.007"/>
  <testcase name="testWriteIntAfterRelease" classname="org.apache.flink.runtime.io.network.buffer.NetworkBufferTest" time="0.017"/>
  <testcase name="testForEachByteDescAfterRelease" classname="org.apache.flink.runtime.io.network.buffer.NetworkBufferTest" time="0.007"/>
  <testcase name="testCapacityDecrease" classname="org.apache.flink.runtime.io.network.buffer.NetworkBufferTest" time="0.03"/>
  <testcase name="testWriteReadUtf16CharSequence" classname="org.apache.flink.runtime.io.network.buffer.NetworkBufferTest" time="0.038"/>
  <testcase name="testDuplicateAfterReleaseRetainedSliceDuplicate" classname="org.apache.flink.runtime.io.network.buffer.NetworkBufferTest" time="0.01"/>
  <testcase name="testSetUtf8CharSequenceNoExpand" classname="org.apache.flink.runtime.io.network.buffer.NetworkBufferTest" time="0.009"/>
  <testcase name="testReadRetainedSliceUnreleasable1" classname="org.apache.flink.runtime.io.network.buffer.NetworkBufferTest" time="0.007"/>
  <testcase name="testReadRetainedSliceUnreleasable2" classname="org.apache.flink.runtime.io.network.buffer.NetworkBufferTest" time="0.008"/>
  <testcase name="testReadRetainedSliceUnreleasable3" classname="org.apache.flink.runtime.io.network.buffer.NetworkBufferTest" time="0.01"/>
  <testcase name="testReadRetainedSliceUnreleasable4" classname="org.apache.flink.runtime.io.network.buffer.NetworkBufferTest" time="0.007"/>
  <testcase name="testHashCode" classname="org.apache.flink.runtime.io.network.buffer.NetworkBufferTest" time="0.019"/>
  <testcase name="testRandomMediumLEAccess" classname="org.apache.flink.runtime.io.network.buffer.NetworkBufferTest" time="0.01"/>
  <testcase name="testGetUnsignedShortAfterRelease" classname="org.apache.flink.runtime.io.network.buffer.NetworkBufferTest" time="0.011"/>
  <testcase name="getShortBoundaryCheck1" classname="org.apache.flink.runtime.io.network.buffer.NetworkBufferTest" time="0.011"/>
  <testcase name="getShortBoundaryCheck2" classname="org.apache.flink.runtime.io.network.buffer.NetworkBufferTest" time="0.004"/>
  <testcase name="testSetZeroAfterRelease" classname="org.apache.flink.runtime.io.network.buffer.NetworkBufferTest" time="0.006"/>
  <testcase name="comparableInterfaceNotViolated" classname="org.apache.flink.runtime.io.network.buffer.NetworkBufferTest" time="0.025"/>
  <testcase name="testDuplicateAfterReleaseRetainedDuplicateSlice" classname="org.apache.flink.runtime.io.network.buffer.NetworkBufferTest" time="0.012"/>
  <testcase name="testSetUsAsciiCharSequenceNoExpand" classname="org.apache.flink.runtime.io.network.buffer.NetworkBufferTest" time="0.016"/>
  <testcase name="testRetainedSliceAndRetainedDuplicateContentIsExpected" classname="org.apache.flink.runtime.io.network.buffer.NetworkBufferTest" time="0.022"/>
  <testcase name="testCapacityEnforceMaxCapacity" classname="org.apache.flink.runtime.io.network.buffer.NetworkBufferTest" time="0.008"/>
  <testcase name="testRandomLongLEAccess" classname="org.apache.flink.runtime.io.network.buffer.NetworkBufferTest" time="0.026"/>
  <testcase name="testRetainedDuplicateAfterReleaseRetainedDuplicate" classname="org.apache.flink.runtime.io.network.buffer.NetworkBufferTest" time="0.003"/>
  <testcase name="testReadLongAfterRelease" classname="org.apache.flink.runtime.io.network.buffer.NetworkBufferTest" time="0.043"/>
  <testcase name="testRandomFloatAccess" classname="org.apache.flink.runtime.io.network.buffer.NetworkBufferTest" time="0.012"/>
  <testcase name="testWriteIntLEAfterRelease" classname="org.apache.flink.runtime.io.network.buffer.NetworkBufferTest" time="0.008"/>
  <testcase name="testWriteIso88591CharSequenceAfterRelease" classname="org.apache.flink.runtime.io.network.buffer.NetworkBufferTest" time="0.012"/>
  <testcase name="testSetIso88591CharSequenceAfterRelease" classname="org.apache.flink.runtime.io.network.buffer.NetworkBufferTest" time="0.015"/>
  <testcase name="testGetBytesAndSetBytesWithFileChannel" classname="org.apache.flink.runtime.io.network.buffer.NetworkBufferTest" time="0.017"/>
  <testcase name="testReadSliceOutOfBounds" classname="org.apache.flink.runtime.io.network.buffer.NetworkBufferTest" time="0.011"/>
  <testcase name="testGetFloatAfterRelease" classname="org.apache.flink.runtime.io.network.buffer.NetworkBufferTest" time="0.009"/>
  <testcase name="testSetIntLEAfterRelease" classname="org.apache.flink.runtime.io.network.buffer.NetworkBufferTest" time="0.007"/>
  <testcase name="testRandomUnsignedIntAccess" classname="org.apache.flink.runtime.io.network.buffer.NetworkBufferTest" time="0.004"/>
  <testcase name="testGetUnsignedMediumAfterRelease" classname="org.apache.flink.runtime.io.network.buffer.NetworkBufferTest" time="0.008"/>
  <testcase name="testDiscardReadBytes" classname="org.apache.flink.runtime.io.network.buffer.NetworkBufferTest" time="0.038"/>
  <testcase name="testCapacityNegative" classname="org.apache.flink.runtime.io.network.buffer.NetworkBufferTest" time="0.011"/>
  <testcase name="testSetUtf8CharSequenceAfterRelease" classname="org.apache.flink.runtime.io.network.buffer.NetworkBufferTest" time="0.009"/>
  <testcase name="testRetainedSliceAfterRelease" classname="org.apache.flink.runtime.io.network.buffer.NetworkBufferTest" time="0.019"/>
  <testcase name="readerIndexBoundaryCheck1" classname="org.apache.flink.runtime.io.network.buffer.NetworkBufferTest" time="0.004"/>
  <testcase name="readerIndexBoundaryCheck2" classname="org.apache.flink.runtime.io.network.buffer.NetworkBufferTest" time="0.003"/>
  <testcase name="readerIndexBoundaryCheck3" classname="org.apache.flink.runtime.io.network.buffer.NetworkBufferTest" time="0.004"/>
  <testcase name="readerIndexBoundaryCheck4" classname="org.apache.flink.runtime.io.network.buffer.NetworkBufferTest" time="0.003"/>
  <testcase name="testReadUnsignedByteAfterRelease" classname="org.apache.flink.runtime.io.network.buffer.NetworkBufferTest" time="0.007"/>
  <testcase name="testSetUtf8CharSequence" classname="org.apache.flink.runtime.io.network.buffer.NetworkBufferTest" time="0.01"/>
  <testcase name="testReadBytesAfterRelease2" classname="org.apache.flink.runtime.io.network.buffer.NetworkBufferTest" time="0.008"/>
  <testcase name="testReadBytesAfterRelease3" classname="org.apache.flink.runtime.io.network.buffer.NetworkBufferTest" time="0.042"/>
  <testcase name="testReadBytesAfterRelease4" classname="org.apache.flink.runtime.io.network.buffer.NetworkBufferTest" time="0.023"/>
  <testcase name="testReadBytesAfterRelease5" classname="org.apache.flink.runtime.io.network.buffer.NetworkBufferTest" time="0.011"/>
  <testcase name="testReadBytesAfterRelease6" classname="org.apache.flink.runtime.io.network.buffer.NetworkBufferTest" time="0.007"/>
  <testcase name="testReadBytesAfterRelease7" classname="org.apache.flink.runtime.io.network.buffer.NetworkBufferTest" time="0.009"/>
  <testcase name="testReadBytesAfterRelease8" classname="org.apache.flink.runtime.io.network.buffer.NetworkBufferTest" time="0.061"/>
  <testcase name="testReadBytesAfterRelease9" classname="org.apache.flink.runtime.io.network.buffer.NetworkBufferTest" time="0.087"/>
  <testcase name="getByteBufferBoundaryCheck" classname="org.apache.flink.runtime.io.network.buffer.NetworkBufferTest" time="0.006"/>
  <testcase name="getByteBufferState" classname="org.apache.flink.runtime.io.network.buffer.NetworkBufferTest" time="0.005"/>
  <testcase name="testSequentialMediumLEAccess" classname="org.apache.flink.runtime.io.network.buffer.NetworkBufferTest" time="0.008"/>
  <testcase name="testEquals" classname="org.apache.flink.runtime.io.network.buffer.NetworkBufferTest" time="0.014"/>
  <testcase name="testToByteBuffer2" classname="org.apache.flink.runtime.io.network.buffer.NetworkBufferTest" time="0.009"/>
  <testcase name="testToByteBuffer3" classname="org.apache.flink.runtime.io.network.buffer.NetworkBufferTest" time="0.005"/>
  <testcase name="testSetUtf16CharSequenceAfterRelease" classname="org.apache.flink.runtime.io.network.buffer.NetworkBufferTest" time="0.015"/>
  <testcase name="testGetBooleanAfterRelease" classname="org.apache.flink.runtime.io.network.buffer.NetworkBufferTest" time="0.007"/>
  <testcase name="testSetMediumAfterRelease" classname="org.apache.flink.runtime.io.network.buffer.NetworkBufferTest" time="0.011"/>
  <testcase name="testRetainedSliceAfterReleaseRetainedSliceRetainedDuplicate" classname="org.apache.flink.runtime.io.network.buffer.NetworkBufferTest" time="0.008"/>
  <testcase name="testWriteReadUtf8CharSequence" classname="org.apache.flink.runtime.io.network.buffer.NetworkBufferTest" time="0.025"/>
  <testcase name="testRetainedSliceLengthOutOfBounds" classname="org.apache.flink.runtime.io.network.buffer.NetworkBufferTest" time="0.007"/>
  <testcase name="testInternalNioBufferAfterRelease" classname="org.apache.flink.runtime.io.network.buffer.NetworkBufferTest" time="0.011"/>
  <testcase name="testIndexOf" classname="org.apache.flink.runtime.io.network.buffer.NetworkBufferTest" time="0.006"/>
  <testcase name="testReadByteAfterRelease" classname="org.apache.flink.runtime.io.network.buffer.NetworkBufferTest" time="0.007"/>
  <testcase name="testDiscardReadBytesAfterRelease" classname="org.apache.flink.runtime.io.network.buffer.NetworkBufferTest" time="0.007"/>
  <testcase name="testSequentialShortLEAccess" classname="org.apache.flink.runtime.io.network.buffer.NetworkBufferTest" time="0.006"/>
  <testcase name="testRandomDoubleAccess" classname="org.apache.flink.runtime.io.network.buffer.NetworkBufferTest" time="0.005"/>
  <testcase name="testSetZero" classname="org.apache.flink.runtime.io.network.buffer.NetworkBufferTest" time="0.046"/>
  <testcase name="ensureWritableWithForceDoesNotThrow" classname="org.apache.flink.runtime.io.network.buffer.NetworkBufferTest" time="0.055"/>
  <testcase name="testGetMediumLEAfterRelease" classname="org.apache.flink.runtime.io.network.buffer.NetworkBufferTest" time="0.017"/>
  <testcase name="testGetDoubleLEAfterRelease" classname="org.apache.flink.runtime.io.network.buffer.NetworkBufferTest" time="0.011"/>
  <testcase name="testRetainedSliceReleaseOriginal1" classname="org.apache.flink.runtime.io.network.buffer.NetworkBufferTest" time="0.018"/>
  <testcase name="testRetainedSliceReleaseOriginal2" classname="org.apache.flink.runtime.io.network.buffer.NetworkBufferTest" time="0.017"/>
  <testcase name="testRetainedSliceReleaseOriginal3" classname="org.apache.flink.runtime.io.network.buffer.NetworkBufferTest" time="0.028"/>
  <testcase name="testRetainedSliceReleaseOriginal4" classname="org.apache.flink.runtime.io.network.buffer.NetworkBufferTest" time="0.019"/>
  <testcase name="writerIndexBoundaryCheck1" classname="org.apache.flink.runtime.io.network.buffer.NetworkBufferTest" time="0.005"/>
  <testcase name="writerIndexBoundaryCheck2" classname="org.apache.flink.runtime.io.network.buffer.NetworkBufferTest" time="0.004"/>
  <testcase name="writerIndexBoundaryCheck3" classname="org.apache.flink.runtime.io.network.buffer.NetworkBufferTest" time="0.004"/>
  <testcase name="writerIndexBoundaryCheck4" classname="org.apache.flink.runtime.io.network.buffer.NetworkBufferTest" time="0.005"/>
  <testcase name="testSetLongLEAfterRelease" classname="org.apache.flink.runtime.io.network.buffer.NetworkBufferTest" time="0.012"/>
  <testcase name="testDuplicateCapacityChange" classname="org.apache.flink.runtime.io.network.buffer.NetworkBufferTest" time="0.008"/>
  <testcase name="testSequentialUnsignedIntAccess" classname="org.apache.flink.runtime.io.network.buffer.NetworkBufferTest" time="0.004"/>
  <testcase name="testRandomLongAccess" classname="org.apache.flink.runtime.io.network.buffer.NetworkBufferTest" time="0.011"/>
  <testcase name="testRefCnt" classname="org.apache.flink.runtime.io.network.buffer.NetworkBufferTest" time="0.103"/>
  <testcase name="testSetUsAsciiCharSequence" classname="org.apache.flink.runtime.io.network.buffer.NetworkBufferTest" time="0.028"/>
  <testcase name="testReadFloatLEAfterRelease" classname="org.apache.flink.runtime.io.network.buffer.NetworkBufferTest" time="0.013"/>
  <testcase name="testSliceAfterReleaseRetainedDuplicate" classname="org.apache.flink.runtime.io.network.buffer.NetworkBufferTest" time="0.018"/>
  <testcase name="testReadUnsignedIntAfterRelease" classname="org.apache.flink.runtime.io.network.buffer.NetworkBufferTest" time="0.019"/>
  <testcase name="testSetLongAfterRelease" classname="org.apache.flink.runtime.io.network.buffer.NetworkBufferTest" time="0.045"/>
  <testcase name="testGetIntLEAfterRelease" classname="org.apache.flink.runtime.io.network.buffer.NetworkBufferTest" time="0.02"/>
  <testcase name="testWriteZeroAfterRelease" classname="org.apache.flink.runtime.io.network.buffer.NetworkBufferTest" time="0.018"/>
  <testcase name="testDiscardReadBytes2" classname="org.apache.flink.runtime.io.network.buffer.NetworkBufferTest" time="0.065"/>
  <testcase name="testReadDoubleAfterRelease" classname="org.apache.flink.runtime.io.network.buffer.NetworkBufferTest" time="0.008"/>
  <testcase name="testSequentialByteBufferBackedHeapBufferTransfer1" classname="org.apache.flink.runtime.io.network.buffer.NetworkBufferTest" time="0.033"/>
  <testcase name="testSequentialByteBufferBackedHeapBufferTransfer2" classname="org.apache.flink.runtime.io.network.buffer.NetworkBufferTest" time="0.017"/>
  <testcase name="testDuplicate" classname="org.apache.flink.runtime.io.network.buffer.NetworkBufferTest" time="0.004"/>
  <testcase name="testSequentialByteAccess" classname="org.apache.flink.runtime.io.network.buffer.NetworkBufferTest" time="0.004"/>
  <testcase name="testGetShortLEAfterRelease" classname="org.apache.flink.runtime.io.network.buffer.NetworkBufferTest" time="0.009"/>
  <testcase name="testWriteFloatLEAfterRelease" classname="org.apache.flink.runtime.io.network.buffer.NetworkBufferTest" time="0.016"/>
  <testcase name="testRandomUnsignedMediumAccess" classname="org.apache.flink.runtime.io.network.buffer.NetworkBufferTest" time="0.007"/>
  <testcase name="testSequentialDirectBufferTransfer1" classname="org.apache.flink.runtime.io.network.buffer.NetworkBufferTest" time="0.009"/>
  <testcase name="testSequentialDirectBufferTransfer2" classname="org.apache.flink.runtime.io.network.buffer.NetworkBufferTest" time="0.013"/>
  <testcase name="testSetUtf16CharSequenceNoExpand" classname="org.apache.flink.runtime.io.network.buffer.NetworkBufferTest" time="0.028"/>
  <testcase name="testDuplicateRelease" classname="org.apache.flink.runtime.io.network.buffer.NetworkBufferTest" time="0.007"/>
  <testcase name="testRandomUnsignedShortLEAccess" classname="org.apache.flink.runtime.io.network.buffer.NetworkBufferTest" time="0.004"/>
  <testcase name="testInternalNioBuffer" classname="org.apache.flink.runtime.io.network.buffer.NetworkBufferTest" time="0.524"/>
  <testcase name="testRetainedDuplicateAfterReleaseDuplicate" classname="org.apache.flink.runtime.io.network.buffer.NetworkBufferTest" time="0.014"/>
  <testcase name="testReadBytesAfterRelease" classname="org.apache.flink.runtime.io.network.buffer.NetworkBufferTest" time="0.016"/>
</testsuite>