<?xml version="1.0" encoding="UTF-8"?>
<testsuite xmlns:xsi="http://www.w3.org/2001/XMLSchema-instance" xsi:noNamespaceSchemaLocation="https://maven.apache.org/surefire/maven-surefire-plugin/xsd/surefire-test-report.xsd" name="org.apache.flink.table.types.extraction.TypeInferenceExtractorTest" time="0.338" tests="198" errors="0" skipped="0" failures="0">
  <properties>
    <property name="gopherProxySet" value="false"/>
    <property name="awt.toolkit" value="sun.lwawt.macosx.LWCToolkit"/>
    <property name="file.encoding.pkg" value="sun.io"/>
    <property name="java.specification.version" value="1.8"/>
    <property name="sun.cpu.isalist" value=""/>
    <property name="forkNumber" value="01"/>
    <property name="sun.jnu.encoding" value="UTF-8"/>
    <property name="java.class.path" value="/Users/liuzhiwei/ideapro/flink-1.14.4/flink-table/flink-table-common/target/test-classes:/Users/liuzhiwei/ideapro/flink-1.14.4/flink-table/flink-table-common/target/classes:/Users/liuzhiwei/ideapro/flink-1.14.4/flink-core/target/flink-core-1.14.4.jar:/Users/liuzhiwei/ideapro/flink-1.14.4/flink-annotations/target/flink-annotations-1.14.4.jar:/Users/liuzhiwei/ideapro/flink-1.14.4/flink-metrics/flink-metrics-core/target/flink-metrics-core-1.14.4.jar:/Users/liuzhiwei/.m2/repository/org/apache/commons/commons-lang3/3.3.2/commons-lang3-3.3.2.jar:/Users/liuzhiwei/.m2/repository/com/esotericsoftware/kryo/kryo/2.24.0/kryo-2.24.0.jar:/Users/liuzhiwei/.m2/repository/com/esotericsoftware/minlog/minlog/1.2/minlog-1.2.jar:/Users/liuzhiwei/.m2/repository/commons-collections/commons-collections/3.2.2/commons-collections-3.2.2.jar:/Users/liuzhiwei/.m2/repository/org/apache/commons/commons-compress/1.21/commons-compress-1.21.jar:/Users/liuzhiwei/.m2/repository/org/apache/flink/flink-shaded-guava/30.1.1-jre-14.0/flink-shaded-guava-30.1.1-jre-14.0.jar:/Users/liuzhiwei/ideapro/flink-1.14.4/flink-connectors/flink-connector-files/target/flink-connector-files-1.14.4.jar:/Users/liuzhiwei/ideapro/flink-1.14.4/flink-connectors/flink-file-sink-common/target/flink-file-sink-common-1.14.4.jar:/Users/liuzhiwei/ideapro/flink-1.14.4/flink-connectors/flink-connector-base/target/flink-connector-base-1.14.4.jar:/Users/liuzhiwei/.m2/repository/org/apache/flink/flink-shaded-asm-7/7.1-14.0/flink-shaded-asm-7-7.1-14.0.jar:/Users/liuzhiwei/.m2/repository/com/ibm/icu/icu4j/67.1/icu4j-67.1.jar:/Users/liuzhiwei/ideapro/flink-1.14.4/flink-core/target/flink-core-1.14.4-tests.jar:/Users/liuzhiwei/ideapro/flink-1.14.4/flink-test-utils-parent/flink-test-utils-junit/target/flink-test-utils-junit-1.14.4.jar:/Users/liuzhiwei/.m2/repository/org/apache/flink/flink-shaded-force-shading/14.0/flink-shaded-force-shading-14.0.jar:/Users/liuzhiwei/.m2/repository/org/slf4j/slf4j-api/1.7.15/slf4j-api-1.7.15.jar:/Users/liuzhiwei/.m2/repository/com/google/code/findbugs/jsr305/1.3.9/jsr305-1.3.9.jar:/Users/liuzhiwei/.m2/repository/org/junit/jupiter/junit-jupiter/5.7.2/junit-jupiter-5.7.2.jar:/Users/liuzhiwei/.m2/repository/org/junit/jupiter/junit-jupiter-api/5.7.2/junit-jupiter-api-5.7.2.jar:/Users/liuzhiwei/.m2/repository/org/opentest4j/opentest4j/1.2.0/opentest4j-1.2.0.jar:/Users/liuzhiwei/.m2/repository/org/junit/platform/junit-platform-commons/1.7.2/junit-platform-commons-1.7.2.jar:/Users/liuzhiwei/.m2/repository/org/junit/jupiter/junit-jupiter-params/5.7.2/junit-jupiter-params-5.7.2.jar:/Users/liuzhiwei/.m2/repository/org/junit/jupiter/junit-jupiter-engine/5.7.2/junit-jupiter-engine-5.7.2.jar:/Users/liuzhiwei/.m2/repository/org/junit/vintage/junit-vintage-engine/5.7.2/junit-vintage-engine-5.7.2.jar:/Users/liuzhiwei/.m2/repository/org/apiguardian/apiguardian-api/1.1.0/apiguardian-api-1.1.0.jar:/Users/liuzhiwei/.m2/repository/org/junit/platform/junit-platform-engine/1.7.2/junit-platform-engine-1.7.2.jar:/Users/liuzhiwei/.m2/repository/junit/junit/4.13.2/junit-4.13.2.jar:/Users/liuzhiwei/.m2/repository/org/mockito/mockito-core/2.21.0/mockito-core-2.21.0.jar:/Users/liuzhiwei/.m2/repository/net/bytebuddy/byte-buddy/1.8.22/byte-buddy-1.8.22.jar:/Users/liuzhiwei/.m2/repository/net/bytebuddy/byte-buddy-agent/1.8.22/byte-buddy-agent-1.8.22.jar:/Users/liuzhiwei/.m2/repository/org/objenesis/objenesis/2.1/objenesis-2.1.jar:/Users/liuzhiwei/.m2/repository/org/powermock/powermock-module-junit4/2.0.4/powermock-module-junit4-2.0.4.jar:/Users/liuzhiwei/.m2/repository/org/powermock/powermock-module-junit4-common/2.0.4/powermock-module-junit4-common-2.0.4.jar:/Users/liuzhiwei/.m2/repository/org/powermock/powermock-reflect/2.0.4/powermock-reflect-2.0.4.jar:/Users/liuzhiwei/.m2/repository/org/powermock/powermock-core/2.0.4/powermock-core-2.0.4.jar:/Users/liuzhiwei/.m2/repository/org/javassist/javassist/3.24.0-GA/javassist-3.24.0-GA.jar:/Users/liuzhiwei/.m2/repository/org/hamcrest/hamcrest-core/1.3/hamcrest-core-1.3.jar:/Users/liuzhiwei/.m2/repository/org/powermock/powermock-api-mockito2/2.0.4/powermock-api-mockito2-2.0.4.jar:/Users/liuzhiwei/.m2/repository/org/powermock/powermock-api-support/2.0.4/powermock-api-support-2.0.4.jar:/Users/liuzhiwei/.m2/repository/org/hamcrest/hamcrest-all/1.3/hamcrest-all-1.3.jar:/Users/liuzhiwei/.m2/repository/org/apache/logging/log4j/log4j-slf4j-impl/2.17.1/log4j-slf4j-impl-2.17.1.jar:/Users/liuzhiwei/.m2/repository/org/apache/logging/log4j/log4j-api/2.17.1/log4j-api-2.17.1.jar:/Users/liuzhiwei/.m2/repository/org/apache/logging/log4j/log4j-core/2.17.1/log4j-core-2.17.1.jar:/Users/liuzhiwei/.m2/repository/org/apache/logging/log4j/log4j-1.2-api/2.17.1/log4j-1.2-api-2.17.1.jar:"/>
    <property name="java.vm.vendor" value="Oracle Corporation"/>
    <property name="hadoop.version" value="2.4.1"/>
    <property name="sun.arch.data.model" value="64"/>
    <property name="java.vendor.url" value="http://java.oracle.com/"/>
    <property name="user.timezone" value=""/>
    <property name="java.vm.specification.version" value="1.8"/>
    <property name="os.name" value="Mac OS X"/>
    <property name="user.country" value="US"/>
    <property name="sun.java.launcher" value="SUN_STANDARD"/>
    <property name="sun.boot.library.path" value="/Library/Java/JavaVirtualMachines/jdk1.8.0_311.jdk/Contents/Home/jre/lib"/>
    <property name="project.basedir" value="/Users/liuzhiwei/ideapro/flink-1.14.4/flink-table/flink-table-common"/>
    <property name="sun.java.command" value="/Users/liuzhiwei/ideapro/flink-1.14.4/flink-table/flink-table-common/target/surefire/surefirebooter8017064036921010743.jar /Users/liuzhiwei/ideapro/flink-1.14.4/flink-table/flink-table-common/target/surefire 2022-06-10T17-37-14_312-jvmRun1 surefire8104797305428732709tmp surefire_11935237110688197575571tmp"/>
    <property name="surefire.test.class.path" value="/Users/liuzhiwei/ideapro/flink-1.14.4/flink-table/flink-table-common/target/test-classes:/Users/liuzhiwei/ideapro/flink-1.14.4/flink-table/flink-table-common/target/classes:/Users/liuzhiwei/ideapro/flink-1.14.4/flink-core/target/flink-core-1.14.4.jar:/Users/liuzhiwei/ideapro/flink-1.14.4/flink-annotations/target/flink-annotations-1.14.4.jar:/Users/liuzhiwei/ideapro/flink-1.14.4/flink-metrics/flink-metrics-core/target/flink-metrics-core-1.14.4.jar:/Users/liuzhiwei/.m2/repository/org/apache/commons/commons-lang3/3.3.2/commons-lang3-3.3.2.jar:/Users/liuzhiwei/.m2/repository/com/esotericsoftware/kryo/kryo/2.24.0/kryo-2.24.0.jar:/Users/liuzhiwei/.m2/repository/com/esotericsoftware/minlog/minlog/1.2/minlog-1.2.jar:/Users/liuzhiwei/.m2/repository/commons-collections/commons-collections/3.2.2/commons-collections-3.2.2.jar:/Users/liuzhiwei/.m2/repository/org/apache/commons/commons-compress/1.21/commons-compress-1.21.jar:/Users/liuzhiwei/.m2/repository/org/apache/flink/flink-shaded-guava/30.1.1-jre-14.0/flink-shaded-guava-30.1.1-jre-14.0.jar:/Users/liuzhiwei/ideapro/flink-1.14.4/flink-connectors/flink-connector-files/target/flink-connector-files-1.14.4.jar:/Users/liuzhiwei/ideapro/flink-1.14.4/flink-connectors/flink-file-sink-common/target/flink-file-sink-common-1.14.4.jar:/Users/liuzhiwei/ideapro/flink-1.14.4/flink-connectors/flink-connector-base/target/flink-connector-base-1.14.4.jar:/Users/liuzhiwei/.m2/repository/org/apache/flink/flink-shaded-asm-7/7.1-14.0/flink-shaded-asm-7-7.1-14.0.jar:/Users/liuzhiwei/.m2/repository/com/ibm/icu/icu4j/67.1/icu4j-67.1.jar:/Users/liuzhiwei/ideapro/flink-1.14.4/flink-core/target/flink-core-1.14.4-tests.jar:/Users/liuzhiwei/ideapro/flink-1.14.4/flink-test-utils-parent/flink-test-utils-junit/target/flink-test-utils-junit-1.14.4.jar:/Users/liuzhiwei/.m2/repository/org/apache/flink/flink-shaded-force-shading/14.0/flink-shaded-force-shading-14.0.jar:/Users/liuzhiwei/.m2/repository/org/slf4j/slf4j-api/1.7.15/slf4j-api-1.7.15.jar:/Users/liuzhiwei/.m2/repository/com/google/code/findbugs/jsr305/1.3.9/jsr305-1.3.9.jar:/Users/liuzhiwei/.m2/repository/org/junit/jupiter/junit-jupiter/5.7.2/junit-jupiter-5.7.2.jar:/Users/liuzhiwei/.m2/repository/org/junit/jupiter/junit-jupiter-api/5.7.2/junit-jupiter-api-5.7.2.jar:/Users/liuzhiwei/.m2/repository/org/opentest4j/opentest4j/1.2.0/opentest4j-1.2.0.jar:/Users/liuzhiwei/.m2/repository/org/junit/platform/junit-platform-commons/1.7.2/junit-platform-commons-1.7.2.jar:/Users/liuzhiwei/.m2/repository/org/junit/jupiter/junit-jupiter-params/5.7.2/junit-jupiter-params-5.7.2.jar:/Users/liuzhiwei/.m2/repository/org/junit/jupiter/junit-jupiter-engine/5.7.2/junit-jupiter-engine-5.7.2.jar:/Users/liuzhiwei/.m2/repository/org/junit/vintage/junit-vintage-engine/5.7.2/junit-vintage-engine-5.7.2.jar:/Users/liuzhiwei/.m2/repository/org/apiguardian/apiguardian-api/1.1.0/apiguardian-api-1.1.0.jar:/Users/liuzhiwei/.m2/repository/org/junit/platform/junit-platform-engine/1.7.2/junit-platform-engine-1.7.2.jar:/Users/liuzhiwei/.m2/repository/junit/junit/4.13.2/junit-4.13.2.jar:/Users/liuzhiwei/.m2/repository/org/mockito/mockito-core/2.21.0/mockito-core-2.21.0.jar:/Users/liuzhiwei/.m2/repository/net/bytebuddy/byte-buddy/1.8.22/byte-buddy-1.8.22.jar:/Users/liuzhiwei/.m2/repository/net/bytebuddy/byte-buddy-agent/1.8.22/byte-buddy-agent-1.8.22.jar:/Users/liuzhiwei/.m2/repository/org/objenesis/objenesis/2.1/objenesis-2.1.jar:/Users/liuzhiwei/.m2/repository/org/powermock/powermock-module-junit4/2.0.4/powermock-module-junit4-2.0.4.jar:/Users/liuzhiwei/.m2/repository/org/powermock/powermock-module-junit4-common/2.0.4/powermock-module-junit4-common-2.0.4.jar:/Users/liuzhiwei/.m2/repository/org/powermock/powermock-reflect/2.0.4/powermock-reflect-2.0.4.jar:/Users/liuzhiwei/.m2/repository/org/powermock/powermock-core/2.0.4/powermock-core-2.0.4.jar:/Users/liuzhiwei/.m2/repository/org/javassist/javassist/3.24.0-GA/javassist-3.24.0-GA.jar:/Users/liuzhiwei/.m2/repository/org/hamcrest/hamcrest-core/1.3/hamcrest-core-1.3.jar:/Users/liuzhiwei/.m2/repository/org/powermock/powermock-api-mockito2/2.0.4/powermock-api-mockito2-2.0.4.jar:/Users/liuzhiwei/.m2/repository/org/powermock/powermock-api-support/2.0.4/powermock-api-support-2.0.4.jar:/Users/liuzhiwei/.m2/repository/org/hamcrest/hamcrest-all/1.3/hamcrest-all-1.3.jar:/Users/liuzhiwei/.m2/repository/org/apache/logging/log4j/log4j-slf4j-impl/2.17.1/log4j-slf4j-impl-2.17.1.jar:/Users/liuzhiwei/.m2/repository/org/apache/logging/log4j/log4j-api/2.17.1/log4j-api-2.17.1.jar:/Users/liuzhiwei/.m2/repository/org/apache/logging/log4j/log4j-core/2.17.1/log4j-core-2.17.1.jar:/Users/liuzhiwei/.m2/repository/org/apache/logging/log4j/log4j-1.2-api/2.17.1/log4j-1.2-api-2.17.1.jar:"/>
    <property name="sun.cpu.endian" value="little"/>
    <property name="user.home" value="/Users/liuzhiwei"/>
    <property name="user.language" value="en"/>
    <property name="java.specification.vendor" value="Oracle Corporation"/>
    <property name="java.home" value="/Library/Java/JavaVirtualMachines/jdk1.8.0_311.jdk/Contents/Home/jre"/>
    <property name="basedir" value="/Users/liuzhiwei/ideapro/flink-1.14.4/flink-table/flink-table-common"/>
    <property name="file.separator" value="/"/>
    <property name="line.separator" value="&#10;"/>
    <property name="java.vm.specification.vendor" value="Oracle Corporation"/>
    <property name="java.specification.name" value="Java Platform API Specification"/>
    <property name="java.awt.graphicsenv" value="sun.awt.CGraphicsEnvironment"/>
    <property name="test.randomization.seed" value=""/>
    <property name="mvn.forkNumber" value="1"/>
    <property name="surefire.real.class.path" value="/Users/liuzhiwei/ideapro/flink-1.14.4/flink-table/flink-table-common/target/surefire/surefirebooter8017064036921010743.jar"/>
    <property name="buffer-debloat.randomization" value="true"/>
    <property name="sun.boot.class.path" value="/Library/Java/JavaVirtualMachines/jdk1.8.0_311.jdk/Contents/Home/jre/lib/resources.jar:/Library/Java/JavaVirtualMachines/jdk1.8.0_311.jdk/Contents/Home/jre/lib/rt.jar:/Library/Java/JavaVirtualMachines/jdk1.8.0_311.jdk/Contents/Home/jre/lib/sunrsasign.jar:/Library/Java/JavaVirtualMachines/jdk1.8.0_311.jdk/Contents/Home/jre/lib/jsse.jar:/Library/Java/JavaVirtualMachines/jdk1.8.0_311.jdk/Contents/Home/jre/lib/jce.jar:/Library/Java/JavaVirtualMachines/jdk1.8.0_311.jdk/Contents/Home/jre/lib/charsets.jar:/Library/Java/JavaVirtualMachines/jdk1.8.0_311.jdk/Contents/Home/jre/lib/jfr.jar:/Library/Java/JavaVirtualMachines/jdk1.8.0_311.jdk/Contents/Home/jre/classes"/>
    <property name="checkpointing.changelog" value="unset"/>
    <property name="sun.management.compiler" value="HotSpot 64-Bit Tiered Compilers"/>
    <property name="java.runtime.version" value="1.8.0_311-b11"/>
    <property name="user.name" value="liuzhiwei"/>
    <property name="path.separator" value=":"/>
    <property name="os.version" value="10.16"/>
    <property name="java.endorsed.dirs" value="/Library/Java/JavaVirtualMachines/jdk1.8.0_311.jdk/Contents/Home/jre/lib/endorsed"/>
    <property name="java.runtime.name" value="Java(TM) SE Runtime Environment"/>
    <property name="file.encoding" value="UTF-8"/>
    <property name="java.vm.name" value="Java HotSpot(TM) 64-Bit Server VM"/>
    <property name="localRepository" value="/Users/liuzhiwei/.m2/repository"/>
    <property name="java.vendor.url.bug" value="http://bugreport.sun.com/bugreport/"/>
    <property name="java.io.tmpdir" value="/var/folders/9v/knhh7l116z927rs422hz7g7r0000gn/T/"/>
    <property name="idea.version" value="2021.3.2"/>
    <property name="java.version" value="1.8.0_311"/>
    <property name="user.dir" value="/Users/liuzhiwei/ideapro/flink-1.14.4/flink-table/flink-table-common"/>
    <property name="os.arch" value="x86_64"/>
    <property name="java.vm.specification.name" value="Java Virtual Machine Specification"/>
    <property name="java.awt.printerjob" value="sun.lwawt.macosx.CPrinterJob"/>
    <property name="sun.os.patch.level" value="unknown"/>
    <property name="checkpointing.randomization" value="true"/>
    <property name="java.library.path" value="/Users/liuzhiwei/Library/Java/Extensions:/Library/Java/Extensions:/Network/Library/Java/Extensions:/System/Library/Java/Extensions:/usr/lib/java:."/>
    <property name="java.vm.info" value="mixed mode"/>
    <property name="java.vendor" value="Oracle Corporation"/>
    <property name="java.vm.version" value="25.311-b11"/>
    <property name="java.ext.dirs" value="/Users/liuzhiwei/Library/Java/Extensions:/Library/Java/JavaVirtualMachines/jdk1.8.0_311.jdk/Contents/Home/jre/lib/ext:/Library/Java/Extensions:/Network/Library/Java/Extensions:/System/Library/Java/Extensions:/usr/lib/java"/>
    <property name="sun.io.unicode.encoding" value="UnicodeBig"/>
    <property name="maven.repo.local" value="/Users/liuzhiwei/.m2/repository"/>
    <property name="java.class.version" value="52.0"/>
  </properties>
  <testcase name="testErrorMessage[0: FullFunctionHint]" classname="org.apache.flink.table.types.extraction.TypeInferenceExtractorTest" time="0"/>
  <testcase name="testInputTypeStrategy[0: FullFunctionHint]" classname="org.apache.flink.table.types.extraction.TypeInferenceExtractorTest" time="0.096"/>
  <testcase name="testOutputTypeStrategy[0: FullFunctionHint]" classname="org.apache.flink.table.types.extraction.TypeInferenceExtractorTest" time="0.003"/>
  <testcase name="testAccumulatorTypeStrategy[0: FullFunctionHint]" classname="org.apache.flink.table.types.extraction.TypeInferenceExtractorTest" time="0.004"/>
  <testcase name="testArgumentNames[0: FullFunctionHint]" classname="org.apache.flink.table.types.extraction.TypeInferenceExtractorTest" time="0.004"/>
  <testcase name="testArgumentTypes[0: FullFunctionHint]" classname="org.apache.flink.table.types.extraction.TypeInferenceExtractorTest" time="0.001"/>
  <testcase name="testErrorMessage[1: FullFunctionHints]" classname="org.apache.flink.table.types.extraction.TypeInferenceExtractorTest" time="0"/>
  <testcase name="testInputTypeStrategy[1: FullFunctionHints]" classname="org.apache.flink.table.types.extraction.TypeInferenceExtractorTest" time="0.011"/>
  <testcase name="testOutputTypeStrategy[1: FullFunctionHints]" classname="org.apache.flink.table.types.extraction.TypeInferenceExtractorTest" time="0.001"/>
  <testcase name="testAccumulatorTypeStrategy[1: FullFunctionHints]" classname="org.apache.flink.table.types.extraction.TypeInferenceExtractorTest" time="0"/>
  <testcase name="testArgumentNames[1: FullFunctionHints]" classname="org.apache.flink.table.types.extraction.TypeInferenceExtractorTest" time="0.002"/>
  <testcase name="testArgumentTypes[1: FullFunctionHints]" classname="org.apache.flink.table.types.extraction.TypeInferenceExtractorTest" time="0"/>
  <testcase name="testErrorMessage[2: GlobalOutputFunctionHint]" classname="org.apache.flink.table.types.extraction.TypeInferenceExtractorTest" time="0"/>
  <testcase name="testInputTypeStrategy[2: GlobalOutputFunctionHint]" classname="org.apache.flink.table.types.extraction.TypeInferenceExtractorTest" time="0.007"/>
  <testcase name="testOutputTypeStrategy[2: GlobalOutputFunctionHint]" classname="org.apache.flink.table.types.extraction.TypeInferenceExtractorTest" time="0.001"/>
  <testcase name="testAccumulatorTypeStrategy[2: GlobalOutputFunctionHint]" classname="org.apache.flink.table.types.extraction.TypeInferenceExtractorTest" time="0.001"/>
  <testcase name="testArgumentNames[2: GlobalOutputFunctionHint]" classname="org.apache.flink.table.types.extraction.TypeInferenceExtractorTest" time="0.002"/>
  <testcase name="testArgumentTypes[2: GlobalOutputFunctionHint]" classname="org.apache.flink.table.types.extraction.TypeInferenceExtractorTest" time="0"/>
  <testcase name="testErrorMessage[3: InvalidSingleOutputFunctionHint]" classname="org.apache.flink.table.types.extraction.TypeInferenceExtractorTest" time="0.002"/>
  <testcase name="testInputTypeStrategy[3: InvalidSingleOutputFunctionHint]" classname="org.apache.flink.table.types.extraction.TypeInferenceExtractorTest" time="0"/>
  <testcase name="testOutputTypeStrategy[3: InvalidSingleOutputFunctionHint]" classname="org.apache.flink.table.types.extraction.TypeInferenceExtractorTest" time="0"/>
  <testcase name="testAccumulatorTypeStrategy[3: InvalidSingleOutputFunctionHint]" classname="org.apache.flink.table.types.extraction.TypeInferenceExtractorTest" time="0"/>
  <testcase name="testArgumentNames[3: InvalidSingleOutputFunctionHint]" classname="org.apache.flink.table.types.extraction.TypeInferenceExtractorTest" time="0"/>
  <testcase name="testArgumentTypes[3: InvalidSingleOutputFunctionHint]" classname="org.apache.flink.table.types.extraction.TypeInferenceExtractorTest" time="0.001"/>
  <testcase name="testErrorMessage[4: SplitFullFunctionHints]" classname="org.apache.flink.table.types.extraction.TypeInferenceExtractorTest" time="0"/>
  <testcase name="testInputTypeStrategy[4: SplitFullFunctionHints]" classname="org.apache.flink.table.types.extraction.TypeInferenceExtractorTest" time="0.003"/>
  <testcase name="testOutputTypeStrategy[4: SplitFullFunctionHints]" classname="org.apache.flink.table.types.extraction.TypeInferenceExtractorTest" time="0.002"/>
  <testcase name="testAccumulatorTypeStrategy[4: SplitFullFunctionHints]" classname="org.apache.flink.table.types.extraction.TypeInferenceExtractorTest" time="0"/>
  <testcase name="testArgumentNames[4: SplitFullFunctionHints]" classname="org.apache.flink.table.types.extraction.TypeInferenceExtractorTest" time="0.002"/>
  <testcase name="testArgumentTypes[4: SplitFullFunctionHints]" classname="org.apache.flink.table.types.extraction.TypeInferenceExtractorTest" time="0.001"/>
  <testcase name="testErrorMessage[5: InvalidFullOutputFunctionHint]" classname="org.apache.flink.table.types.extraction.TypeInferenceExtractorTest" time="0.001"/>
  <testcase name="testInputTypeStrategy[5: InvalidFullOutputFunctionHint]" classname="org.apache.flink.table.types.extraction.TypeInferenceExtractorTest" time="0"/>
  <testcase name="testOutputTypeStrategy[5: InvalidFullOutputFunctionHint]" classname="org.apache.flink.table.types.extraction.TypeInferenceExtractorTest" time="0"/>
  <testcase name="testAccumulatorTypeStrategy[5: InvalidFullOutputFunctionHint]" classname="org.apache.flink.table.types.extraction.TypeInferenceExtractorTest" time="0.001"/>
  <testcase name="testArgumentNames[5: InvalidFullOutputFunctionHint]" classname="org.apache.flink.table.types.extraction.TypeInferenceExtractorTest" time="0"/>
  <testcase name="testArgumentTypes[5: InvalidFullOutputFunctionHint]" classname="org.apache.flink.table.types.extraction.TypeInferenceExtractorTest" time="0"/>
  <testcase name="testErrorMessage[6: InvalidFullOutputFunctionWithArgNamesHint]" classname="org.apache.flink.table.types.extraction.TypeInferenceExtractorTest" time="0.001"/>
  <testcase name="testInputTypeStrategy[6: InvalidFullOutputFunctionWithArgNamesHint]" classname="org.apache.flink.table.types.extraction.TypeInferenceExtractorTest" time="0"/>
  <testcase name="testOutputTypeStrategy[6: InvalidFullOutputFunctionWithArgNamesHint]" classname="org.apache.flink.table.types.extraction.TypeInferenceExtractorTest" time="0"/>
  <testcase name="testAccumulatorTypeStrategy[6: InvalidFullOutputFunctionWithArgNamesHint]" classname="org.apache.flink.table.types.extraction.TypeInferenceExtractorTest" time="0"/>
  <testcase name="testArgumentNames[6: InvalidFullOutputFunctionWithArgNamesHint]" classname="org.apache.flink.table.types.extraction.TypeInferenceExtractorTest" time="0"/>
  <testcase name="testArgumentTypes[6: InvalidFullOutputFunctionWithArgNamesHint]" classname="org.apache.flink.table.types.extraction.TypeInferenceExtractorTest" time="0"/>
  <testcase name="testErrorMessage[7: IncompleteFunctionHint]" classname="org.apache.flink.table.types.extraction.TypeInferenceExtractorTest" time="0.001"/>
  <testcase name="testInputTypeStrategy[7: IncompleteFunctionHint]" classname="org.apache.flink.table.types.extraction.TypeInferenceExtractorTest" time="0"/>
  <testcase name="testOutputTypeStrategy[7: IncompleteFunctionHint]" classname="org.apache.flink.table.types.extraction.TypeInferenceExtractorTest" time="0"/>
  <testcase name="testAccumulatorTypeStrategy[7: IncompleteFunctionHint]" classname="org.apache.flink.table.types.extraction.TypeInferenceExtractorTest" time="0"/>
  <testcase name="testArgumentNames[7: IncompleteFunctionHint]" classname="org.apache.flink.table.types.extraction.TypeInferenceExtractorTest" time="0.001"/>
  <testcase name="testArgumentTypes[7: IncompleteFunctionHint]" classname="org.apache.flink.table.types.extraction.TypeInferenceExtractorTest" time="0"/>
  <testcase name="testErrorMessage[8: ComplexFunctionHint]" classname="org.apache.flink.table.types.extraction.TypeInferenceExtractorTest" time="0"/>
  <testcase name="testInputTypeStrategy[8: ComplexFunctionHint]" classname="org.apache.flink.table.types.extraction.TypeInferenceExtractorTest" time="0.003"/>
  <testcase name="testOutputTypeStrategy[8: ComplexFunctionHint]" classname="org.apache.flink.table.types.extraction.TypeInferenceExtractorTest" time="0.001"/>
  <testcase name="testAccumulatorTypeStrategy[8: ComplexFunctionHint]" classname="org.apache.flink.table.types.extraction.TypeInferenceExtractorTest" time="0"/>
  <testcase name="testArgumentNames[8: ComplexFunctionHint]" classname="org.apache.flink.table.types.extraction.TypeInferenceExtractorTest" time="0"/>
  <testcase name="testArgumentTypes[8: ComplexFunctionHint]" classname="org.apache.flink.table.types.extraction.TypeInferenceExtractorTest" time="0.001"/>
  <testcase name="testErrorMessage[9: GlobalInputFunctionHints]" classname="org.apache.flink.table.types.extraction.TypeInferenceExtractorTest" time="0"/>
  <testcase name="testInputTypeStrategy[9: GlobalInputFunctionHints]" classname="org.apache.flink.table.types.extraction.TypeInferenceExtractorTest" time="0.002"/>
  <testcase name="testOutputTypeStrategy[9: GlobalInputFunctionHints]" classname="org.apache.flink.table.types.extraction.TypeInferenceExtractorTest" time="0.003"/>
  <testcase name="testAccumulatorTypeStrategy[9: GlobalInputFunctionHints]" classname="org.apache.flink.table.types.extraction.TypeInferenceExtractorTest" time="0.002"/>
  <testcase name="testArgumentNames[9: GlobalInputFunctionHints]" classname="org.apache.flink.table.types.extraction.TypeInferenceExtractorTest" time="0.001"/>
  <testcase name="testArgumentTypes[9: GlobalInputFunctionHints]" classname="org.apache.flink.table.types.extraction.TypeInferenceExtractorTest" time="0.001"/>
  <testcase name="testErrorMessage[10: ZeroArgFunction]" classname="org.apache.flink.table.types.extraction.TypeInferenceExtractorTest" time="0"/>
  <testcase name="testInputTypeStrategy[10: ZeroArgFunction]" classname="org.apache.flink.table.types.extraction.TypeInferenceExtractorTest" time="0.002"/>
  <testcase name="testOutputTypeStrategy[10: ZeroArgFunction]" classname="org.apache.flink.table.types.extraction.TypeInferenceExtractorTest" time="0.001"/>
  <testcase name="testAccumulatorTypeStrategy[10: ZeroArgFunction]" classname="org.apache.flink.table.types.extraction.TypeInferenceExtractorTest" time="0"/>
  <testcase name="testArgumentNames[10: ZeroArgFunction]" classname="org.apache.flink.table.types.extraction.TypeInferenceExtractorTest" time="0.001"/>
  <testcase name="testArgumentTypes[10: ZeroArgFunction]" classname="org.apache.flink.table.types.extraction.TypeInferenceExtractorTest" time="0.001"/>
  <testcase name="testErrorMessage[11: MixedArgFunction]" classname="org.apache.flink.table.types.extraction.TypeInferenceExtractorTest" time="0"/>
  <testcase name="testInputTypeStrategy[11: MixedArgFunction]" classname="org.apache.flink.table.types.extraction.TypeInferenceExtractorTest" time="0.004"/>
  <testcase name="testOutputTypeStrategy[11: MixedArgFunction]" classname="org.apache.flink.table.types.extraction.TypeInferenceExtractorTest" time="0"/>
  <testcase name="testAccumulatorTypeStrategy[11: MixedArgFunction]" classname="org.apache.flink.table.types.extraction.TypeInferenceExtractorTest" time="0"/>
  <testcase name="testArgumentNames[11: MixedArgFunction]" classname="org.apache.flink.table.types.extraction.TypeInferenceExtractorTest" time="0"/>
  <testcase name="testArgumentTypes[11: MixedArgFunction]" classname="org.apache.flink.table.types.extraction.TypeInferenceExtractorTest" time="0"/>
  <testcase name="testErrorMessage[12: OverloadedFunction]" classname="org.apache.flink.table.types.extraction.TypeInferenceExtractorTest" time="0"/>
  <testcase name="testInputTypeStrategy[12: OverloadedFunction]" classname="org.apache.flink.table.types.extraction.TypeInferenceExtractorTest" time="0.002"/>
  <testcase name="testOutputTypeStrategy[12: OverloadedFunction]" classname="org.apache.flink.table.types.extraction.TypeInferenceExtractorTest" time="0.002"/>
  <testcase name="testAccumulatorTypeStrategy[12: OverloadedFunction]" classname="org.apache.flink.table.types.extraction.TypeInferenceExtractorTest" time="0.001"/>
  <testcase name="testArgumentNames[12: OverloadedFunction]" classname="org.apache.flink.table.types.extraction.TypeInferenceExtractorTest" time="0.001"/>
  <testcase name="testArgumentTypes[12: OverloadedFunction]" classname="org.apache.flink.table.types.extraction.TypeInferenceExtractorTest" time="0"/>
  <testcase name="testErrorMessage[13: VarArgFunction]" classname="org.apache.flink.table.types.extraction.TypeInferenceExtractorTest" time="0.001"/>
  <testcase name="testInputTypeStrategy[13: VarArgFunction]" classname="org.apache.flink.table.types.extraction.TypeInferenceExtractorTest" time="0"/>
  <testcase name="testOutputTypeStrategy[13: VarArgFunction]" classname="org.apache.flink.table.types.extraction.TypeInferenceExtractorTest" time="0.001"/>
  <testcase name="testAccumulatorTypeStrategy[13: VarArgFunction]" classname="org.apache.flink.table.types.extraction.TypeInferenceExtractorTest" time="0"/>
  <testcase name="testArgumentNames[13: VarArgFunction]" classname="org.apache.flink.table.types.extraction.TypeInferenceExtractorTest" time="0.002"/>
  <testcase name="testArgumentTypes[13: VarArgFunction]" classname="org.apache.flink.table.types.extraction.TypeInferenceExtractorTest" time="0.001"/>
  <testcase name="testErrorMessage[14: VarArgWithByteFunction]" classname="org.apache.flink.table.types.extraction.TypeInferenceExtractorTest" time="0"/>
  <testcase name="testInputTypeStrategy[14: VarArgWithByteFunction]" classname="org.apache.flink.table.types.extraction.TypeInferenceExtractorTest" time="0.001"/>
  <testcase name="testOutputTypeStrategy[14: VarArgWithByteFunction]" classname="org.apache.flink.table.types.extraction.TypeInferenceExtractorTest" time="0"/>
  <testcase name="testAccumulatorTypeStrategy[14: VarArgWithByteFunction]" classname="org.apache.flink.table.types.extraction.TypeInferenceExtractorTest" time="0"/>
  <testcase name="testArgumentNames[14: VarArgWithByteFunction]" classname="org.apache.flink.table.types.extraction.TypeInferenceExtractorTest" time="0.001"/>
  <testcase name="testArgumentTypes[14: VarArgWithByteFunction]" classname="org.apache.flink.table.types.extraction.TypeInferenceExtractorTest" time="0"/>
  <testcase name="testErrorMessage[15: ExtractWithOutputHintFunction]" classname="org.apache.flink.table.types.extraction.TypeInferenceExtractorTest" time="0"/>
  <testcase name="testInputTypeStrategy[15: ExtractWithOutputHintFunction]" classname="org.apache.flink.table.types.extraction.TypeInferenceExtractorTest" time="0.001"/>
  <testcase name="testOutputTypeStrategy[15: ExtractWithOutputHintFunction]" classname="org.apache.flink.table.types.extraction.TypeInferenceExtractorTest" time="0.002"/>
  <testcase name="testAccumulatorTypeStrategy[15: ExtractWithOutputHintFunction]" classname="org.apache.flink.table.types.extraction.TypeInferenceExtractorTest" time="0.001"/>
  <testcase name="testArgumentNames[15: ExtractWithOutputHintFunction]" classname="org.apache.flink.table.types.extraction.TypeInferenceExtractorTest" time="0.004"/>
  <testcase name="testArgumentTypes[15: ExtractWithOutputHintFunction]" classname="org.apache.flink.table.types.extraction.TypeInferenceExtractorTest" time="0.001"/>
  <testcase name="testErrorMessage[16: ExtractWithInputHintFunction]" classname="org.apache.flink.table.types.extraction.TypeInferenceExtractorTest" time="0"/>
  <testcase name="testInputTypeStrategy[16: ExtractWithInputHintFunction]" classname="org.apache.flink.table.types.extraction.TypeInferenceExtractorTest" time="0.002"/>
  <testcase name="testOutputTypeStrategy[16: ExtractWithInputHintFunction]" classname="org.apache.flink.table.types.extraction.TypeInferenceExtractorTest" time="0.002"/>
  <testcase name="testAccumulatorTypeStrategy[16: ExtractWithInputHintFunction]" classname="org.apache.flink.table.types.extraction.TypeInferenceExtractorTest" time="0"/>
  <testcase name="testArgumentNames[16: ExtractWithInputHintFunction]" classname="org.apache.flink.table.types.extraction.TypeInferenceExtractorTest" time="0.002"/>
  <testcase name="testArgumentTypes[16: ExtractWithInputHintFunction]" classname="org.apache.flink.table.types.extraction.TypeInferenceExtractorTest" time="0"/>
  <testcase name="testErrorMessage[17: InputDependentAccumulatorFunction]" classname="org.apache.flink.table.types.extraction.TypeInferenceExtractorTest" time="0"/>
  <testcase name="testInputTypeStrategy[17: InputDependentAccumulatorFunction]" classname="org.apache.flink.table.types.extraction.TypeInferenceExtractorTest" time="0.018"/>
  <testcase name="testOutputTypeStrategy[17: InputDependentAccumulatorFunction]" classname="org.apache.flink.table.types.extraction.TypeInferenceExtractorTest" time="0.003"/>
  <testcase name="testAccumulatorTypeStrategy[17: InputDependentAccumulatorFunction]" classname="org.apache.flink.table.types.extraction.TypeInferenceExtractorTest" time="0.018"/>
  <testcase name="testArgumentNames[17: InputDependentAccumulatorFunction]" classname="org.apache.flink.table.types.extraction.TypeInferenceExtractorTest" time="0.007"/>
  <testcase name="testArgumentTypes[17: InputDependentAccumulatorFunction]" classname="org.apache.flink.table.types.extraction.TypeInferenceExtractorTest" time="0.007"/>
  <testcase name="testErrorMessage[18: AggregateFunctionWithManyAnnotations]" classname="org.apache.flink.table.types.extraction.TypeInferenceExtractorTest" time="0"/>
  <testcase name="testInputTypeStrategy[18: AggregateFunctionWithManyAnnotations]" classname="org.apache.flink.table.types.extraction.TypeInferenceExtractorTest" time="0.004"/>
  <testcase name="testOutputTypeStrategy[18: AggregateFunctionWithManyAnnotations]" classname="org.apache.flink.table.types.extraction.TypeInferenceExtractorTest" time="0.009"/>
  <testcase name="testAccumulatorTypeStrategy[18: AggregateFunctionWithManyAnnotations]" classname="org.apache.flink.table.types.extraction.TypeInferenceExtractorTest" time="0.003"/>
  <testcase name="testArgumentNames[18: AggregateFunctionWithManyAnnotations]" classname="org.apache.flink.table.types.extraction.TypeInferenceExtractorTest" time="0.003"/>
  <testcase name="testArgumentTypes[18: AggregateFunctionWithManyAnnotations]" classname="org.apache.flink.table.types.extraction.TypeInferenceExtractorTest" time="0.003"/>
  <testcase name="testErrorMessage[19: OutputHintTableFunction]" classname="org.apache.flink.table.types.extraction.TypeInferenceExtractorTest" time="0"/>
  <testcase name="testInputTypeStrategy[19: OutputHintTableFunction]" classname="org.apache.flink.table.types.extraction.TypeInferenceExtractorTest" time="0.004"/>
  <testcase name="testOutputTypeStrategy[19: OutputHintTableFunction]" classname="org.apache.flink.table.types.extraction.TypeInferenceExtractorTest" time="0.002"/>
  <testcase name="testAccumulatorTypeStrategy[19: OutputHintTableFunction]" classname="org.apache.flink.table.types.extraction.TypeInferenceExtractorTest" time="0.001"/>
  <testcase name="testArgumentNames[19: OutputHintTableFunction]" classname="org.apache.flink.table.types.extraction.TypeInferenceExtractorTest" time="0.001"/>
  <testcase name="testArgumentTypes[19: OutputHintTableFunction]" classname="org.apache.flink.table.types.extraction.TypeInferenceExtractorTest" time="0"/>
  <testcase name="testErrorMessage[20: InvalidMethodScalarFunction]" classname="org.apache.flink.table.types.extraction.TypeInferenceExtractorTest" time="0.005"/>
  <testcase name="testInputTypeStrategy[20: InvalidMethodScalarFunction]" classname="org.apache.flink.table.types.extraction.TypeInferenceExtractorTest" time="0.001"/>
  <testcase name="testOutputTypeStrategy[20: InvalidMethodScalarFunction]" classname="org.apache.flink.table.types.extraction.TypeInferenceExtractorTest" time="0"/>
  <testcase name="testAccumulatorTypeStrategy[20: InvalidMethodScalarFunction]" classname="org.apache.flink.table.types.extraction.TypeInferenceExtractorTest" time="0"/>
  <testcase name="testArgumentNames[20: InvalidMethodScalarFunction]" classname="org.apache.flink.table.types.extraction.TypeInferenceExtractorTest" time="0"/>
  <testcase name="testArgumentTypes[20: InvalidMethodScalarFunction]" classname="org.apache.flink.table.types.extraction.TypeInferenceExtractorTest" time="0"/>
  <testcase name="testErrorMessage[21: InvalidMethodAggregateFunction]" classname="org.apache.flink.table.types.extraction.TypeInferenceExtractorTest" time="0.005"/>
  <testcase name="testInputTypeStrategy[21: InvalidMethodAggregateFunction]" classname="org.apache.flink.table.types.extraction.TypeInferenceExtractorTest" time="0"/>
  <testcase name="testOutputTypeStrategy[21: InvalidMethodAggregateFunction]" classname="org.apache.flink.table.types.extraction.TypeInferenceExtractorTest" time="0"/>
  <testcase name="testAccumulatorTypeStrategy[21: InvalidMethodAggregateFunction]" classname="org.apache.flink.table.types.extraction.TypeInferenceExtractorTest" time="0"/>
  <testcase name="testArgumentNames[21: InvalidMethodAggregateFunction]" classname="org.apache.flink.table.types.extraction.TypeInferenceExtractorTest" time="0"/>
  <testcase name="testArgumentTypes[21: InvalidMethodAggregateFunction]" classname="org.apache.flink.table.types.extraction.TypeInferenceExtractorTest" time="0"/>
  <testcase name="testErrorMessage[22: MissingMethodTableFunction]" classname="org.apache.flink.table.types.extraction.TypeInferenceExtractorTest" time="0"/>
  <testcase name="testInputTypeStrategy[22: MissingMethodTableFunction]" classname="org.apache.flink.table.types.extraction.TypeInferenceExtractorTest" time="0"/>
  <testcase name="testOutputTypeStrategy[22: MissingMethodTableFunction]" classname="org.apache.flink.table.types.extraction.TypeInferenceExtractorTest" time="0"/>
  <testcase name="testAccumulatorTypeStrategy[22: MissingMethodTableFunction]" classname="org.apache.flink.table.types.extraction.TypeInferenceExtractorTest" time="0"/>
  <testcase name="testArgumentNames[22: MissingMethodTableFunction]" classname="org.apache.flink.table.types.extraction.TypeInferenceExtractorTest" time="0"/>
  <testcase name="testArgumentTypes[22: MissingMethodTableFunction]" classname="org.apache.flink.table.types.extraction.TypeInferenceExtractorTest" time="0"/>
  <testcase name="testErrorMessage[23: NamedArgumentsScalarFunction]" classname="org.apache.flink.table.types.extraction.TypeInferenceExtractorTest" time="0"/>
  <testcase name="testInputTypeStrategy[23: NamedArgumentsScalarFunction]" classname="org.apache.flink.table.types.extraction.TypeInferenceExtractorTest" time="0"/>
  <testcase name="testOutputTypeStrategy[23: NamedArgumentsScalarFunction]" classname="org.apache.flink.table.types.extraction.TypeInferenceExtractorTest" time="0"/>
  <testcase name="testAccumulatorTypeStrategy[23: NamedArgumentsScalarFunction]" classname="org.apache.flink.table.types.extraction.TypeInferenceExtractorTest" time="0"/>
  <testcase name="testArgumentNames[23: NamedArgumentsScalarFunction]" classname="org.apache.flink.table.types.extraction.TypeInferenceExtractorTest" time="0.002"/>
  <testcase name="testArgumentTypes[23: NamedArgumentsScalarFunction]" classname="org.apache.flink.table.types.extraction.TypeInferenceExtractorTest" time="0.001"/>
  <testcase name="testErrorMessage[24: InputGroupScalarFunction]" classname="org.apache.flink.table.types.extraction.TypeInferenceExtractorTest" time="0"/>
  <testcase name="testInputTypeStrategy[24: InputGroupScalarFunction]" classname="org.apache.flink.table.types.extraction.TypeInferenceExtractorTest" time="0.002"/>
  <testcase name="testOutputTypeStrategy[24: InputGroupScalarFunction]" classname="org.apache.flink.table.types.extraction.TypeInferenceExtractorTest" time="0.001"/>
  <testcase name="testAccumulatorTypeStrategy[24: InputGroupScalarFunction]" classname="org.apache.flink.table.types.extraction.TypeInferenceExtractorTest" time="0"/>
  <testcase name="testArgumentNames[24: InputGroupScalarFunction]" classname="org.apache.flink.table.types.extraction.TypeInferenceExtractorTest" time="0"/>
  <testcase name="testArgumentTypes[24: InputGroupScalarFunction]" classname="org.apache.flink.table.types.extraction.TypeInferenceExtractorTest" time="0.001"/>
  <testcase name="testErrorMessage[25: VarArgInputGroupScalarFunction]" classname="org.apache.flink.table.types.extraction.TypeInferenceExtractorTest" time="0"/>
  <testcase name="testInputTypeStrategy[25: VarArgInputGroupScalarFunction]" classname="org.apache.flink.table.types.extraction.TypeInferenceExtractorTest" time="0"/>
  <testcase name="testOutputTypeStrategy[25: VarArgInputGroupScalarFunction]" classname="org.apache.flink.table.types.extraction.TypeInferenceExtractorTest" time="0.001"/>
  <testcase name="testAccumulatorTypeStrategy[25: VarArgInputGroupScalarFunction]" classname="org.apache.flink.table.types.extraction.TypeInferenceExtractorTest" time="0"/>
  <testcase name="testArgumentNames[25: VarArgInputGroupScalarFunction]" classname="org.apache.flink.table.types.extraction.TypeInferenceExtractorTest" time="0.002"/>
  <testcase name="testArgumentTypes[25: VarArgInputGroupScalarFunction]" classname="org.apache.flink.table.types.extraction.TypeInferenceExtractorTest" time="0"/>
  <testcase name="testErrorMessage[26: Scalar function with implicit overloading order]" classname="org.apache.flink.table.types.extraction.TypeInferenceExtractorTest" time="0"/>
  <testcase name="testInputTypeStrategy[26: Scalar function with implicit overloading order]" classname="org.apache.flink.table.types.extraction.TypeInferenceExtractorTest" time="0.002"/>
  <testcase name="testOutputTypeStrategy[26: Scalar function with implicit overloading order]" classname="org.apache.flink.table.types.extraction.TypeInferenceExtractorTest" time="0"/>
  <testcase name="testAccumulatorTypeStrategy[26: Scalar function with implicit overloading order]" classname="org.apache.flink.table.types.extraction.TypeInferenceExtractorTest" time="0"/>
  <testcase name="testArgumentNames[26: Scalar function with implicit overloading order]" classname="org.apache.flink.table.types.extraction.TypeInferenceExtractorTest" time="0.002"/>
  <testcase name="testArgumentTypes[26: Scalar function with implicit overloading order]" classname="org.apache.flink.table.types.extraction.TypeInferenceExtractorTest" time="0"/>
  <testcase name="testErrorMessage[27: Scalar function with explicit overloading order by class annotations]" classname="org.apache.flink.table.types.extraction.TypeInferenceExtractorTest" time="0"/>
  <testcase name="testInputTypeStrategy[27: Scalar function with explicit overloading order by class annotations]" classname="org.apache.flink.table.types.extraction.TypeInferenceExtractorTest" time="0.001"/>
  <testcase name="testOutputTypeStrategy[27: Scalar function with explicit overloading order by class annotations]" classname="org.apache.flink.table.types.extraction.TypeInferenceExtractorTest" time="0"/>
  <testcase name="testAccumulatorTypeStrategy[27: Scalar function with explicit overloading order by class annotations]" classname="org.apache.flink.table.types.extraction.TypeInferenceExtractorTest" time="0"/>
  <testcase name="testArgumentNames[27: Scalar function with explicit overloading order by class annotations]" classname="org.apache.flink.table.types.extraction.TypeInferenceExtractorTest" time="0"/>
  <testcase name="testArgumentTypes[27: Scalar function with explicit overloading order by class annotations]" classname="org.apache.flink.table.types.extraction.TypeInferenceExtractorTest" time="0.001"/>
  <testcase name="testErrorMessage[28: Scalar function with explicit overloading order by method annotations]" classname="org.apache.flink.table.types.extraction.TypeInferenceExtractorTest" time="0"/>
  <testcase name="testInputTypeStrategy[28: Scalar function with explicit overloading order by method annotations]" classname="org.apache.flink.table.types.extraction.TypeInferenceExtractorTest" time="0"/>
  <testcase name="testOutputTypeStrategy[28: Scalar function with explicit overloading order by method annotations]" classname="org.apache.flink.table.types.extraction.TypeInferenceExtractorTest" time="0"/>
  <testcase name="testAccumulatorTypeStrategy[28: Scalar function with explicit overloading order by method annotations]" classname="org.apache.flink.table.types.extraction.TypeInferenceExtractorTest" time="0"/>
  <testcase name="testArgumentNames[28: Scalar function with explicit overloading order by method annotations]" classname="org.apache.flink.table.types.extraction.TypeInferenceExtractorTest" time="0.002"/>
  <testcase name="testArgumentTypes[28: Scalar function with explicit overloading order by method annotations]" classname="org.apache.flink.table.types.extraction.TypeInferenceExtractorTest" time="0.001"/>
  <testcase name="testErrorMessage[29: A data type hint on the class is used instead of a function output hint]" classname="org.apache.flink.table.types.extraction.TypeInferenceExtractorTest" time="0"/>
  <testcase name="testInputTypeStrategy[29: A data type hint on the class is used instead of a function output hint]" classname="org.apache.flink.table.types.extraction.TypeInferenceExtractorTest" time="0.001"/>
  <testcase name="testOutputTypeStrategy[29: A data type hint on the class is used instead of a function output hint]" classname="org.apache.flink.table.types.extraction.TypeInferenceExtractorTest" time="0"/>
  <testcase name="testAccumulatorTypeStrategy[29: A data type hint on the class is used instead of a function output hint]" classname="org.apache.flink.table.types.extraction.TypeInferenceExtractorTest" time="0.001"/>
  <testcase name="testArgumentNames[29: A data type hint on the class is used instead of a function output hint]" classname="org.apache.flink.table.types.extraction.TypeInferenceExtractorTest" time="0"/>
  <testcase name="testArgumentTypes[29: A data type hint on the class is used instead of a function output hint]" classname="org.apache.flink.table.types.extraction.TypeInferenceExtractorTest" time="0"/>
  <testcase name="testErrorMessage[30: A data type hint on the method is used instead of a function output hint]" classname="org.apache.flink.table.types.extraction.TypeInferenceExtractorTest" time="0"/>
  <testcase name="testInputTypeStrategy[30: A data type hint on the method is used instead of a function output hint]" classname="org.apache.flink.table.types.extraction.TypeInferenceExtractorTest" time="0.001"/>
  <testcase name="testOutputTypeStrategy[30: A data type hint on the method is used instead of a function output hint]" classname="org.apache.flink.table.types.extraction.TypeInferenceExtractorTest" time="0.001"/>
  <testcase name="testAccumulatorTypeStrategy[30: A data type hint on the method is used instead of a function output hint]" classname="org.apache.flink.table.types.extraction.TypeInferenceExtractorTest" time="0.003"/>
  <testcase name="testArgumentNames[30: A data type hint on the method is used instead of a function output hint]" classname="org.apache.flink.table.types.extraction.TypeInferenceExtractorTest" time="0"/>
  <testcase name="testArgumentTypes[30: A data type hint on the method is used instead of a function output hint]" classname="org.apache.flink.table.types.extraction.TypeInferenceExtractorTest" time="0"/>
  <testcase name="testErrorMessage[31: Invalid data type hint on top of method and class]" classname="org.apache.flink.table.types.extraction.TypeInferenceExtractorTest" time="0"/>
  <testcase name="testInputTypeStrategy[31: Invalid data type hint on top of method and class]" classname="org.apache.flink.table.types.extraction.TypeInferenceExtractorTest" time="0"/>
  <testcase name="testOutputTypeStrategy[31: Invalid data type hint on top of method and class]" classname="org.apache.flink.table.types.extraction.TypeInferenceExtractorTest" time="0"/>
  <testcase name="testAccumulatorTypeStrategy[31: Invalid data type hint on top of method and class]" classname="org.apache.flink.table.types.extraction.TypeInferenceExtractorTest" time="0"/>
  <testcase name="testArgumentNames[31: Invalid data type hint on top of method and class]" classname="org.apache.flink.table.types.extraction.TypeInferenceExtractorTest" time="0"/>
  <testcase name="testArgumentTypes[31: Invalid data type hint on top of method and class]" classname="org.apache.flink.table.types.extraction.TypeInferenceExtractorTest" time="0"/>
  <testcase name="testErrorMessage[32: A data type hint on the method is used for enriching {not a function output hint}]" classname="org.apache.flink.table.types.extraction.TypeInferenceExtractorTest" time="0"/>
  <testcase name="testInputTypeStrategy[32: A data type hint on the method is used for enriching {not a function output hint}]" classname="org.apache.flink.table.types.extraction.TypeInferenceExtractorTest" time="0.001"/>
  <testcase name="testOutputTypeStrategy[32: A data type hint on the method is used for enriching {not a function output hint}]" classname="org.apache.flink.table.types.extraction.TypeInferenceExtractorTest" time="0"/>
  <testcase name="testAccumulatorTypeStrategy[32: A data type hint on the method is used for enriching {not a function output hint}]" classname="org.apache.flink.table.types.extraction.TypeInferenceExtractorTest" time="0"/>
  <testcase name="testArgumentNames[32: A data type hint on the method is used for enriching {not a function output hint}]" classname="org.apache.flink.table.types.extraction.TypeInferenceExtractorTest" time="0"/>
  <testcase name="testArgumentTypes[32: A data type hint on the method is used for enriching {not a function output hint}]" classname="org.apache.flink.table.types.extraction.TypeInferenceExtractorTest" time="0.001"/>
</testsuite>