<?xml version="1.0" encoding="UTF-8"?>
<testsuite xmlns:xsi="http://www.w3.org/2001/XMLSchema-instance" xsi:noNamespaceSchemaLocation="https://maven.apache.org/surefire/maven-surefire-plugin/xsd/surefire-test-report.xsd" name="org.apache.flink.table.types.LogicalTypeParserTest" time="0.085" tests="264" errors="0" skipped="0" failures="0">
  <properties>
    <property name="gopherProxySet" value="false"/>
    <property name="awt.toolkit" value="sun.lwawt.macosx.LWCToolkit"/>
    <property name="file.encoding.pkg" value="sun.io"/>
    <property name="java.specification.version" value="1.8"/>
    <property name="sun.cpu.isalist" value=""/>
    <property name="forkNumber" value="01"/>
    <property name="sun.jnu.encoding" value="UTF-8"/>
    <property name="java.class.path" value="/Users/liuzhiwei/ideapro/flink-1.14.4/flink-table/flink-table-common/target/test-classes:/Users/liuzhiwei/ideapro/flink-1.14.4/flink-table/flink-table-common/target/classes:/Users/liuzhiwei/ideapro/flink-1.14.4/flink-core/target/flink-core-1.14.4.jar:/Users/liuzhiwei/ideapro/flink-1.14.4/flink-annotations/target/flink-annotations-1.14.4.jar:/Users/liuzhiwei/ideapro/flink-1.14.4/flink-metrics/flink-metrics-core/target/flink-metrics-core-1.14.4.jar:/Users/liuzhiwei/.m2/repository/org/apache/commons/commons-lang3/3.3.2/commons-lang3-3.3.2.jar:/Users/liuzhiwei/.m2/repository/com/esotericsoftware/kryo/kryo/2.24.0/kryo-2.24.0.jar:/Users/liuzhiwei/.m2/repository/com/esotericsoftware/minlog/minlog/1.2/minlog-1.2.jar:/Users/liuzhiwei/.m2/repository/commons-collections/commons-collections/3.2.2/commons-collections-3.2.2.jar:/Users/liuzhiwei/.m2/repository/org/apache/commons/commons-compress/1.21/commons-compress-1.21.jar:/Users/liuzhiwei/.m2/repository/org/apache/flink/flink-shaded-guava/30.1.1-jre-14.0/flink-shaded-guava-30.1.1-jre-14.0.jar:/Users/liuzhiwei/ideapro/flink-1.14.4/flink-connectors/flink-connector-files/target/flink-connector-files-1.14.4.jar:/Users/liuzhiwei/ideapro/flink-1.14.4/flink-connectors/flink-file-sink-common/target/flink-file-sink-common-1.14.4.jar:/Users/liuzhiwei/ideapro/flink-1.14.4/flink-connectors/flink-connector-base/target/flink-connector-base-1.14.4.jar:/Users/liuzhiwei/.m2/repository/org/apache/flink/flink-shaded-asm-7/7.1-14.0/flink-shaded-asm-7-7.1-14.0.jar:/Users/liuzhiwei/.m2/repository/com/ibm/icu/icu4j/67.1/icu4j-67.1.jar:/Users/liuzhiwei/ideapro/flink-1.14.4/flink-core/target/flink-core-1.14.4-tests.jar:/Users/liuzhiwei/ideapro/flink-1.14.4/flink-test-utils-parent/flink-test-utils-junit/target/flink-test-utils-junit-1.14.4.jar:/Users/liuzhiwei/.m2/repository/org/apache/flink/flink-shaded-force-shading/14.0/flink-shaded-force-shading-14.0.jar:/Users/liuzhiwei/.m2/repository/org/slf4j/slf4j-api/1.7.15/slf4j-api-1.7.15.jar:/Users/liuzhiwei/.m2/repository/com/google/code/findbugs/jsr305/1.3.9/jsr305-1.3.9.jar:/Users/liuzhiwei/.m2/repository/org/junit/jupiter/junit-jupiter/5.7.2/junit-jupiter-5.7.2.jar:/Users/liuzhiwei/.m2/repository/org/junit/jupiter/junit-jupiter-api/5.7.2/junit-jupiter-api-5.7.2.jar:/Users/liuzhiwei/.m2/repository/org/opentest4j/opentest4j/1.2.0/opentest4j-1.2.0.jar:/Users/liuzhiwei/.m2/repository/org/junit/platform/junit-platform-commons/1.7.2/junit-platform-commons-1.7.2.jar:/Users/liuzhiwei/.m2/repository/org/junit/jupiter/junit-jupiter-params/5.7.2/junit-jupiter-params-5.7.2.jar:/Users/liuzhiwei/.m2/repository/org/junit/jupiter/junit-jupiter-engine/5.7.2/junit-jupiter-engine-5.7.2.jar:/Users/liuzhiwei/.m2/repository/org/junit/vintage/junit-vintage-engine/5.7.2/junit-vintage-engine-5.7.2.jar:/Users/liuzhiwei/.m2/repository/org/apiguardian/apiguardian-api/1.1.0/apiguardian-api-1.1.0.jar:/Users/liuzhiwei/.m2/repository/org/junit/platform/junit-platform-engine/1.7.2/junit-platform-engine-1.7.2.jar:/Users/liuzhiwei/.m2/repository/junit/junit/4.13.2/junit-4.13.2.jar:/Users/liuzhiwei/.m2/repository/org/mockito/mockito-core/2.21.0/mockito-core-2.21.0.jar:/Users/liuzhiwei/.m2/repository/net/bytebuddy/byte-buddy/1.8.22/byte-buddy-1.8.22.jar:/Users/liuzhiwei/.m2/repository/net/bytebuddy/byte-buddy-agent/1.8.22/byte-buddy-agent-1.8.22.jar:/Users/liuzhiwei/.m2/repository/org/objenesis/objenesis/2.1/objenesis-2.1.jar:/Users/liuzhiwei/.m2/repository/org/powermock/powermock-module-junit4/2.0.4/powermock-module-junit4-2.0.4.jar:/Users/liuzhiwei/.m2/repository/org/powermock/powermock-module-junit4-common/2.0.4/powermock-module-junit4-common-2.0.4.jar:/Users/liuzhiwei/.m2/repository/org/powermock/powermock-reflect/2.0.4/powermock-reflect-2.0.4.jar:/Users/liuzhiwei/.m2/repository/org/powermock/powermock-core/2.0.4/powermock-core-2.0.4.jar:/Users/liuzhiwei/.m2/repository/org/javassist/javassist/3.24.0-GA/javassist-3.24.0-GA.jar:/Users/liuzhiwei/.m2/repository/org/hamcrest/hamcrest-core/1.3/hamcrest-core-1.3.jar:/Users/liuzhiwei/.m2/repository/org/powermock/powermock-api-mockito2/2.0.4/powermock-api-mockito2-2.0.4.jar:/Users/liuzhiwei/.m2/repository/org/powermock/powermock-api-support/2.0.4/powermock-api-support-2.0.4.jar:/Users/liuzhiwei/.m2/repository/org/hamcrest/hamcrest-all/1.3/hamcrest-all-1.3.jar:/Users/liuzhiwei/.m2/repository/org/apache/logging/log4j/log4j-slf4j-impl/2.17.1/log4j-slf4j-impl-2.17.1.jar:/Users/liuzhiwei/.m2/repository/org/apache/logging/log4j/log4j-api/2.17.1/log4j-api-2.17.1.jar:/Users/liuzhiwei/.m2/repository/org/apache/logging/log4j/log4j-core/2.17.1/log4j-core-2.17.1.jar:/Users/liuzhiwei/.m2/repository/org/apache/logging/log4j/log4j-1.2-api/2.17.1/log4j-1.2-api-2.17.1.jar:"/>
    <property name="java.vm.vendor" value="Oracle Corporation"/>
    <property name="hadoop.version" value="2.4.1"/>
    <property name="sun.arch.data.model" value="64"/>
    <property name="java.vendor.url" value="http://java.oracle.com/"/>
    <property name="user.timezone" value=""/>
    <property name="java.vm.specification.version" value="1.8"/>
    <property name="os.name" value="Mac OS X"/>
    <property name="user.country" value="US"/>
    <property name="sun.java.launcher" value="SUN_STANDARD"/>
    <property name="sun.boot.library.path" value="/Library/Java/JavaVirtualMachines/jdk1.8.0_311.jdk/Contents/Home/jre/lib"/>
    <property name="project.basedir" value="/Users/liuzhiwei/ideapro/flink-1.14.4/flink-table/flink-table-common"/>
    <property name="sun.java.command" value="/Users/liuzhiwei/ideapro/flink-1.14.4/flink-table/flink-table-common/target/surefire/surefirebooter8017064036921010743.jar /Users/liuzhiwei/ideapro/flink-1.14.4/flink-table/flink-table-common/target/surefire 2022-06-10T17-37-14_312-jvmRun1 surefire8104797305428732709tmp surefire_11935237110688197575571tmp"/>
    <property name="surefire.test.class.path" value="/Users/liuzhiwei/ideapro/flink-1.14.4/flink-table/flink-table-common/target/test-classes:/Users/liuzhiwei/ideapro/flink-1.14.4/flink-table/flink-table-common/target/classes:/Users/liuzhiwei/ideapro/flink-1.14.4/flink-core/target/flink-core-1.14.4.jar:/Users/liuzhiwei/ideapro/flink-1.14.4/flink-annotations/target/flink-annotations-1.14.4.jar:/Users/liuzhiwei/ideapro/flink-1.14.4/flink-metrics/flink-metrics-core/target/flink-metrics-core-1.14.4.jar:/Users/liuzhiwei/.m2/repository/org/apache/commons/commons-lang3/3.3.2/commons-lang3-3.3.2.jar:/Users/liuzhiwei/.m2/repository/com/esotericsoftware/kryo/kryo/2.24.0/kryo-2.24.0.jar:/Users/liuzhiwei/.m2/repository/com/esotericsoftware/minlog/minlog/1.2/minlog-1.2.jar:/Users/liuzhiwei/.m2/repository/commons-collections/commons-collections/3.2.2/commons-collections-3.2.2.jar:/Users/liuzhiwei/.m2/repository/org/apache/commons/commons-compress/1.21/commons-compress-1.21.jar:/Users/liuzhiwei/.m2/repository/org/apache/flink/flink-shaded-guava/30.1.1-jre-14.0/flink-shaded-guava-30.1.1-jre-14.0.jar:/Users/liuzhiwei/ideapro/flink-1.14.4/flink-connectors/flink-connector-files/target/flink-connector-files-1.14.4.jar:/Users/liuzhiwei/ideapro/flink-1.14.4/flink-connectors/flink-file-sink-common/target/flink-file-sink-common-1.14.4.jar:/Users/liuzhiwei/ideapro/flink-1.14.4/flink-connectors/flink-connector-base/target/flink-connector-base-1.14.4.jar:/Users/liuzhiwei/.m2/repository/org/apache/flink/flink-shaded-asm-7/7.1-14.0/flink-shaded-asm-7-7.1-14.0.jar:/Users/liuzhiwei/.m2/repository/com/ibm/icu/icu4j/67.1/icu4j-67.1.jar:/Users/liuzhiwei/ideapro/flink-1.14.4/flink-core/target/flink-core-1.14.4-tests.jar:/Users/liuzhiwei/ideapro/flink-1.14.4/flink-test-utils-parent/flink-test-utils-junit/target/flink-test-utils-junit-1.14.4.jar:/Users/liuzhiwei/.m2/repository/org/apache/flink/flink-shaded-force-shading/14.0/flink-shaded-force-shading-14.0.jar:/Users/liuzhiwei/.m2/repository/org/slf4j/slf4j-api/1.7.15/slf4j-api-1.7.15.jar:/Users/liuzhiwei/.m2/repository/com/google/code/findbugs/jsr305/1.3.9/jsr305-1.3.9.jar:/Users/liuzhiwei/.m2/repository/org/junit/jupiter/junit-jupiter/5.7.2/junit-jupiter-5.7.2.jar:/Users/liuzhiwei/.m2/repository/org/junit/jupiter/junit-jupiter-api/5.7.2/junit-jupiter-api-5.7.2.jar:/Users/liuzhiwei/.m2/repository/org/opentest4j/opentest4j/1.2.0/opentest4j-1.2.0.jar:/Users/liuzhiwei/.m2/repository/org/junit/platform/junit-platform-commons/1.7.2/junit-platform-commons-1.7.2.jar:/Users/liuzhiwei/.m2/repository/org/junit/jupiter/junit-jupiter-params/5.7.2/junit-jupiter-params-5.7.2.jar:/Users/liuzhiwei/.m2/repository/org/junit/jupiter/junit-jupiter-engine/5.7.2/junit-jupiter-engine-5.7.2.jar:/Users/liuzhiwei/.m2/repository/org/junit/vintage/junit-vintage-engine/5.7.2/junit-vintage-engine-5.7.2.jar:/Users/liuzhiwei/.m2/repository/org/apiguardian/apiguardian-api/1.1.0/apiguardian-api-1.1.0.jar:/Users/liuzhiwei/.m2/repository/org/junit/platform/junit-platform-engine/1.7.2/junit-platform-engine-1.7.2.jar:/Users/liuzhiwei/.m2/repository/junit/junit/4.13.2/junit-4.13.2.jar:/Users/liuzhiwei/.m2/repository/org/mockito/mockito-core/2.21.0/mockito-core-2.21.0.jar:/Users/liuzhiwei/.m2/repository/net/bytebuddy/byte-buddy/1.8.22/byte-buddy-1.8.22.jar:/Users/liuzhiwei/.m2/repository/net/bytebuddy/byte-buddy-agent/1.8.22/byte-buddy-agent-1.8.22.jar:/Users/liuzhiwei/.m2/repository/org/objenesis/objenesis/2.1/objenesis-2.1.jar:/Users/liuzhiwei/.m2/repository/org/powermock/powermock-module-junit4/2.0.4/powermock-module-junit4-2.0.4.jar:/Users/liuzhiwei/.m2/repository/org/powermock/powermock-module-junit4-common/2.0.4/powermock-module-junit4-common-2.0.4.jar:/Users/liuzhiwei/.m2/repository/org/powermock/powermock-reflect/2.0.4/powermock-reflect-2.0.4.jar:/Users/liuzhiwei/.m2/repository/org/powermock/powermock-core/2.0.4/powermock-core-2.0.4.jar:/Users/liuzhiwei/.m2/repository/org/javassist/javassist/3.24.0-GA/javassist-3.24.0-GA.jar:/Users/liuzhiwei/.m2/repository/org/hamcrest/hamcrest-core/1.3/hamcrest-core-1.3.jar:/Users/liuzhiwei/.m2/repository/org/powermock/powermock-api-mockito2/2.0.4/powermock-api-mockito2-2.0.4.jar:/Users/liuzhiwei/.m2/repository/org/powermock/powermock-api-support/2.0.4/powermock-api-support-2.0.4.jar:/Users/liuzhiwei/.m2/repository/org/hamcrest/hamcrest-all/1.3/hamcrest-all-1.3.jar:/Users/liuzhiwei/.m2/repository/org/apache/logging/log4j/log4j-slf4j-impl/2.17.1/log4j-slf4j-impl-2.17.1.jar:/Users/liuzhiwei/.m2/repository/org/apache/logging/log4j/log4j-api/2.17.1/log4j-api-2.17.1.jar:/Users/liuzhiwei/.m2/repository/org/apache/logging/log4j/log4j-core/2.17.1/log4j-core-2.17.1.jar:/Users/liuzhiwei/.m2/repository/org/apache/logging/log4j/log4j-1.2-api/2.17.1/log4j-1.2-api-2.17.1.jar:"/>
    <property name="sun.cpu.endian" value="little"/>
    <property name="user.home" value="/Users/liuzhiwei"/>
    <property name="user.language" value="en"/>
    <property name="java.specification.vendor" value="Oracle Corporation"/>
    <property name="java.home" value="/Library/Java/JavaVirtualMachines/jdk1.8.0_311.jdk/Contents/Home/jre"/>
    <property name="basedir" value="/Users/liuzhiwei/ideapro/flink-1.14.4/flink-table/flink-table-common"/>
    <property name="file.separator" value="/"/>
    <property name="line.separator" value="&#10;"/>
    <property name="java.vm.specification.vendor" value="Oracle Corporation"/>
    <property name="java.specification.name" value="Java Platform API Specification"/>
    <property name="java.awt.graphicsenv" value="sun.awt.CGraphicsEnvironment"/>
    <property name="test.randomization.seed" value=""/>
    <property name="mvn.forkNumber" value="1"/>
    <property name="surefire.real.class.path" value="/Users/liuzhiwei/ideapro/flink-1.14.4/flink-table/flink-table-common/target/surefire/surefirebooter8017064036921010743.jar"/>
    <property name="buffer-debloat.randomization" value="true"/>
    <property name="sun.boot.class.path" value="/Library/Java/JavaVirtualMachines/jdk1.8.0_311.jdk/Contents/Home/jre/lib/resources.jar:/Library/Java/JavaVirtualMachines/jdk1.8.0_311.jdk/Contents/Home/jre/lib/rt.jar:/Library/Java/JavaVirtualMachines/jdk1.8.0_311.jdk/Contents/Home/jre/lib/sunrsasign.jar:/Library/Java/JavaVirtualMachines/jdk1.8.0_311.jdk/Contents/Home/jre/lib/jsse.jar:/Library/Java/JavaVirtualMachines/jdk1.8.0_311.jdk/Contents/Home/jre/lib/jce.jar:/Library/Java/JavaVirtualMachines/jdk1.8.0_311.jdk/Contents/Home/jre/lib/charsets.jar:/Library/Java/JavaVirtualMachines/jdk1.8.0_311.jdk/Contents/Home/jre/lib/jfr.jar:/Library/Java/JavaVirtualMachines/jdk1.8.0_311.jdk/Contents/Home/jre/classes"/>
    <property name="checkpointing.changelog" value="unset"/>
    <property name="sun.management.compiler" value="HotSpot 64-Bit Tiered Compilers"/>
    <property name="java.runtime.version" value="1.8.0_311-b11"/>
    <property name="user.name" value="liuzhiwei"/>
    <property name="path.separator" value=":"/>
    <property name="os.version" value="10.16"/>
    <property name="java.endorsed.dirs" value="/Library/Java/JavaVirtualMachines/jdk1.8.0_311.jdk/Contents/Home/jre/lib/endorsed"/>
    <property name="java.runtime.name" value="Java(TM) SE Runtime Environment"/>
    <property name="file.encoding" value="UTF-8"/>
    <property name="java.vm.name" value="Java HotSpot(TM) 64-Bit Server VM"/>
    <property name="localRepository" value="/Users/liuzhiwei/.m2/repository"/>
    <property name="java.vendor.url.bug" value="http://bugreport.sun.com/bugreport/"/>
    <property name="java.io.tmpdir" value="/var/folders/9v/knhh7l116z927rs422hz7g7r0000gn/T/"/>
    <property name="idea.version" value="2021.3.2"/>
    <property name="java.version" value="1.8.0_311"/>
    <property name="user.dir" value="/Users/liuzhiwei/ideapro/flink-1.14.4/flink-table/flink-table-common"/>
    <property name="os.arch" value="x86_64"/>
    <property name="java.vm.specification.name" value="Java Virtual Machine Specification"/>
    <property name="java.awt.printerjob" value="sun.lwawt.macosx.CPrinterJob"/>
    <property name="sun.os.patch.level" value="unknown"/>
    <property name="checkpointing.randomization" value="true"/>
    <property name="java.library.path" value="/Users/liuzhiwei/Library/Java/Extensions:/Library/Java/Extensions:/Network/Library/Java/Extensions:/System/Library/Java/Extensions:/usr/lib/java:."/>
    <property name="java.vm.info" value="mixed mode"/>
    <property name="java.vendor" value="Oracle Corporation"/>
    <property name="java.vm.version" value="25.311-b11"/>
    <property name="java.ext.dirs" value="/Users/liuzhiwei/Library/Java/Extensions:/Library/Java/JavaVirtualMachines/jdk1.8.0_311.jdk/Contents/Home/jre/lib/ext:/Library/Java/Extensions:/Network/Library/Java/Extensions:/System/Library/Java/Extensions:/usr/lib/java"/>
    <property name="sun.io.unicode.encoding" value="UnicodeBig"/>
    <property name="maven.repo.local" value="/Users/liuzhiwei/.m2/repository"/>
    <property name="java.class.version" value="52.0"/>
  </properties>
  <testcase name="testErrorMessage[0: [From: org.apache.flink.table.types.LogicalTypeParserTest$TestSpec@311bf055, To: {1}]]" classname="org.apache.flink.table.types.LogicalTypeParserTest" time="0.001"/>
  <testcase name="testParsing[0: [From: org.apache.flink.table.types.LogicalTypeParserTest$TestSpec@311bf055, To: {1}]]" classname="org.apache.flink.table.types.LogicalTypeParserTest" time="0"/>
  <testcase name="testSerializableParsing[0: [From: org.apache.flink.table.types.LogicalTypeParserTest$TestSpec@311bf055, To: {1}]]" classname="org.apache.flink.table.types.LogicalTypeParserTest" time="0.008"/>
  <testcase name="testErrorMessage[1: [From: org.apache.flink.table.types.LogicalTypeParserTest$TestSpec@642a7222, To: {1}]]" classname="org.apache.flink.table.types.LogicalTypeParserTest" time="0.002"/>
  <testcase name="testParsing[1: [From: org.apache.flink.table.types.LogicalTypeParserTest$TestSpec@642a7222, To: {1}]]" classname="org.apache.flink.table.types.LogicalTypeParserTest" time="0.001"/>
  <testcase name="testSerializableParsing[1: [From: org.apache.flink.table.types.LogicalTypeParserTest$TestSpec@642a7222, To: {1}]]" classname="org.apache.flink.table.types.LogicalTypeParserTest" time="0"/>
  <testcase name="testErrorMessage[2: [From: org.apache.flink.table.types.LogicalTypeParserTest$TestSpec@7d322cad, To: {1}]]" classname="org.apache.flink.table.types.LogicalTypeParserTest" time="0"/>
  <testcase name="testParsing[2: [From: org.apache.flink.table.types.LogicalTypeParserTest$TestSpec@7d322cad, To: {1}]]" classname="org.apache.flink.table.types.LogicalTypeParserTest" time="0"/>
  <testcase name="testSerializableParsing[2: [From: org.apache.flink.table.types.LogicalTypeParserTest$TestSpec@7d322cad, To: {1}]]" classname="org.apache.flink.table.types.LogicalTypeParserTest" time="0"/>
  <testcase name="testErrorMessage[3: [From: org.apache.flink.table.types.LogicalTypeParserTest$TestSpec@21be3395, To: {1}]]" classname="org.apache.flink.table.types.LogicalTypeParserTest" time="0"/>
  <testcase name="testParsing[3: [From: org.apache.flink.table.types.LogicalTypeParserTest$TestSpec@21be3395, To: {1}]]" classname="org.apache.flink.table.types.LogicalTypeParserTest" time="0"/>
  <testcase name="testSerializableParsing[3: [From: org.apache.flink.table.types.LogicalTypeParserTest$TestSpec@21be3395, To: {1}]]" classname="org.apache.flink.table.types.LogicalTypeParserTest" time="0"/>
  <testcase name="testErrorMessage[4: [From: org.apache.flink.table.types.LogicalTypeParserTest$TestSpec@4f49f6af, To: {1}]]" classname="org.apache.flink.table.types.LogicalTypeParserTest" time="0"/>
  <testcase name="testParsing[4: [From: org.apache.flink.table.types.LogicalTypeParserTest$TestSpec@4f49f6af, To: {1}]]" classname="org.apache.flink.table.types.LogicalTypeParserTest" time="0"/>
  <testcase name="testSerializableParsing[4: [From: org.apache.flink.table.types.LogicalTypeParserTest$TestSpec@4f49f6af, To: {1}]]" classname="org.apache.flink.table.types.LogicalTypeParserTest" time="0"/>
  <testcase name="testErrorMessage[5: [From: org.apache.flink.table.types.LogicalTypeParserTest$TestSpec@78452606, To: {1}]]" classname="org.apache.flink.table.types.LogicalTypeParserTest" time="0.002"/>
  <testcase name="testParsing[5: [From: org.apache.flink.table.types.LogicalTypeParserTest$TestSpec@78452606, To: {1}]]" classname="org.apache.flink.table.types.LogicalTypeParserTest" time="0"/>
  <testcase name="testSerializableParsing[5: [From: org.apache.flink.table.types.LogicalTypeParserTest$TestSpec@78452606, To: {1}]]" classname="org.apache.flink.table.types.LogicalTypeParserTest" time="0"/>
  <testcase name="testErrorMessage[6: [From: org.apache.flink.table.types.LogicalTypeParserTest$TestSpec@147e2ae7, To: {1}]]" classname="org.apache.flink.table.types.LogicalTypeParserTest" time="0"/>
  <testcase name="testParsing[6: [From: org.apache.flink.table.types.LogicalTypeParserTest$TestSpec@147e2ae7, To: {1}]]" classname="org.apache.flink.table.types.LogicalTypeParserTest" time="0.001"/>
  <testcase name="testSerializableParsing[6: [From: org.apache.flink.table.types.LogicalTypeParserTest$TestSpec@147e2ae7, To: {1}]]" classname="org.apache.flink.table.types.LogicalTypeParserTest" time="0"/>
  <testcase name="testErrorMessage[7: [From: org.apache.flink.table.types.LogicalTypeParserTest$TestSpec@448c8166, To: {1}]]" classname="org.apache.flink.table.types.LogicalTypeParserTest" time="0"/>
  <testcase name="testParsing[7: [From: org.apache.flink.table.types.LogicalTypeParserTest$TestSpec@448c8166, To: {1}]]" classname="org.apache.flink.table.types.LogicalTypeParserTest" time="0"/>
  <testcase name="testSerializableParsing[7: [From: org.apache.flink.table.types.LogicalTypeParserTest$TestSpec@448c8166, To: {1}]]" classname="org.apache.flink.table.types.LogicalTypeParserTest" time="0.001"/>
  <testcase name="testErrorMessage[8: [From: org.apache.flink.table.types.LogicalTypeParserTest$TestSpec@4470fbd6, To: {1}]]" classname="org.apache.flink.table.types.LogicalTypeParserTest" time="0"/>
  <testcase name="testParsing[8: [From: org.apache.flink.table.types.LogicalTypeParserTest$TestSpec@4470fbd6, To: {1}]]" classname="org.apache.flink.table.types.LogicalTypeParserTest" time="0"/>
  <testcase name="testSerializableParsing[8: [From: org.apache.flink.table.types.LogicalTypeParserTest$TestSpec@4470fbd6, To: {1}]]" classname="org.apache.flink.table.types.LogicalTypeParserTest" time="0"/>
  <testcase name="testErrorMessage[9: [From: org.apache.flink.table.types.LogicalTypeParserTest$TestSpec@15d49048, To: {1}]]" classname="org.apache.flink.table.types.LogicalTypeParserTest" time="0"/>
  <testcase name="testParsing[9: [From: org.apache.flink.table.types.LogicalTypeParserTest$TestSpec@15d49048, To: {1}]]" classname="org.apache.flink.table.types.LogicalTypeParserTest" time="0"/>
  <testcase name="testSerializableParsing[9: [From: org.apache.flink.table.types.LogicalTypeParserTest$TestSpec@15d49048, To: {1}]]" classname="org.apache.flink.table.types.LogicalTypeParserTest" time="0"/>
  <testcase name="testErrorMessage[10: [From: org.apache.flink.table.types.LogicalTypeParserTest$TestSpec@7098b907, To: {1}]]" classname="org.apache.flink.table.types.LogicalTypeParserTest" time="0"/>
  <testcase name="testParsing[10: [From: org.apache.flink.table.types.LogicalTypeParserTest$TestSpec@7098b907, To: {1}]]" classname="org.apache.flink.table.types.LogicalTypeParserTest" time="0"/>
  <testcase name="testSerializableParsing[10: [From: org.apache.flink.table.types.LogicalTypeParserTest$TestSpec@7098b907, To: {1}]]" classname="org.apache.flink.table.types.LogicalTypeParserTest" time="0.001"/>
  <testcase name="testErrorMessage[11: [From: org.apache.flink.table.types.LogicalTypeParserTest$TestSpec@503f91c3, To: {1}]]" classname="org.apache.flink.table.types.LogicalTypeParserTest" time="0"/>
  <testcase name="testParsing[11: [From: org.apache.flink.table.types.LogicalTypeParserTest$TestSpec@503f91c3, To: {1}]]" classname="org.apache.flink.table.types.LogicalTypeParserTest" time="0"/>
  <testcase name="testSerializableParsing[11: [From: org.apache.flink.table.types.LogicalTypeParserTest$TestSpec@503f91c3, To: {1}]]" classname="org.apache.flink.table.types.LogicalTypeParserTest" time="0"/>
  <testcase name="testErrorMessage[12: [From: org.apache.flink.table.types.LogicalTypeParserTest$TestSpec@13526e59, To: {1}]]" classname="org.apache.flink.table.types.LogicalTypeParserTest" time="0"/>
  <testcase name="testParsing[12: [From: org.apache.flink.table.types.LogicalTypeParserTest$TestSpec@13526e59, To: {1}]]" classname="org.apache.flink.table.types.LogicalTypeParserTest" time="0.001"/>
  <testcase name="testSerializableParsing[12: [From: org.apache.flink.table.types.LogicalTypeParserTest$TestSpec@13526e59, To: {1}]]" classname="org.apache.flink.table.types.LogicalTypeParserTest" time="0.001"/>
  <testcase name="testErrorMessage[13: [From: org.apache.flink.table.types.LogicalTypeParserTest$TestSpec@2235eaab, To: {1}]]" classname="org.apache.flink.table.types.LogicalTypeParserTest" time="0"/>
  <testcase name="testParsing[13: [From: org.apache.flink.table.types.LogicalTypeParserTest$TestSpec@2235eaab, To: {1}]]" classname="org.apache.flink.table.types.LogicalTypeParserTest" time="0"/>
  <testcase name="testSerializableParsing[13: [From: org.apache.flink.table.types.LogicalTypeParserTest$TestSpec@2235eaab, To: {1}]]" classname="org.apache.flink.table.types.LogicalTypeParserTest" time="0.001"/>
  <testcase name="testErrorMessage[14: [From: org.apache.flink.table.types.LogicalTypeParserTest$TestSpec@17503f6b, To: {1}]]" classname="org.apache.flink.table.types.LogicalTypeParserTest" time="0"/>
  <testcase name="testParsing[14: [From: org.apache.flink.table.types.LogicalTypeParserTest$TestSpec@17503f6b, To: {1}]]" classname="org.apache.flink.table.types.LogicalTypeParserTest" time="0"/>
  <testcase name="testSerializableParsing[14: [From: org.apache.flink.table.types.LogicalTypeParserTest$TestSpec@17503f6b, To: {1}]]" classname="org.apache.flink.table.types.LogicalTypeParserTest" time="0"/>
  <testcase name="testErrorMessage[15: [From: org.apache.flink.table.types.LogicalTypeParserTest$TestSpec@3bcd05cb, To: {1}]]" classname="org.apache.flink.table.types.LogicalTypeParserTest" time="0.001"/>
  <testcase name="testParsing[15: [From: org.apache.flink.table.types.LogicalTypeParserTest$TestSpec@3bcd05cb, To: {1}]]" classname="org.apache.flink.table.types.LogicalTypeParserTest" time="0.001"/>
  <testcase name="testSerializableParsing[15: [From: org.apache.flink.table.types.LogicalTypeParserTest$TestSpec@3bcd05cb, To: {1}]]" classname="org.apache.flink.table.types.LogicalTypeParserTest" time="0"/>
  <testcase name="testErrorMessage[16: [From: org.apache.flink.table.types.LogicalTypeParserTest$TestSpec@3b6d844d, To: {1}]]" classname="org.apache.flink.table.types.LogicalTypeParserTest" time="0"/>
  <testcase name="testParsing[16: [From: org.apache.flink.table.types.LogicalTypeParserTest$TestSpec@3b6d844d, To: {1}]]" classname="org.apache.flink.table.types.LogicalTypeParserTest" time="0"/>
  <testcase name="testSerializableParsing[16: [From: org.apache.flink.table.types.LogicalTypeParserTest$TestSpec@3b6d844d, To: {1}]]" classname="org.apache.flink.table.types.LogicalTypeParserTest" time="0"/>
  <testcase name="testErrorMessage[17: [From: org.apache.flink.table.types.LogicalTypeParserTest$TestSpec@36804139, To: {1}]]" classname="org.apache.flink.table.types.LogicalTypeParserTest" time="0"/>
  <testcase name="testParsing[17: [From: org.apache.flink.table.types.LogicalTypeParserTest$TestSpec@36804139, To: {1}]]" classname="org.apache.flink.table.types.LogicalTypeParserTest" time="0"/>
  <testcase name="testSerializableParsing[17: [From: org.apache.flink.table.types.LogicalTypeParserTest$TestSpec@36804139, To: {1}]]" classname="org.apache.flink.table.types.LogicalTypeParserTest" time="0"/>
  <testcase name="testErrorMessage[18: [From: org.apache.flink.table.types.LogicalTypeParserTest$TestSpec@20bd8be5, To: {1}]]" classname="org.apache.flink.table.types.LogicalTypeParserTest" time="0"/>
  <testcase name="testParsing[18: [From: org.apache.flink.table.types.LogicalTypeParserTest$TestSpec@20bd8be5, To: {1}]]" classname="org.apache.flink.table.types.LogicalTypeParserTest" time="0"/>
  <testcase name="testSerializableParsing[18: [From: org.apache.flink.table.types.LogicalTypeParserTest$TestSpec@20bd8be5, To: {1}]]" classname="org.apache.flink.table.types.LogicalTypeParserTest" time="0"/>
  <testcase name="testErrorMessage[19: [From: org.apache.flink.table.types.LogicalTypeParserTest$TestSpec@730d2164, To: {1}]]" classname="org.apache.flink.table.types.LogicalTypeParserTest" time="0.001"/>
  <testcase name="testParsing[19: [From: org.apache.flink.table.types.LogicalTypeParserTest$TestSpec@730d2164, To: {1}]]" classname="org.apache.flink.table.types.LogicalTypeParserTest" time="0"/>
  <testcase name="testSerializableParsing[19: [From: org.apache.flink.table.types.LogicalTypeParserTest$TestSpec@730d2164, To: {1}]]" classname="org.apache.flink.table.types.LogicalTypeParserTest" time="0"/>
  <testcase name="testErrorMessage[20: [From: org.apache.flink.table.types.LogicalTypeParserTest$TestSpec@24959ca4, To: {1}]]" classname="org.apache.flink.table.types.LogicalTypeParserTest" time="0"/>
  <testcase name="testParsing[20: [From: org.apache.flink.table.types.LogicalTypeParserTest$TestSpec@24959ca4, To: {1}]]" classname="org.apache.flink.table.types.LogicalTypeParserTest" time="0"/>
  <testcase name="testSerializableParsing[20: [From: org.apache.flink.table.types.LogicalTypeParserTest$TestSpec@24959ca4, To: {1}]]" classname="org.apache.flink.table.types.LogicalTypeParserTest" time="0"/>
  <testcase name="testErrorMessage[21: [From: org.apache.flink.table.types.LogicalTypeParserTest$TestSpec@10289886, To: {1}]]" classname="org.apache.flink.table.types.LogicalTypeParserTest" time="0"/>
  <testcase name="testParsing[21: [From: org.apache.flink.table.types.LogicalTypeParserTest$TestSpec@10289886, To: {1}]]" classname="org.apache.flink.table.types.LogicalTypeParserTest" time="0"/>
  <testcase name="testSerializableParsing[21: [From: org.apache.flink.table.types.LogicalTypeParserTest$TestSpec@10289886, To: {1}]]" classname="org.apache.flink.table.types.LogicalTypeParserTest" time="0"/>
  <testcase name="testErrorMessage[22: [From: org.apache.flink.table.types.LogicalTypeParserTest$TestSpec@5c86dbc5, To: {1}]]" classname="org.apache.flink.table.types.LogicalTypeParserTest" time="0.001"/>
  <testcase name="testParsing[22: [From: org.apache.flink.table.types.LogicalTypeParserTest$TestSpec@5c86dbc5, To: {1}]]" classname="org.apache.flink.table.types.LogicalTypeParserTest" time="0"/>
  <testcase name="testSerializableParsing[22: [From: org.apache.flink.table.types.LogicalTypeParserTest$TestSpec@5c86dbc5, To: {1}]]" classname="org.apache.flink.table.types.LogicalTypeParserTest" time="0"/>
  <testcase name="testErrorMessage[23: [From: org.apache.flink.table.types.LogicalTypeParserTest$TestSpec@461ad730, To: {1}]]" classname="org.apache.flink.table.types.LogicalTypeParserTest" time="0"/>
  <testcase name="testParsing[23: [From: org.apache.flink.table.types.LogicalTypeParserTest$TestSpec@461ad730, To: {1}]]" classname="org.apache.flink.table.types.LogicalTypeParserTest" time="0"/>
  <testcase name="testSerializableParsing[23: [From: org.apache.flink.table.types.LogicalTypeParserTest$TestSpec@461ad730, To: {1}]]" classname="org.apache.flink.table.types.LogicalTypeParserTest" time="0"/>
  <testcase name="testErrorMessage[24: [From: org.apache.flink.table.types.LogicalTypeParserTest$TestSpec@4ee203eb, To: {1}]]" classname="org.apache.flink.table.types.LogicalTypeParserTest" time="0"/>
  <testcase name="testParsing[24: [From: org.apache.flink.table.types.LogicalTypeParserTest$TestSpec@4ee203eb, To: {1}]]" classname="org.apache.flink.table.types.LogicalTypeParserTest" time="0"/>
  <testcase name="testSerializableParsing[24: [From: org.apache.flink.table.types.LogicalTypeParserTest$TestSpec@4ee203eb, To: {1}]]" classname="org.apache.flink.table.types.LogicalTypeParserTest" time="0.001"/>
  <testcase name="testErrorMessage[25: [From: org.apache.flink.table.types.LogicalTypeParserTest$TestSpec@1a5a4e19, To: {1}]]" classname="org.apache.flink.table.types.LogicalTypeParserTest" time="0"/>
  <testcase name="testParsing[25: [From: org.apache.flink.table.types.LogicalTypeParserTest$TestSpec@1a5a4e19, To: {1}]]" classname="org.apache.flink.table.types.LogicalTypeParserTest" time="0"/>
  <testcase name="testSerializableParsing[25: [From: org.apache.flink.table.types.LogicalTypeParserTest$TestSpec@1a5a4e19, To: {1}]]" classname="org.apache.flink.table.types.LogicalTypeParserTest" time="0"/>
  <testcase name="testErrorMessage[26: [From: org.apache.flink.table.types.LogicalTypeParserTest$TestSpec@7068e664, To: {1}]]" classname="org.apache.flink.table.types.LogicalTypeParserTest" time="0"/>
  <testcase name="testParsing[26: [From: org.apache.flink.table.types.LogicalTypeParserTest$TestSpec@7068e664, To: {1}]]" classname="org.apache.flink.table.types.LogicalTypeParserTest" time="0"/>
  <testcase name="testSerializableParsing[26: [From: org.apache.flink.table.types.LogicalTypeParserTest$TestSpec@7068e664, To: {1}]]" classname="org.apache.flink.table.types.LogicalTypeParserTest" time="0.001"/>
  <testcase name="testErrorMessage[27: [From: org.apache.flink.table.types.LogicalTypeParserTest$TestSpec@60db1c0e, To: {1}]]" classname="org.apache.flink.table.types.LogicalTypeParserTest" time="0"/>
  <testcase name="testParsing[27: [From: org.apache.flink.table.types.LogicalTypeParserTest$TestSpec@60db1c0e, To: {1}]]" classname="org.apache.flink.table.types.LogicalTypeParserTest" time="0"/>
  <testcase name="testSerializableParsing[27: [From: org.apache.flink.table.types.LogicalTypeParserTest$TestSpec@60db1c0e, To: {1}]]" classname="org.apache.flink.table.types.LogicalTypeParserTest" time="0"/>
  <testcase name="testErrorMessage[28: [From: org.apache.flink.table.types.LogicalTypeParserTest$TestSpec@3e78b6a5, To: {1}]]" classname="org.apache.flink.table.types.LogicalTypeParserTest" time="0"/>
  <testcase name="testParsing[28: [From: org.apache.flink.table.types.LogicalTypeParserTest$TestSpec@3e78b6a5, To: {1}]]" classname="org.apache.flink.table.types.LogicalTypeParserTest" time="0"/>
  <testcase name="testSerializableParsing[28: [From: org.apache.flink.table.types.LogicalTypeParserTest$TestSpec@3e78b6a5, To: {1}]]" classname="org.apache.flink.table.types.LogicalTypeParserTest" time="0"/>
  <testcase name="testErrorMessage[29: [From: org.apache.flink.table.types.LogicalTypeParserTest$TestSpec@769a1df5, To: {1}]]" classname="org.apache.flink.table.types.LogicalTypeParserTest" time="0"/>
  <testcase name="testParsing[29: [From: org.apache.flink.table.types.LogicalTypeParserTest$TestSpec@769a1df5, To: {1}]]" classname="org.apache.flink.table.types.LogicalTypeParserTest" time="0"/>
  <testcase name="testSerializableParsing[29: [From: org.apache.flink.table.types.LogicalTypeParserTest$TestSpec@769a1df5, To: {1}]]" classname="org.apache.flink.table.types.LogicalTypeParserTest" time="0"/>
  <testcase name="testErrorMessage[30: [From: org.apache.flink.table.types.LogicalTypeParserTest$TestSpec@41f69e84, To: {1}]]" classname="org.apache.flink.table.types.LogicalTypeParserTest" time="0"/>
  <testcase name="testParsing[30: [From: org.apache.flink.table.types.LogicalTypeParserTest$TestSpec@41f69e84, To: {1}]]" classname="org.apache.flink.table.types.LogicalTypeParserTest" time="0.001"/>
  <testcase name="testSerializableParsing[30: [From: org.apache.flink.table.types.LogicalTypeParserTest$TestSpec@41f69e84, To: {1}]]" classname="org.apache.flink.table.types.LogicalTypeParserTest" time="0"/>
  <testcase name="testErrorMessage[31: [From: org.apache.flink.table.types.LogicalTypeParserTest$TestSpec@7975d1d8, To: {1}]]" classname="org.apache.flink.table.types.LogicalTypeParserTest" time="0"/>
  <testcase name="testParsing[31: [From: org.apache.flink.table.types.LogicalTypeParserTest$TestSpec@7975d1d8, To: {1}]]" classname="org.apache.flink.table.types.LogicalTypeParserTest" time="0"/>
  <testcase name="testSerializableParsing[31: [From: org.apache.flink.table.types.LogicalTypeParserTest$TestSpec@7975d1d8, To: {1}]]" classname="org.apache.flink.table.types.LogicalTypeParserTest" time="0"/>
  <testcase name="testErrorMessage[32: [From: org.apache.flink.table.types.LogicalTypeParserTest$TestSpec@2438dcd, To: {1}]]" classname="org.apache.flink.table.types.LogicalTypeParserTest" time="0"/>
  <testcase name="testParsing[32: [From: org.apache.flink.table.types.LogicalTypeParserTest$TestSpec@2438dcd, To: {1}]]" classname="org.apache.flink.table.types.LogicalTypeParserTest" time="0"/>
  <testcase name="testSerializableParsing[32: [From: org.apache.flink.table.types.LogicalTypeParserTest$TestSpec@2438dcd, To: {1}]]" classname="org.apache.flink.table.types.LogicalTypeParserTest" time="0"/>
  <testcase name="testErrorMessage[33: [From: org.apache.flink.table.types.LogicalTypeParserTest$TestSpec@24105dc5, To: {1}]]" classname="org.apache.flink.table.types.LogicalTypeParserTest" time="0"/>
  <testcase name="testParsing[33: [From: org.apache.flink.table.types.LogicalTypeParserTest$TestSpec@24105dc5, To: {1}]]" classname="org.apache.flink.table.types.LogicalTypeParserTest" time="0.001"/>
  <testcase name="testSerializableParsing[33: [From: org.apache.flink.table.types.LogicalTypeParserTest$TestSpec@24105dc5, To: {1}]]" classname="org.apache.flink.table.types.LogicalTypeParserTest" time="0"/>
  <testcase name="testErrorMessage[34: [From: org.apache.flink.table.types.LogicalTypeParserTest$TestSpec@5167f57d, To: {1}]]" classname="org.apache.flink.table.types.LogicalTypeParserTest" time="0"/>
  <testcase name="testParsing[34: [From: org.apache.flink.table.types.LogicalTypeParserTest$TestSpec@5167f57d, To: {1}]]" classname="org.apache.flink.table.types.LogicalTypeParserTest" time="0"/>
  <testcase name="testSerializableParsing[34: [From: org.apache.flink.table.types.LogicalTypeParserTest$TestSpec@5167f57d, To: {1}]]" classname="org.apache.flink.table.types.LogicalTypeParserTest" time="0.001"/>
  <testcase name="testErrorMessage[35: [From: org.apache.flink.table.types.LogicalTypeParserTest$TestSpec@64b0598, To: {1}]]" classname="org.apache.flink.table.types.LogicalTypeParserTest" time="0"/>
  <testcase name="testParsing[35: [From: org.apache.flink.table.types.LogicalTypeParserTest$TestSpec@64b0598, To: {1}]]" classname="org.apache.flink.table.types.LogicalTypeParserTest" time="0"/>
  <testcase name="testSerializableParsing[35: [From: org.apache.flink.table.types.LogicalTypeParserTest$TestSpec@64b0598, To: {1}]]" classname="org.apache.flink.table.types.LogicalTypeParserTest" time="0"/>
  <testcase name="testErrorMessage[36: [From: org.apache.flink.table.types.LogicalTypeParserTest$TestSpec@18f8cd79, To: {1}]]" classname="org.apache.flink.table.types.LogicalTypeParserTest" time="0"/>
  <testcase name="testParsing[36: [From: org.apache.flink.table.types.LogicalTypeParserTest$TestSpec@18f8cd79, To: {1}]]" classname="org.apache.flink.table.types.LogicalTypeParserTest" time="0"/>
  <testcase name="testSerializableParsing[36: [From: org.apache.flink.table.types.LogicalTypeParserTest$TestSpec@18f8cd79, To: {1}]]" classname="org.apache.flink.table.types.LogicalTypeParserTest" time="0"/>
  <testcase name="testErrorMessage[37: [From: org.apache.flink.table.types.LogicalTypeParserTest$TestSpec@3e2055d6, To: {1}]]" classname="org.apache.flink.table.types.LogicalTypeParserTest" time="0"/>
  <testcase name="testParsing[37: [From: org.apache.flink.table.types.LogicalTypeParserTest$TestSpec@3e2055d6, To: {1}]]" classname="org.apache.flink.table.types.LogicalTypeParserTest" time="0"/>
  <testcase name="testSerializableParsing[37: [From: org.apache.flink.table.types.LogicalTypeParserTest$TestSpec@3e2055d6, To: {1}]]" classname="org.apache.flink.table.types.LogicalTypeParserTest" time="0.001"/>
  <testcase name="testErrorMessage[38: [From: org.apache.flink.table.types.LogicalTypeParserTest$TestSpec@50029372, To: {1}]]" classname="org.apache.flink.table.types.LogicalTypeParserTest" time="0"/>
  <testcase name="testParsing[38: [From: org.apache.flink.table.types.LogicalTypeParserTest$TestSpec@50029372, To: {1}]]" classname="org.apache.flink.table.types.LogicalTypeParserTest" time="0"/>
  <testcase name="testSerializableParsing[38: [From: org.apache.flink.table.types.LogicalTypeParserTest$TestSpec@50029372, To: {1}]]" classname="org.apache.flink.table.types.LogicalTypeParserTest" time="0"/>
  <testcase name="testErrorMessage[39: [From: org.apache.flink.table.types.LogicalTypeParserTest$TestSpec@e3b3b2f, To: {1}]]" classname="org.apache.flink.table.types.LogicalTypeParserTest" time="0.001"/>
  <testcase name="testParsing[39: [From: org.apache.flink.table.types.LogicalTypeParserTest$TestSpec@e3b3b2f, To: {1}]]" classname="org.apache.flink.table.types.LogicalTypeParserTest" time="0"/>
  <testcase name="testSerializableParsing[39: [From: org.apache.flink.table.types.LogicalTypeParserTest$TestSpec@e3b3b2f, To: {1}]]" classname="org.apache.flink.table.types.LogicalTypeParserTest" time="0"/>
  <testcase name="testErrorMessage[40: [From: org.apache.flink.table.types.LogicalTypeParserTest$TestSpec@50f6ac94, To: {1}]]" classname="org.apache.flink.table.types.LogicalTypeParserTest" time="0"/>
  <testcase name="testParsing[40: [From: org.apache.flink.table.types.LogicalTypeParserTest$TestSpec@50f6ac94, To: {1}]]" classname="org.apache.flink.table.types.LogicalTypeParserTest" time="0.001"/>
  <testcase name="testSerializableParsing[40: [From: org.apache.flink.table.types.LogicalTypeParserTest$TestSpec@50f6ac94, To: {1}]]" classname="org.apache.flink.table.types.LogicalTypeParserTest" time="0"/>
  <testcase name="testErrorMessage[41: [From: org.apache.flink.table.types.LogicalTypeParserTest$TestSpec@6cc4cdb9, To: {1}]]" classname="org.apache.flink.table.types.LogicalTypeParserTest" time="0"/>
  <testcase name="testParsing[41: [From: org.apache.flink.table.types.LogicalTypeParserTest$TestSpec@6cc4cdb9, To: {1}]]" classname="org.apache.flink.table.types.LogicalTypeParserTest" time="0"/>
  <testcase name="testSerializableParsing[41: [From: org.apache.flink.table.types.LogicalTypeParserTest$TestSpec@6cc4cdb9, To: {1}]]" classname="org.apache.flink.table.types.LogicalTypeParserTest" time="0"/>
  <testcase name="testErrorMessage[42: [From: org.apache.flink.table.types.LogicalTypeParserTest$TestSpec@28194a50, To: {1}]]" classname="org.apache.flink.table.types.LogicalTypeParserTest" time="0"/>
  <testcase name="testParsing[42: [From: org.apache.flink.table.types.LogicalTypeParserTest$TestSpec@28194a50, To: {1}]]" classname="org.apache.flink.table.types.LogicalTypeParserTest" time="0"/>
  <testcase name="testSerializableParsing[42: [From: org.apache.flink.table.types.LogicalTypeParserTest$TestSpec@28194a50, To: {1}]]" classname="org.apache.flink.table.types.LogicalTypeParserTest" time="0"/>
  <testcase name="testErrorMessage[43: [From: org.apache.flink.table.types.LogicalTypeParserTest$TestSpec@7f2cfe3f, To: {1}]]" classname="org.apache.flink.table.types.LogicalTypeParserTest" time="0"/>
  <testcase name="testParsing[43: [From: org.apache.flink.table.types.LogicalTypeParserTest$TestSpec@7f2cfe3f, To: {1}]]" classname="org.apache.flink.table.types.LogicalTypeParserTest" time="0.001"/>
  <testcase name="testSerializableParsing[43: [From: org.apache.flink.table.types.LogicalTypeParserTest$TestSpec@7f2cfe3f, To: {1}]]" classname="org.apache.flink.table.types.LogicalTypeParserTest" time="0"/>
  <testcase name="testErrorMessage[44: [From: org.apache.flink.table.types.LogicalTypeParserTest$TestSpec@1a5b6f42, To: {1}]]" classname="org.apache.flink.table.types.LogicalTypeParserTest" time="0"/>
  <testcase name="testParsing[44: [From: org.apache.flink.table.types.LogicalTypeParserTest$TestSpec@1a5b6f42, To: {1}]]" classname="org.apache.flink.table.types.LogicalTypeParserTest" time="0"/>
  <testcase name="testSerializableParsing[44: [From: org.apache.flink.table.types.LogicalTypeParserTest$TestSpec@1a5b6f42, To: {1}]]" classname="org.apache.flink.table.types.LogicalTypeParserTest" time="0"/>
  <testcase name="testErrorMessage[45: [From: org.apache.flink.table.types.LogicalTypeParserTest$TestSpec@5038d0b5, To: {1}]]" classname="org.apache.flink.table.types.LogicalTypeParserTest" time="0"/>
  <testcase name="testParsing[45: [From: org.apache.flink.table.types.LogicalTypeParserTest$TestSpec@5038d0b5, To: {1}]]" classname="org.apache.flink.table.types.LogicalTypeParserTest" time="0"/>
  <testcase name="testSerializableParsing[45: [From: org.apache.flink.table.types.LogicalTypeParserTest$TestSpec@5038d0b5, To: {1}]]" classname="org.apache.flink.table.types.LogicalTypeParserTest" time="0"/>
  <testcase name="testErrorMessage[46: [From: org.apache.flink.table.types.LogicalTypeParserTest$TestSpec@32115b28, To: {1}]]" classname="org.apache.flink.table.types.LogicalTypeParserTest" time="0"/>
  <testcase name="testParsing[46: [From: org.apache.flink.table.types.LogicalTypeParserTest$TestSpec@32115b28, To: {1}]]" classname="org.apache.flink.table.types.LogicalTypeParserTest" time="0"/>
  <testcase name="testSerializableParsing[46: [From: org.apache.flink.table.types.LogicalTypeParserTest$TestSpec@32115b28, To: {1}]]" classname="org.apache.flink.table.types.LogicalTypeParserTest" time="0.001"/>
  <testcase name="testErrorMessage[47: [From: org.apache.flink.table.types.LogicalTypeParserTest$TestSpec@2ad48653, To: {1}]]" classname="org.apache.flink.table.types.LogicalTypeParserTest" time="0"/>
  <testcase name="testParsing[47: [From: org.apache.flink.table.types.LogicalTypeParserTest$TestSpec@2ad48653, To: {1}]]" classname="org.apache.flink.table.types.LogicalTypeParserTest" time="0.001"/>
  <testcase name="testSerializableParsing[47: [From: org.apache.flink.table.types.LogicalTypeParserTest$TestSpec@2ad48653, To: {1}]]" classname="org.apache.flink.table.types.LogicalTypeParserTest" time="0.001"/>
  <testcase name="testErrorMessage[48: [From: org.apache.flink.table.types.LogicalTypeParserTest$TestSpec@6bb4dd34, To: {1}]]" classname="org.apache.flink.table.types.LogicalTypeParserTest" time="0"/>
  <testcase name="testParsing[48: [From: org.apache.flink.table.types.LogicalTypeParserTest$TestSpec@6bb4dd34, To: {1}]]" classname="org.apache.flink.table.types.LogicalTypeParserTest" time="0"/>
  <testcase name="testSerializableParsing[48: [From: org.apache.flink.table.types.LogicalTypeParserTest$TestSpec@6bb4dd34, To: {1}]]" classname="org.apache.flink.table.types.LogicalTypeParserTest" time="0"/>
  <testcase name="testErrorMessage[49: [From: org.apache.flink.table.types.LogicalTypeParserTest$TestSpec@7d9f158f, To: {1}]]" classname="org.apache.flink.table.types.LogicalTypeParserTest" time="0"/>
  <testcase name="testParsing[49: [From: org.apache.flink.table.types.LogicalTypeParserTest$TestSpec@7d9f158f, To: {1}]]" classname="org.apache.flink.table.types.LogicalTypeParserTest" time="0"/>
  <testcase name="testSerializableParsing[49: [From: org.apache.flink.table.types.LogicalTypeParserTest$TestSpec@7d9f158f, To: {1}]]" classname="org.apache.flink.table.types.LogicalTypeParserTest" time="0"/>
  <testcase name="testErrorMessage[50: [From: org.apache.flink.table.types.LogicalTypeParserTest$TestSpec@45efd90f, To: {1}]]" classname="org.apache.flink.table.types.LogicalTypeParserTest" time="0"/>
  <testcase name="testParsing[50: [From: org.apache.flink.table.types.LogicalTypeParserTest$TestSpec@45efd90f, To: {1}]]" classname="org.apache.flink.table.types.LogicalTypeParserTest" time="0"/>
  <testcase name="testSerializableParsing[50: [From: org.apache.flink.table.types.LogicalTypeParserTest$TestSpec@45efd90f, To: {1}]]" classname="org.apache.flink.table.types.LogicalTypeParserTest" time="0"/>
  <testcase name="testErrorMessage[51: [From: org.apache.flink.table.types.LogicalTypeParserTest$TestSpec@4b8729ff, To: {1}]]" classname="org.apache.flink.table.types.LogicalTypeParserTest" time="0"/>
  <testcase name="testParsing[51: [From: org.apache.flink.table.types.LogicalTypeParserTest$TestSpec@4b8729ff, To: {1}]]" classname="org.apache.flink.table.types.LogicalTypeParserTest" time="0"/>
  <testcase name="testSerializableParsing[51: [From: org.apache.flink.table.types.LogicalTypeParserTest$TestSpec@4b8729ff, To: {1}]]" classname="org.apache.flink.table.types.LogicalTypeParserTest" time="0"/>
  <testcase name="testErrorMessage[52: [From: org.apache.flink.table.types.LogicalTypeParserTest$TestSpec@61710c6, To: {1}]]" classname="org.apache.flink.table.types.LogicalTypeParserTest" time="0"/>
  <testcase name="testParsing[52: [From: org.apache.flink.table.types.LogicalTypeParserTest$TestSpec@61710c6, To: {1}]]" classname="org.apache.flink.table.types.LogicalTypeParserTest" time="0"/>
  <testcase name="testSerializableParsing[52: [From: org.apache.flink.table.types.LogicalTypeParserTest$TestSpec@61710c6, To: {1}]]" classname="org.apache.flink.table.types.LogicalTypeParserTest" time="0"/>
  <testcase name="testErrorMessage[53: [From: org.apache.flink.table.types.LogicalTypeParserTest$TestSpec@3214ee6, To: {1}]]" classname="org.apache.flink.table.types.LogicalTypeParserTest" time="0"/>
  <testcase name="testParsing[53: [From: org.apache.flink.table.types.LogicalTypeParserTest$TestSpec@3214ee6, To: {1}]]" classname="org.apache.flink.table.types.LogicalTypeParserTest" time="0"/>
  <testcase name="testSerializableParsing[53: [From: org.apache.flink.table.types.LogicalTypeParserTest$TestSpec@3214ee6, To: {1}]]" classname="org.apache.flink.table.types.LogicalTypeParserTest" time="0"/>
  <testcase name="testErrorMessage[54: [From: org.apache.flink.table.types.LogicalTypeParserTest$TestSpec@383dc82c, To: {1}]]" classname="org.apache.flink.table.types.LogicalTypeParserTest" time="0"/>
  <testcase name="testParsing[54: [From: org.apache.flink.table.types.LogicalTypeParserTest$TestSpec@383dc82c, To: {1}]]" classname="org.apache.flink.table.types.LogicalTypeParserTest" time="0"/>
  <testcase name="testSerializableParsing[54: [From: org.apache.flink.table.types.LogicalTypeParserTest$TestSpec@383dc82c, To: {1}]]" classname="org.apache.flink.table.types.LogicalTypeParserTest" time="0"/>
  <testcase name="testErrorMessage[55: [From: org.apache.flink.table.types.LogicalTypeParserTest$TestSpec@4a07d605, To: {1}]]" classname="org.apache.flink.table.types.LogicalTypeParserTest" time="0"/>
  <testcase name="testParsing[55: [From: org.apache.flink.table.types.LogicalTypeParserTest$TestSpec@4a07d605, To: {1}]]" classname="org.apache.flink.table.types.LogicalTypeParserTest" time="0"/>
  <testcase name="testSerializableParsing[55: [From: org.apache.flink.table.types.LogicalTypeParserTest$TestSpec@4a07d605, To: {1}]]" classname="org.apache.flink.table.types.LogicalTypeParserTest" time="0"/>
  <testcase name="testErrorMessage[56: [From: org.apache.flink.table.types.LogicalTypeParserTest$TestSpec@74287ea3, To: {1}]]" classname="org.apache.flink.table.types.LogicalTypeParserTest" time="0"/>
  <testcase name="testParsing[56: [From: org.apache.flink.table.types.LogicalTypeParserTest$TestSpec@74287ea3, To: {1}]]" classname="org.apache.flink.table.types.LogicalTypeParserTest" time="0.001"/>
  <testcase name="testSerializableParsing[56: [From: org.apache.flink.table.types.LogicalTypeParserTest$TestSpec@74287ea3, To: {1}]]" classname="org.apache.flink.table.types.LogicalTypeParserTest" time="0"/>
  <testcase name="testErrorMessage[57: [From: org.apache.flink.table.types.LogicalTypeParserTest$TestSpec@7d7758be, To: {1}]]" classname="org.apache.flink.table.types.LogicalTypeParserTest" time="0"/>
  <testcase name="testParsing[57: [From: org.apache.flink.table.types.LogicalTypeParserTest$TestSpec@7d7758be, To: {1}]]" classname="org.apache.flink.table.types.LogicalTypeParserTest" time="0"/>
  <testcase name="testSerializableParsing[57: [From: org.apache.flink.table.types.LogicalTypeParserTest$TestSpec@7d7758be, To: {1}]]" classname="org.apache.flink.table.types.LogicalTypeParserTest" time="0"/>
  <testcase name="testErrorMessage[58: [From: org.apache.flink.table.types.LogicalTypeParserTest$TestSpec@2bdd8394, To: {1}]]" classname="org.apache.flink.table.types.LogicalTypeParserTest" time="0"/>
  <testcase name="testParsing[58: [From: org.apache.flink.table.types.LogicalTypeParserTest$TestSpec@2bdd8394, To: {1}]]" classname="org.apache.flink.table.types.LogicalTypeParserTest" time="0.001"/>
  <testcase name="testSerializableParsing[58: [From: org.apache.flink.table.types.LogicalTypeParserTest$TestSpec@2bdd8394, To: {1}]]" classname="org.apache.flink.table.types.LogicalTypeParserTest" time="0"/>
  <testcase name="testErrorMessage[59: [From: org.apache.flink.table.types.LogicalTypeParserTest$TestSpec@5f9edf14, To: {1}]]" classname="org.apache.flink.table.types.LogicalTypeParserTest" time="0"/>
  <testcase name="testParsing[59: [From: org.apache.flink.table.types.LogicalTypeParserTest$TestSpec@5f9edf14, To: {1}]]" classname="org.apache.flink.table.types.LogicalTypeParserTest" time="0"/>
  <testcase name="testSerializableParsing[59: [From: org.apache.flink.table.types.LogicalTypeParserTest$TestSpec@5f9edf14, To: {1}]]" classname="org.apache.flink.table.types.LogicalTypeParserTest" time="0"/>
  <testcase name="testErrorMessage[60: [From: org.apache.flink.table.types.LogicalTypeParserTest$TestSpec@68746f22, To: {1}]]" classname="org.apache.flink.table.types.LogicalTypeParserTest" time="0"/>
  <testcase name="testParsing[60: [From: org.apache.flink.table.types.LogicalTypeParserTest$TestSpec@68746f22, To: {1}]]" classname="org.apache.flink.table.types.LogicalTypeParserTest" time="0.004"/>
  <testcase name="testSerializableParsing[60: [From: org.apache.flink.table.types.LogicalTypeParserTest$TestSpec@68746f22, To: {1}]]" classname="org.apache.flink.table.types.LogicalTypeParserTest" time="0"/>
  <testcase name="testErrorMessage[61: [From: org.apache.flink.table.types.LogicalTypeParserTest$TestSpec@2f01783a, To: {1}]]" classname="org.apache.flink.table.types.LogicalTypeParserTest" time="0"/>
  <testcase name="testParsing[61: [From: org.apache.flink.table.types.LogicalTypeParserTest$TestSpec@2f01783a, To: {1}]]" classname="org.apache.flink.table.types.LogicalTypeParserTest" time="0"/>
  <testcase name="testSerializableParsing[61: [From: org.apache.flink.table.types.LogicalTypeParserTest$TestSpec@2f01783a, To: {1}]]" classname="org.apache.flink.table.types.LogicalTypeParserTest" time="0.001"/>
  <testcase name="testErrorMessage[62: [From: org.apache.flink.table.types.LogicalTypeParserTest$TestSpec@68878f6d, To: {1}]]" classname="org.apache.flink.table.types.LogicalTypeParserTest" time="0"/>
  <testcase name="testParsing[62: [From: org.apache.flink.table.types.LogicalTypeParserTest$TestSpec@68878f6d, To: {1}]]" classname="org.apache.flink.table.types.LogicalTypeParserTest" time="0"/>
  <testcase name="testSerializableParsing[62: [From: org.apache.flink.table.types.LogicalTypeParserTest$TestSpec@68878f6d, To: {1}]]" classname="org.apache.flink.table.types.LogicalTypeParserTest" time="0"/>
  <testcase name="testErrorMessage[63: [From: org.apache.flink.table.types.LogicalTypeParserTest$TestSpec@41488b16, To: {1}]]" classname="org.apache.flink.table.types.LogicalTypeParserTest" time="0"/>
  <testcase name="testParsing[63: [From: org.apache.flink.table.types.LogicalTypeParserTest$TestSpec@41488b16, To: {1}]]" classname="org.apache.flink.table.types.LogicalTypeParserTest" time="0"/>
  <testcase name="testSerializableParsing[63: [From: org.apache.flink.table.types.LogicalTypeParserTest$TestSpec@41488b16, To: {1}]]" classname="org.apache.flink.table.types.LogicalTypeParserTest" time="0"/>
  <testcase name="testErrorMessage[64: [From: org.apache.flink.table.types.LogicalTypeParserTest$TestSpec@a8ef162, To: {1}]]" classname="org.apache.flink.table.types.LogicalTypeParserTest" time="0"/>
  <testcase name="testParsing[64: [From: org.apache.flink.table.types.LogicalTypeParserTest$TestSpec@a8ef162, To: {1}]]" classname="org.apache.flink.table.types.LogicalTypeParserTest" time="0.001"/>
  <testcase name="testSerializableParsing[64: [From: org.apache.flink.table.types.LogicalTypeParserTest$TestSpec@a8ef162, To: {1}]]" classname="org.apache.flink.table.types.LogicalTypeParserTest" time="0"/>
  <testcase name="testErrorMessage[65: [From: org.apache.flink.table.types.LogicalTypeParserTest$TestSpec@2eea88a1, To: {1}]]" classname="org.apache.flink.table.types.LogicalTypeParserTest" time="0"/>
  <testcase name="testParsing[65: [From: org.apache.flink.table.types.LogicalTypeParserTest$TestSpec@2eea88a1, To: {1}]]" classname="org.apache.flink.table.types.LogicalTypeParserTest" time="0.001"/>
  <testcase name="testSerializableParsing[65: [From: org.apache.flink.table.types.LogicalTypeParserTest$TestSpec@2eea88a1, To: {1}]]" classname="org.apache.flink.table.types.LogicalTypeParserTest" time="0.002"/>
  <testcase name="testErrorMessage[66: [From: org.apache.flink.table.types.LogicalTypeParserTest$TestSpec@7ac296f6, To: {1}]]" classname="org.apache.flink.table.types.LogicalTypeParserTest" time="0"/>
  <testcase name="testParsing[66: [From: org.apache.flink.table.types.LogicalTypeParserTest$TestSpec@7ac296f6, To: {1}]]" classname="org.apache.flink.table.types.LogicalTypeParserTest" time="0.001"/>
  <testcase name="testSerializableParsing[66: [From: org.apache.flink.table.types.LogicalTypeParserTest$TestSpec@7ac296f6, To: {1}]]" classname="org.apache.flink.table.types.LogicalTypeParserTest" time="0"/>
  <testcase name="testErrorMessage[67: [From: org.apache.flink.table.types.LogicalTypeParserTest$TestSpec@7fd7a283, To: {1}]]" classname="org.apache.flink.table.types.LogicalTypeParserTest" time="0.001"/>
  <testcase name="testParsing[67: [From: org.apache.flink.table.types.LogicalTypeParserTest$TestSpec@7fd7a283, To: {1}]]" classname="org.apache.flink.table.types.LogicalTypeParserTest" time="0"/>
  <testcase name="testSerializableParsing[67: [From: org.apache.flink.table.types.LogicalTypeParserTest$TestSpec@7fd7a283, To: {1}]]" classname="org.apache.flink.table.types.LogicalTypeParserTest" time="0"/>
  <testcase name="testErrorMessage[68: [From: org.apache.flink.table.types.LogicalTypeParserTest$TestSpec@22f59fa, To: {1}]]" classname="org.apache.flink.table.types.LogicalTypeParserTest" time="0"/>
  <testcase name="testParsing[68: [From: org.apache.flink.table.types.LogicalTypeParserTest$TestSpec@22f59fa, To: {1}]]" classname="org.apache.flink.table.types.LogicalTypeParserTest" time="0.001"/>
  <testcase name="testSerializableParsing[68: [From: org.apache.flink.table.types.LogicalTypeParserTest$TestSpec@22f59fa, To: {1}]]" classname="org.apache.flink.table.types.LogicalTypeParserTest" time="0"/>
  <testcase name="testErrorMessage[69: [From: org.apache.flink.table.types.LogicalTypeParserTest$TestSpec@78fa769e, To: {1}]]" classname="org.apache.flink.table.types.LogicalTypeParserTest" time="0"/>
  <testcase name="testParsing[69: [From: org.apache.flink.table.types.LogicalTypeParserTest$TestSpec@78fa769e, To: {1}]]" classname="org.apache.flink.table.types.LogicalTypeParserTest" time="0"/>
  <testcase name="testSerializableParsing[69: [From: org.apache.flink.table.types.LogicalTypeParserTest$TestSpec@78fa769e, To: {1}]]" classname="org.apache.flink.table.types.LogicalTypeParserTest" time="0"/>
  <testcase name="testErrorMessage[70: [From: org.apache.flink.table.types.LogicalTypeParserTest$TestSpec@16612a51, To: {1}]]" classname="org.apache.flink.table.types.LogicalTypeParserTest" time="0"/>
  <testcase name="testParsing[70: [From: org.apache.flink.table.types.LogicalTypeParserTest$TestSpec@16612a51, To: {1}]]" classname="org.apache.flink.table.types.LogicalTypeParserTest" time="0"/>
  <testcase name="testSerializableParsing[70: [From: org.apache.flink.table.types.LogicalTypeParserTest$TestSpec@16612a51, To: {1}]]" classname="org.apache.flink.table.types.LogicalTypeParserTest" time="0"/>
  <testcase name="testErrorMessage[71: [From: org.apache.flink.table.types.LogicalTypeParserTest$TestSpec@54e041a4, To: {1}]]" classname="org.apache.flink.table.types.LogicalTypeParserTest" time="0"/>
  <testcase name="testParsing[71: [From: org.apache.flink.table.types.LogicalTypeParserTest$TestSpec@54e041a4, To: {1}]]" classname="org.apache.flink.table.types.LogicalTypeParserTest" time="0.001"/>
  <testcase name="testSerializableParsing[71: [From: org.apache.flink.table.types.LogicalTypeParserTest$TestSpec@54e041a4, To: {1}]]" classname="org.apache.flink.table.types.LogicalTypeParserTest" time="0"/>
  <testcase name="testErrorMessage[72: [From: org.apache.flink.table.types.LogicalTypeParserTest$TestSpec@2c78324b, To: {1}]]" classname="org.apache.flink.table.types.LogicalTypeParserTest" time="0"/>
  <testcase name="testParsing[72: [From: org.apache.flink.table.types.LogicalTypeParserTest$TestSpec@2c78324b, To: {1}]]" classname="org.apache.flink.table.types.LogicalTypeParserTest" time="0"/>
  <testcase name="testSerializableParsing[72: [From: org.apache.flink.table.types.LogicalTypeParserTest$TestSpec@2c78324b, To: {1}]]" classname="org.apache.flink.table.types.LogicalTypeParserTest" time="0"/>
  <testcase name="testErrorMessage[73: [From: org.apache.flink.table.types.LogicalTypeParserTest$TestSpec@79defdc, To: {1}]]" classname="org.apache.flink.table.types.LogicalTypeParserTest" time="0"/>
  <testcase name="testParsing[73: [From: org.apache.flink.table.types.LogicalTypeParserTest$TestSpec@79defdc, To: {1}]]" classname="org.apache.flink.table.types.LogicalTypeParserTest" time="0.002"/>
  <testcase name="testSerializableParsing[73: [From: org.apache.flink.table.types.LogicalTypeParserTest$TestSpec@79defdc, To: {1}]]" classname="org.apache.flink.table.types.LogicalTypeParserTest" time="0.001"/>
  <testcase name="testErrorMessage[74: [From: org.apache.flink.table.types.LogicalTypeParserTest$TestSpec@18317edc, To: {1}]]" classname="org.apache.flink.table.types.LogicalTypeParserTest" time="0"/>
  <testcase name="testParsing[74: [From: org.apache.flink.table.types.LogicalTypeParserTest$TestSpec@18317edc, To: {1}]]" classname="org.apache.flink.table.types.LogicalTypeParserTest" time="0.006"/>
  <testcase name="testSerializableParsing[74: [From: org.apache.flink.table.types.LogicalTypeParserTest$TestSpec@18317edc, To: {1}]]" classname="org.apache.flink.table.types.LogicalTypeParserTest" time="0"/>
  <testcase name="testErrorMessage[75: [From: org.apache.flink.table.types.LogicalTypeParserTest$TestSpec@4e0ae11f, To: {1}]]" classname="org.apache.flink.table.types.LogicalTypeParserTest" time="0"/>
  <testcase name="testParsing[75: [From: org.apache.flink.table.types.LogicalTypeParserTest$TestSpec@4e0ae11f, To: {1}]]" classname="org.apache.flink.table.types.LogicalTypeParserTest" time="0"/>
  <testcase name="testSerializableParsing[75: [From: org.apache.flink.table.types.LogicalTypeParserTest$TestSpec@4e0ae11f, To: {1}]]" classname="org.apache.flink.table.types.LogicalTypeParserTest" time="0"/>
  <testcase name="testErrorMessage[76: [From: org.apache.flink.table.types.LogicalTypeParserTest$TestSpec@238d68ff, To: {1}]]" classname="org.apache.flink.table.types.LogicalTypeParserTest" time="0"/>
  <testcase name="testParsing[76: [From: org.apache.flink.table.types.LogicalTypeParserTest$TestSpec@238d68ff, To: {1}]]" classname="org.apache.flink.table.types.LogicalTypeParserTest" time="0"/>
  <testcase name="testSerializableParsing[76: [From: org.apache.flink.table.types.LogicalTypeParserTest$TestSpec@238d68ff, To: {1}]]" classname="org.apache.flink.table.types.LogicalTypeParserTest" time="0"/>
  <testcase name="testErrorMessage[77: [From: org.apache.flink.table.types.LogicalTypeParserTest$TestSpec@4b86805d, To: {1}]]" classname="org.apache.flink.table.types.LogicalTypeParserTest" time="0"/>
  <testcase name="testParsing[77: [From: org.apache.flink.table.types.LogicalTypeParserTest$TestSpec@4b86805d, To: {1}]]" classname="org.apache.flink.table.types.LogicalTypeParserTest" time="0.001"/>
  <testcase name="testSerializableParsing[77: [From: org.apache.flink.table.types.LogicalTypeParserTest$TestSpec@4b86805d, To: {1}]]" classname="org.apache.flink.table.types.LogicalTypeParserTest" time="0"/>
  <testcase name="testErrorMessage[78: [From: org.apache.flink.table.types.LogicalTypeParserTest$TestSpec@5852c06f, To: {1}]]" classname="org.apache.flink.table.types.LogicalTypeParserTest" time="0"/>
  <testcase name="testParsing[78: [From: org.apache.flink.table.types.LogicalTypeParserTest$TestSpec@5852c06f, To: {1}]]" classname="org.apache.flink.table.types.LogicalTypeParserTest" time="0"/>
  <testcase name="testSerializableParsing[78: [From: org.apache.flink.table.types.LogicalTypeParserTest$TestSpec@5852c06f, To: {1}]]" classname="org.apache.flink.table.types.LogicalTypeParserTest" time="0"/>
  <testcase name="testErrorMessage[79: [From: org.apache.flink.table.types.LogicalTypeParserTest$TestSpec@4149c063, To: {1}]]" classname="org.apache.flink.table.types.LogicalTypeParserTest" time="0"/>
  <testcase name="testParsing[79: [From: org.apache.flink.table.types.LogicalTypeParserTest$TestSpec@4149c063, To: {1}]]" classname="org.apache.flink.table.types.LogicalTypeParserTest" time="0.003"/>
  <testcase name="testSerializableParsing[79: [From: org.apache.flink.table.types.LogicalTypeParserTest$TestSpec@4149c063, To: {1}]]" classname="org.apache.flink.table.types.LogicalTypeParserTest" time="0.001"/>
  <testcase name="testErrorMessage[80: [From: org.apache.flink.table.types.LogicalTypeParserTest$TestSpec@9cb8225, To: {1}]]" classname="org.apache.flink.table.types.LogicalTypeParserTest" time="0"/>
  <testcase name="testParsing[80: [From: org.apache.flink.table.types.LogicalTypeParserTest$TestSpec@9cb8225, To: {1}]]" classname="org.apache.flink.table.types.LogicalTypeParserTest" time="0"/>
  <testcase name="testSerializableParsing[80: [From: org.apache.flink.table.types.LogicalTypeParserTest$TestSpec@9cb8225, To: {1}]]" classname="org.apache.flink.table.types.LogicalTypeParserTest" time="0"/>
  <testcase name="testErrorMessage[81: [From: org.apache.flink.table.types.LogicalTypeParserTest$TestSpec@76b07f29, To: {1}]]" classname="org.apache.flink.table.types.LogicalTypeParserTest" time="0"/>
  <testcase name="testParsing[81: [From: org.apache.flink.table.types.LogicalTypeParserTest$TestSpec@76b07f29, To: {1}]]" classname="org.apache.flink.table.types.LogicalTypeParserTest" time="0"/>
  <testcase name="testSerializableParsing[81: [From: org.apache.flink.table.types.LogicalTypeParserTest$TestSpec@76b07f29, To: {1}]]" classname="org.apache.flink.table.types.LogicalTypeParserTest" time="0"/>
  <testcase name="testErrorMessage[82: [From: org.apache.flink.table.types.LogicalTypeParserTest$TestSpec@38af9828, To: {1}]]" classname="org.apache.flink.table.types.LogicalTypeParserTest" time="0.004"/>
  <testcase name="testParsing[82: [From: org.apache.flink.table.types.LogicalTypeParserTest$TestSpec@38af9828, To: {1}]]" classname="org.apache.flink.table.types.LogicalTypeParserTest" time="0"/>
  <testcase name="testSerializableParsing[82: [From: org.apache.flink.table.types.LogicalTypeParserTest$TestSpec@38af9828, To: {1}]]" classname="org.apache.flink.table.types.LogicalTypeParserTest" time="0"/>
  <testcase name="testErrorMessage[83: [From: org.apache.flink.table.types.LogicalTypeParserTest$TestSpec@376a0d86, To: {1}]]" classname="org.apache.flink.table.types.LogicalTypeParserTest" time="0"/>
  <testcase name="testParsing[83: [From: org.apache.flink.table.types.LogicalTypeParserTest$TestSpec@376a0d86, To: {1}]]" classname="org.apache.flink.table.types.LogicalTypeParserTest" time="0"/>
  <testcase name="testSerializableParsing[83: [From: org.apache.flink.table.types.LogicalTypeParserTest$TestSpec@376a0d86, To: {1}]]" classname="org.apache.flink.table.types.LogicalTypeParserTest" time="0"/>
  <testcase name="testErrorMessage[84: [From: org.apache.flink.table.types.LogicalTypeParserTest$TestSpec@62656be4, To: {1}]]" classname="org.apache.flink.table.types.LogicalTypeParserTest" time="0.001"/>
  <testcase name="testParsing[84: [From: org.apache.flink.table.types.LogicalTypeParserTest$TestSpec@62656be4, To: {1}]]" classname="org.apache.flink.table.types.LogicalTypeParserTest" time="0"/>
  <testcase name="testSerializableParsing[84: [From: org.apache.flink.table.types.LogicalTypeParserTest$TestSpec@62656be4, To: {1}]]" classname="org.apache.flink.table.types.LogicalTypeParserTest" time="0"/>
  <testcase name="testErrorMessage[85: [From: org.apache.flink.table.types.LogicalTypeParserTest$TestSpec@17d919b6, To: {1}]]" classname="org.apache.flink.table.types.LogicalTypeParserTest" time="0.001"/>
  <testcase name="testParsing[85: [From: org.apache.flink.table.types.LogicalTypeParserTest$TestSpec@17d919b6, To: {1}]]" classname="org.apache.flink.table.types.LogicalTypeParserTest" time="0"/>
  <testcase name="testSerializableParsing[85: [From: org.apache.flink.table.types.LogicalTypeParserTest$TestSpec@17d919b6, To: {1}]]" classname="org.apache.flink.table.types.LogicalTypeParserTest" time="0"/>
  <testcase name="testErrorMessage[86: [From: org.apache.flink.table.types.LogicalTypeParserTest$TestSpec@53f3bdbd, To: {1}]]" classname="org.apache.flink.table.types.LogicalTypeParserTest" time="0.001"/>
  <testcase name="testParsing[86: [From: org.apache.flink.table.types.LogicalTypeParserTest$TestSpec@53f3bdbd, To: {1}]]" classname="org.apache.flink.table.types.LogicalTypeParserTest" time="0"/>
  <testcase name="testSerializableParsing[86: [From: org.apache.flink.table.types.LogicalTypeParserTest$TestSpec@53f3bdbd, To: {1}]]" classname="org.apache.flink.table.types.LogicalTypeParserTest" time="0"/>
  <testcase name="testErrorMessage[87: [From: org.apache.flink.table.types.LogicalTypeParserTest$TestSpec@34129c78, To: {1}]]" classname="org.apache.flink.table.types.LogicalTypeParserTest" time="0"/>
  <testcase name="testParsing[87: [From: org.apache.flink.table.types.LogicalTypeParserTest$TestSpec@34129c78, To: {1}]]" classname="org.apache.flink.table.types.LogicalTypeParserTest" time="0"/>
  <testcase name="testSerializableParsing[87: [From: org.apache.flink.table.types.LogicalTypeParserTest$TestSpec@34129c78, To: {1}]]" classname="org.apache.flink.table.types.LogicalTypeParserTest" time="0"/>
</testsuite>