<?xml version="1.0" encoding="UTF-8"?>
<testsuite xmlns:xsi="http://www.w3.org/2001/XMLSchema-instance" xsi:noNamespaceSchemaLocation="https://maven.apache.org/surefire/maven-surefire-plugin/xsd/surefire-test-report.xsd" name="org.apache.flink.table.types.LogicalTypeCastsTest" time="0.04" tests="70" errors="0" skipped="0" failures="0">
  <properties>
    <property name="gopherProxySet" value="false"/>
    <property name="awt.toolkit" value="sun.lwawt.macosx.LWCToolkit"/>
    <property name="file.encoding.pkg" value="sun.io"/>
    <property name="java.specification.version" value="1.8"/>
    <property name="sun.cpu.isalist" value=""/>
    <property name="forkNumber" value="01"/>
    <property name="sun.jnu.encoding" value="UTF-8"/>
    <property name="java.class.path" value="/Users/liuzhiwei/ideapro/flink-1.14.4/flink-table/flink-table-common/target/test-classes:/Users/liuzhiwei/ideapro/flink-1.14.4/flink-table/flink-table-common/target/classes:/Users/liuzhiwei/ideapro/flink-1.14.4/flink-core/target/flink-core-1.14.4.jar:/Users/liuzhiwei/ideapro/flink-1.14.4/flink-annotations/target/flink-annotations-1.14.4.jar:/Users/liuzhiwei/ideapro/flink-1.14.4/flink-metrics/flink-metrics-core/target/flink-metrics-core-1.14.4.jar:/Users/liuzhiwei/.m2/repository/org/apache/commons/commons-lang3/3.3.2/commons-lang3-3.3.2.jar:/Users/liuzhiwei/.m2/repository/com/esotericsoftware/kryo/kryo/2.24.0/kryo-2.24.0.jar:/Users/liuzhiwei/.m2/repository/com/esotericsoftware/minlog/minlog/1.2/minlog-1.2.jar:/Users/liuzhiwei/.m2/repository/commons-collections/commons-collections/3.2.2/commons-collections-3.2.2.jar:/Users/liuzhiwei/.m2/repository/org/apache/commons/commons-compress/1.21/commons-compress-1.21.jar:/Users/liuzhiwei/.m2/repository/org/apache/flink/flink-shaded-guava/30.1.1-jre-14.0/flink-shaded-guava-30.1.1-jre-14.0.jar:/Users/liuzhiwei/ideapro/flink-1.14.4/flink-connectors/flink-connector-files/target/flink-connector-files-1.14.4.jar:/Users/liuzhiwei/ideapro/flink-1.14.4/flink-connectors/flink-file-sink-common/target/flink-file-sink-common-1.14.4.jar:/Users/liuzhiwei/ideapro/flink-1.14.4/flink-connectors/flink-connector-base/target/flink-connector-base-1.14.4.jar:/Users/liuzhiwei/.m2/repository/org/apache/flink/flink-shaded-asm-7/7.1-14.0/flink-shaded-asm-7-7.1-14.0.jar:/Users/liuzhiwei/.m2/repository/com/ibm/icu/icu4j/67.1/icu4j-67.1.jar:/Users/liuzhiwei/ideapro/flink-1.14.4/flink-core/target/flink-core-1.14.4-tests.jar:/Users/liuzhiwei/ideapro/flink-1.14.4/flink-test-utils-parent/flink-test-utils-junit/target/flink-test-utils-junit-1.14.4.jar:/Users/liuzhiwei/.m2/repository/org/apache/flink/flink-shaded-force-shading/14.0/flink-shaded-force-shading-14.0.jar:/Users/liuzhiwei/.m2/repository/org/slf4j/slf4j-api/1.7.15/slf4j-api-1.7.15.jar:/Users/liuzhiwei/.m2/repository/com/google/code/findbugs/jsr305/1.3.9/jsr305-1.3.9.jar:/Users/liuzhiwei/.m2/repository/org/junit/jupiter/junit-jupiter/5.7.2/junit-jupiter-5.7.2.jar:/Users/liuzhiwei/.m2/repository/org/junit/jupiter/junit-jupiter-api/5.7.2/junit-jupiter-api-5.7.2.jar:/Users/liuzhiwei/.m2/repository/org/opentest4j/opentest4j/1.2.0/opentest4j-1.2.0.jar:/Users/liuzhiwei/.m2/repository/org/junit/platform/junit-platform-commons/1.7.2/junit-platform-commons-1.7.2.jar:/Users/liuzhiwei/.m2/repository/org/junit/jupiter/junit-jupiter-params/5.7.2/junit-jupiter-params-5.7.2.jar:/Users/liuzhiwei/.m2/repository/org/junit/jupiter/junit-jupiter-engine/5.7.2/junit-jupiter-engine-5.7.2.jar:/Users/liuzhiwei/.m2/repository/org/junit/vintage/junit-vintage-engine/5.7.2/junit-vintage-engine-5.7.2.jar:/Users/liuzhiwei/.m2/repository/org/apiguardian/apiguardian-api/1.1.0/apiguardian-api-1.1.0.jar:/Users/liuzhiwei/.m2/repository/org/junit/platform/junit-platform-engine/1.7.2/junit-platform-engine-1.7.2.jar:/Users/liuzhiwei/.m2/repository/junit/junit/4.13.2/junit-4.13.2.jar:/Users/liuzhiwei/.m2/repository/org/mockito/mockito-core/2.21.0/mockito-core-2.21.0.jar:/Users/liuzhiwei/.m2/repository/net/bytebuddy/byte-buddy/1.8.22/byte-buddy-1.8.22.jar:/Users/liuzhiwei/.m2/repository/net/bytebuddy/byte-buddy-agent/1.8.22/byte-buddy-agent-1.8.22.jar:/Users/liuzhiwei/.m2/repository/org/objenesis/objenesis/2.1/objenesis-2.1.jar:/Users/liuzhiwei/.m2/repository/org/powermock/powermock-module-junit4/2.0.4/powermock-module-junit4-2.0.4.jar:/Users/liuzhiwei/.m2/repository/org/powermock/powermock-module-junit4-common/2.0.4/powermock-module-junit4-common-2.0.4.jar:/Users/liuzhiwei/.m2/repository/org/powermock/powermock-reflect/2.0.4/powermock-reflect-2.0.4.jar:/Users/liuzhiwei/.m2/repository/org/powermock/powermock-core/2.0.4/powermock-core-2.0.4.jar:/Users/liuzhiwei/.m2/repository/org/javassist/javassist/3.24.0-GA/javassist-3.24.0-GA.jar:/Users/liuzhiwei/.m2/repository/org/hamcrest/hamcrest-core/1.3/hamcrest-core-1.3.jar:/Users/liuzhiwei/.m2/repository/org/powermock/powermock-api-mockito2/2.0.4/powermock-api-mockito2-2.0.4.jar:/Users/liuzhiwei/.m2/repository/org/powermock/powermock-api-support/2.0.4/powermock-api-support-2.0.4.jar:/Users/liuzhiwei/.m2/repository/org/hamcrest/hamcrest-all/1.3/hamcrest-all-1.3.jar:/Users/liuzhiwei/.m2/repository/org/apache/logging/log4j/log4j-slf4j-impl/2.17.1/log4j-slf4j-impl-2.17.1.jar:/Users/liuzhiwei/.m2/repository/org/apache/logging/log4j/log4j-api/2.17.1/log4j-api-2.17.1.jar:/Users/liuzhiwei/.m2/repository/org/apache/logging/log4j/log4j-core/2.17.1/log4j-core-2.17.1.jar:/Users/liuzhiwei/.m2/repository/org/apache/logging/log4j/log4j-1.2-api/2.17.1/log4j-1.2-api-2.17.1.jar:"/>
    <property name="java.vm.vendor" value="Oracle Corporation"/>
    <property name="hadoop.version" value="2.4.1"/>
    <property name="sun.arch.data.model" value="64"/>
    <property name="java.vendor.url" value="http://java.oracle.com/"/>
    <property name="user.timezone" value=""/>
    <property name="java.vm.specification.version" value="1.8"/>
    <property name="os.name" value="Mac OS X"/>
    <property name="user.country" value="US"/>
    <property name="sun.java.launcher" value="SUN_STANDARD"/>
    <property name="sun.boot.library.path" value="/Library/Java/JavaVirtualMachines/jdk1.8.0_311.jdk/Contents/Home/jre/lib"/>
    <property name="project.basedir" value="/Users/liuzhiwei/ideapro/flink-1.14.4/flink-table/flink-table-common"/>
    <property name="sun.java.command" value="/Users/liuzhiwei/ideapro/flink-1.14.4/flink-table/flink-table-common/target/surefire/surefirebooter8017064036921010743.jar /Users/liuzhiwei/ideapro/flink-1.14.4/flink-table/flink-table-common/target/surefire 2022-06-10T17-37-14_312-jvmRun1 surefire8104797305428732709tmp surefire_11935237110688197575571tmp"/>
    <property name="surefire.test.class.path" value="/Users/liuzhiwei/ideapro/flink-1.14.4/flink-table/flink-table-common/target/test-classes:/Users/liuzhiwei/ideapro/flink-1.14.4/flink-table/flink-table-common/target/classes:/Users/liuzhiwei/ideapro/flink-1.14.4/flink-core/target/flink-core-1.14.4.jar:/Users/liuzhiwei/ideapro/flink-1.14.4/flink-annotations/target/flink-annotations-1.14.4.jar:/Users/liuzhiwei/ideapro/flink-1.14.4/flink-metrics/flink-metrics-core/target/flink-metrics-core-1.14.4.jar:/Users/liuzhiwei/.m2/repository/org/apache/commons/commons-lang3/3.3.2/commons-lang3-3.3.2.jar:/Users/liuzhiwei/.m2/repository/com/esotericsoftware/kryo/kryo/2.24.0/kryo-2.24.0.jar:/Users/liuzhiwei/.m2/repository/com/esotericsoftware/minlog/minlog/1.2/minlog-1.2.jar:/Users/liuzhiwei/.m2/repository/commons-collections/commons-collections/3.2.2/commons-collections-3.2.2.jar:/Users/liuzhiwei/.m2/repository/org/apache/commons/commons-compress/1.21/commons-compress-1.21.jar:/Users/liuzhiwei/.m2/repository/org/apache/flink/flink-shaded-guava/30.1.1-jre-14.0/flink-shaded-guava-30.1.1-jre-14.0.jar:/Users/liuzhiwei/ideapro/flink-1.14.4/flink-connectors/flink-connector-files/target/flink-connector-files-1.14.4.jar:/Users/liuzhiwei/ideapro/flink-1.14.4/flink-connectors/flink-file-sink-common/target/flink-file-sink-common-1.14.4.jar:/Users/liuzhiwei/ideapro/flink-1.14.4/flink-connectors/flink-connector-base/target/flink-connector-base-1.14.4.jar:/Users/liuzhiwei/.m2/repository/org/apache/flink/flink-shaded-asm-7/7.1-14.0/flink-shaded-asm-7-7.1-14.0.jar:/Users/liuzhiwei/.m2/repository/com/ibm/icu/icu4j/67.1/icu4j-67.1.jar:/Users/liuzhiwei/ideapro/flink-1.14.4/flink-core/target/flink-core-1.14.4-tests.jar:/Users/liuzhiwei/ideapro/flink-1.14.4/flink-test-utils-parent/flink-test-utils-junit/target/flink-test-utils-junit-1.14.4.jar:/Users/liuzhiwei/.m2/repository/org/apache/flink/flink-shaded-force-shading/14.0/flink-shaded-force-shading-14.0.jar:/Users/liuzhiwei/.m2/repository/org/slf4j/slf4j-api/1.7.15/slf4j-api-1.7.15.jar:/Users/liuzhiwei/.m2/repository/com/google/code/findbugs/jsr305/1.3.9/jsr305-1.3.9.jar:/Users/liuzhiwei/.m2/repository/org/junit/jupiter/junit-jupiter/5.7.2/junit-jupiter-5.7.2.jar:/Users/liuzhiwei/.m2/repository/org/junit/jupiter/junit-jupiter-api/5.7.2/junit-jupiter-api-5.7.2.jar:/Users/liuzhiwei/.m2/repository/org/opentest4j/opentest4j/1.2.0/opentest4j-1.2.0.jar:/Users/liuzhiwei/.m2/repository/org/junit/platform/junit-platform-commons/1.7.2/junit-platform-commons-1.7.2.jar:/Users/liuzhiwei/.m2/repository/org/junit/jupiter/junit-jupiter-params/5.7.2/junit-jupiter-params-5.7.2.jar:/Users/liuzhiwei/.m2/repository/org/junit/jupiter/junit-jupiter-engine/5.7.2/junit-jupiter-engine-5.7.2.jar:/Users/liuzhiwei/.m2/repository/org/junit/vintage/junit-vintage-engine/5.7.2/junit-vintage-engine-5.7.2.jar:/Users/liuzhiwei/.m2/repository/org/apiguardian/apiguardian-api/1.1.0/apiguardian-api-1.1.0.jar:/Users/liuzhiwei/.m2/repository/org/junit/platform/junit-platform-engine/1.7.2/junit-platform-engine-1.7.2.jar:/Users/liuzhiwei/.m2/repository/junit/junit/4.13.2/junit-4.13.2.jar:/Users/liuzhiwei/.m2/repository/org/mockito/mockito-core/2.21.0/mockito-core-2.21.0.jar:/Users/liuzhiwei/.m2/repository/net/bytebuddy/byte-buddy/1.8.22/byte-buddy-1.8.22.jar:/Users/liuzhiwei/.m2/repository/net/bytebuddy/byte-buddy-agent/1.8.22/byte-buddy-agent-1.8.22.jar:/Users/liuzhiwei/.m2/repository/org/objenesis/objenesis/2.1/objenesis-2.1.jar:/Users/liuzhiwei/.m2/repository/org/powermock/powermock-module-junit4/2.0.4/powermock-module-junit4-2.0.4.jar:/Users/liuzhiwei/.m2/repository/org/powermock/powermock-module-junit4-common/2.0.4/powermock-module-junit4-common-2.0.4.jar:/Users/liuzhiwei/.m2/repository/org/powermock/powermock-reflect/2.0.4/powermock-reflect-2.0.4.jar:/Users/liuzhiwei/.m2/repository/org/powermock/powermock-core/2.0.4/powermock-core-2.0.4.jar:/Users/liuzhiwei/.m2/repository/org/javassist/javassist/3.24.0-GA/javassist-3.24.0-GA.jar:/Users/liuzhiwei/.m2/repository/org/hamcrest/hamcrest-core/1.3/hamcrest-core-1.3.jar:/Users/liuzhiwei/.m2/repository/org/powermock/powermock-api-mockito2/2.0.4/powermock-api-mockito2-2.0.4.jar:/Users/liuzhiwei/.m2/repository/org/powermock/powermock-api-support/2.0.4/powermock-api-support-2.0.4.jar:/Users/liuzhiwei/.m2/repository/org/hamcrest/hamcrest-all/1.3/hamcrest-all-1.3.jar:/Users/liuzhiwei/.m2/repository/org/apache/logging/log4j/log4j-slf4j-impl/2.17.1/log4j-slf4j-impl-2.17.1.jar:/Users/liuzhiwei/.m2/repository/org/apache/logging/log4j/log4j-api/2.17.1/log4j-api-2.17.1.jar:/Users/liuzhiwei/.m2/repository/org/apache/logging/log4j/log4j-core/2.17.1/log4j-core-2.17.1.jar:/Users/liuzhiwei/.m2/repository/org/apache/logging/log4j/log4j-1.2-api/2.17.1/log4j-1.2-api-2.17.1.jar:"/>
    <property name="sun.cpu.endian" value="little"/>
    <property name="user.home" value="/Users/liuzhiwei"/>
    <property name="user.language" value="en"/>
    <property name="java.specification.vendor" value="Oracle Corporation"/>
    <property name="java.home" value="/Library/Java/JavaVirtualMachines/jdk1.8.0_311.jdk/Contents/Home/jre"/>
    <property name="basedir" value="/Users/liuzhiwei/ideapro/flink-1.14.4/flink-table/flink-table-common"/>
    <property name="file.separator" value="/"/>
    <property name="line.separator" value="&#10;"/>
    <property name="java.vm.specification.vendor" value="Oracle Corporation"/>
    <property name="java.specification.name" value="Java Platform API Specification"/>
    <property name="java.awt.graphicsenv" value="sun.awt.CGraphicsEnvironment"/>
    <property name="test.randomization.seed" value=""/>
    <property name="mvn.forkNumber" value="1"/>
    <property name="surefire.real.class.path" value="/Users/liuzhiwei/ideapro/flink-1.14.4/flink-table/flink-table-common/target/surefire/surefirebooter8017064036921010743.jar"/>
    <property name="buffer-debloat.randomization" value="true"/>
    <property name="sun.boot.class.path" value="/Library/Java/JavaVirtualMachines/jdk1.8.0_311.jdk/Contents/Home/jre/lib/resources.jar:/Library/Java/JavaVirtualMachines/jdk1.8.0_311.jdk/Contents/Home/jre/lib/rt.jar:/Library/Java/JavaVirtualMachines/jdk1.8.0_311.jdk/Contents/Home/jre/lib/sunrsasign.jar:/Library/Java/JavaVirtualMachines/jdk1.8.0_311.jdk/Contents/Home/jre/lib/jsse.jar:/Library/Java/JavaVirtualMachines/jdk1.8.0_311.jdk/Contents/Home/jre/lib/jce.jar:/Library/Java/JavaVirtualMachines/jdk1.8.0_311.jdk/Contents/Home/jre/lib/charsets.jar:/Library/Java/JavaVirtualMachines/jdk1.8.0_311.jdk/Contents/Home/jre/lib/jfr.jar:/Library/Java/JavaVirtualMachines/jdk1.8.0_311.jdk/Contents/Home/jre/classes"/>
    <property name="checkpointing.changelog" value="unset"/>
    <property name="sun.management.compiler" value="HotSpot 64-Bit Tiered Compilers"/>
    <property name="java.runtime.version" value="1.8.0_311-b11"/>
    <property name="user.name" value="liuzhiwei"/>
    <property name="path.separator" value=":"/>
    <property name="os.version" value="10.16"/>
    <property name="java.endorsed.dirs" value="/Library/Java/JavaVirtualMachines/jdk1.8.0_311.jdk/Contents/Home/jre/lib/endorsed"/>
    <property name="java.runtime.name" value="Java(TM) SE Runtime Environment"/>
    <property name="file.encoding" value="UTF-8"/>
    <property name="java.vm.name" value="Java HotSpot(TM) 64-Bit Server VM"/>
    <property name="localRepository" value="/Users/liuzhiwei/.m2/repository"/>
    <property name="java.vendor.url.bug" value="http://bugreport.sun.com/bugreport/"/>
    <property name="java.io.tmpdir" value="/var/folders/9v/knhh7l116z927rs422hz7g7r0000gn/T/"/>
    <property name="idea.version" value="2021.3.2"/>
    <property name="java.version" value="1.8.0_311"/>
    <property name="user.dir" value="/Users/liuzhiwei/ideapro/flink-1.14.4/flink-table/flink-table-common"/>
    <property name="os.arch" value="x86_64"/>
    <property name="java.vm.specification.name" value="Java Virtual Machine Specification"/>
    <property name="java.awt.printerjob" value="sun.lwawt.macosx.CPrinterJob"/>
    <property name="sun.os.patch.level" value="unknown"/>
    <property name="checkpointing.randomization" value="true"/>
    <property name="java.library.path" value="/Users/liuzhiwei/Library/Java/Extensions:/Library/Java/Extensions:/Network/Library/Java/Extensions:/System/Library/Java/Extensions:/usr/lib/java:."/>
    <property name="java.vm.info" value="mixed mode"/>
    <property name="java.vendor" value="Oracle Corporation"/>
    <property name="java.vm.version" value="25.311-b11"/>
    <property name="java.ext.dirs" value="/Users/liuzhiwei/Library/Java/Extensions:/Library/Java/JavaVirtualMachines/jdk1.8.0_311.jdk/Contents/Home/jre/lib/ext:/Library/Java/Extensions:/Network/Library/Java/Extensions:/System/Library/Java/Extensions:/usr/lib/java"/>
    <property name="sun.io.unicode.encoding" value="UnicodeBig"/>
    <property name="maven.repo.local" value="/Users/liuzhiwei/.m2/repository"/>
    <property name="java.class.version" value="52.0"/>
  </properties>
  <testcase name="testImplicitCasting[0: [From: SMALLINT, To: BIGINT, Implicit: true, Explicit: true]]" classname="org.apache.flink.table.types.LogicalTypeCastsTest" time="0.001"/>
  <testcase name="testExplicitCasting[0: [From: SMALLINT, To: BIGINT, Implicit: true, Explicit: true]]" classname="org.apache.flink.table.types.LogicalTypeCastsTest" time="0"/>
  <testcase name="testImplicitCasting[1: [From: SMALLINT NOT NULL, To: SMALLINT, Implicit: true, Explicit: true]]" classname="org.apache.flink.table.types.LogicalTypeCastsTest" time="0"/>
  <testcase name="testExplicitCasting[1: [From: SMALLINT NOT NULL, To: SMALLINT, Implicit: true, Explicit: true]]" classname="org.apache.flink.table.types.LogicalTypeCastsTest" time="0"/>
  <testcase name="testImplicitCasting[2: [From: SMALLINT, To: SMALLINT NOT NULL, Implicit: false, Explicit: true]]" classname="org.apache.flink.table.types.LogicalTypeCastsTest" time="0"/>
  <testcase name="testExplicitCasting[2: [From: SMALLINT, To: SMALLINT NOT NULL, Implicit: false, Explicit: true]]" classname="org.apache.flink.table.types.LogicalTypeCastsTest" time="0"/>
  <testcase name="testImplicitCasting[3: [From: INTERVAL YEAR{2}, To: SMALLINT, Implicit: true, Explicit: true]]" classname="org.apache.flink.table.types.LogicalTypeCastsTest" time="0.001"/>
  <testcase name="testExplicitCasting[3: [From: INTERVAL YEAR{2}, To: SMALLINT, Implicit: true, Explicit: true]]" classname="org.apache.flink.table.types.LogicalTypeCastsTest" time="0"/>
  <testcase name="testImplicitCasting[4: [From: INTERVAL YEAR{2} TO MONTH, To: SMALLINT, Implicit: false, Explicit: false]]" classname="org.apache.flink.table.types.LogicalTypeCastsTest" time="0"/>
  <testcase name="testExplicitCasting[4: [From: INTERVAL YEAR{2} TO MONTH, To: SMALLINT, Implicit: false, Explicit: false]]" classname="org.apache.flink.table.types.LogicalTypeCastsTest" time="0"/>
  <testcase name="testImplicitCasting[5: [From: INT, To: DECIMAL{5, 5}, Implicit: true, Explicit: true]]" classname="org.apache.flink.table.types.LogicalTypeCastsTest" time="0"/>
  <testcase name="testExplicitCasting[5: [From: INT, To: DECIMAL{5, 5}, Implicit: true, Explicit: true]]" classname="org.apache.flink.table.types.LogicalTypeCastsTest" time="0"/>
  <testcase name="testImplicitCasting[6: [From: FLOAT, To: INT, Implicit: false, Explicit: true]]" classname="org.apache.flink.table.types.LogicalTypeCastsTest" time="0"/>
  <testcase name="testExplicitCasting[6: [From: FLOAT, To: INT, Implicit: false, Explicit: true]]" classname="org.apache.flink.table.types.LogicalTypeCastsTest" time="0"/>
  <testcase name="testImplicitCasting[7: [From: STRING, To: FLOAT, Implicit: false, Explicit: true]]" classname="org.apache.flink.table.types.LogicalTypeCastsTest" time="0"/>
  <testcase name="testExplicitCasting[7: [From: STRING, To: FLOAT, Implicit: false, Explicit: true]]" classname="org.apache.flink.table.types.LogicalTypeCastsTest" time="0.001"/>
  <testcase name="testImplicitCasting[8: [From: FLOAT, To: STRING, Implicit: false, Explicit: true]]" classname="org.apache.flink.table.types.LogicalTypeCastsTest" time="0.001"/>
  <testcase name="testExplicitCasting[8: [From: FLOAT, To: STRING, Implicit: false, Explicit: true]]" classname="org.apache.flink.table.types.LogicalTypeCastsTest" time="0"/>
  <testcase name="testImplicitCasting[9: [From: DECIMAL{3, 2}, To: STRING, Implicit: false, Explicit: true]]" classname="org.apache.flink.table.types.LogicalTypeCastsTest" time="0"/>
  <testcase name="testExplicitCasting[9: [From: DECIMAL{3, 2}, To: STRING, Implicit: false, Explicit: true]]" classname="org.apache.flink.table.types.LogicalTypeCastsTest" time="0"/>
  <testcase name="testImplicitCasting[10: [From: RAW{&apos;org.apache.flink.table.types.LogicalTypesTest&apos;, ?}, To: RAW{&apos;org.apache.flink.table.types.LogicalTypesTest&apos;, ?}, Implicit: true, Explicit: true]]" classname="org.apache.flink.table.types.LogicalTypeCastsTest" time="0"/>
  <testcase name="testExplicitCasting[10: [From: RAW{&apos;org.apache.flink.table.types.LogicalTypesTest&apos;, ?}, To: RAW{&apos;org.apache.flink.table.types.LogicalTypesTest&apos;, ?}, Implicit: true, Explicit: true]]" classname="org.apache.flink.table.types.LogicalTypeCastsTest" time="0"/>
  <testcase name="testImplicitCasting[11: [From: RAW{&apos;org.apache.flink.table.types.LogicalTypesTest&apos;, ?}, To: RAW{&apos;java.lang.Object&apos;, ?}, Implicit: false, Explicit: false]]" classname="org.apache.flink.table.types.LogicalTypeCastsTest" time="0"/>
  <testcase name="testExplicitCasting[11: [From: RAW{&apos;org.apache.flink.table.types.LogicalTypesTest&apos;, ?}, To: RAW{&apos;java.lang.Object&apos;, ?}, Implicit: false, Explicit: false]]" classname="org.apache.flink.table.types.LogicalTypeCastsTest" time="0"/>
  <testcase name="testImplicitCasting[12: [From: NULL, To: INT, Implicit: true, Explicit: true]]" classname="org.apache.flink.table.types.LogicalTypeCastsTest" time="0.001"/>
  <testcase name="testExplicitCasting[12: [From: NULL, To: INT, Implicit: true, Explicit: true]]" classname="org.apache.flink.table.types.LogicalTypeCastsTest" time="0"/>
  <testcase name="testImplicitCasting[13: [From: NULL, To: ROW&lt;`f1` INT, `f2` INT&gt;, Implicit: true, Explicit: true]]" classname="org.apache.flink.table.types.LogicalTypeCastsTest" time="0.001"/>
  <testcase name="testExplicitCasting[13: [From: NULL, To: ROW&lt;`f1` INT, `f2` INT&gt;, Implicit: true, Explicit: true]]" classname="org.apache.flink.table.types.LogicalTypeCastsTest" time="0"/>
  <testcase name="testImplicitCasting[14: [From: ARRAY&lt;INT&gt;, To: ARRAY&lt;BIGINT&gt;, Implicit: true, Explicit: true]]" classname="org.apache.flink.table.types.LogicalTypeCastsTest" time="0"/>
  <testcase name="testExplicitCasting[14: [From: ARRAY&lt;INT&gt;, To: ARRAY&lt;BIGINT&gt;, Implicit: true, Explicit: true]]" classname="org.apache.flink.table.types.LogicalTypeCastsTest" time="0"/>
  <testcase name="testImplicitCasting[15: [From: ARRAY&lt;INT&gt;, To: ARRAY&lt;STRING&gt;, Implicit: false, Explicit: true]]" classname="org.apache.flink.table.types.LogicalTypeCastsTest" time="0"/>
  <testcase name="testExplicitCasting[15: [From: ARRAY&lt;INT&gt;, To: ARRAY&lt;STRING&gt;, Implicit: false, Explicit: true]]" classname="org.apache.flink.table.types.LogicalTypeCastsTest" time="0.001"/>
  <testcase name="testImplicitCasting[16: [From: ROW&lt;`f1` INT, `f2` INT&gt;, To: ROW&lt;`f1` INT, `f2` BIGINT&gt;, Implicit: true, Explicit: true]]" classname="org.apache.flink.table.types.LogicalTypeCastsTest" time="0"/>
  <testcase name="testExplicitCasting[16: [From: ROW&lt;`f1` INT, `f2` INT&gt;, To: ROW&lt;`f1` INT, `f2` BIGINT&gt;, Implicit: true, Explicit: true]]" classname="org.apache.flink.table.types.LogicalTypeCastsTest" time="0"/>
  <testcase name="testImplicitCasting[17: [From: ROW&lt;`f1` INT &apos;...&apos;, `f2` INT&gt;, To: ROW&lt;`f1` INT, `f2` BIGINT&gt;, Implicit: true, Explicit: true]]" classname="org.apache.flink.table.types.LogicalTypeCastsTest" time="0"/>
  <testcase name="testExplicitCasting[17: [From: ROW&lt;`f1` INT &apos;...&apos;, `f2` INT&gt;, To: ROW&lt;`f1` INT, `f2` BIGINT&gt;, Implicit: true, Explicit: true]]" classname="org.apache.flink.table.types.LogicalTypeCastsTest" time="0.001"/>
  <testcase name="testImplicitCasting[18: [From: ROW&lt;`f1` INT, `f2` INT&gt;, To: ROW&lt;`f1` INT, `f2` BOOLEAN&gt;, Implicit: false, Explicit: true]]" classname="org.apache.flink.table.types.LogicalTypeCastsTest" time="0"/>
  <testcase name="testExplicitCasting[18: [From: ROW&lt;`f1` INT, `f2` INT&gt;, To: ROW&lt;`f1` INT, `f2` BOOLEAN&gt;, Implicit: false, Explicit: true]]" classname="org.apache.flink.table.types.LogicalTypeCastsTest" time="0"/>
  <testcase name="testImplicitCasting[19: [From: ROW&lt;`f1` INT, `f2` INT&gt;, To: STRING, Implicit: false, Explicit: false]]" classname="org.apache.flink.table.types.LogicalTypeCastsTest" time="0"/>
  <testcase name="testExplicitCasting[19: [From: ROW&lt;`f1` INT, `f2` INT&gt;, To: STRING, Implicit: false, Explicit: false]]" classname="org.apache.flink.table.types.LogicalTypeCastsTest" time="0"/>
  <testcase name="testImplicitCasting[20: [From: TIMESTAMP{9}, To: TIMESTAMP{9}, Implicit: true, Explicit: true]]" classname="org.apache.flink.table.types.LogicalTypeCastsTest" time="0"/>
  <testcase name="testExplicitCasting[20: [From: TIMESTAMP{9}, To: TIMESTAMP{9}, Implicit: true, Explicit: true]]" classname="org.apache.flink.table.types.LogicalTypeCastsTest" time="0"/>
  <testcase name="testImplicitCasting[21: [From: TIMESTAMP_LTZ{9}, To: TIMESTAMP_LTZ{9}, Implicit: true, Explicit: true]]" classname="org.apache.flink.table.types.LogicalTypeCastsTest" time="0"/>
  <testcase name="testExplicitCasting[21: [From: TIMESTAMP_LTZ{9}, To: TIMESTAMP_LTZ{9}, Implicit: true, Explicit: true]]" classname="org.apache.flink.table.types.LogicalTypeCastsTest" time="0"/>
  <testcase name="testImplicitCasting[22: [From: TIMESTAMP{3}, To: TIMESTAMP_LTZ{3}, Implicit: true, Explicit: true]]" classname="org.apache.flink.table.types.LogicalTypeCastsTest" time="0.001"/>
  <testcase name="testExplicitCasting[22: [From: TIMESTAMP{3}, To: TIMESTAMP_LTZ{3}, Implicit: true, Explicit: true]]" classname="org.apache.flink.table.types.LogicalTypeCastsTest" time="0"/>
  <testcase name="testImplicitCasting[23: [From: TIMESTAMP_LTZ{3}, To: TIMESTAMP{3}, Implicit: true, Explicit: true]]" classname="org.apache.flink.table.types.LogicalTypeCastsTest" time="0"/>
  <testcase name="testExplicitCasting[23: [From: TIMESTAMP_LTZ{3}, To: TIMESTAMP{3}, Implicit: true, Explicit: true]]" classname="org.apache.flink.table.types.LogicalTypeCastsTest" time="0"/>
  <testcase name="testImplicitCasting[24: [From: TIMESTAMP{3}, To: TIMESTAMP_LTZ{6}, Implicit: true, Explicit: true]]" classname="org.apache.flink.table.types.LogicalTypeCastsTest" time="0"/>
  <testcase name="testExplicitCasting[24: [From: TIMESTAMP{3}, To: TIMESTAMP_LTZ{6}, Implicit: true, Explicit: true]]" classname="org.apache.flink.table.types.LogicalTypeCastsTest" time="0"/>
  <testcase name="testImplicitCasting[25: [From: TIMESTAMP_LTZ{3}, To: TIMESTAMP{6}, Implicit: true, Explicit: true]]" classname="org.apache.flink.table.types.LogicalTypeCastsTest" time="0"/>
  <testcase name="testExplicitCasting[25: [From: TIMESTAMP_LTZ{3}, To: TIMESTAMP{6}, Implicit: true, Explicit: true]]" classname="org.apache.flink.table.types.LogicalTypeCastsTest" time="0"/>
  <testcase name="testImplicitCasting[26: [From: TIMESTAMP{3} NOT NULL, To: TIMESTAMP_LTZ{6}, Implicit: true, Explicit: true]]" classname="org.apache.flink.table.types.LogicalTypeCastsTest" time="0"/>
  <testcase name="testExplicitCasting[26: [From: TIMESTAMP{3} NOT NULL, To: TIMESTAMP_LTZ{6}, Implicit: true, Explicit: true]]" classname="org.apache.flink.table.types.LogicalTypeCastsTest" time="0"/>
  <testcase name="testImplicitCasting[27: [From: TIMESTAMP_LTZ{3} NOT NULL, To: TIMESTAMP{6}, Implicit: true, Explicit: true]]" classname="org.apache.flink.table.types.LogicalTypeCastsTest" time="0.001"/>
  <testcase name="testExplicitCasting[27: [From: TIMESTAMP_LTZ{3} NOT NULL, To: TIMESTAMP{6}, Implicit: true, Explicit: true]]" classname="org.apache.flink.table.types.LogicalTypeCastsTest" time="0.001"/>
  <testcase name="testImplicitCasting[28: [From: TIMESTAMP{6}, To: TIMESTAMP_LTZ{3}, Implicit: true, Explicit: true]]" classname="org.apache.flink.table.types.LogicalTypeCastsTest" time="0"/>
  <testcase name="testExplicitCasting[28: [From: TIMESTAMP{6}, To: TIMESTAMP_LTZ{3}, Implicit: true, Explicit: true]]" classname="org.apache.flink.table.types.LogicalTypeCastsTest" time="0"/>
  <testcase name="testImplicitCasting[29: [From: TIMESTAMP_LTZ{6}, To: TIMESTAMP{3}, Implicit: true, Explicit: true]]" classname="org.apache.flink.table.types.LogicalTypeCastsTest" time="0"/>
  <testcase name="testExplicitCasting[29: [From: TIMESTAMP_LTZ{6}, To: TIMESTAMP{3}, Implicit: true, Explicit: true]]" classname="org.apache.flink.table.types.LogicalTypeCastsTest" time="0"/>
  <testcase name="testImplicitCasting[30: [From: ROW&lt;`f1` TIMESTAMP{6}, `f2` INT&gt;, To: `cat`.`db`.`User`, Implicit: true, Explicit: true]]" classname="org.apache.flink.table.types.LogicalTypeCastsTest" time="0.002"/>
  <testcase name="testExplicitCasting[30: [From: ROW&lt;`f1` TIMESTAMP{6}, `f2` INT&gt;, To: `cat`.`db`.`User`, Implicit: true, Explicit: true]]" classname="org.apache.flink.table.types.LogicalTypeCastsTest" time="0"/>
  <testcase name="testImplicitCasting[31: [From: ROW&lt;`f1` TIMESTAMP{6}, `f2` INT&gt;, To: `cat`.`db`.`User`, Implicit: true, Explicit: true]]" classname="org.apache.flink.table.types.LogicalTypeCastsTest" time="0"/>
  <testcase name="testExplicitCasting[31: [From: ROW&lt;`f1` TIMESTAMP{6}, `f2` INT&gt;, To: `cat`.`db`.`User`, Implicit: true, Explicit: true]]" classname="org.apache.flink.table.types.LogicalTypeCastsTest" time="0.001"/>
  <testcase name="testImplicitCasting[32: [From: ROW&lt;`f1` TIMESTAMP{6}, `f2` INT&gt;, To: `cat`.`db`.`User`, Implicit: false, Explicit: true]]" classname="org.apache.flink.table.types.LogicalTypeCastsTest" time="0"/>
  <testcase name="testExplicitCasting[32: [From: ROW&lt;`f1` TIMESTAMP{6}, `f2` INT&gt;, To: `cat`.`db`.`User`, Implicit: false, Explicit: true]]" classname="org.apache.flink.table.types.LogicalTypeCastsTest" time="0"/>
  <testcase name="testImplicitCasting[33: [From: *java.lang.Void&lt;`f1` TIMESTAMP{6}, `diff` TINYINT NOT NULL&gt;*, To: *java.lang.Void&lt;`f1` TIMESTAMP{6}, `diff` TINYINT&gt;*, Implicit: true, Explicit: true]]" classname="org.apache.flink.table.types.LogicalTypeCastsTest" time="0.003"/>
  <testcase name="testExplicitCasting[33: [From: *java.lang.Void&lt;`f1` TIMESTAMP{6}, `diff` TINYINT NOT NULL&gt;*, To: *java.lang.Void&lt;`f1` TIMESTAMP{6}, `diff` TINYINT&gt;*, Implicit: true, Explicit: true]]" classname="org.apache.flink.table.types.LogicalTypeCastsTest" time="0"/>
  <testcase name="testImplicitCasting[34: [From: *java.lang.Void&lt;`f1` TIMESTAMP{6}, `diff` INT&gt;*, To: *java.lang.Void&lt;`f1` TIMESTAMP{6}, `diff` TINYINT&gt;*, Implicit: false, Explicit: true]]" classname="org.apache.flink.table.types.LogicalTypeCastsTest" time="0"/>
  <testcase name="testExplicitCasting[34: [From: *java.lang.Void&lt;`f1` TIMESTAMP{6}, `diff` INT&gt;*, To: *java.lang.Void&lt;`f1` TIMESTAMP{6}, `diff` TINYINT&gt;*, Implicit: false, Explicit: true]]" classname="org.apache.flink.table.types.LogicalTypeCastsTest" time="0.002"/>
</testsuite>