<?xml version="1.0" encoding="UTF-8"?>
<testsuite xmlns:xsi="http://www.w3.org/2001/XMLSchema-instance" xsi:noNamespaceSchemaLocation="https://maven.apache.org/surefire/maven-surefire-plugin/xsd/surefire-test-report.xsd" name="org.apache.flink.table.types.LegacyTypeInfoDataTypeConverterTest" time="0.008" tests="30" errors="0" skipped="0" failures="0">
  <properties>
    <property name="gopherProxySet" value="false"/>
    <property name="awt.toolkit" value="sun.lwawt.macosx.LWCToolkit"/>
    <property name="file.encoding.pkg" value="sun.io"/>
    <property name="java.specification.version" value="1.8"/>
    <property name="sun.cpu.isalist" value=""/>
    <property name="forkNumber" value="01"/>
    <property name="sun.jnu.encoding" value="UTF-8"/>
    <property name="java.class.path" value="/Users/liuzhiwei/ideapro/flink-1.14.4/flink-table/flink-table-common/target/test-classes:/Users/liuzhiwei/ideapro/flink-1.14.4/flink-table/flink-table-common/target/classes:/Users/liuzhiwei/ideapro/flink-1.14.4/flink-core/target/flink-core-1.14.4.jar:/Users/liuzhiwei/ideapro/flink-1.14.4/flink-annotations/target/flink-annotations-1.14.4.jar:/Users/liuzhiwei/ideapro/flink-1.14.4/flink-metrics/flink-metrics-core/target/flink-metrics-core-1.14.4.jar:/Users/liuzhiwei/.m2/repository/org/apache/commons/commons-lang3/3.3.2/commons-lang3-3.3.2.jar:/Users/liuzhiwei/.m2/repository/com/esotericsoftware/kryo/kryo/2.24.0/kryo-2.24.0.jar:/Users/liuzhiwei/.m2/repository/com/esotericsoftware/minlog/minlog/1.2/minlog-1.2.jar:/Users/liuzhiwei/.m2/repository/commons-collections/commons-collections/3.2.2/commons-collections-3.2.2.jar:/Users/liuzhiwei/.m2/repository/org/apache/commons/commons-compress/1.21/commons-compress-1.21.jar:/Users/liuzhiwei/.m2/repository/org/apache/flink/flink-shaded-guava/30.1.1-jre-14.0/flink-shaded-guava-30.1.1-jre-14.0.jar:/Users/liuzhiwei/ideapro/flink-1.14.4/flink-connectors/flink-connector-files/target/flink-connector-files-1.14.4.jar:/Users/liuzhiwei/ideapro/flink-1.14.4/flink-connectors/flink-file-sink-common/target/flink-file-sink-common-1.14.4.jar:/Users/liuzhiwei/ideapro/flink-1.14.4/flink-connectors/flink-connector-base/target/flink-connector-base-1.14.4.jar:/Users/liuzhiwei/.m2/repository/org/apache/flink/flink-shaded-asm-7/7.1-14.0/flink-shaded-asm-7-7.1-14.0.jar:/Users/liuzhiwei/.m2/repository/com/ibm/icu/icu4j/67.1/icu4j-67.1.jar:/Users/liuzhiwei/ideapro/flink-1.14.4/flink-core/target/flink-core-1.14.4-tests.jar:/Users/liuzhiwei/ideapro/flink-1.14.4/flink-test-utils-parent/flink-test-utils-junit/target/flink-test-utils-junit-1.14.4.jar:/Users/liuzhiwei/.m2/repository/org/apache/flink/flink-shaded-force-shading/14.0/flink-shaded-force-shading-14.0.jar:/Users/liuzhiwei/.m2/repository/org/slf4j/slf4j-api/1.7.15/slf4j-api-1.7.15.jar:/Users/liuzhiwei/.m2/repository/com/google/code/findbugs/jsr305/1.3.9/jsr305-1.3.9.jar:/Users/liuzhiwei/.m2/repository/org/junit/jupiter/junit-jupiter/5.7.2/junit-jupiter-5.7.2.jar:/Users/liuzhiwei/.m2/repository/org/junit/jupiter/junit-jupiter-api/5.7.2/junit-jupiter-api-5.7.2.jar:/Users/liuzhiwei/.m2/repository/org/opentest4j/opentest4j/1.2.0/opentest4j-1.2.0.jar:/Users/liuzhiwei/.m2/repository/org/junit/platform/junit-platform-commons/1.7.2/junit-platform-commons-1.7.2.jar:/Users/liuzhiwei/.m2/repository/org/junit/jupiter/junit-jupiter-params/5.7.2/junit-jupiter-params-5.7.2.jar:/Users/liuzhiwei/.m2/repository/org/junit/jupiter/junit-jupiter-engine/5.7.2/junit-jupiter-engine-5.7.2.jar:/Users/liuzhiwei/.m2/repository/org/junit/vintage/junit-vintage-engine/5.7.2/junit-vintage-engine-5.7.2.jar:/Users/liuzhiwei/.m2/repository/org/apiguardian/apiguardian-api/1.1.0/apiguardian-api-1.1.0.jar:/Users/liuzhiwei/.m2/repository/org/junit/platform/junit-platform-engine/1.7.2/junit-platform-engine-1.7.2.jar:/Users/liuzhiwei/.m2/repository/junit/junit/4.13.2/junit-4.13.2.jar:/Users/liuzhiwei/.m2/repository/org/mockito/mockito-core/2.21.0/mockito-core-2.21.0.jar:/Users/liuzhiwei/.m2/repository/net/bytebuddy/byte-buddy/1.8.22/byte-buddy-1.8.22.jar:/Users/liuzhiwei/.m2/repository/net/bytebuddy/byte-buddy-agent/1.8.22/byte-buddy-agent-1.8.22.jar:/Users/liuzhiwei/.m2/repository/org/objenesis/objenesis/2.1/objenesis-2.1.jar:/Users/liuzhiwei/.m2/repository/org/powermock/powermock-module-junit4/2.0.4/powermock-module-junit4-2.0.4.jar:/Users/liuzhiwei/.m2/repository/org/powermock/powermock-module-junit4-common/2.0.4/powermock-module-junit4-common-2.0.4.jar:/Users/liuzhiwei/.m2/repository/org/powermock/powermock-reflect/2.0.4/powermock-reflect-2.0.4.jar:/Users/liuzhiwei/.m2/repository/org/powermock/powermock-core/2.0.4/powermock-core-2.0.4.jar:/Users/liuzhiwei/.m2/repository/org/javassist/javassist/3.24.0-GA/javassist-3.24.0-GA.jar:/Users/liuzhiwei/.m2/repository/org/hamcrest/hamcrest-core/1.3/hamcrest-core-1.3.jar:/Users/liuzhiwei/.m2/repository/org/powermock/powermock-api-mockito2/2.0.4/powermock-api-mockito2-2.0.4.jar:/Users/liuzhiwei/.m2/repository/org/powermock/powermock-api-support/2.0.4/powermock-api-support-2.0.4.jar:/Users/liuzhiwei/.m2/repository/org/hamcrest/hamcrest-all/1.3/hamcrest-all-1.3.jar:/Users/liuzhiwei/.m2/repository/org/apache/logging/log4j/log4j-slf4j-impl/2.17.1/log4j-slf4j-impl-2.17.1.jar:/Users/liuzhiwei/.m2/repository/org/apache/logging/log4j/log4j-api/2.17.1/log4j-api-2.17.1.jar:/Users/liuzhiwei/.m2/repository/org/apache/logging/log4j/log4j-core/2.17.1/log4j-core-2.17.1.jar:/Users/liuzhiwei/.m2/repository/org/apache/logging/log4j/log4j-1.2-api/2.17.1/log4j-1.2-api-2.17.1.jar:"/>
    <property name="java.vm.vendor" value="Oracle Corporation"/>
    <property name="hadoop.version" value="2.4.1"/>
    <property name="sun.arch.data.model" value="64"/>
    <property name="java.vendor.url" value="http://java.oracle.com/"/>
    <property name="user.timezone" value=""/>
    <property name="java.vm.specification.version" value="1.8"/>
    <property name="os.name" value="Mac OS X"/>
    <property name="user.country" value="US"/>
    <property name="sun.java.launcher" value="SUN_STANDARD"/>
    <property name="sun.boot.library.path" value="/Library/Java/JavaVirtualMachines/jdk1.8.0_311.jdk/Contents/Home/jre/lib"/>
    <property name="project.basedir" value="/Users/liuzhiwei/ideapro/flink-1.14.4/flink-table/flink-table-common"/>
    <property name="sun.java.command" value="/Users/liuzhiwei/ideapro/flink-1.14.4/flink-table/flink-table-common/target/surefire/surefirebooter8017064036921010743.jar /Users/liuzhiwei/ideapro/flink-1.14.4/flink-table/flink-table-common/target/surefire 2022-06-10T17-37-14_312-jvmRun1 surefire8104797305428732709tmp surefire_11935237110688197575571tmp"/>
    <property name="surefire.test.class.path" value="/Users/liuzhiwei/ideapro/flink-1.14.4/flink-table/flink-table-common/target/test-classes:/Users/liuzhiwei/ideapro/flink-1.14.4/flink-table/flink-table-common/target/classes:/Users/liuzhiwei/ideapro/flink-1.14.4/flink-core/target/flink-core-1.14.4.jar:/Users/liuzhiwei/ideapro/flink-1.14.4/flink-annotations/target/flink-annotations-1.14.4.jar:/Users/liuzhiwei/ideapro/flink-1.14.4/flink-metrics/flink-metrics-core/target/flink-metrics-core-1.14.4.jar:/Users/liuzhiwei/.m2/repository/org/apache/commons/commons-lang3/3.3.2/commons-lang3-3.3.2.jar:/Users/liuzhiwei/.m2/repository/com/esotericsoftware/kryo/kryo/2.24.0/kryo-2.24.0.jar:/Users/liuzhiwei/.m2/repository/com/esotericsoftware/minlog/minlog/1.2/minlog-1.2.jar:/Users/liuzhiwei/.m2/repository/commons-collections/commons-collections/3.2.2/commons-collections-3.2.2.jar:/Users/liuzhiwei/.m2/repository/org/apache/commons/commons-compress/1.21/commons-compress-1.21.jar:/Users/liuzhiwei/.m2/repository/org/apache/flink/flink-shaded-guava/30.1.1-jre-14.0/flink-shaded-guava-30.1.1-jre-14.0.jar:/Users/liuzhiwei/ideapro/flink-1.14.4/flink-connectors/flink-connector-files/target/flink-connector-files-1.14.4.jar:/Users/liuzhiwei/ideapro/flink-1.14.4/flink-connectors/flink-file-sink-common/target/flink-file-sink-common-1.14.4.jar:/Users/liuzhiwei/ideapro/flink-1.14.4/flink-connectors/flink-connector-base/target/flink-connector-base-1.14.4.jar:/Users/liuzhiwei/.m2/repository/org/apache/flink/flink-shaded-asm-7/7.1-14.0/flink-shaded-asm-7-7.1-14.0.jar:/Users/liuzhiwei/.m2/repository/com/ibm/icu/icu4j/67.1/icu4j-67.1.jar:/Users/liuzhiwei/ideapro/flink-1.14.4/flink-core/target/flink-core-1.14.4-tests.jar:/Users/liuzhiwei/ideapro/flink-1.14.4/flink-test-utils-parent/flink-test-utils-junit/target/flink-test-utils-junit-1.14.4.jar:/Users/liuzhiwei/.m2/repository/org/apache/flink/flink-shaded-force-shading/14.0/flink-shaded-force-shading-14.0.jar:/Users/liuzhiwei/.m2/repository/org/slf4j/slf4j-api/1.7.15/slf4j-api-1.7.15.jar:/Users/liuzhiwei/.m2/repository/com/google/code/findbugs/jsr305/1.3.9/jsr305-1.3.9.jar:/Users/liuzhiwei/.m2/repository/org/junit/jupiter/junit-jupiter/5.7.2/junit-jupiter-5.7.2.jar:/Users/liuzhiwei/.m2/repository/org/junit/jupiter/junit-jupiter-api/5.7.2/junit-jupiter-api-5.7.2.jar:/Users/liuzhiwei/.m2/repository/org/opentest4j/opentest4j/1.2.0/opentest4j-1.2.0.jar:/Users/liuzhiwei/.m2/repository/org/junit/platform/junit-platform-commons/1.7.2/junit-platform-commons-1.7.2.jar:/Users/liuzhiwei/.m2/repository/org/junit/jupiter/junit-jupiter-params/5.7.2/junit-jupiter-params-5.7.2.jar:/Users/liuzhiwei/.m2/repository/org/junit/jupiter/junit-jupiter-engine/5.7.2/junit-jupiter-engine-5.7.2.jar:/Users/liuzhiwei/.m2/repository/org/junit/vintage/junit-vintage-engine/5.7.2/junit-vintage-engine-5.7.2.jar:/Users/liuzhiwei/.m2/repository/org/apiguardian/apiguardian-api/1.1.0/apiguardian-api-1.1.0.jar:/Users/liuzhiwei/.m2/repository/org/junit/platform/junit-platform-engine/1.7.2/junit-platform-engine-1.7.2.jar:/Users/liuzhiwei/.m2/repository/junit/junit/4.13.2/junit-4.13.2.jar:/Users/liuzhiwei/.m2/repository/org/mockito/mockito-core/2.21.0/mockito-core-2.21.0.jar:/Users/liuzhiwei/.m2/repository/net/bytebuddy/byte-buddy/1.8.22/byte-buddy-1.8.22.jar:/Users/liuzhiwei/.m2/repository/net/bytebuddy/byte-buddy-agent/1.8.22/byte-buddy-agent-1.8.22.jar:/Users/liuzhiwei/.m2/repository/org/objenesis/objenesis/2.1/objenesis-2.1.jar:/Users/liuzhiwei/.m2/repository/org/powermock/powermock-module-junit4/2.0.4/powermock-module-junit4-2.0.4.jar:/Users/liuzhiwei/.m2/repository/org/powermock/powermock-module-junit4-common/2.0.4/powermock-module-junit4-common-2.0.4.jar:/Users/liuzhiwei/.m2/repository/org/powermock/powermock-reflect/2.0.4/powermock-reflect-2.0.4.jar:/Users/liuzhiwei/.m2/repository/org/powermock/powermock-core/2.0.4/powermock-core-2.0.4.jar:/Users/liuzhiwei/.m2/repository/org/javassist/javassist/3.24.0-GA/javassist-3.24.0-GA.jar:/Users/liuzhiwei/.m2/repository/org/hamcrest/hamcrest-core/1.3/hamcrest-core-1.3.jar:/Users/liuzhiwei/.m2/repository/org/powermock/powermock-api-mockito2/2.0.4/powermock-api-mockito2-2.0.4.jar:/Users/liuzhiwei/.m2/repository/org/powermock/powermock-api-support/2.0.4/powermock-api-support-2.0.4.jar:/Users/liuzhiwei/.m2/repository/org/hamcrest/hamcrest-all/1.3/hamcrest-all-1.3.jar:/Users/liuzhiwei/.m2/repository/org/apache/logging/log4j/log4j-slf4j-impl/2.17.1/log4j-slf4j-impl-2.17.1.jar:/Users/liuzhiwei/.m2/repository/org/apache/logging/log4j/log4j-api/2.17.1/log4j-api-2.17.1.jar:/Users/liuzhiwei/.m2/repository/org/apache/logging/log4j/log4j-core/2.17.1/log4j-core-2.17.1.jar:/Users/liuzhiwei/.m2/repository/org/apache/logging/log4j/log4j-1.2-api/2.17.1/log4j-1.2-api-2.17.1.jar:"/>
    <property name="sun.cpu.endian" value="little"/>
    <property name="user.home" value="/Users/liuzhiwei"/>
    <property name="user.language" value="en"/>
    <property name="java.specification.vendor" value="Oracle Corporation"/>
    <property name="java.home" value="/Library/Java/JavaVirtualMachines/jdk1.8.0_311.jdk/Contents/Home/jre"/>
    <property name="basedir" value="/Users/liuzhiwei/ideapro/flink-1.14.4/flink-table/flink-table-common"/>
    <property name="file.separator" value="/"/>
    <property name="line.separator" value="&#10;"/>
    <property name="java.vm.specification.vendor" value="Oracle Corporation"/>
    <property name="java.specification.name" value="Java Platform API Specification"/>
    <property name="java.awt.graphicsenv" value="sun.awt.CGraphicsEnvironment"/>
    <property name="test.randomization.seed" value=""/>
    <property name="mvn.forkNumber" value="1"/>
    <property name="surefire.real.class.path" value="/Users/liuzhiwei/ideapro/flink-1.14.4/flink-table/flink-table-common/target/surefire/surefirebooter8017064036921010743.jar"/>
    <property name="buffer-debloat.randomization" value="true"/>
    <property name="sun.boot.class.path" value="/Library/Java/JavaVirtualMachines/jdk1.8.0_311.jdk/Contents/Home/jre/lib/resources.jar:/Library/Java/JavaVirtualMachines/jdk1.8.0_311.jdk/Contents/Home/jre/lib/rt.jar:/Library/Java/JavaVirtualMachines/jdk1.8.0_311.jdk/Contents/Home/jre/lib/sunrsasign.jar:/Library/Java/JavaVirtualMachines/jdk1.8.0_311.jdk/Contents/Home/jre/lib/jsse.jar:/Library/Java/JavaVirtualMachines/jdk1.8.0_311.jdk/Contents/Home/jre/lib/jce.jar:/Library/Java/JavaVirtualMachines/jdk1.8.0_311.jdk/Contents/Home/jre/lib/charsets.jar:/Library/Java/JavaVirtualMachines/jdk1.8.0_311.jdk/Contents/Home/jre/lib/jfr.jar:/Library/Java/JavaVirtualMachines/jdk1.8.0_311.jdk/Contents/Home/jre/classes"/>
    <property name="checkpointing.changelog" value="unset"/>
    <property name="sun.management.compiler" value="HotSpot 64-Bit Tiered Compilers"/>
    <property name="java.runtime.version" value="1.8.0_311-b11"/>
    <property name="user.name" value="liuzhiwei"/>
    <property name="path.separator" value=":"/>
    <property name="os.version" value="10.16"/>
    <property name="java.endorsed.dirs" value="/Library/Java/JavaVirtualMachines/jdk1.8.0_311.jdk/Contents/Home/jre/lib/endorsed"/>
    <property name="java.runtime.name" value="Java(TM) SE Runtime Environment"/>
    <property name="file.encoding" value="UTF-8"/>
    <property name="java.vm.name" value="Java HotSpot(TM) 64-Bit Server VM"/>
    <property name="localRepository" value="/Users/liuzhiwei/.m2/repository"/>
    <property name="java.vendor.url.bug" value="http://bugreport.sun.com/bugreport/"/>
    <property name="java.io.tmpdir" value="/var/folders/9v/knhh7l116z927rs422hz7g7r0000gn/T/"/>
    <property name="idea.version" value="2021.3.2"/>
    <property name="java.version" value="1.8.0_311"/>
    <property name="user.dir" value="/Users/liuzhiwei/ideapro/flink-1.14.4/flink-table/flink-table-common"/>
    <property name="os.arch" value="x86_64"/>
    <property name="java.vm.specification.name" value="Java Virtual Machine Specification"/>
    <property name="java.awt.printerjob" value="sun.lwawt.macosx.CPrinterJob"/>
    <property name="sun.os.patch.level" value="unknown"/>
    <property name="checkpointing.randomization" value="true"/>
    <property name="java.library.path" value="/Users/liuzhiwei/Library/Java/Extensions:/Library/Java/Extensions:/Network/Library/Java/Extensions:/System/Library/Java/Extensions:/usr/lib/java:."/>
    <property name="java.vm.info" value="mixed mode"/>
    <property name="java.vendor" value="Oracle Corporation"/>
    <property name="java.vm.version" value="25.311-b11"/>
    <property name="java.ext.dirs" value="/Users/liuzhiwei/Library/Java/Extensions:/Library/Java/JavaVirtualMachines/jdk1.8.0_311.jdk/Contents/Home/jre/lib/ext:/Library/Java/Extensions:/Network/Library/Java/Extensions:/System/Library/Java/Extensions:/usr/lib/java"/>
    <property name="sun.io.unicode.encoding" value="UnicodeBig"/>
    <property name="maven.repo.local" value="/Users/liuzhiwei/.m2/repository"/>
    <property name="java.class.version" value="52.0"/>
  </properties>
  <testcase name="testDataTypeToTypeInfoConversion[[0] type info: String data type: STRING]" classname="org.apache.flink.table.types.LegacyTypeInfoDataTypeConverterTest" time="0.001"/>
  <testcase name="testTypeInfoToDataTypeConversion[[0] type info: String data type: STRING]" classname="org.apache.flink.table.types.LegacyTypeInfoDataTypeConverterTest" time="0"/>
  <testcase name="testDataTypeToTypeInfoConversion[[1] type info: String data type: STRING NOT NULL]" classname="org.apache.flink.table.types.LegacyTypeInfoDataTypeConverterTest" time="0"/>
  <testcase name="testTypeInfoToDataTypeConversion[[1] type info: String data type: STRING NOT NULL]" classname="org.apache.flink.table.types.LegacyTypeInfoDataTypeConverterTest" time="0"/>
  <testcase name="testDataTypeToTypeInfoConversion[[2] type info: Boolean data type: BOOLEAN]" classname="org.apache.flink.table.types.LegacyTypeInfoDataTypeConverterTest" time="0"/>
  <testcase name="testTypeInfoToDataTypeConversion[[2] type info: Boolean data type: BOOLEAN]" classname="org.apache.flink.table.types.LegacyTypeInfoDataTypeConverterTest" time="0"/>
  <testcase name="testDataTypeToTypeInfoConversion[[3] type info: Timestamp data type: TIMESTAMP{3}]" classname="org.apache.flink.table.types.LegacyTypeInfoDataTypeConverterTest" time="0"/>
  <testcase name="testTypeInfoToDataTypeConversion[[3] type info: Timestamp data type: TIMESTAMP{3}]" classname="org.apache.flink.table.types.LegacyTypeInfoDataTypeConverterTest" time="0"/>
  <testcase name="testDataTypeToTypeInfoConversion[[4] type info: GenericType&lt;org.apache.flink.table.types.LegacyTypeInfoDataTypeConverterTest&gt; data type: LEGACY{&apos;RAW&apos;, &apos;ANY&lt;org.apache.flink.table.types.LegacyTypeInfoDataTypeConverterTest&gt;&apos;}]" classname="org.apache.flink.table.types.LegacyTypeInfoDataTypeConverterTest" time="0"/>
  <testcase name="testTypeInfoToDataTypeConversion[[4] type info: GenericType&lt;org.apache.flink.table.types.LegacyTypeInfoDataTypeConverterTest&gt; data type: LEGACY{&apos;RAW&apos;, &apos;ANY&lt;org.apache.flink.table.types.LegacyTypeInfoDataTypeConverterTest&gt;&apos;}]" classname="org.apache.flink.table.types.LegacyTypeInfoDataTypeConverterTest" time="0"/>
  <testcase name="testDataTypeToTypeInfoConversion[[5] type info: Row{field1: Integer, field2: Long} data type: ROW&lt;`field1` INT, `field2` BIGINT&gt;]" classname="org.apache.flink.table.types.LegacyTypeInfoDataTypeConverterTest" time="0.002"/>
  <testcase name="testTypeInfoToDataTypeConversion[[5] type info: Row{field1: Integer, field2: Long} data type: ROW&lt;`field1` INT, `field2` BIGINT&gt;]" classname="org.apache.flink.table.types.LegacyTypeInfoDataTypeConverterTest" time="0.001"/>
  <testcase name="testDataTypeToTypeInfoConversion[[6] type info: Map&lt;Float, Row{f0: Byte}&gt; data type: MAP&lt;FLOAT, ROW&lt;`f0` TINYINT&gt;&gt;]" classname="org.apache.flink.table.types.LegacyTypeInfoDataTypeConverterTest" time="0"/>
  <testcase name="testTypeInfoToDataTypeConversion[[6] type info: Map&lt;Float, Row{f0: Byte}&gt; data type: MAP&lt;FLOAT, ROW&lt;`f0` TINYINT&gt;&gt;]" classname="org.apache.flink.table.types.LegacyTypeInfoDataTypeConverterTest" time="0"/>
  <testcase name="testDataTypeToTypeInfoConversion[[7] type info: float[] data type: ARRAY&lt;FLOAT NOT NULL&gt;]" classname="org.apache.flink.table.types.LegacyTypeInfoDataTypeConverterTest" time="0"/>
  <testcase name="testTypeInfoToDataTypeConversion[[7] type info: float[] data type: ARRAY&lt;FLOAT NOT NULL&gt;]" classname="org.apache.flink.table.types.LegacyTypeInfoDataTypeConverterTest" time="0"/>
  <testcase name="testDataTypeToTypeInfoConversion[[8] type info: byte[] data type: BYTES]" classname="org.apache.flink.table.types.LegacyTypeInfoDataTypeConverterTest" time="0"/>
  <testcase name="testTypeInfoToDataTypeConversion[[8] type info: byte[] data type: BYTES]" classname="org.apache.flink.table.types.LegacyTypeInfoDataTypeConverterTest" time="0"/>
  <testcase name="testDataTypeToTypeInfoConversion[[9] type info: ObjectArrayTypeInfo&lt;float[]&gt; data type: ARRAY&lt;ARRAY&lt;FLOAT NOT NULL&gt;&gt;]" classname="org.apache.flink.table.types.LegacyTypeInfoDataTypeConverterTest" time="0"/>
  <testcase name="testTypeInfoToDataTypeConversion[[9] type info: ObjectArrayTypeInfo&lt;float[]&gt; data type: ARRAY&lt;ARRAY&lt;FLOAT NOT NULL&gt;&gt;]" classname="org.apache.flink.table.types.LegacyTypeInfoDataTypeConverterTest" time="0"/>
  <testcase name="testDataTypeToTypeInfoConversion[[10] type info: BasicArrayTypeInfo&lt;String&gt; data type: LEGACY{&apos;ARRAY&apos;, &apos;ANY&lt;[Ljava.lang.String;, rO0ABXNyADdvcmcuYXBhY2hlLmZsaW5rLmFwaS5jb21tb24udHlwZWluZm8uQmFzaWNBcnJheVR5cGVJbmZvAAAAAAAAAAECAAJMAAphcnJheUNsYXNzdAARTGphdmEvbGFuZy9DbGFzcztMAA1jb21wb25lbnRJbmZvdAA2TG9yZy9hcGFjaGUvZmxpbmsvYXBpL2NvbW1vbi90eXBlaW5mby9UeXBlSW5mb3JtYXRpb247eHIANG9yZy5hcGFjaGUuZmxpbmsuYXBpLmNvbW1vbi50eXBlaW5mby5UeXBlSW5mb3JtYXRpb26UjchIurN66wIAAHhwdnIAE1tMamF2YS5sYW5nLlN0cmluZzut0lbn6R17RwIAAHhwc3IAMm9yZy5hcGFjaGUuZmxpbmsuYXBpLmNvbW1vbi50eXBlaW5mby5CYXNpY1R5cGVJbmZv-gTwgqVp3QYCAARMAAVjbGF6enEAfgABTAAPY29tcGFyYXRvckNsYXNzcQB-AAFbABdwb3NzaWJsZUNhc3RUYXJnZXRUeXBlc3QAEltMamF2YS9sYW5nL0NsYXNzO0wACnNlcmlhbGl6ZXJ0ADZMb3JnL2FwYWNoZS9mbGluay9hcGkvY29tbW9uL3R5cGV1dGlscy9UeXBlU2VyaWFsaXplcjt4cQB-AAN2cgAQamF2YS5sYW5nLlN0cmluZ6DwpDh6O7NCAgAAeHB2cgA7b3JnLmFwYWNoZS5mbGluay5hcGkuY29tbW9uLnR5cGV1dGlscy5iYXNlLlN0cmluZ0NvbXBhcmF0b3IAAAAAAAAAAQIAAHhyAD5vcmcuYXBhY2hlLmZsaW5rLmFwaS5jb21tb24udHlwZXV0aWxzLmJhc2UuQmFzaWNUeXBlQ29tcGFyYXRvcgAAAAAAAAABAgACWgATYXNjZW5kaW5nQ29tcGFyaXNvblsAC2NvbXBhcmF0b3JzdAA3W0xvcmcvYXBhY2hlL2ZsaW5rL2FwaS9jb21tb24vdHlwZXV0aWxzL1R5cGVDb21wYXJhdG9yO3hyADRvcmcuYXBhY2hlLmZsaW5rLmFwaS5jb21tb24udHlwZXV0aWxzLlR5cGVDb21wYXJhdG9yAAAAAAAAAAECAAB4cHVyABJbTGphdmEubGFuZy5DbGFzczurFteuy81amQIAAHhwAAAAAHNyADtvcmcuYXBhY2hlLmZsaW5rLmFwaS5jb21tb24udHlwZXV0aWxzLmJhc2UuU3RyaW5nU2VyaWFsaXplcgAAAAAAAAABAgAAeHIAQm9yZy5hcGFjaGUuZmxpbmsuYXBpLmNvbW1vbi50eXBldXRpbHMuYmFzZS5UeXBlU2VyaWFsaXplclNpbmdsZXRvbnmph6rHLndFAgAAeHIANG9yZy5hcGFjaGUuZmxpbmsuYXBpLmNvbW1vbi50eXBldXRpbHMuVHlwZVNlcmlhbGl6ZXIAAAAAAAAAAQIAAHhw&gt;&apos;}]" classname="org.apache.flink.table.types.LegacyTypeInfoDataTypeConverterTest" time="0"/>
  <testcase name="testTypeInfoToDataTypeConversion[[10] type info: BasicArrayTypeInfo&lt;String&gt; data type: LEGACY{&apos;ARRAY&apos;, &apos;ANY&lt;[Ljava.lang.String;, rO0ABXNyADdvcmcuYXBhY2hlLmZsaW5rLmFwaS5jb21tb24udHlwZWluZm8uQmFzaWNBcnJheVR5cGVJbmZvAAAAAAAAAAECAAJMAAphcnJheUNsYXNzdAARTGphdmEvbGFuZy9DbGFzcztMAA1jb21wb25lbnRJbmZvdAA2TG9yZy9hcGFjaGUvZmxpbmsvYXBpL2NvbW1vbi90eXBlaW5mby9UeXBlSW5mb3JtYXRpb247eHIANG9yZy5hcGFjaGUuZmxpbmsuYXBpLmNvbW1vbi50eXBlaW5mby5UeXBlSW5mb3JtYXRpb26UjchIurN66wIAAHhwdnIAE1tMamF2YS5sYW5nLlN0cmluZzut0lbn6R17RwIAAHhwc3IAMm9yZy5hcGFjaGUuZmxpbmsuYXBpLmNvbW1vbi50eXBlaW5mby5CYXNpY1R5cGVJbmZv-gTwgqVp3QYCAARMAAVjbGF6enEAfgABTAAPY29tcGFyYXRvckNsYXNzcQB-AAFbABdwb3NzaWJsZUNhc3RUYXJnZXRUeXBlc3QAEltMamF2YS9sYW5nL0NsYXNzO0wACnNlcmlhbGl6ZXJ0ADZMb3JnL2FwYWNoZS9mbGluay9hcGkvY29tbW9uL3R5cGV1dGlscy9UeXBlU2VyaWFsaXplcjt4cQB-AAN2cgAQamF2YS5sYW5nLlN0cmluZ6DwpDh6O7NCAgAAeHB2cgA7b3JnLmFwYWNoZS5mbGluay5hcGkuY29tbW9uLnR5cGV1dGlscy5iYXNlLlN0cmluZ0NvbXBhcmF0b3IAAAAAAAAAAQIAAHhyAD5vcmcuYXBhY2hlLmZsaW5rLmFwaS5jb21tb24udHlwZXV0aWxzLmJhc2UuQmFzaWNUeXBlQ29tcGFyYXRvcgAAAAAAAAABAgACWgATYXNjZW5kaW5nQ29tcGFyaXNvblsAC2NvbXBhcmF0b3JzdAA3W0xvcmcvYXBhY2hlL2ZsaW5rL2FwaS9jb21tb24vdHlwZXV0aWxzL1R5cGVDb21wYXJhdG9yO3hyADRvcmcuYXBhY2hlLmZsaW5rLmFwaS5jb21tb24udHlwZXV0aWxzLlR5cGVDb21wYXJhdG9yAAAAAAAAAAECAAB4cHVyABJbTGphdmEubGFuZy5DbGFzczurFteuy81amQIAAHhwAAAAAHNyADtvcmcuYXBhY2hlLmZsaW5rLmFwaS5jb21tb24udHlwZXV0aWxzLmJhc2UuU3RyaW5nU2VyaWFsaXplcgAAAAAAAAABAgAAeHIAQm9yZy5hcGFjaGUuZmxpbmsuYXBpLmNvbW1vbi50eXBldXRpbHMuYmFzZS5UeXBlU2VyaWFsaXplclNpbmdsZXRvbnmph6rHLndFAgAAeHIANG9yZy5hcGFjaGUuZmxpbmsuYXBpLmNvbW1vbi50eXBldXRpbHMuVHlwZVNlcmlhbGl6ZXIAAAAAAAAAAQIAAHhw&gt;&apos;}]" classname="org.apache.flink.table.types.LegacyTypeInfoDataTypeConverterTest" time="0"/>
  <testcase name="testDataTypeToTypeInfoConversion[[11] type info: ObjectArrayTypeInfo&lt;String&gt; data type: ARRAY&lt;STRING&gt;]" classname="org.apache.flink.table.types.LegacyTypeInfoDataTypeConverterTest" time="0"/>
  <testcase name="testTypeInfoToDataTypeConversion[[11] type info: ObjectArrayTypeInfo&lt;String&gt; data type: ARRAY&lt;STRING&gt;]" classname="org.apache.flink.table.types.LegacyTypeInfoDataTypeConverterTest" time="0"/>
  <testcase name="testDataTypeToTypeInfoConversion[[12] type info: Java Tuple3&lt;Short, Double, Float&gt; data type: LEGACY{&apos;STRUCTURED_TYPE&apos;, &apos;ANY&lt;org.apache.flink.api.java.tuple.Tuple3, rO0ABXNyADFvcmcuYXBhY2hlLmZsaW5rLmFwaS5qYXZhLnR5cGV1dGlscy5UdXBsZVR5cGVJbmZvAAAAAAAAAAECAAFbAApmaWVsZE5hbWVzdAATW0xqYXZhL2xhbmcvU3RyaW5nO3hyADVvcmcuYXBhY2hlLmZsaW5rLmFwaS5qYXZhLnR5cGV1dGlscy5UdXBsZVR5cGVJbmZvQmFzZQAAAAAAAAABAgACSQALdG90YWxGaWVsZHNbAAV0eXBlc3QAN1tMb3JnL2FwYWNoZS9mbGluay9hcGkvY29tbW9uL3R5cGVpbmZvL1R5cGVJbmZvcm1hdGlvbjt4cgAzb3JnLmFwYWNoZS5mbGluay5hcGkuY29tbW9uLnR5cGV1dGlscy5Db21wb3NpdGVUeXBlAAAAAAAAAAECAAFMAAl0eXBlQ2xhc3N0ABFMamF2YS9sYW5nL0NsYXNzO3hyADRvcmcuYXBhY2hlLmZsaW5rLmFwaS5jb21tb24udHlwZWluZm8uVHlwZUluZm9ybWF0aW9ulI3ISLqzeusCAAB4cHZyACZvcmcuYXBhY2hlLmZsaW5rLmFwaS5qYXZhLnR1cGxlLlR1cGxlMwAAAAAAAAABAgADTAACZjB0ABJMamF2YS9sYW5nL09iamVjdDtMAAJmMXEAfgAJTAACZjJxAH4ACXhyACVvcmcuYXBhY2hlLmZsaW5rLmFwaS5qYXZhLnR1cGxlLlR1cGxlAAAAAAAAAAECAAB4cAAAAAN1cgA3W0xvcmcuYXBhY2hlLmZsaW5rLmFwaS5jb21tb24udHlwZWluZm8uVHlwZUluZm9ybWF0aW9uO7igbKQamhS2AgAAeHAAAAADc3IANG9yZy5hcGFjaGUuZmxpbmsuYXBpLmNvbW1vbi50eXBlaW5mby5JbnRlZ2VyVHlwZUluZm-QBcRFaUBKlQIAAHhyADRvcmcuYXBhY2hlLmZsaW5rLmFwaS5jb21tb24udHlwZWluZm8uTnVtZXJpY1R5cGVJbmZvrZjGczACjBYCAAB4cgAyb3JnLmFwYWNoZS5mbGluay5hcGkuY29tbW9uLnR5cGVpbmZvLkJhc2ljVHlwZUluZm_6BPCCpWndBgIABEwABWNsYXp6cQB-AAVMAA9jb21wYXJhdG9yQ2xhc3NxAH4ABVsAF3Bvc3NpYmxlQ2FzdFRhcmdldFR5cGVzdAASW0xqYXZhL2xhbmcvQ2xhc3M7TAAKc2VyaWFsaXplcnQANkxvcmcvYXBhY2hlL2ZsaW5rL2FwaS9jb21tb24vdHlwZXV0aWxzL1R5cGVTZXJpYWxpemVyO3hxAH4ABnZyAA9qYXZhLmxhbmcuU2hvcnRoTTcTNGDaUgIAAVMABXZhbHVleHIAEGphdmEubGFuZy5OdW1iZXKGrJUdC5TgiwIAAHhwdnIAOm9yZy5hcGFjaGUuZmxpbmsuYXBpLmNvbW1vbi50eXBldXRpbHMuYmFzZS5TaG9ydENvbXBhcmF0b3IAAAAAAAAAAQIAAHhyAD5vcmcuYXBhY2hlLmZsaW5rLmFwaS5jb21tb24udHlwZXV0aWxzLmJhc2UuQmFzaWNUeXBlQ29tcGFyYXRvcgAAAAAAAAABAgACWgATYXNjZW5kaW5nQ29tcGFyaXNvblsAC2NvbXBhcmF0b3JzdAA3W0xvcmcvYXBhY2hlL2ZsaW5rL2FwaS9jb21tb24vdHlwZXV0aWxzL1R5cGVDb21wYXJhdG9yO3hyADRvcmcuYXBhY2hlLmZsaW5rLmFwaS5jb21tb24udHlwZXV0aWxzLlR5cGVDb21wYXJhdG9yAAAAAAAAAAECAAB4cHVyABJbTGphdmEubGFuZy5DbGFzczurFteuy81amQIAAHhwAAAABXZyABFqYXZhLmxhbmcuSW50ZWdlchLioKT3gYc4AgABSQAFdmFsdWV4cQB-ABV2cgAOamF2YS5sYW5nLkxvbmc7i-SQzI8j3wIAAUoABXZhbHVleHEAfgAVdnIAD2phdmEubGFuZy5GbG9hdNrtyaLbPPDsAgABRgAFdmFsdWV4cQB-ABV2cgAQamF2YS5sYW5nLkRvdWJsZYCzwkopa_sEAgABRAAFdmFsdWV4cQB-ABV2cgATamF2YS5sYW5nLkNoYXJhY3RlcjSLR9lrGiZ4AgABQwAFdmFsdWV4cHNyADpvcmcuYXBhY2hlLmZsaW5rLmFwaS5jb21tb24udHlwZXV0aWxzLmJhc2UuU2hvcnRTZXJpYWxpemVyAAAAAAAAAAECAAB4cgBCb3JnLmFwYWNoZS5mbGluay5hcGkuY29tbW9uLnR5cGV1dGlscy5iYXNlLlR5cGVTZXJpYWxpemVyU2luZ2xldG9ueamHqscud0UCAAB4cgA0b3JnLmFwYWNoZS5mbGluay5hcGkuY29tbW9uLnR5cGV1dGlscy5UeXBlU2VyaWFsaXplcgAAAAAAAAABAgAAeHBzcgA3b3JnLmFwYWNoZS5mbGluay5hcGkuY29tbW9uLnR5cGVpbmZvLkZyYWN0aW9uYWxUeXBlSW5mbwexZBLGw-66AgAAeHEAfgAPcQB-ACV2cgA7b3JnLmFwYWNoZS5mbGluay5hcGkuY29tbW9uLnR5cGV1dGlscy5iYXNlLkRvdWJsZUNvbXBhcmF0b3IAAAAAAAAAAQIAAHhxAH4AGHVxAH4AHAAAAABzcgA7b3JnLmFwYWNoZS5mbGluay5hcGkuY29tbW9uLnR5cGV1dGlscy5iYXNlLkRvdWJsZVNlcmlhbGl6ZXIAAAAAAAAAAQIAAHhxAH4AKXNxAH4ALHEAfgAjdnIAOm9yZy5hcGFjaGUuZmxpbmsuYXBpLmNvbW1vbi50eXBldXRpbHMuYmFzZS5GbG9hdENvbXBhcmF0b3IAAAAAAAAAAQIAAHhxAH4AGHVxAH4AHAAAAAFxAH4AJXNyADpvcmcuYXBhY2hlLmZsaW5rLmFwaS5jb21tb24udHlwZXV0aWxzLmJhc2UuRmxvYXRTZXJpYWxpemVyAAAAAAAAAAECAAB4cQB-ACl1cgATW0xqYXZhLmxhbmcuU3RyaW5nO63SVufpHXtHAgAAeHAAAAADdAACZjB0AAJmMXQAAmYy&gt;&apos;}]" classname="org.apache.flink.table.types.LegacyTypeInfoDataTypeConverterTest" time="0"/>
  <testcase name="testTypeInfoToDataTypeConversion[[12] type info: Java Tuple3&lt;Short, Double, Float&gt; data type: LEGACY{&apos;STRUCTURED_TYPE&apos;, &apos;ANY&lt;org.apache.flink.api.java.tuple.Tuple3, rO0ABXNyADFvcmcuYXBhY2hlLmZsaW5rLmFwaS5qYXZhLnR5cGV1dGlscy5UdXBsZVR5cGVJbmZvAAAAAAAAAAECAAFbAApmaWVsZE5hbWVzdAATW0xqYXZhL2xhbmcvU3RyaW5nO3hyADVvcmcuYXBhY2hlLmZsaW5rLmFwaS5qYXZhLnR5cGV1dGlscy5UdXBsZVR5cGVJbmZvQmFzZQAAAAAAAAABAgACSQALdG90YWxGaWVsZHNbAAV0eXBlc3QAN1tMb3JnL2FwYWNoZS9mbGluay9hcGkvY29tbW9uL3R5cGVpbmZvL1R5cGVJbmZvcm1hdGlvbjt4cgAzb3JnLmFwYWNoZS5mbGluay5hcGkuY29tbW9uLnR5cGV1dGlscy5Db21wb3NpdGVUeXBlAAAAAAAAAAECAAFMAAl0eXBlQ2xhc3N0ABFMamF2YS9sYW5nL0NsYXNzO3hyADRvcmcuYXBhY2hlLmZsaW5rLmFwaS5jb21tb24udHlwZWluZm8uVHlwZUluZm9ybWF0aW9ulI3ISLqzeusCAAB4cHZyACZvcmcuYXBhY2hlLmZsaW5rLmFwaS5qYXZhLnR1cGxlLlR1cGxlMwAAAAAAAAABAgADTAACZjB0ABJMamF2YS9sYW5nL09iamVjdDtMAAJmMXEAfgAJTAACZjJxAH4ACXhyACVvcmcuYXBhY2hlLmZsaW5rLmFwaS5qYXZhLnR1cGxlLlR1cGxlAAAAAAAAAAECAAB4cAAAAAN1cgA3W0xvcmcuYXBhY2hlLmZsaW5rLmFwaS5jb21tb24udHlwZWluZm8uVHlwZUluZm9ybWF0aW9uO7igbKQamhS2AgAAeHAAAAADc3IANG9yZy5hcGFjaGUuZmxpbmsuYXBpLmNvbW1vbi50eXBlaW5mby5JbnRlZ2VyVHlwZUluZm-QBcRFaUBKlQIAAHhyADRvcmcuYXBhY2hlLmZsaW5rLmFwaS5jb21tb24udHlwZWluZm8uTnVtZXJpY1R5cGVJbmZvrZjGczACjBYCAAB4cgAyb3JnLmFwYWNoZS5mbGluay5hcGkuY29tbW9uLnR5cGVpbmZvLkJhc2ljVHlwZUluZm_6BPCCpWndBgIABEwABWNsYXp6cQB-AAVMAA9jb21wYXJhdG9yQ2xhc3NxAH4ABVsAF3Bvc3NpYmxlQ2FzdFRhcmdldFR5cGVzdAASW0xqYXZhL2xhbmcvQ2xhc3M7TAAKc2VyaWFsaXplcnQANkxvcmcvYXBhY2hlL2ZsaW5rL2FwaS9jb21tb24vdHlwZXV0aWxzL1R5cGVTZXJpYWxpemVyO3hxAH4ABnZyAA9qYXZhLmxhbmcuU2hvcnRoTTcTNGDaUgIAAVMABXZhbHVleHIAEGphdmEubGFuZy5OdW1iZXKGrJUdC5TgiwIAAHhwdnIAOm9yZy5hcGFjaGUuZmxpbmsuYXBpLmNvbW1vbi50eXBldXRpbHMuYmFzZS5TaG9ydENvbXBhcmF0b3IAAAAAAAAAAQIAAHhyAD5vcmcuYXBhY2hlLmZsaW5rLmFwaS5jb21tb24udHlwZXV0aWxzLmJhc2UuQmFzaWNUeXBlQ29tcGFyYXRvcgAAAAAAAAABAgACWgATYXNjZW5kaW5nQ29tcGFyaXNvblsAC2NvbXBhcmF0b3JzdAA3W0xvcmcvYXBhY2hlL2ZsaW5rL2FwaS9jb21tb24vdHlwZXV0aWxzL1R5cGVDb21wYXJhdG9yO3hyADRvcmcuYXBhY2hlLmZsaW5rLmFwaS5jb21tb24udHlwZXV0aWxzLlR5cGVDb21wYXJhdG9yAAAAAAAAAAECAAB4cHVyABJbTGphdmEubGFuZy5DbGFzczurFteuy81amQIAAHhwAAAABXZyABFqYXZhLmxhbmcuSW50ZWdlchLioKT3gYc4AgABSQAFdmFsdWV4cQB-ABV2cgAOamF2YS5sYW5nLkxvbmc7i-SQzI8j3wIAAUoABXZhbHVleHEAfgAVdnIAD2phdmEubGFuZy5GbG9hdNrtyaLbPPDsAgABRgAFdmFsdWV4cQB-ABV2cgAQamF2YS5sYW5nLkRvdWJsZYCzwkopa_sEAgABRAAFdmFsdWV4cQB-ABV2cgATamF2YS5sYW5nLkNoYXJhY3RlcjSLR9lrGiZ4AgABQwAFdmFsdWV4cHNyADpvcmcuYXBhY2hlLmZsaW5rLmFwaS5jb21tb24udHlwZXV0aWxzLmJhc2UuU2hvcnRTZXJpYWxpemVyAAAAAAAAAAECAAB4cgBCb3JnLmFwYWNoZS5mbGluay5hcGkuY29tbW9uLnR5cGV1dGlscy5iYXNlLlR5cGVTZXJpYWxpemVyU2luZ2xldG9ueamHqscud0UCAAB4cgA0b3JnLmFwYWNoZS5mbGluay5hcGkuY29tbW9uLnR5cGV1dGlscy5UeXBlU2VyaWFsaXplcgAAAAAAAAABAgAAeHBzcgA3b3JnLmFwYWNoZS5mbGluay5hcGkuY29tbW9uLnR5cGVpbmZvLkZyYWN0aW9uYWxUeXBlSW5mbwexZBLGw-66AgAAeHEAfgAPcQB-ACV2cgA7b3JnLmFwYWNoZS5mbGluay5hcGkuY29tbW9uLnR5cGV1dGlscy5iYXNlLkRvdWJsZUNvbXBhcmF0b3IAAAAAAAAAAQIAAHhxAH4AGHVxAH4AHAAAAABzcgA7b3JnLmFwYWNoZS5mbGluay5hcGkuY29tbW9uLnR5cGV1dGlscy5iYXNlLkRvdWJsZVNlcmlhbGl6ZXIAAAAAAAAAAQIAAHhxAH4AKXNxAH4ALHEAfgAjdnIAOm9yZy5hcGFjaGUuZmxpbmsuYXBpLmNvbW1vbi50eXBldXRpbHMuYmFzZS5GbG9hdENvbXBhcmF0b3IAAAAAAAAAAQIAAHhxAH4AGHVxAH4AHAAAAAFxAH4AJXNyADpvcmcuYXBhY2hlLmZsaW5rLmFwaS5jb21tb24udHlwZXV0aWxzLmJhc2UuRmxvYXRTZXJpYWxpemVyAAAAAAAAAAECAAB4cQB-ACl1cgATW0xqYXZhLmxhbmcuU3RyaW5nO63SVufpHXtHAgAAeHAAAAADdAACZjB0AAJmMXQAAmYy&gt;&apos;}]" classname="org.apache.flink.table.types.LegacyTypeInfoDataTypeConverterTest" time="0"/>
  <testcase name="testDataTypeToTypeInfoConversion[[13] type info: TimeIndicatorTypeInfo{rowtime} data type: TIMESTAMP{3} *ROWTIME*]" classname="org.apache.flink.table.types.LegacyTypeInfoDataTypeConverterTest" time="0"/>
  <testcase name="testTypeInfoToDataTypeConversion[[13] type info: TimeIndicatorTypeInfo{rowtime} data type: TIMESTAMP{3} *ROWTIME*]" classname="org.apache.flink.table.types.LegacyTypeInfoDataTypeConverterTest" time="0"/>
  <testcase name="testDataTypeToTypeInfoConversion[[14] type info: TimeIndicatorTypeInfo{proctime} data type: TIMESTAMP_LTZ{3} *PROCTIME*]" classname="org.apache.flink.table.types.LegacyTypeInfoDataTypeConverterTest" time="0"/>
  <testcase name="testTypeInfoToDataTypeConversion[[14] type info: TimeIndicatorTypeInfo{proctime} data type: TIMESTAMP_LTZ{3} *PROCTIME*]" classname="org.apache.flink.table.types.LegacyTypeInfoDataTypeConverterTest" time="0"/>
</testsuite>