<?xml version="1.0" encoding="UTF-8"?>
<testsuite xmlns:xsi="http://www.w3.org/2001/XMLSchema-instance" xsi:noNamespaceSchemaLocation="https://maven.apache.org/surefire/maven-surefire-plugin/xsd/surefire-test-report.xsd" name="org.apache.flink.table.types.LogicalCommonTypeTest" time="0.007" tests="42" errors="0" skipped="0" failures="0">
  <properties>
    <property name="gopherProxySet" value="false"/>
    <property name="awt.toolkit" value="sun.lwawt.macosx.LWCToolkit"/>
    <property name="file.encoding.pkg" value="sun.io"/>
    <property name="java.specification.version" value="1.8"/>
    <property name="sun.cpu.isalist" value=""/>
    <property name="forkNumber" value="01"/>
    <property name="sun.jnu.encoding" value="UTF-8"/>
    <property name="java.class.path" value="/Users/liuzhiwei/ideapro/flink-1.14.4/flink-table/flink-table-common/target/test-classes:/Users/liuzhiwei/ideapro/flink-1.14.4/flink-table/flink-table-common/target/classes:/Users/liuzhiwei/ideapro/flink-1.14.4/flink-core/target/flink-core-1.14.4.jar:/Users/liuzhiwei/ideapro/flink-1.14.4/flink-annotations/target/flink-annotations-1.14.4.jar:/Users/liuzhiwei/ideapro/flink-1.14.4/flink-metrics/flink-metrics-core/target/flink-metrics-core-1.14.4.jar:/Users/liuzhiwei/.m2/repository/org/apache/commons/commons-lang3/3.3.2/commons-lang3-3.3.2.jar:/Users/liuzhiwei/.m2/repository/com/esotericsoftware/kryo/kryo/2.24.0/kryo-2.24.0.jar:/Users/liuzhiwei/.m2/repository/com/esotericsoftware/minlog/minlog/1.2/minlog-1.2.jar:/Users/liuzhiwei/.m2/repository/commons-collections/commons-collections/3.2.2/commons-collections-3.2.2.jar:/Users/liuzhiwei/.m2/repository/org/apache/commons/commons-compress/1.21/commons-compress-1.21.jar:/Users/liuzhiwei/.m2/repository/org/apache/flink/flink-shaded-guava/30.1.1-jre-14.0/flink-shaded-guava-30.1.1-jre-14.0.jar:/Users/liuzhiwei/ideapro/flink-1.14.4/flink-connectors/flink-connector-files/target/flink-connector-files-1.14.4.jar:/Users/liuzhiwei/ideapro/flink-1.14.4/flink-connectors/flink-file-sink-common/target/flink-file-sink-common-1.14.4.jar:/Users/liuzhiwei/ideapro/flink-1.14.4/flink-connectors/flink-connector-base/target/flink-connector-base-1.14.4.jar:/Users/liuzhiwei/.m2/repository/org/apache/flink/flink-shaded-asm-7/7.1-14.0/flink-shaded-asm-7-7.1-14.0.jar:/Users/liuzhiwei/.m2/repository/com/ibm/icu/icu4j/67.1/icu4j-67.1.jar:/Users/liuzhiwei/ideapro/flink-1.14.4/flink-core/target/flink-core-1.14.4-tests.jar:/Users/liuzhiwei/ideapro/flink-1.14.4/flink-test-utils-parent/flink-test-utils-junit/target/flink-test-utils-junit-1.14.4.jar:/Users/liuzhiwei/.m2/repository/org/apache/flink/flink-shaded-force-shading/14.0/flink-shaded-force-shading-14.0.jar:/Users/liuzhiwei/.m2/repository/org/slf4j/slf4j-api/1.7.15/slf4j-api-1.7.15.jar:/Users/liuzhiwei/.m2/repository/com/google/code/findbugs/jsr305/1.3.9/jsr305-1.3.9.jar:/Users/liuzhiwei/.m2/repository/org/junit/jupiter/junit-jupiter/5.7.2/junit-jupiter-5.7.2.jar:/Users/liuzhiwei/.m2/repository/org/junit/jupiter/junit-jupiter-api/5.7.2/junit-jupiter-api-5.7.2.jar:/Users/liuzhiwei/.m2/repository/org/opentest4j/opentest4j/1.2.0/opentest4j-1.2.0.jar:/Users/liuzhiwei/.m2/repository/org/junit/platform/junit-platform-commons/1.7.2/junit-platform-commons-1.7.2.jar:/Users/liuzhiwei/.m2/repository/org/junit/jupiter/junit-jupiter-params/5.7.2/junit-jupiter-params-5.7.2.jar:/Users/liuzhiwei/.m2/repository/org/junit/jupiter/junit-jupiter-engine/5.7.2/junit-jupiter-engine-5.7.2.jar:/Users/liuzhiwei/.m2/repository/org/junit/vintage/junit-vintage-engine/5.7.2/junit-vintage-engine-5.7.2.jar:/Users/liuzhiwei/.m2/repository/org/apiguardian/apiguardian-api/1.1.0/apiguardian-api-1.1.0.jar:/Users/liuzhiwei/.m2/repository/org/junit/platform/junit-platform-engine/1.7.2/junit-platform-engine-1.7.2.jar:/Users/liuzhiwei/.m2/repository/junit/junit/4.13.2/junit-4.13.2.jar:/Users/liuzhiwei/.m2/repository/org/mockito/mockito-core/2.21.0/mockito-core-2.21.0.jar:/Users/liuzhiwei/.m2/repository/net/bytebuddy/byte-buddy/1.8.22/byte-buddy-1.8.22.jar:/Users/liuzhiwei/.m2/repository/net/bytebuddy/byte-buddy-agent/1.8.22/byte-buddy-agent-1.8.22.jar:/Users/liuzhiwei/.m2/repository/org/objenesis/objenesis/2.1/objenesis-2.1.jar:/Users/liuzhiwei/.m2/repository/org/powermock/powermock-module-junit4/2.0.4/powermock-module-junit4-2.0.4.jar:/Users/liuzhiwei/.m2/repository/org/powermock/powermock-module-junit4-common/2.0.4/powermock-module-junit4-common-2.0.4.jar:/Users/liuzhiwei/.m2/repository/org/powermock/powermock-reflect/2.0.4/powermock-reflect-2.0.4.jar:/Users/liuzhiwei/.m2/repository/org/powermock/powermock-core/2.0.4/powermock-core-2.0.4.jar:/Users/liuzhiwei/.m2/repository/org/javassist/javassist/3.24.0-GA/javassist-3.24.0-GA.jar:/Users/liuzhiwei/.m2/repository/org/hamcrest/hamcrest-core/1.3/hamcrest-core-1.3.jar:/Users/liuzhiwei/.m2/repository/org/powermock/powermock-api-mockito2/2.0.4/powermock-api-mockito2-2.0.4.jar:/Users/liuzhiwei/.m2/repository/org/powermock/powermock-api-support/2.0.4/powermock-api-support-2.0.4.jar:/Users/liuzhiwei/.m2/repository/org/hamcrest/hamcrest-all/1.3/hamcrest-all-1.3.jar:/Users/liuzhiwei/.m2/repository/org/apache/logging/log4j/log4j-slf4j-impl/2.17.1/log4j-slf4j-impl-2.17.1.jar:/Users/liuzhiwei/.m2/repository/org/apache/logging/log4j/log4j-api/2.17.1/log4j-api-2.17.1.jar:/Users/liuzhiwei/.m2/repository/org/apache/logging/log4j/log4j-core/2.17.1/log4j-core-2.17.1.jar:/Users/liuzhiwei/.m2/repository/org/apache/logging/log4j/log4j-1.2-api/2.17.1/log4j-1.2-api-2.17.1.jar:"/>
    <property name="java.vm.vendor" value="Oracle Corporation"/>
    <property name="hadoop.version" value="2.4.1"/>
    <property name="sun.arch.data.model" value="64"/>
    <property name="java.vendor.url" value="http://java.oracle.com/"/>
    <property name="user.timezone" value=""/>
    <property name="java.vm.specification.version" value="1.8"/>
    <property name="os.name" value="Mac OS X"/>
    <property name="user.country" value="US"/>
    <property name="sun.java.launcher" value="SUN_STANDARD"/>
    <property name="sun.boot.library.path" value="/Library/Java/JavaVirtualMachines/jdk1.8.0_311.jdk/Contents/Home/jre/lib"/>
    <property name="project.basedir" value="/Users/liuzhiwei/ideapro/flink-1.14.4/flink-table/flink-table-common"/>
    <property name="sun.java.command" value="/Users/liuzhiwei/ideapro/flink-1.14.4/flink-table/flink-table-common/target/surefire/surefirebooter8017064036921010743.jar /Users/liuzhiwei/ideapro/flink-1.14.4/flink-table/flink-table-common/target/surefire 2022-06-10T17-37-14_312-jvmRun1 surefire8104797305428732709tmp surefire_11935237110688197575571tmp"/>
    <property name="surefire.test.class.path" value="/Users/liuzhiwei/ideapro/flink-1.14.4/flink-table/flink-table-common/target/test-classes:/Users/liuzhiwei/ideapro/flink-1.14.4/flink-table/flink-table-common/target/classes:/Users/liuzhiwei/ideapro/flink-1.14.4/flink-core/target/flink-core-1.14.4.jar:/Users/liuzhiwei/ideapro/flink-1.14.4/flink-annotations/target/flink-annotations-1.14.4.jar:/Users/liuzhiwei/ideapro/flink-1.14.4/flink-metrics/flink-metrics-core/target/flink-metrics-core-1.14.4.jar:/Users/liuzhiwei/.m2/repository/org/apache/commons/commons-lang3/3.3.2/commons-lang3-3.3.2.jar:/Users/liuzhiwei/.m2/repository/com/esotericsoftware/kryo/kryo/2.24.0/kryo-2.24.0.jar:/Users/liuzhiwei/.m2/repository/com/esotericsoftware/minlog/minlog/1.2/minlog-1.2.jar:/Users/liuzhiwei/.m2/repository/commons-collections/commons-collections/3.2.2/commons-collections-3.2.2.jar:/Users/liuzhiwei/.m2/repository/org/apache/commons/commons-compress/1.21/commons-compress-1.21.jar:/Users/liuzhiwei/.m2/repository/org/apache/flink/flink-shaded-guava/30.1.1-jre-14.0/flink-shaded-guava-30.1.1-jre-14.0.jar:/Users/liuzhiwei/ideapro/flink-1.14.4/flink-connectors/flink-connector-files/target/flink-connector-files-1.14.4.jar:/Users/liuzhiwei/ideapro/flink-1.14.4/flink-connectors/flink-file-sink-common/target/flink-file-sink-common-1.14.4.jar:/Users/liuzhiwei/ideapro/flink-1.14.4/flink-connectors/flink-connector-base/target/flink-connector-base-1.14.4.jar:/Users/liuzhiwei/.m2/repository/org/apache/flink/flink-shaded-asm-7/7.1-14.0/flink-shaded-asm-7-7.1-14.0.jar:/Users/liuzhiwei/.m2/repository/com/ibm/icu/icu4j/67.1/icu4j-67.1.jar:/Users/liuzhiwei/ideapro/flink-1.14.4/flink-core/target/flink-core-1.14.4-tests.jar:/Users/liuzhiwei/ideapro/flink-1.14.4/flink-test-utils-parent/flink-test-utils-junit/target/flink-test-utils-junit-1.14.4.jar:/Users/liuzhiwei/.m2/repository/org/apache/flink/flink-shaded-force-shading/14.0/flink-shaded-force-shading-14.0.jar:/Users/liuzhiwei/.m2/repository/org/slf4j/slf4j-api/1.7.15/slf4j-api-1.7.15.jar:/Users/liuzhiwei/.m2/repository/com/google/code/findbugs/jsr305/1.3.9/jsr305-1.3.9.jar:/Users/liuzhiwei/.m2/repository/org/junit/jupiter/junit-jupiter/5.7.2/junit-jupiter-5.7.2.jar:/Users/liuzhiwei/.m2/repository/org/junit/jupiter/junit-jupiter-api/5.7.2/junit-jupiter-api-5.7.2.jar:/Users/liuzhiwei/.m2/repository/org/opentest4j/opentest4j/1.2.0/opentest4j-1.2.0.jar:/Users/liuzhiwei/.m2/repository/org/junit/platform/junit-platform-commons/1.7.2/junit-platform-commons-1.7.2.jar:/Users/liuzhiwei/.m2/repository/org/junit/jupiter/junit-jupiter-params/5.7.2/junit-jupiter-params-5.7.2.jar:/Users/liuzhiwei/.m2/repository/org/junit/jupiter/junit-jupiter-engine/5.7.2/junit-jupiter-engine-5.7.2.jar:/Users/liuzhiwei/.m2/repository/org/junit/vintage/junit-vintage-engine/5.7.2/junit-vintage-engine-5.7.2.jar:/Users/liuzhiwei/.m2/repository/org/apiguardian/apiguardian-api/1.1.0/apiguardian-api-1.1.0.jar:/Users/liuzhiwei/.m2/repository/org/junit/platform/junit-platform-engine/1.7.2/junit-platform-engine-1.7.2.jar:/Users/liuzhiwei/.m2/repository/junit/junit/4.13.2/junit-4.13.2.jar:/Users/liuzhiwei/.m2/repository/org/mockito/mockito-core/2.21.0/mockito-core-2.21.0.jar:/Users/liuzhiwei/.m2/repository/net/bytebuddy/byte-buddy/1.8.22/byte-buddy-1.8.22.jar:/Users/liuzhiwei/.m2/repository/net/bytebuddy/byte-buddy-agent/1.8.22/byte-buddy-agent-1.8.22.jar:/Users/liuzhiwei/.m2/repository/org/objenesis/objenesis/2.1/objenesis-2.1.jar:/Users/liuzhiwei/.m2/repository/org/powermock/powermock-module-junit4/2.0.4/powermock-module-junit4-2.0.4.jar:/Users/liuzhiwei/.m2/repository/org/powermock/powermock-module-junit4-common/2.0.4/powermock-module-junit4-common-2.0.4.jar:/Users/liuzhiwei/.m2/repository/org/powermock/powermock-reflect/2.0.4/powermock-reflect-2.0.4.jar:/Users/liuzhiwei/.m2/repository/org/powermock/powermock-core/2.0.4/powermock-core-2.0.4.jar:/Users/liuzhiwei/.m2/repository/org/javassist/javassist/3.24.0-GA/javassist-3.24.0-GA.jar:/Users/liuzhiwei/.m2/repository/org/hamcrest/hamcrest-core/1.3/hamcrest-core-1.3.jar:/Users/liuzhiwei/.m2/repository/org/powermock/powermock-api-mockito2/2.0.4/powermock-api-mockito2-2.0.4.jar:/Users/liuzhiwei/.m2/repository/org/powermock/powermock-api-support/2.0.4/powermock-api-support-2.0.4.jar:/Users/liuzhiwei/.m2/repository/org/hamcrest/hamcrest-all/1.3/hamcrest-all-1.3.jar:/Users/liuzhiwei/.m2/repository/org/apache/logging/log4j/log4j-slf4j-impl/2.17.1/log4j-slf4j-impl-2.17.1.jar:/Users/liuzhiwei/.m2/repository/org/apache/logging/log4j/log4j-api/2.17.1/log4j-api-2.17.1.jar:/Users/liuzhiwei/.m2/repository/org/apache/logging/log4j/log4j-core/2.17.1/log4j-core-2.17.1.jar:/Users/liuzhiwei/.m2/repository/org/apache/logging/log4j/log4j-1.2-api/2.17.1/log4j-1.2-api-2.17.1.jar:"/>
    <property name="sun.cpu.endian" value="little"/>
    <property name="user.home" value="/Users/liuzhiwei"/>
    <property name="user.language" value="en"/>
    <property name="java.specification.vendor" value="Oracle Corporation"/>
    <property name="java.home" value="/Library/Java/JavaVirtualMachines/jdk1.8.0_311.jdk/Contents/Home/jre"/>
    <property name="basedir" value="/Users/liuzhiwei/ideapro/flink-1.14.4/flink-table/flink-table-common"/>
    <property name="file.separator" value="/"/>
    <property name="line.separator" value="&#10;"/>
    <property name="java.vm.specification.vendor" value="Oracle Corporation"/>
    <property name="java.specification.name" value="Java Platform API Specification"/>
    <property name="java.awt.graphicsenv" value="sun.awt.CGraphicsEnvironment"/>
    <property name="test.randomization.seed" value=""/>
    <property name="mvn.forkNumber" value="1"/>
    <property name="surefire.real.class.path" value="/Users/liuzhiwei/ideapro/flink-1.14.4/flink-table/flink-table-common/target/surefire/surefirebooter8017064036921010743.jar"/>
    <property name="buffer-debloat.randomization" value="true"/>
    <property name="sun.boot.class.path" value="/Library/Java/JavaVirtualMachines/jdk1.8.0_311.jdk/Contents/Home/jre/lib/resources.jar:/Library/Java/JavaVirtualMachines/jdk1.8.0_311.jdk/Contents/Home/jre/lib/rt.jar:/Library/Java/JavaVirtualMachines/jdk1.8.0_311.jdk/Contents/Home/jre/lib/sunrsasign.jar:/Library/Java/JavaVirtualMachines/jdk1.8.0_311.jdk/Contents/Home/jre/lib/jsse.jar:/Library/Java/JavaVirtualMachines/jdk1.8.0_311.jdk/Contents/Home/jre/lib/jce.jar:/Library/Java/JavaVirtualMachines/jdk1.8.0_311.jdk/Contents/Home/jre/lib/charsets.jar:/Library/Java/JavaVirtualMachines/jdk1.8.0_311.jdk/Contents/Home/jre/lib/jfr.jar:/Library/Java/JavaVirtualMachines/jdk1.8.0_311.jdk/Contents/Home/jre/classes"/>
    <property name="checkpointing.changelog" value="unset"/>
    <property name="sun.management.compiler" value="HotSpot 64-Bit Tiered Compilers"/>
    <property name="java.runtime.version" value="1.8.0_311-b11"/>
    <property name="user.name" value="liuzhiwei"/>
    <property name="path.separator" value=":"/>
    <property name="os.version" value="10.16"/>
    <property name="java.endorsed.dirs" value="/Library/Java/JavaVirtualMachines/jdk1.8.0_311.jdk/Contents/Home/jre/lib/endorsed"/>
    <property name="java.runtime.name" value="Java(TM) SE Runtime Environment"/>
    <property name="file.encoding" value="UTF-8"/>
    <property name="java.vm.name" value="Java HotSpot(TM) 64-Bit Server VM"/>
    <property name="localRepository" value="/Users/liuzhiwei/.m2/repository"/>
    <property name="java.vendor.url.bug" value="http://bugreport.sun.com/bugreport/"/>
    <property name="java.io.tmpdir" value="/var/folders/9v/knhh7l116z927rs422hz7g7r0000gn/T/"/>
    <property name="idea.version" value="2021.3.2"/>
    <property name="java.version" value="1.8.0_311"/>
    <property name="user.dir" value="/Users/liuzhiwei/ideapro/flink-1.14.4/flink-table/flink-table-common"/>
    <property name="os.arch" value="x86_64"/>
    <property name="java.vm.specification.name" value="Java Virtual Machine Specification"/>
    <property name="java.awt.printerjob" value="sun.lwawt.macosx.CPrinterJob"/>
    <property name="sun.os.patch.level" value="unknown"/>
    <property name="checkpointing.randomization" value="true"/>
    <property name="java.library.path" value="/Users/liuzhiwei/Library/Java/Extensions:/Library/Java/Extensions:/Network/Library/Java/Extensions:/System/Library/Java/Extensions:/usr/lib/java:."/>
    <property name="java.vm.info" value="mixed mode"/>
    <property name="java.vendor" value="Oracle Corporation"/>
    <property name="java.vm.version" value="25.311-b11"/>
    <property name="java.ext.dirs" value="/Users/liuzhiwei/Library/Java/Extensions:/Library/Java/JavaVirtualMachines/jdk1.8.0_311.jdk/Contents/Home/jre/lib/ext:/Library/Java/Extensions:/Network/Library/Java/Extensions:/System/Library/Java/Extensions:/usr/lib/java"/>
    <property name="sun.io.unicode.encoding" value="UnicodeBig"/>
    <property name="maven.repo.local" value="/Users/liuzhiwei/.m2/repository"/>
    <property name="java.class.version" value="52.0"/>
  </properties>
  <testcase name="testCommonType[0: [Types: [INT, INT], To: INT]]" classname="org.apache.flink.table.types.LogicalCommonTypeTest" time="0.001"/>
  <testcase name="testCommonType[1: [Types: [INT, ARRAY&lt;INT&gt;], To: null]]" classname="org.apache.flink.table.types.LogicalCommonTypeTest" time="0"/>
  <testcase name="testCommonType[2: [Types: [INT, VARCHAR{23}], To: null]]" classname="org.apache.flink.table.types.LogicalCommonTypeTest" time="0"/>
  <testcase name="testCommonType[3: [Types: [BINARY{1}, VARCHAR{23}], To: null]]" classname="org.apache.flink.table.types.LogicalCommonTypeTest" time="0.001"/>
  <testcase name="testCommonType[4: [Types: [INT NOT NULL, INT NOT NULL], To: INT NOT NULL]]" classname="org.apache.flink.table.types.LogicalCommonTypeTest" time="0"/>
  <testcase name="testCommonType[5: [Types: [INT, BIGINT NOT NULL], To: BIGINT]]" classname="org.apache.flink.table.types.LogicalCommonTypeTest" time="0"/>
  <testcase name="testCommonType[6: [Types: [NULL, NULL], To: null]]" classname="org.apache.flink.table.types.LogicalCommonTypeTest" time="0"/>
  <testcase name="testCommonType[7: [Types: [NULL, INT, INT], To: INT]]" classname="org.apache.flink.table.types.LogicalCommonTypeTest" time="0"/>
  <testcase name="testCommonType[8: [Types: [ARRAY&lt;INT&gt;, ARRAY&lt;INT&gt;], To: ARRAY&lt;INT&gt;]]" classname="org.apache.flink.table.types.LogicalCommonTypeTest" time="0.001"/>
  <testcase name="testCommonType[9: [Types: [ARRAY&lt;BIGINT&gt;, ARRAY&lt;INT&gt;], To: ARRAY&lt;BIGINT&gt;]]" classname="org.apache.flink.table.types.LogicalCommonTypeTest" time="0"/>
  <testcase name="testCommonType[10: [Types: [MULTISET&lt;BIGINT&gt;, MULTISET&lt;INT&gt;], To: MULTISET&lt;BIGINT&gt;]]" classname="org.apache.flink.table.types.LogicalCommonTypeTest" time="0"/>
  <testcase name="testCommonType[11: [Types: [MAP&lt;BIGINT, DOUBLE&gt;, MAP&lt;INT, DOUBLE&gt;], To: MAP&lt;BIGINT, DOUBLE&gt;]]" classname="org.apache.flink.table.types.LogicalCommonTypeTest" time="0"/>
  <testcase name="testCommonType[12: [Types: [ROW&lt;`f0` INT, `f1` INT, `f2` BIGINT&gt;, ROW&lt;`f0` BIGINT, `f1` INT, `f2` INT&gt;], To: ROW&lt;`f0` BIGINT, `f1` INT, `f2` BIGINT&gt;]]" classname="org.apache.flink.table.types.LogicalCommonTypeTest" time="0"/>
  <testcase name="testCommonType[13: [Types: [CHAR{2}, CHAR{2}], To: CHAR{2}]]" classname="org.apache.flink.table.types.LogicalCommonTypeTest" time="0"/>
  <testcase name="testCommonType[14: [Types: [CHAR{0} NOT NULL, CHAR{0} NOT NULL], To: CHAR{0} NOT NULL]]" classname="org.apache.flink.table.types.LogicalCommonTypeTest" time="0"/>
  <testcase name="testCommonType[15: [Types: [CHAR{2}, CHAR{4}], To: VARCHAR{4}]]" classname="org.apache.flink.table.types.LogicalCommonTypeTest" time="0.001"/>
  <testcase name="testCommonType[16: [Types: [VARCHAR{2}, STRING], To: STRING]]" classname="org.apache.flink.table.types.LogicalCommonTypeTest" time="0"/>
  <testcase name="testCommonType[17: [Types: [VARCHAR{2}, CHAR{5}], To: VARCHAR{5}]]" classname="org.apache.flink.table.types.LogicalCommonTypeTest" time="0"/>
  <testcase name="testCommonType[18: [Types: [CHAR{5}, VARCHAR{2}, VARCHAR{7}], To: VARCHAR{7}]]" classname="org.apache.flink.table.types.LogicalCommonTypeTest" time="0"/>
  <testcase name="testCommonType[19: [Types: [BINARY{2}, BINARY{4}], To: VARBINARY{4}]]" classname="org.apache.flink.table.types.LogicalCommonTypeTest" time="0"/>
  <testcase name="testCommonType[20: [Types: [BINARY{5}, VARBINARY{2}, VARBINARY{7}], To: VARBINARY{7}]]" classname="org.apache.flink.table.types.LogicalCommonTypeTest" time="0"/>
  <testcase name="testCommonType[21: [Types: [DOUBLE, FLOAT], To: DOUBLE]]" classname="org.apache.flink.table.types.LogicalCommonTypeTest" time="0"/>
  <testcase name="testCommonType[22: [Types: [DOUBLE, DECIMAL{2, 2}], To: DOUBLE]]" classname="org.apache.flink.table.types.LogicalCommonTypeTest" time="0"/>
  <testcase name="testCommonType[23: [Types: [INT, FLOAT], To: FLOAT]]" classname="org.apache.flink.table.types.LogicalCommonTypeTest" time="0"/>
  <testcase name="testCommonType[24: [Types: [DECIMAL{2, 2}, DOUBLE, FLOAT], To: DOUBLE]]" classname="org.apache.flink.table.types.LogicalCommonTypeTest" time="0"/>
  <testcase name="testCommonType[25: [Types: [DECIMAL{2, 2}, DECIMAL{5, 2}, DECIMAL{7, 5}], To: DECIMAL{8, 5}]]" classname="org.apache.flink.table.types.LogicalCommonTypeTest" time="0"/>
  <testcase name="testCommonType[26: [Types: [DECIMAL{2, 2}, INT, BIGINT], To: DECIMAL{21, 2}]]" classname="org.apache.flink.table.types.LogicalCommonTypeTest" time="0"/>
  <testcase name="testCommonType[27: [Types: [DATE, DATE, TIME{0}], To: null]]" classname="org.apache.flink.table.types.LogicalCommonTypeTest" time="0"/>
  <testcase name="testCommonType[28: [Types: [TIME{3}, TIME{5}, TIME{2}], To: TIME{5}]]" classname="org.apache.flink.table.types.LogicalCommonTypeTest" time="0"/>
  <testcase name="testCommonType[29: [Types: [TIMESTAMP{3}, TIMESTAMP{5}, TIMESTAMP{2}], To: TIMESTAMP{5}]]" classname="org.apache.flink.table.types.LogicalCommonTypeTest" time="0.001"/>
  <testcase name="testCommonType[30: [Types: [TIMESTAMP{3}, TIMESTAMP{5} WITH TIME ZONE, TIMESTAMP_LTZ{2}], To: TIMESTAMP{5} WITH TIME ZONE]]" classname="org.apache.flink.table.types.LogicalCommonTypeTest" time="0"/>
  <testcase name="testCommonType[31: [Types: [TIMESTAMP{3}, TIMESTAMP_LTZ{2}], To: TIMESTAMP_LTZ{3}]]" classname="org.apache.flink.table.types.LogicalCommonTypeTest" time="0"/>
  <testcase name="testCommonType[32: [Types: [INTERVAL DAY{2}, DATE], To: DATE]]" classname="org.apache.flink.table.types.LogicalCommonTypeTest" time="0"/>
  <testcase name="testCommonType[33: [Types: [INTERVAL MONTH, DATE], To: DATE]]" classname="org.apache.flink.table.types.LogicalCommonTypeTest" time="0"/>
  <testcase name="testCommonType[34: [Types: [TIME{0}, INTERVAL MINUTE], To: TIME{0}]]" classname="org.apache.flink.table.types.LogicalCommonTypeTest" time="0"/>
  <testcase name="testCommonType[35: [Types: [DATE, INTERVAL DAY{2}], To: DATE]]" classname="org.apache.flink.table.types.LogicalCommonTypeTest" time="0"/>
  <testcase name="testCommonType[36: [Types: [INT, DATE], To: DATE]]" classname="org.apache.flink.table.types.LogicalCommonTypeTest" time="0"/>
  <testcase name="testCommonType[37: [Types: [TIME{0}, DECIMAL{10, 0}], To: null]]" classname="org.apache.flink.table.types.LogicalCommonTypeTest" time="0"/>
  <testcase name="testCommonType[38: [Types: [TIMESTAMP{6}, DECIMAL{10, 0}], To: TIMESTAMP{6}]]" classname="org.apache.flink.table.types.LogicalCommonTypeTest" time="0.001"/>
  <testcase name="testCommonType[39: [Types: [INTERVAL DAY{2} TO MINUTE, INTERVAL SECOND{6}], To: INTERVAL DAY{2} TO SECOND{6}]]" classname="org.apache.flink.table.types.LogicalCommonTypeTest" time="0"/>
  <testcase name="testCommonType[40: [Types: [INTERVAL HOUR, INTERVAL SECOND{0}], To: INTERVAL HOUR TO SECOND{6}]]" classname="org.apache.flink.table.types.LogicalCommonTypeTest" time="0"/>
  <testcase name="testCommonType[41: [Types: [INTERVAL MONTH, INTERVAL YEAR{2}], To: INTERVAL YEAR{2} TO MONTH]]" classname="org.apache.flink.table.types.LogicalCommonTypeTest" time="0"/>
</testsuite>