<?xml version="1.0" encoding="UTF-8"?>
<testsuite xmlns:xsi="http://www.w3.org/2001/XMLSchema-instance" xsi:noNamespaceSchemaLocation="https://maven.apache.org/surefire/maven-surefire-plugin/xsd/surefire-test-report.xsd" name="org.apache.flink.sql.parser.FlinkSqlUnParserTest" time="0.527" tests="101" errors="0" skipped="2" failures="0">
  <properties>
    <property name="gopherProxySet" value="false"/>
    <property name="awt.toolkit" value="sun.lwawt.macosx.LWCToolkit"/>
    <property name="file.encoding.pkg" value="sun.io"/>
    <property name="java.specification.version" value="1.8"/>
    <property name="forkNumber" value="03"/>
    <property name="sun.cpu.isalist" value=""/>
    <property name="sun.jnu.encoding" value="UTF-8"/>
    <property name="java.class.path" value="/Users/liuzhiwei/ideapro/flink-1.14.4/flink-table/flink-sql-parser/target/test-classes:/Users/liuzhiwei/ideapro/flink-1.14.4/flink-table/flink-sql-parser/target/classes:/Users/liuzhiwei/ideapro/flink-1.14.4/flink-annotations/target/flink-annotations-1.14.4.jar:/Users/liuzhiwei/.m2/repository/com/google/guava/guava/29.0-jre/guava-29.0-jre.jar:/Users/liuzhiwei/.m2/repository/com/google/guava/failureaccess/1.0.1/failureaccess-1.0.1.jar:/Users/liuzhiwei/.m2/repository/com/google/guava/listenablefuture/9999.0-empty-to-avoid-conflict-with-guava/listenablefuture-9999.0-empty-to-avoid-conflict-with-guava.jar:/Users/liuzhiwei/.m2/repository/org/checkerframework/checker-qual/2.11.1/checker-qual-2.11.1.jar:/Users/liuzhiwei/.m2/repository/com/google/errorprone/error_prone_annotations/2.3.4/error_prone_annotations-2.3.4.jar:/Users/liuzhiwei/.m2/repository/com/google/j2objc/j2objc-annotations/1.3/j2objc-annotations-1.3.jar:/Users/liuzhiwei/.m2/repository/org/apache/calcite/calcite-core/1.26.0/calcite-core-1.26.0.jar:/Users/liuzhiwei/.m2/repository/org/apache/calcite/avatica/avatica-core/1.17.0/avatica-core-1.17.0.jar:/Users/liuzhiwei/.m2/repository/org/apiguardian/apiguardian-api/1.1.0/apiguardian-api-1.1.0.jar:/Users/liuzhiwei/.m2/repository/org/apache/calcite/calcite-core/1.26.0/calcite-core-1.26.0-tests.jar:/Users/liuzhiwei/.m2/repository/org/apache/calcite/calcite-linq4j/1.26.0/calcite-linq4j-1.26.0.jar:/Users/liuzhiwei/.m2/repository/com/esri/geometry/esri-geometry-api/2.2.0/esri-geometry-api-2.2.0.jar:/Users/liuzhiwei/.m2/repository/com/fasterxml/jackson/dataformat/jackson-dataformat-yaml/2.12.1/jackson-dataformat-yaml-2.12.1.jar:/Users/liuzhiwei/.m2/repository/org/yaml/snakeyaml/1.27/snakeyaml-1.27.jar:/Users/liuzhiwei/.m2/repository/com/jayway/jsonpath/json-path/2.4.0/json-path-2.4.0.jar:/Users/liuzhiwei/.m2/repository/net/minidev/json-smart/2.3/json-smart-2.3.jar:/Users/liuzhiwei/.m2/repository/net/minidev/accessors-smart/1.2/accessors-smart-1.2.jar:/Users/liuzhiwei/.m2/repository/org/ow2/asm/asm/5.0.4/asm-5.0.4.jar:/Users/liuzhiwei/.m2/repository/com/yahoo/datasketches/sketches-core/0.9.0/sketches-core-0.9.0.jar:/Users/liuzhiwei/.m2/repository/com/yahoo/datasketches/memory/0.9.0/memory-0.9.0.jar:/Users/liuzhiwei/.m2/repository/commons-codec/commons-codec/1.13/commons-codec-1.13.jar:/Users/liuzhiwei/.m2/repository/net/hydromatic/aggdesigner-algorithm/6.0/aggdesigner-algorithm-6.0.jar:/Users/liuzhiwei/.m2/repository/commons-lang/commons-lang/2.4/commons-lang-2.4.jar:/Users/liuzhiwei/.m2/repository/commons-logging/commons-logging/1.1.3/commons-logging-1.1.3.jar:/Users/liuzhiwei/.m2/repository/org/apache/commons/commons-dbcp2/2.6.0/commons-dbcp2-2.6.0.jar:/Users/liuzhiwei/.m2/repository/org/apache/commons/commons-pool2/2.6.1/commons-pool2-2.6.1.jar:/Users/liuzhiwei/.m2/repository/org/apache/commons/commons-lang3/3.3.2/commons-lang3-3.3.2.jar:/Users/liuzhiwei/.m2/repository/commons-io/commons-io/2.8.0/commons-io-2.8.0.jar:/Users/liuzhiwei/.m2/repository/org/codehaus/janino/commons-compiler/3.0.11/commons-compiler-3.0.11.jar:/Users/liuzhiwei/.m2/repository/org/codehaus/janino/janino/3.0.11/janino-3.0.11.jar:/Users/liuzhiwei/.m2/repository/org/apache/flink/flink-shaded-force-shading/14.0/flink-shaded-force-shading-14.0.jar:/Users/liuzhiwei/.m2/repository/org/slf4j/slf4j-api/1.7.15/slf4j-api-1.7.15.jar:/Users/liuzhiwei/.m2/repository/com/google/code/findbugs/jsr305/1.3.9/jsr305-1.3.9.jar:/Users/liuzhiwei/.m2/repository/org/junit/jupiter/junit-jupiter/5.7.2/junit-jupiter-5.7.2.jar:/Users/liuzhiwei/.m2/repository/org/junit/jupiter/junit-jupiter-api/5.7.2/junit-jupiter-api-5.7.2.jar:/Users/liuzhiwei/.m2/repository/org/opentest4j/opentest4j/1.2.0/opentest4j-1.2.0.jar:/Users/liuzhiwei/.m2/repository/org/junit/platform/junit-platform-commons/1.7.2/junit-platform-commons-1.7.2.jar:/Users/liuzhiwei/.m2/repository/org/junit/jupiter/junit-jupiter-params/5.7.2/junit-jupiter-params-5.7.2.jar:/Users/liuzhiwei/.m2/repository/org/junit/jupiter/junit-jupiter-engine/5.7.2/junit-jupiter-engine-5.7.2.jar:/Users/liuzhiwei/.m2/repository/org/junit/vintage/junit-vintage-engine/5.7.2/junit-vintage-engine-5.7.2.jar:/Users/liuzhiwei/.m2/repository/org/junit/platform/junit-platform-engine/1.7.2/junit-platform-engine-1.7.2.jar:/Users/liuzhiwei/.m2/repository/junit/junit/4.13.2/junit-4.13.2.jar:/Users/liuzhiwei/.m2/repository/org/mockito/mockito-core/2.21.0/mockito-core-2.21.0.jar:/Users/liuzhiwei/.m2/repository/net/bytebuddy/byte-buddy/1.8.22/byte-buddy-1.8.22.jar:/Users/liuzhiwei/.m2/repository/net/bytebuddy/byte-buddy-agent/1.8.22/byte-buddy-agent-1.8.22.jar:/Users/liuzhiwei/.m2/repository/org/objenesis/objenesis/2.1/objenesis-2.1.jar:/Users/liuzhiwei/.m2/repository/org/powermock/powermock-module-junit4/2.0.4/powermock-module-junit4-2.0.4.jar:/Users/liuzhiwei/.m2/repository/org/powermock/powermock-module-junit4-common/2.0.4/powermock-module-junit4-common-2.0.4.jar:/Users/liuzhiwei/.m2/repository/org/powermock/powermock-reflect/2.0.4/powermock-reflect-2.0.4.jar:/Users/liuzhiwei/.m2/repository/org/powermock/powermock-core/2.0.4/powermock-core-2.0.4.jar:/Users/liuzhiwei/.m2/repository/org/javassist/javassist/3.24.0-GA/javassist-3.24.0-GA.jar:/Users/liuzhiwei/.m2/repository/org/hamcrest/hamcrest-core/1.3/hamcrest-core-1.3.jar:/Users/liuzhiwei/.m2/repository/org/powermock/powermock-api-mockito2/2.0.4/powermock-api-mockito2-2.0.4.jar:/Users/liuzhiwei/.m2/repository/org/powermock/powermock-api-support/2.0.4/powermock-api-support-2.0.4.jar:/Users/liuzhiwei/.m2/repository/org/hamcrest/hamcrest-all/1.3/hamcrest-all-1.3.jar:/Users/liuzhiwei/.m2/repository/org/apache/logging/log4j/log4j-slf4j-impl/2.17.1/log4j-slf4j-impl-2.17.1.jar:/Users/liuzhiwei/.m2/repository/org/apache/logging/log4j/log4j-api/2.17.1/log4j-api-2.17.1.jar:/Users/liuzhiwei/.m2/repository/org/apache/logging/log4j/log4j-core/2.17.1/log4j-core-2.17.1.jar:/Users/liuzhiwei/.m2/repository/org/apache/logging/log4j/log4j-1.2-api/2.17.1/log4j-1.2-api-2.17.1.jar:"/>
    <property name="java.vm.vendor" value="Oracle Corporation"/>
    <property name="hadoop.version" value="2.4.1"/>
    <property name="sun.arch.data.model" value="64"/>
    <property name="java.vendor.url" value="http://java.oracle.com/"/>
    <property name="user.timezone" value=""/>
    <property name="os.name" value="Mac OS X"/>
    <property name="java.vm.specification.version" value="1.8"/>
    <property name="user.country" value="US"/>
    <property name="sun.java.launcher" value="SUN_STANDARD"/>
    <property name="sun.boot.library.path" value="/Library/Java/JavaVirtualMachines/jdk1.8.0_311.jdk/Contents/Home/jre/lib"/>
    <property name="project.basedir" value="/Users/liuzhiwei/ideapro/flink-1.14.4/flink-table/flink-sql-parser"/>
    <property name="sun.java.command" value="/Users/liuzhiwei/ideapro/flink-1.14.4/flink-table/flink-sql-parser/target/surefire/surefirebooter5437594487514009422.jar /Users/liuzhiwei/ideapro/flink-1.14.4/flink-table/flink-sql-parser/target/surefire 2022-06-10T17-37-14_312-jvmRun3 surefire2592272058098670383tmp surefire_12245819313659409844037tmp"/>
    <property name="http.nonProxyHosts" value="local|*.local|169.254/16|*.169.254/16"/>
    <property name="surefire.test.class.path" value="/Users/liuzhiwei/ideapro/flink-1.14.4/flink-table/flink-sql-parser/target/test-classes:/Users/liuzhiwei/ideapro/flink-1.14.4/flink-table/flink-sql-parser/target/classes:/Users/liuzhiwei/ideapro/flink-1.14.4/flink-annotations/target/flink-annotations-1.14.4.jar:/Users/liuzhiwei/.m2/repository/com/google/guava/guava/29.0-jre/guava-29.0-jre.jar:/Users/liuzhiwei/.m2/repository/com/google/guava/failureaccess/1.0.1/failureaccess-1.0.1.jar:/Users/liuzhiwei/.m2/repository/com/google/guava/listenablefuture/9999.0-empty-to-avoid-conflict-with-guava/listenablefuture-9999.0-empty-to-avoid-conflict-with-guava.jar:/Users/liuzhiwei/.m2/repository/org/checkerframework/checker-qual/2.11.1/checker-qual-2.11.1.jar:/Users/liuzhiwei/.m2/repository/com/google/errorprone/error_prone_annotations/2.3.4/error_prone_annotations-2.3.4.jar:/Users/liuzhiwei/.m2/repository/com/google/j2objc/j2objc-annotations/1.3/j2objc-annotations-1.3.jar:/Users/liuzhiwei/.m2/repository/org/apache/calcite/calcite-core/1.26.0/calcite-core-1.26.0.jar:/Users/liuzhiwei/.m2/repository/org/apache/calcite/avatica/avatica-core/1.17.0/avatica-core-1.17.0.jar:/Users/liuzhiwei/.m2/repository/org/apiguardian/apiguardian-api/1.1.0/apiguardian-api-1.1.0.jar:/Users/liuzhiwei/.m2/repository/org/apache/calcite/calcite-core/1.26.0/calcite-core-1.26.0-tests.jar:/Users/liuzhiwei/.m2/repository/org/apache/calcite/calcite-linq4j/1.26.0/calcite-linq4j-1.26.0.jar:/Users/liuzhiwei/.m2/repository/com/esri/geometry/esri-geometry-api/2.2.0/esri-geometry-api-2.2.0.jar:/Users/liuzhiwei/.m2/repository/com/fasterxml/jackson/dataformat/jackson-dataformat-yaml/2.12.1/jackson-dataformat-yaml-2.12.1.jar:/Users/liuzhiwei/.m2/repository/org/yaml/snakeyaml/1.27/snakeyaml-1.27.jar:/Users/liuzhiwei/.m2/repository/com/jayway/jsonpath/json-path/2.4.0/json-path-2.4.0.jar:/Users/liuzhiwei/.m2/repository/net/minidev/json-smart/2.3/json-smart-2.3.jar:/Users/liuzhiwei/.m2/repository/net/minidev/accessors-smart/1.2/accessors-smart-1.2.jar:/Users/liuzhiwei/.m2/repository/org/ow2/asm/asm/5.0.4/asm-5.0.4.jar:/Users/liuzhiwei/.m2/repository/com/yahoo/datasketches/sketches-core/0.9.0/sketches-core-0.9.0.jar:/Users/liuzhiwei/.m2/repository/com/yahoo/datasketches/memory/0.9.0/memory-0.9.0.jar:/Users/liuzhiwei/.m2/repository/commons-codec/commons-codec/1.13/commons-codec-1.13.jar:/Users/liuzhiwei/.m2/repository/net/hydromatic/aggdesigner-algorithm/6.0/aggdesigner-algorithm-6.0.jar:/Users/liuzhiwei/.m2/repository/commons-lang/commons-lang/2.4/commons-lang-2.4.jar:/Users/liuzhiwei/.m2/repository/commons-logging/commons-logging/1.1.3/commons-logging-1.1.3.jar:/Users/liuzhiwei/.m2/repository/org/apache/commons/commons-dbcp2/2.6.0/commons-dbcp2-2.6.0.jar:/Users/liuzhiwei/.m2/repository/org/apache/commons/commons-pool2/2.6.1/commons-pool2-2.6.1.jar:/Users/liuzhiwei/.m2/repository/org/apache/commons/commons-lang3/3.3.2/commons-lang3-3.3.2.jar:/Users/liuzhiwei/.m2/repository/commons-io/commons-io/2.8.0/commons-io-2.8.0.jar:/Users/liuzhiwei/.m2/repository/org/codehaus/janino/commons-compiler/3.0.11/commons-compiler-3.0.11.jar:/Users/liuzhiwei/.m2/repository/org/codehaus/janino/janino/3.0.11/janino-3.0.11.jar:/Users/liuzhiwei/.m2/repository/org/apache/flink/flink-shaded-force-shading/14.0/flink-shaded-force-shading-14.0.jar:/Users/liuzhiwei/.m2/repository/org/slf4j/slf4j-api/1.7.15/slf4j-api-1.7.15.jar:/Users/liuzhiwei/.m2/repository/com/google/code/findbugs/jsr305/1.3.9/jsr305-1.3.9.jar:/Users/liuzhiwei/.m2/repository/org/junit/jupiter/junit-jupiter/5.7.2/junit-jupiter-5.7.2.jar:/Users/liuzhiwei/.m2/repository/org/junit/jupiter/junit-jupiter-api/5.7.2/junit-jupiter-api-5.7.2.jar:/Users/liuzhiwei/.m2/repository/org/opentest4j/opentest4j/1.2.0/opentest4j-1.2.0.jar:/Users/liuzhiwei/.m2/repository/org/junit/platform/junit-platform-commons/1.7.2/junit-platform-commons-1.7.2.jar:/Users/liuzhiwei/.m2/repository/org/junit/jupiter/junit-jupiter-params/5.7.2/junit-jupiter-params-5.7.2.jar:/Users/liuzhiwei/.m2/repository/org/junit/jupiter/junit-jupiter-engine/5.7.2/junit-jupiter-engine-5.7.2.jar:/Users/liuzhiwei/.m2/repository/org/junit/vintage/junit-vintage-engine/5.7.2/junit-vintage-engine-5.7.2.jar:/Users/liuzhiwei/.m2/repository/org/junit/platform/junit-platform-engine/1.7.2/junit-platform-engine-1.7.2.jar:/Users/liuzhiwei/.m2/repository/junit/junit/4.13.2/junit-4.13.2.jar:/Users/liuzhiwei/.m2/repository/org/mockito/mockito-core/2.21.0/mockito-core-2.21.0.jar:/Users/liuzhiwei/.m2/repository/net/bytebuddy/byte-buddy/1.8.22/byte-buddy-1.8.22.jar:/Users/liuzhiwei/.m2/repository/net/bytebuddy/byte-buddy-agent/1.8.22/byte-buddy-agent-1.8.22.jar:/Users/liuzhiwei/.m2/repository/org/objenesis/objenesis/2.1/objenesis-2.1.jar:/Users/liuzhiwei/.m2/repository/org/powermock/powermock-module-junit4/2.0.4/powermock-module-junit4-2.0.4.jar:/Users/liuzhiwei/.m2/repository/org/powermock/powermock-module-junit4-common/2.0.4/powermock-module-junit4-common-2.0.4.jar:/Users/liuzhiwei/.m2/repository/org/powermock/powermock-reflect/2.0.4/powermock-reflect-2.0.4.jar:/Users/liuzhiwei/.m2/repository/org/powermock/powermock-core/2.0.4/powermock-core-2.0.4.jar:/Users/liuzhiwei/.m2/repository/org/javassist/javassist/3.24.0-GA/javassist-3.24.0-GA.jar:/Users/liuzhiwei/.m2/repository/org/hamcrest/hamcrest-core/1.3/hamcrest-core-1.3.jar:/Users/liuzhiwei/.m2/repository/org/powermock/powermock-api-mockito2/2.0.4/powermock-api-mockito2-2.0.4.jar:/Users/liuzhiwei/.m2/repository/org/powermock/powermock-api-support/2.0.4/powermock-api-support-2.0.4.jar:/Users/liuzhiwei/.m2/repository/org/hamcrest/hamcrest-all/1.3/hamcrest-all-1.3.jar:/Users/liuzhiwei/.m2/repository/org/apache/logging/log4j/log4j-slf4j-impl/2.17.1/log4j-slf4j-impl-2.17.1.jar:/Users/liuzhiwei/.m2/repository/org/apache/logging/log4j/log4j-api/2.17.1/log4j-api-2.17.1.jar:/Users/liuzhiwei/.m2/repository/org/apache/logging/log4j/log4j-core/2.17.1/log4j-core-2.17.1.jar:/Users/liuzhiwei/.m2/repository/org/apache/logging/log4j/log4j-1.2-api/2.17.1/log4j-1.2-api-2.17.1.jar:"/>
    <property name="sun.cpu.endian" value="little"/>
    <property name="user.home" value="/Users/liuzhiwei"/>
    <property name="user.language" value="en"/>
    <property name="java.specification.vendor" value="Oracle Corporation"/>
    <property name="java.home" value="/Library/Java/JavaVirtualMachines/jdk1.8.0_311.jdk/Contents/Home/jre"/>
    <property name="basedir" value="/Users/liuzhiwei/ideapro/flink-1.14.4/flink-table/flink-sql-parser"/>
    <property name="file.separator" value="/"/>
    <property name="line.separator" value="&#10;"/>
    <property name="java.vm.specification.vendor" value="Oracle Corporation"/>
    <property name="java.specification.name" value="Java Platform API Specification"/>
    <property name="java.awt.graphicsenv" value="sun.awt.CGraphicsEnvironment"/>
    <property name="test.randomization.seed" value=""/>
    <property name="mvn.forkNumber" value="3"/>
    <property name="surefire.real.class.path" value="/Users/liuzhiwei/ideapro/flink-1.14.4/flink-table/flink-sql-parser/target/surefire/surefirebooter5437594487514009422.jar"/>
    <property name="buffer-debloat.randomization" value="true"/>
    <property name="sun.boot.class.path" value="/Library/Java/JavaVirtualMachines/jdk1.8.0_311.jdk/Contents/Home/jre/lib/resources.jar:/Library/Java/JavaVirtualMachines/jdk1.8.0_311.jdk/Contents/Home/jre/lib/rt.jar:/Library/Java/JavaVirtualMachines/jdk1.8.0_311.jdk/Contents/Home/jre/lib/sunrsasign.jar:/Library/Java/JavaVirtualMachines/jdk1.8.0_311.jdk/Contents/Home/jre/lib/jsse.jar:/Library/Java/JavaVirtualMachines/jdk1.8.0_311.jdk/Contents/Home/jre/lib/jce.jar:/Library/Java/JavaVirtualMachines/jdk1.8.0_311.jdk/Contents/Home/jre/lib/charsets.jar:/Library/Java/JavaVirtualMachines/jdk1.8.0_311.jdk/Contents/Home/jre/lib/jfr.jar:/Library/Java/JavaVirtualMachines/jdk1.8.0_311.jdk/Contents/Home/jre/classes"/>
    <property name="checkpointing.changelog" value="unset"/>
    <property name="sun.management.compiler" value="HotSpot 64-Bit Tiered Compilers"/>
    <property name="ftp.nonProxyHosts" value="local|*.local|169.254/16|*.169.254/16"/>
    <property name="java.runtime.version" value="1.8.0_311-b11"/>
    <property name="user.name" value="liuzhiwei"/>
    <property name="path.separator" value=":"/>
    <property name="os.version" value="10.16"/>
    <property name="java.endorsed.dirs" value="/Library/Java/JavaVirtualMachines/jdk1.8.0_311.jdk/Contents/Home/jre/lib/endorsed"/>
    <property name="java.runtime.name" value="Java(TM) SE Runtime Environment"/>
    <property name="file.encoding" value="UTF-8"/>
    <property name="java.vm.name" value="Java HotSpot(TM) 64-Bit Server VM"/>
    <property name="localRepository" value="/Users/liuzhiwei/.m2/repository"/>
    <property name="java.vendor.url.bug" value="http://bugreport.sun.com/bugreport/"/>
    <property name="java.io.tmpdir" value="/var/folders/9v/knhh7l116z927rs422hz7g7r0000gn/T/"/>
    <property name="idea.version" value="2021.3.2"/>
    <property name="java.version" value="1.8.0_311"/>
    <property name="user.dir" value="/Users/liuzhiwei/ideapro/flink-1.14.4/flink-table/flink-sql-parser"/>
    <property name="os.arch" value="x86_64"/>
    <property name="java.vm.specification.name" value="Java Virtual Machine Specification"/>
    <property name="java.awt.printerjob" value="sun.lwawt.macosx.CPrinterJob"/>
    <property name="sun.os.patch.level" value="unknown"/>
    <property name="checkpointing.randomization" value="true"/>
    <property name="java.library.path" value="/Users/liuzhiwei/Library/Java/Extensions:/Library/Java/Extensions:/Network/Library/Java/Extensions:/System/Library/Java/Extensions:/usr/lib/java:."/>
    <property name="java.vm.info" value="mixed mode"/>
    <property name="java.vendor" value="Oracle Corporation"/>
    <property name="java.vm.version" value="25.311-b11"/>
    <property name="java.ext.dirs" value="/Users/liuzhiwei/Library/Java/Extensions:/Library/Java/JavaVirtualMachines/jdk1.8.0_311.jdk/Contents/Home/jre/lib/ext:/Library/Java/Extensions:/Network/Library/Java/Extensions:/System/Library/Java/Extensions:/usr/lib/java"/>
    <property name="sun.io.unicode.encoding" value="UnicodeBig"/>
    <property name="maven.repo.local" value="/Users/liuzhiwei/.m2/repository"/>
    <property name="java.class.version" value="52.0"/>
    <property name="socksNonProxyHosts" value="local|*.local|169.254/16|*.169.254/16"/>
  </properties>
  <testcase name="testUnparseableIntervalQualifiers" classname="org.apache.flink.sql.parser.FlinkSqlUnParserTest" time="0.117"/>
  <testcase name="testStringLiteral" classname="org.apache.flink.sql.parser.FlinkSqlUnParserTest" time="0.688"/>
  <testcase name="testIllegalUnicodeEscape" classname="org.apache.flink.sql.parser.FlinkSqlUnParserTest" time="0.002"/>
  <testcase name="testArrayElement" classname="org.apache.flink.sql.parser.FlinkSqlUnParserTest" time="0.097"/>
  <testcase name="testHyphenatedTableName" classname="org.apache.flink.sql.parser.FlinkSqlUnParserTest" time="0.32"/>
  <testcase name="testValuesExplicitRow" classname="org.apache.flink.sql.parser.FlinkSqlUnParserTest" time="0.006"/>
  <testcase name="testUnionOfNonQueryFails" classname="org.apache.flink.sql.parser.FlinkSqlUnParserTest" time="0.001"/>
  <testcase name="testOuterApplyFunctionFails" classname="org.apache.flink.sql.parser.FlinkSqlUnParserTest" time="0.001"/>
  <testcase name="testWithNestedFails" classname="org.apache.flink.sql.parser.FlinkSqlUnParserTest" time="0.001"/>
  <testcase name="testTabStop" classname="org.apache.flink.sql.parser.FlinkSqlUnParserTest" time="0.009"/>
  <testcase name="testUnparseableIntervalQualifiers2" classname="org.apache.flink.sql.parser.FlinkSqlUnParserTest" time="0.001"/>
  <testcase name="testExplicitTableOrdered" classname="org.apache.flink.sql.parser.FlinkSqlUnParserTest" time="0.011"/>
  <testcase name="testIsDistinctFrom" classname="org.apache.flink.sql.parser.FlinkSqlUnParserTest" time="0.054"/>
  <testcase name="testDerivedColumnListInJoin" classname="org.apache.flink.sql.parser.FlinkSqlUnParserTest" time="0.07"/>
  <testcase name="testBooleanPrecedenceAndAssociativity" classname="org.apache.flink.sql.parser.FlinkSqlUnParserTest" time="0.075"/>
  <testcase name="testSchemaTableStar" classname="org.apache.flink.sql.parser.FlinkSqlUnParserTest" time="0.024"/>
  <testcase name="testJoinOnParenthesesPlus" classname="org.apache.flink.sql.parser.FlinkSqlUnParserTest" time="0.001"/>
  <testcase name="testDeleteWhere" classname="org.apache.flink.sql.parser.FlinkSqlUnParserTest" time="0.021"/>
  <testcase name="testGeometry" classname="org.apache.flink.sql.parser.FlinkSqlUnParserTest" time="0.02"/>
  <testcase name="testExtract" classname="org.apache.flink.sql.parser.FlinkSqlUnParserTest" time="0.06"/>
  <testcase name="testMergeTableRefSource" classname="org.apache.flink.sql.parser.FlinkSqlUnParserTest" time="0.072"/>
  <testcase name="testFunctionDefaultArgument" classname="org.apache.flink.sql.parser.FlinkSqlUnParserTest" time="0.057"/>
  <testcase name="testTimestampAdd" classname="org.apache.flink.sql.parser.FlinkSqlUnParserTest" time="0.044"/>
  <testcase name="testLimitWithoutOrder" classname="org.apache.flink.sql.parser.FlinkSqlUnParserTest" time="0.076"/>
  <testcase name="testNewSpecification" classname="org.apache.flink.sql.parser.FlinkSqlUnParserTest" time="0.038"/>
  <testcase name="testJsonStorageSize" classname="org.apache.flink.sql.parser.FlinkSqlUnParserTest" time="0.008"/>
  <testcase name="testEmbeddedCall" classname="org.apache.flink.sql.parser.FlinkSqlUnParserTest" time="0">
    <skipped message="void org.apache.calcite.sql.parser.SqlParserTest.testEmbeddedCall() is @Disabled"/>
  </testcase>
  <testcase name="testEmbeddedDate" classname="org.apache.flink.sql.parser.FlinkSqlUnParserTest" time="0.034"/>
  <testcase name="testEmbeddedTime" classname="org.apache.flink.sql.parser.FlinkSqlUnParserTest" time="0.006"/>
  <testcase name="testCompoundStar" classname="org.apache.flink.sql.parser.FlinkSqlUnParserTest" time="0.008"/>
  <testcase name="testExistsInWhere" classname="org.apache.flink.sql.parser.FlinkSqlUnParserTest" time="0.023"/>
  <testcase name="testMatchRecognizeMeasures1" classname="org.apache.flink.sql.parser.FlinkSqlUnParserTest" time="0.054"/>
  <testcase name="testMatchRecognizeMeasures2" classname="org.apache.flink.sql.parser.FlinkSqlUnParserTest" time="0.037"/>
  <testcase name="testMatchRecognizeMeasures3" classname="org.apache.flink.sql.parser.FlinkSqlUnParserTest" time="0.051"/>
  <testcase name="testMatchRecognizeMeasures4" classname="org.apache.flink.sql.parser.FlinkSqlUnParserTest" time="0.076"/>
  <testcase name="testMatchRecognizeMeasures5" classname="org.apache.flink.sql.parser.FlinkSqlUnParserTest" time="0.062"/>
  <testcase name="testMatchRecognizeMeasures6" classname="org.apache.flink.sql.parser.FlinkSqlUnParserTest" time="0.026"/>
  <testcase name="testFunctionInFunction" classname="org.apache.flink.sql.parser.FlinkSqlUnParserTest" time="0.012"/>
  <testcase name="testOverlay" classname="org.apache.flink.sql.parser.FlinkSqlUnParserTest" time="0.006"/>
  <testcase name="testParseNumber" classname="org.apache.flink.sql.parser.FlinkSqlUnParserTest" time="0.101"/>
  <testcase name="testDescriptor" classname="org.apache.flink.sql.parser.FlinkSqlUnParserTest" time="0.04"/>
  <testcase name="testIsBooleanPrecedenceAndAssociativity" classname="org.apache.flink.sql.parser.FlinkSqlUnParserTest" time="0.198"/>
  <testcase name="testRowValueExpression" classname="org.apache.flink.sql.parser.FlinkSqlUnParserTest" time="0.07"/>
  <testcase name="testSubMultisetrOf" classname="org.apache.flink.sql.parser.FlinkSqlUnParserTest" time="0.016"/>
  <testcase name="testSqlInlineComment" classname="org.apache.flink.sql.parser.FlinkSqlUnParserTest" time="0.073"/>
  <testcase name="testAll" classname="org.apache.flink.sql.parser.FlinkSqlUnParserTest" time="0.057"/>
  <testcase name="testFoo" classname="org.apache.flink.sql.parser.FlinkSqlUnParserTest" time="0"/>
  <testcase name="testNot" classname="org.apache.flink.sql.parser.FlinkSqlUnParserTest" time="0.045"/>
  <testcase name="testRow" classname="org.apache.flink.sql.parser.FlinkSqlUnParserTest" time="0">
    <skipped message="Assumption failed: assumption is not false" type="org.opentest4j.TestAbortedException">org.opentest4j.TestAbortedException: Assumption failed: assumption is not false
	at org.junit.jupiter.api.Assumptions.throwTestAbortedException(Assumptions.java:256)
	at org.junit.jupiter.api.Assumptions.assumeFalse(Assumptions.java:191)
	at org.junit.jupiter.api.Assumptions.assumeFalse(Assumptions.java:142)
	at org.apache.calcite.sql.parser.SqlParserTest.testRow(SqlParserTest.java:1257)
	at sun.reflect.NativeMethodAccessorImpl.invoke0(Native Method)
	at sun.reflect.NativeMethodAccessorImpl.invoke(NativeMethodAccessorImpl.java:62)
	at sun.reflect.DelegatingMethodAccessorImpl.invoke(DelegatingMethodAccessorImpl.java:43)
	at java.lang.reflect.Method.invoke(Method.java:498)
	at org.junit.platform.commons.util.ReflectionUtils.invokeMethod(ReflectionUtils.java:688)
	at org.junit.jupiter.engine.execution.MethodInvocation.proceed(MethodInvocation.java:60)
	at org.junit.jupiter.engine.execution.InvocationInterceptorChain$ValidatingInvocation.proceed(InvocationInterceptorChain.java:131)
	at org.junit.jupiter.engine.extension.TimeoutExtension.intercept(TimeoutExtension.java:149)
	at org.junit.jupiter.engine.extension.TimeoutExtension.interceptTestableMethod(TimeoutExtension.java:140)
	at org.junit.jupiter.engine.extension.TimeoutExtension.interceptTestMethod(TimeoutExtension.java:84)
	at org.junit.jupiter.engine.execution.ExecutableInvoker$ReflectiveInterceptorCall.lambda$ofVoidMethod$0(ExecutableInvoker.java:115)
	at org.junit.jupiter.engine.execution.ExecutableInvoker.lambda$invoke$0(ExecutableInvoker.java:105)
	at org.junit.jupiter.engine.execution.InvocationInterceptorChain$InterceptedInvocation.proceed(InvocationInterceptorChain.java:106)
	at org.junit.jupiter.engine.execution.InvocationInterceptorChain.proceed(InvocationInterceptorChain.java:64)
	at org.junit.jupiter.engine.execution.InvocationInterceptorChain.chainAndInvoke(InvocationInterceptorChain.java:45)
	at org.junit.jupiter.engine.execution.InvocationInterceptorChain.invoke(InvocationInterceptorChain.java:37)
	at org.junit.jupiter.engine.execution.ExecutableInvoker.invoke(ExecutableInvoker.java:104)
	at org.junit.jupiter.engine.execution.ExecutableInvoker.invoke(ExecutableInvoker.java:98)
	at org.junit.jupiter.engine.descriptor.TestMethodTestDescriptor.lambda$invokeTestMethod$6(TestMethodTestDescriptor.java:210)
	at org.junit.platform.engine.support.hierarchical.ThrowableCollector.execute(ThrowableCollector.java:73)
	at org.junit.jupiter.engine.descriptor.TestMethodTestDescriptor.invokeTestMethod(TestMethodTestDescriptor.java:206)
	at org.junit.jupiter.engine.descriptor.TestMethodTestDescriptor.execute(TestMethodTestDescriptor.java:131)
	at org.junit.jupiter.engine.descriptor.TestMethodTestDescriptor.execute(TestMethodTestDescriptor.java:65)
	at org.junit.platform.engine.support.hierarchical.NodeTestTask.lambda$executeRecursively$5(NodeTestTask.java:139)
	at org.junit.platform.engine.support.hierarchical.ThrowableCollector.execute(ThrowableCollector.java:73)
	at org.junit.platform.engine.support.hierarchical.NodeTestTask.lambda$executeRecursively$7(NodeTestTask.java:129)
	at org.junit.platform.engine.support.hierarchical.Node.around(Node.java:137)
	at org.junit.platform.engine.support.hierarchical.NodeTestTask.lambda$executeRecursively$8(NodeTestTask.java:127)
	at org.junit.platform.engine.support.hierarchical.ThrowableCollector.execute(ThrowableCollector.java:73)
	at org.junit.platform.engine.support.hierarchical.NodeTestTask.executeRecursively(NodeTestTask.java:126)
	at org.junit.platform.engine.support.hierarchical.NodeTestTask.execute(NodeTestTask.java:84)
	at java.util.ArrayList.forEach(ArrayList.java:1259)
	at org.junit.platform.engine.support.hierarchical.SameThreadHierarchicalTestExecutorService.invokeAll(SameThreadHierarchicalTestExecutorService.java:38)
	at org.junit.platform.engine.support.hierarchical.NodeTestTask.lambda$executeRecursively$5(NodeTestTask.java:143)
	at org.junit.platform.engine.support.hierarchical.ThrowableCollector.execute(ThrowableCollector.java:73)
	at org.junit.platform.engine.support.hierarchical.NodeTestTask.lambda$executeRecursively$7(NodeTestTask.java:129)
	at org.junit.platform.engine.support.hierarchical.Node.around(Node.java:137)
	at org.junit.platform.engine.support.hierarchical.NodeTestTask.lambda$executeRecursively$8(NodeTestTask.java:127)
	at org.junit.platform.engine.support.hierarchical.ThrowableCollector.execute(ThrowableCollector.java:73)
	at org.junit.platform.engine.support.hierarchical.NodeTestTask.executeRecursively(NodeTestTask.java:126)
	at org.junit.platform.engine.support.hierarchical.NodeTestTask.execute(NodeTestTask.java:84)
	at java.util.ArrayList.forEach(ArrayList.java:1259)
	at org.junit.platform.engine.support.hierarchical.SameThreadHierarchicalTestExecutorService.invokeAll(SameThreadHierarchicalTestExecutorService.java:38)
	at org.junit.platform.engine.support.hierarchical.NodeTestTask.lambda$executeRecursively$5(NodeTestTask.java:143)
	at org.junit.platform.engine.support.hierarchical.ThrowableCollector.execute(ThrowableCollector.java:73)
	at org.junit.platform.engine.support.hierarchical.NodeTestTask.lambda$executeRecursively$7(NodeTestTask.java:129)
	at org.junit.platform.engine.support.hierarchical.Node.around(Node.java:137)
	at org.junit.platform.engine.support.hierarchical.NodeTestTask.lambda$executeRecursively$8(NodeTestTask.java:127)
	at org.junit.platform.engine.support.hierarchical.ThrowableCollector.execute(ThrowableCollector.java:73)
	at org.junit.platform.engine.support.hierarchical.NodeTestTask.executeRecursively(NodeTestTask.java:126)
	at org.junit.platform.engine.support.hierarchical.NodeTestTask.execute(NodeTestTask.java:84)
	at org.junit.platform.engine.support.hierarchical.SameThreadHierarchicalTestExecutorService.submit(SameThreadHierarchicalTestExecutorService.java:32)
	at org.junit.platform.engine.support.hierarchical.HierarchicalTestExecutor.execute(HierarchicalTestExecutor.java:57)
	at org.junit.platform.engine.support.hierarchical.HierarchicalTestEngine.execute(HierarchicalTestEngine.java:51)
	at org.junit.platform.launcher.core.DefaultLauncher.execute(DefaultLauncher.java:220)
	at org.junit.platform.launcher.core.DefaultLauncher.lambda$execute$6(DefaultLauncher.java:188)
	at org.junit.platform.launcher.core.DefaultLauncher.withInterceptedStreams(DefaultLauncher.java:202)
	at org.junit.platform.launcher.core.DefaultLauncher.execute(DefaultLauncher.java:181)
	at org.junit.platform.launcher.core.DefaultLauncher.execute(DefaultLauncher.java:128)
	at org.apache.maven.surefire.junitplatform.JUnitPlatformProvider.invokeAllTests(JUnitPlatformProvider.java:150)
	at org.apache.maven.surefire.junitplatform.JUnitPlatformProvider.invoke(JUnitPlatformProvider.java:120)
	at org.apache.maven.surefire.booter.ForkedBooter.invokeProviderInSameClassLoader(ForkedBooter.java:384)
	at org.apache.maven.surefire.booter.ForkedBooter.runSuitesInProcess(ForkedBooter.java:345)
	at org.apache.maven.surefire.booter.ForkedBooter.execute(ForkedBooter.java:126)
	at org.apache.maven.surefire.booter.ForkedBooter.main(ForkedBooter.java:418)
</skipped>
  </testcase>
  <testcase name="testEmbeddedTimestamp" classname="org.apache.flink.sql.parser.FlinkSqlUnParserTest" time="0.019"/>
  <testcase name="testOuterApplySubQuery" classname="org.apache.flink.sql.parser.FlinkSqlUnParserTest" time="0.028"/>
  <testcase name="testCaseExpression" classname="org.apache.flink.sql.parser.FlinkSqlUnParserTest" time="0.355"/>
  <testcase name="testStmtListWithSelectAndSemicolon" classname="org.apache.flink.sql.parser.FlinkSqlUnParserTest" time="0.044"/>
  <testcase name="testCollectionTableWithCursorParam" classname="org.apache.flink.sql.parser.FlinkSqlUnParserTest" time="0.039"/>
  <testcase name="testTimeDate" classname="org.apache.flink.sql.parser.FlinkSqlUnParserTest" time="0.149"/>
  <testcase name="testAllList" classname="org.apache.flink.sql.parser.FlinkSqlUnParserTest" time="0.04"/>
  <testcase name="testMultilineComment" classname="org.apache.flink.sql.parser.FlinkSqlUnParserTest" time="0.064"/>
  <testcase name="testDerivedColumnListNoAs" classname="org.apache.flink.sql.parser.FlinkSqlUnParserTest" time="0">
    <skipped message="void org.apache.calcite.sql.parser.SqlParserTest.testDerivedColumnListNoAs() is @Disabled"/>
  </testcase>
  <testcase name="testSqlInsertSqlBasicCallToString" classname="org.apache.flink.sql.parser.FlinkSqlUnParserTest" time="0.028"/>
  <testcase name="testStmtListWithTwoSelectSemicolon" classname="org.apache.flink.sql.parser.FlinkSqlUnParserTest" time="0.02"/>
  <testcase name="testJsonKeys" classname="org.apache.flink.sql.parser.FlinkSqlUnParserTest" time="0.023"/>
  <testcase name="testJsonType" classname="org.apache.flink.sql.parser.FlinkSqlUnParserTest" time="0.011"/>
  <testcase name="testPrecedenceSetOps" classname="org.apache.flink.sql.parser.FlinkSqlUnParserTest" time="0.045"/>
  <testcase name="testStmtListWithSemiColonInComment" classname="org.apache.flink.sql.parser.FlinkSqlUnParserTest" time="0.007"/>
  <testcase name="testCatalogSchemaTableStar" classname="org.apache.flink.sql.parser.FlinkSqlUnParserTest" time="0.088"/>
  <testcase name="testSelectStream" classname="org.apache.flink.sql.parser.FlinkSqlUnParserTest" time="0.032"/>
  <testcase name="testContinuedLiteralAlias" classname="org.apache.flink.sql.parser.FlinkSqlUnParserTest" time="0.166"/>
  <testcase name="testMergeSelectSource2" classname="org.apache.flink.sql.parser.FlinkSqlUnParserTest" time="0.087"/>
  <testcase name="testApply" classname="org.apache.flink.sql.parser.FlinkSqlUnParserTest" time="0.215"/>
  <testcase name="testArrayElementWithDot" classname="org.apache.flink.sql.parser.FlinkSqlUnParserTest" time="0.096"/>
  <testcase name="testFloor" classname="org.apache.flink.sql.parser.FlinkSqlUnParserTest" time="0.134"/>
  <testcase name="testGroup" classname="org.apache.flink.sql.parser.FlinkSqlUnParserTest" time="0.031"/>
  <testcase name="testHoist" classname="org.apache.flink.sql.parser.FlinkSqlUnParserTest" time="0.098"/>
  <testcase name="testLimit" classname="org.apache.flink.sql.parser.FlinkSqlUnParserTest" time="0.053"/>
  <testcase name="testOrder" classname="org.apache.flink.sql.parser.FlinkSqlUnParserTest" time="0.011"/>
  <testcase name="testPivot" classname="org.apache.flink.sql.parser.FlinkSqlUnParserTest" time="0.074"/>
  <testcase name="testUnion" classname="org.apache.flink.sql.parser.FlinkSqlUnParserTest" time="0.022"/>
  <testcase name="testPivotErrorExpressionInCompositeFor" classname="org.apache.flink.sql.parser.FlinkSqlUnParserTest" time="0.005"/>
  <testcase name="testWhere" classname="org.apache.flink.sql.parser.FlinkSqlUnParserTest" time="0.024"/>
  <testcase name="testWith2" classname="org.apache.flink.sql.parser.FlinkSqlUnParserTest" time="0.023"/>
  <testcase name="testCast" classname="org.apache.flink.sql.parser.FlinkSqlUnParserTest" time="0.054"/>
  <testcase name="testCeil" classname="org.apache.flink.sql.parser.FlinkSqlUnParserTest" time="0.05"/>
  <testcase name="testOver" classname="org.apache.flink.sql.parser.FlinkSqlUnParserTest" time="0.03"/>
  <testcase name="testSome" classname="org.apache.flink.sql.parser.FlinkSqlUnParserTest" time="0.078"/>
  <testcase name="testStar" classname="org.apache.flink.sql.parser.FlinkSqlUnParserTest" time="0.004"/>
  <testcase name="testTrim" classname="org.apache.flink.sql.parser.FlinkSqlUnParserTest" time="0.032"/>
  <testcase name="testWith" classname="org.apache.flink.sql.parser.FlinkSqlUnParserTest" time="0.01"/>
  <testcase name="testQueryHint" classname="org.apache.flink.sql.parser.FlinkSqlUnParserTest" time="0.049"/>
  <testcase name="testDerivedColumnList" classname="org.apache.flink.sql.parser.FlinkSqlUnParserTest" time="0.028"/>
  <testcase name="testSelectAll" classname="org.apache.flink.sql.parser.FlinkSqlUnParserTest" time="0.027"/>
  <testcase name="testFullOuterJoin" classname="org.apache.flink.sql.parser.FlinkSqlUnParserTest" time="0.009"/>
  <testcase name="testNullTreatment" classname="org.apache.flink.sql.parser.FlinkSqlUnParserTest" time="0.028"/>
  <testcase name="testFunctionWithDistinct" classname="org.apache.flink.sql.parser.FlinkSqlUnParserTest" time="0.011"/>
  <testcase name="testParenthesizedSubQueries" classname="org.apache.flink.sql.parser.FlinkSqlUnParserTest" time="0.005"/>
  <testcase name="testNaturalCrossJoin" classname="org.apache.flink.sql.parser.FlinkSqlUnParserTest" time="0.018"/>
  <testcase name="testBitStringNotImplemented" classname="org.apache.flink.sql.parser.FlinkSqlUnParserTest" time="0.001"/>
  <testcase name="testLimitStartCount" classname="org.apache.flink.sql.parser.FlinkSqlUnParserTest" time="0.041"/>
  <testcase name="testNoUnintendedNewReservedKeywords" classname="org.apache.flink.sql.parser.FlinkSqlUnParserTest" time="0">
    <skipped message="Assumption failed: don&apos;t run this test for sub-classes" type="org.opentest4j.TestAbortedException">org.opentest4j.TestAbortedException: Assumption failed: don't run this test for sub-classes
	at org.junit.jupiter.api.Assumptions.throwTestAbortedException(Assumptions.java:256)
	at org.junit.jupiter.api.Assumptions.assumeTrue(Assumptions.java:115)
	at org.apache.calcite.sql.parser.SqlParserTest.testNoUnintendedNewReservedKeywords(SqlParserTest.java:7701)
	at sun.reflect.NativeMethodAccessorImpl.invoke0(Native Method)
	at sun.reflect.NativeMethodAccessorImpl.invoke(NativeMethodAccessorImpl.java:62)
	at sun.reflect.DelegatingMethodAccessorImpl.invoke(DelegatingMethodAccessorImpl.java:43)
	at java.lang.reflect.Method.invoke(Method.java:498)
	at org.junit.platform.commons.util.ReflectionUtils.invokeMethod(ReflectionUtils.java:688)
	at org.junit.jupiter.engine.execution.MethodInvocation.proceed(MethodInvocation.java:60)
	at org.junit.jupiter.engine.execution.InvocationInterceptorChain$ValidatingInvocation.proceed(InvocationInterceptorChain.java:131)
	at org.junit.jupiter.engine.extension.TimeoutExtension.intercept(TimeoutExtension.java:149)
	at org.junit.jupiter.engine.extension.TimeoutExtension.interceptTestableMethod(TimeoutExtension.java:140)
	at org.junit.jupiter.engine.extension.TimeoutExtension.interceptTestMethod(TimeoutExtension.java:84)
	at org.junit.jupiter.engine.execution.ExecutableInvoker$ReflectiveInterceptorCall.lambda$ofVoidMethod$0(ExecutableInvoker.java:115)
	at org.junit.jupiter.engine.execution.ExecutableInvoker.lambda$invoke$0(ExecutableInvoker.java:105)
	at org.junit.jupiter.engine.execution.InvocationInterceptorChain$InterceptedInvocation.proceed(InvocationInterceptorChain.java:106)
	at org.junit.jupiter.engine.execution.InvocationInterceptorChain.proceed(InvocationInterceptorChain.java:64)
	at org.junit.jupiter.engine.execution.InvocationInterceptorChain.chainAndInvoke(InvocationInterceptorChain.java:45)
	at org.junit.jupiter.engine.execution.InvocationInterceptorChain.invoke(InvocationInterceptorChain.java:37)
	at org.junit.jupiter.engine.execution.ExecutableInvoker.invoke(ExecutableInvoker.java:104)
	at org.junit.jupiter.engine.execution.ExecutableInvoker.invoke(ExecutableInvoker.java:98)
	at org.junit.jupiter.engine.descriptor.TestMethodTestDescriptor.lambda$invokeTestMethod$6(TestMethodTestDescriptor.java:210)
	at org.junit.platform.engine.support.hierarchical.ThrowableCollector.execute(ThrowableCollector.java:73)
	at org.junit.jupiter.engine.descriptor.TestMethodTestDescriptor.invokeTestMethod(TestMethodTestDescriptor.java:206)
	at org.junit.jupiter.engine.descriptor.TestMethodTestDescriptor.execute(TestMethodTestDescriptor.java:131)
	at org.junit.jupiter.engine.descriptor.TestMethodTestDescriptor.execute(TestMethodTestDescriptor.java:65)
	at org.junit.platform.engine.support.hierarchical.NodeTestTask.lambda$executeRecursively$5(NodeTestTask.java:139)
	at org.junit.platform.engine.support.hierarchical.ThrowableCollector.execute(ThrowableCollector.java:73)
	at org.junit.platform.engine.support.hierarchical.NodeTestTask.lambda$executeRecursively$7(NodeTestTask.java:129)
	at org.junit.platform.engine.support.hierarchical.Node.around(Node.java:137)
	at org.junit.platform.engine.support.hierarchical.NodeTestTask.lambda$executeRecursively$8(NodeTestTask.java:127)
	at org.junit.platform.engine.support.hierarchical.ThrowableCollector.execute(ThrowableCollector.java:73)
	at org.junit.platform.engine.support.hierarchical.NodeTestTask.executeRecursively(NodeTestTask.java:126)
	at org.junit.platform.engine.support.hierarchical.NodeTestTask.execute(NodeTestTask.java:84)
	at java.util.ArrayList.forEach(ArrayList.java:1259)
	at org.junit.platform.engine.support.hierarchical.SameThreadHierarchicalTestExecutorService.invokeAll(SameThreadHierarchicalTestExecutorService.java:38)
	at org.junit.platform.engine.support.hierarchical.NodeTestTask.lambda$executeRecursively$5(NodeTestTask.java:143)
	at org.junit.platform.engine.support.hierarchical.ThrowableCollector.execute(ThrowableCollector.java:73)
	at org.junit.platform.engine.support.hierarchical.NodeTestTask.lambda$executeRecursively$7(NodeTestTask.java:129)
	at org.junit.platform.engine.support.hierarchical.Node.around(Node.java:137)
	at org.junit.platform.engine.support.hierarchical.NodeTestTask.lambda$executeRecursively$8(NodeTestTask.java:127)
	at org.junit.platform.engine.support.hierarchical.ThrowableCollector.execute(ThrowableCollector.java:73)
	at org.junit.platform.engine.support.hierarchical.NodeTestTask.executeRecursively(NodeTestTask.java:126)
	at org.junit.platform.engine.support.hierarchical.NodeTestTask.execute(NodeTestTask.java:84)
	at java.util.ArrayList.forEach(ArrayList.java:1259)
	at org.junit.platform.engine.support.hierarchical.SameThreadHierarchicalTestExecutorService.invokeAll(SameThreadHierarchicalTestExecutorService.java:38)
	at org.junit.platform.engine.support.hierarchical.NodeTestTask.lambda$executeRecursively$5(NodeTestTask.java:143)
	at org.junit.platform.engine.support.hierarchical.ThrowableCollector.execute(ThrowableCollector.java:73)
	at org.junit.platform.engine.support.hierarchical.NodeTestTask.lambda$executeRecursively$7(NodeTestTask.java:129)
	at org.junit.platform.engine.support.hierarchical.Node.around(Node.java:137)
	at org.junit.platform.engine.support.hierarchical.NodeTestTask.lambda$executeRecursively$8(NodeTestTask.java:127)
	at org.junit.platform.engine.support.hierarchical.ThrowableCollector.execute(ThrowableCollector.java:73)
	at org.junit.platform.engine.support.hierarchical.NodeTestTask.executeRecursively(NodeTestTask.java:126)
	at org.junit.platform.engine.support.hierarchical.NodeTestTask.execute(NodeTestTask.java:84)
	at org.junit.platform.engine.support.hierarchical.SameThreadHierarchicalTestExecutorService.submit(SameThreadHierarchicalTestExecutorService.java:32)
	at org.junit.platform.engine.support.hierarchical.HierarchicalTestExecutor.execute(HierarchicalTestExecutor.java:57)
	at org.junit.platform.engine.support.hierarchical.HierarchicalTestEngine.execute(HierarchicalTestEngine.java:51)
	at org.junit.platform.launcher.core.DefaultLauncher.execute(DefaultLauncher.java:220)
	at org.junit.platform.launcher.core.DefaultLauncher.lambda$execute$6(DefaultLauncher.java:188)
	at org.junit.platform.launcher.core.DefaultLauncher.withInterceptedStreams(DefaultLauncher.java:202)
	at org.junit.platform.launcher.core.DefaultLauncher.execute(DefaultLauncher.java:181)
	at org.junit.platform.launcher.core.DefaultLauncher.execute(DefaultLauncher.java:128)
	at org.apache.maven.surefire.junitplatform.JUnitPlatformProvider.invokeAllTests(JUnitPlatformProvider.java:150)
	at org.apache.maven.surefire.junitplatform.JUnitPlatformProvider.invoke(JUnitPlatformProvider.java:120)
	at org.apache.maven.surefire.booter.ForkedBooter.invokeProviderInSameClassLoader(ForkedBooter.java:384)
	at org.apache.maven.surefire.booter.ForkedBooter.runSuitesInProcess(ForkedBooter.java:345)
	at org.apache.maven.surefire.booter.ForkedBooter.execute(ForkedBooter.java:126)
	at org.apache.maven.surefire.booter.ForkedBooter.main(ForkedBooter.java:418)
</skipped>
  </testcase>
  <testcase name="testSelectFromBareExplicitTableFails" classname="org.apache.flink.sql.parser.FlinkSqlUnParserTest" time="0.001"/>
  <testcase name="testSelectStreamDistinct" classname="org.apache.flink.sql.parser.FlinkSqlUnParserTest" time="0.015"/>
  <testcase name="testInsertExtendedColumnList" classname="org.apache.flink.sql.parser.FlinkSqlUnParserTest" time="0.054"/>
  <testcase name="testBackTickQuery" classname="org.apache.flink.sql.parser.FlinkSqlUnParserTest" time="0.015"/>
  <testcase name="testAs" classname="org.apache.flink.sql.parser.FlinkSqlUnParserTest" time="0.025"/>
  <testcase name="testParseNumberFails" classname="org.apache.flink.sql.parser.FlinkSqlUnParserTest" time="0.001"/>
  <testcase name="testMergeTableRefSource2" classname="org.apache.flink.sql.parser.FlinkSqlUnParserTest" time="0.017"/>
  <testcase name="testColumnAliasWithoutAs" classname="org.apache.flink.sql.parser.FlinkSqlUnParserTest" time="0.002"/>
  <testcase name="testTableExtend" classname="org.apache.flink.sql.parser.FlinkSqlUnParserTest" time="0.025"/>
  <testcase name="testInsertUnion" classname="org.apache.flink.sql.parser.FlinkSqlUnParserTest" time="0.004"/>
  <testcase name="testExplicitTable" classname="org.apache.flink.sql.parser.FlinkSqlUnParserTest" time="0.004"/>
  <testcase name="testCollectionTableWithColumnListParam" classname="org.apache.flink.sql.parser.FlinkSqlUnParserTest" time="0.01"/>
  <testcase name="testIntervalLiterals" classname="org.apache.flink.sql.parser.FlinkSqlUnParserTest" time="0.349"/>
  <testcase name="testInQueryWithComma" classname="org.apache.flink.sql.parser.FlinkSqlUnParserTest" time="0.045"/>
  <testcase name="testStmtListWithTwoSelect" classname="org.apache.flink.sql.parser.FlinkSqlUnParserTest" time="0.007"/>
  <testcase name="testMultisetExcept" classname="org.apache.flink.sql.parser.FlinkSqlUnParserTest" time="0.011"/>
  <testcase name="testIntervalExpression" classname="org.apache.flink.sql.parser.FlinkSqlUnParserTest" time="0.229"/>
  <testcase name="testSelectIsNotDdl" classname="org.apache.flink.sql.parser.FlinkSqlUnParserTest" time="0.005"/>
  <testcase name="testJsonExists" classname="org.apache.flink.sql.parser.FlinkSqlUnParserTest" time="0.023"/>
  <testcase name="testQuotedFunction" classname="org.apache.flink.sql.parser.FlinkSqlUnParserTest" time="0.001"/>
  <testcase name="testBetween" classname="org.apache.flink.sql.parser.FlinkSqlUnParserTest" time="0.134"/>
  <testcase name="testExceptionCleanup" classname="org.apache.flink.sql.parser.FlinkSqlUnParserTest" time="0.001"/>
  <testcase name="testUpdateExtendedColumnList" classname="org.apache.flink.sql.parser.FlinkSqlUnParserTest" time="0.042"/>
  <testcase name="testColumnAliasWithAs" classname="org.apache.flink.sql.parser.FlinkSqlUnParserTest" time="0.021"/>
  <testcase name="testMultisetCast" classname="org.apache.flink.sql.parser.FlinkSqlUnParserTest" time="0.019"/>
  <testcase name="testSelectWithoutFromWhereFails" classname="org.apache.flink.sql.parser.FlinkSqlUnParserTest" time="0.002"/>
  <testcase name="testScalarQueryInSelect" classname="org.apache.flink.sql.parser.FlinkSqlUnParserTest" time="0.053"/>
  <testcase name="testUpdateCaseSensitiveExtendedColumnList" classname="org.apache.flink.sql.parser.FlinkSqlUnParserTest" time="0.007"/>
  <testcase name="testLimitOffsetWithoutOrder" classname="org.apache.flink.sql.parser.FlinkSqlUnParserTest" time="0.024"/>
  <testcase name="testJsonLength" classname="org.apache.flink.sql.parser.FlinkSqlUnParserTest" time="0.007"/>
  <testcase name="testSelectList3" classname="org.apache.flink.sql.parser.FlinkSqlUnParserTest" time="0.023"/>
  <testcase name="testSelectList4" classname="org.apache.flink.sql.parser.FlinkSqlUnParserTest" time="0.004"/>
  <testcase name="testStmtListWithSelectDeleteUpdate" classname="org.apache.flink.sql.parser.FlinkSqlUnParserTest" time="0.014"/>
  <testcase name="testRowWithDot" classname="org.apache.flink.sql.parser.FlinkSqlUnParserTest" time="0.032"/>
  <testcase name="testJsonArray" classname="org.apache.flink.sql.parser.FlinkSqlUnParserTest" time="0.034"/>
  <testcase name="testLateral" classname="org.apache.flink.sql.parser.FlinkSqlUnParserTest" time="0.053"/>
  <testcase name="testJsonDepth" classname="org.apache.flink.sql.parser.FlinkSqlUnParserTest" time="0.006"/>
  <testcase name="testStringLiteralDoubleQuoted" classname="org.apache.flink.sql.parser.FlinkSqlUnParserTest" time="0.032"/>
  <testcase name="testJsonQuery" classname="org.apache.flink.sql.parser.FlinkSqlUnParserTest" time="0.034"/>
  <testcase name="testIllegalCursors" classname="org.apache.flink.sql.parser.FlinkSqlUnParserTest" time="0.003"/>
  <testcase name="testJsonValue" classname="org.apache.flink.sql.parser.FlinkSqlUnParserTest" time="0.041"/>
  <testcase name="testInListEmptyFails" classname="org.apache.flink.sql.parser.FlinkSqlUnParserTest" time="0"/>
  <testcase name="testTableSample" classname="org.apache.flink.sql.parser.FlinkSqlUnParserTest" time="0.166"/>
  <testcase name="testMatchRecognize1" classname="org.apache.flink.sql.parser.FlinkSqlUnParserTest" time="0.013"/>
  <testcase name="testMatchRecognize2" classname="org.apache.flink.sql.parser.FlinkSqlUnParserTest" time="0.007"/>
  <testcase name="testMatchRecognize3" classname="org.apache.flink.sql.parser.FlinkSqlUnParserTest" time="0.011"/>
  <testcase name="testMatchRecognize4" classname="org.apache.flink.sql.parser.FlinkSqlUnParserTest" time="0.006"/>
  <testcase name="testMatchRecognize5" classname="org.apache.flink.sql.parser.FlinkSqlUnParserTest" time="0.027"/>
  <testcase name="testMatchRecognize6" classname="org.apache.flink.sql.parser.FlinkSqlUnParserTest" time="0.008"/>
  <testcase name="testMatchRecognize7" classname="org.apache.flink.sql.parser.FlinkSqlUnParserTest" time="0.014"/>
  <testcase name="testMatchRecognize8" classname="org.apache.flink.sql.parser.FlinkSqlUnParserTest" time="0.004"/>
  <testcase name="testMatchRecognize9" classname="org.apache.flink.sql.parser.FlinkSqlUnParserTest" time="0.006"/>
  <testcase name="testJsonObject" classname="org.apache.flink.sql.parser.FlinkSqlUnParserTest" time="0.016"/>
  <testcase name="testSelectFromExplicitTable" classname="org.apache.flink.sql.parser.FlinkSqlUnParserTest" time="0.004"/>
  <testcase name="testGroupByCube" classname="org.apache.flink.sql.parser.FlinkSqlUnParserTest" time="0.026"/>
  <testcase name="testStmtListWithSelectDelete" classname="org.apache.flink.sql.parser.FlinkSqlUnParserTest" time="0.005"/>
  <testcase name="testCrossOuterApply" classname="org.apache.flink.sql.parser.FlinkSqlUnParserTest" time="0.044"/>
  <testcase name="testAggregateFilter" classname="org.apache.flink.sql.parser.FlinkSqlUnParserTest" time="0.061"/>
  <testcase name="testTimestampDiff" classname="org.apache.flink.sql.parser.FlinkSqlUnParserTest" time="0.027"/>
  <testcase name="testJsonPretty" classname="org.apache.flink.sql.parser.FlinkSqlUnParserTest" time="0.016"/>
  <testcase name="testJsonRemove" classname="org.apache.flink.sql.parser.FlinkSqlUnParserTest" time="0.008"/>
  <testcase name="testFullInnerJoinFails" classname="org.apache.flink.sql.parser.FlinkSqlUnParserTest" time="0.002"/>
  <testcase name="testUpsertSelect" classname="org.apache.flink.sql.parser.FlinkSqlUnParserTest" time="0.06"/>
  <testcase name="testConfigureFromDialect" classname="org.apache.flink.sql.parser.FlinkSqlUnParserTest" time="0.032"/>
  <testcase name="testCastToInterval" classname="org.apache.flink.sql.parser.FlinkSqlUnParserTest" time="0.089"/>
  <testcase name="testTableHintsInDelete" classname="org.apache.flink.sql.parser.FlinkSqlUnParserTest" time="0.045"/>
  <testcase name="testMinusIsReserved" classname="org.apache.flink.sql.parser.FlinkSqlUnParserTest" time="0"/>
  <testcase name="testCoalesce" classname="org.apache.flink.sql.parser.FlinkSqlUnParserTest" time="0.019"/>
  <testcase name="testJdbcFunctionCall" classname="org.apache.flink.sql.parser.FlinkSqlUnParserTest" time="0.081"/>
  <testcase name="testLiteral" classname="org.apache.flink.sql.parser.FlinkSqlUnParserTest" time="0.032"/>
  <testcase name="testAliasedStar" classname="org.apache.flink.sql.parser.FlinkSqlUnParserTest" time="0.017"/>
  <testcase name="testUpsertValues" classname="org.apache.flink.sql.parser.FlinkSqlUnParserTest" time="0.007"/>
  <testcase name="testMatchRecognizeRowsPerMatch1" classname="org.apache.flink.sql.parser.FlinkSqlUnParserTest" time="0.027"/>
  <testcase name="testMatchRecognizeRowsPerMatch2" classname="org.apache.flink.sql.parser.FlinkSqlUnParserTest" time="0.013"/>
  <testcase name="testOuterJoinNoiseWord" classname="org.apache.flink.sql.parser.FlinkSqlUnParserTest" time="0.013"/>
  <testcase name="testCollectionTableWithLateral2" classname="org.apache.flink.sql.parser.FlinkSqlUnParserTest" time="0.036"/>
  <testcase name="testCollectionTableWithLateral3" classname="org.apache.flink.sql.parser.FlinkSqlUnParserTest" time="0.022"/>
  <testcase name="testFunctionCallWithDot" classname="org.apache.flink.sql.parser.FlinkSqlUnParserTest" time="0.012"/>
  <testcase name="testReverseSolidus" classname="org.apache.flink.sql.parser.FlinkSqlUnParserTest" time="0.009"/>
  <testcase name="testTimestampAddAndDiff" classname="org.apache.flink.sql.parser.FlinkSqlUnParserTest" time="0.069"/>
  <testcase name="testLikeAndSimilar" classname="org.apache.flink.sql.parser.FlinkSqlUnParserTest" time="0.111"/>
  <testcase name="testMiscIntervalQualifier" classname="org.apache.flink.sql.parser.FlinkSqlUnParserTest" time="0.015"/>
  <testcase name="testPrecedence2b" classname="org.apache.flink.sql.parser.FlinkSqlUnParserTest" time="0.003"/>
  <testcase name="testTableHintsInInsert" classname="org.apache.flink.sql.parser.FlinkSqlUnParserTest" time="0.02"/>
  <testcase name="testCharLength" classname="org.apache.flink.sql.parser.FlinkSqlUnParserTest" time="0.008"/>
  <testcase name="testStmtListWithSelect" classname="org.apache.flink.sql.parser.FlinkSqlUnParserTest" time="0.003"/>
  <testcase name="testStmtListWithSemiColonInWhere" classname="org.apache.flink.sql.parser.FlinkSqlUnParserTest" time="0.011"/>
  <testcase name="testMemberFunction" classname="org.apache.flink.sql.parser.FlinkSqlUnParserTest" time="0.023"/>
  <testcase name="testVisitSqlInsertWithSqlShuttle" classname="org.apache.flink.sql.parser.FlinkSqlUnParserTest" time="0.003"/>
  <testcase name="testSelectDistinct" classname="org.apache.flink.sql.parser.FlinkSqlUnParserTest" time="0.007"/>
  <testcase name="testOrderInternal" classname="org.apache.flink.sql.parser.FlinkSqlUnParserTest" time="0.034"/>
  <testcase name="testPrecedence0" classname="org.apache.flink.sql.parser.FlinkSqlUnParserTest" time="0.001"/>
  <testcase name="testPrecedence1" classname="org.apache.flink.sql.parser.FlinkSqlUnParserTest" time="0.004"/>
  <testcase name="testPrecedence2" classname="org.apache.flink.sql.parser.FlinkSqlUnParserTest" time="0.002"/>
  <testcase name="testPrecedence3" classname="org.apache.flink.sql.parser.FlinkSqlUnParserTest" time="0.011"/>
  <testcase name="testPrecedence4" classname="org.apache.flink.sql.parser.FlinkSqlUnParserTest" time="0.012"/>
  <testcase name="testPrecedence5" classname="org.apache.flink.sql.parser.FlinkSqlUnParserTest" time="0.022"/>
  <testcase name="testMatchRecognizeDefineClause" classname="org.apache.flink.sql.parser.FlinkSqlUnParserTest" time="0.032"/>
  <testcase name="testElementFunc" classname="org.apache.flink.sql.parser.FlinkSqlUnParserTest" time="0.006"/>
  <testcase name="testOrderUnion" classname="org.apache.flink.sql.parser.FlinkSqlUnParserTest" time="0.001"/>
  <testcase name="testOrderOffsetFetch" classname="org.apache.flink.sql.parser.FlinkSqlUnParserTest" time="0.088"/>
  <testcase name="testMapItemPrecedence" classname="org.apache.flink.sql.parser.FlinkSqlUnParserTest" time="0.009"/>
  <testcase name="testArithmeticOperators" classname="org.apache.flink.sql.parser.FlinkSqlUnParserTest" time="0.012"/>
  <testcase name="testMemberOf" classname="org.apache.flink.sql.parser.FlinkSqlUnParserTest" time="0.03"/>
  <testcase name="testStmtListWithoutSemiColon1" classname="org.apache.flink.sql.parser.FlinkSqlUnParserTest" time="0.001"/>
  <testcase name="testStmtListWithoutSemiColon2" classname="org.apache.flink.sql.parser.FlinkSqlUnParserTest" time="0"/>
  <testcase name="testUnicodeEscapedLiteral" classname="org.apache.flink.sql.parser.FlinkSqlUnParserTest" time="0.039"/>
  <testcase name="testStmtListWithInsertSelectInsert" classname="org.apache.flink.sql.parser.FlinkSqlUnParserTest" time="0.022"/>
  <testcase name="testInsertCaseSensitiveExtendedColumnList" classname="org.apache.flink.sql.parser.FlinkSqlUnParserTest" time="0.01"/>
  <testcase name="testJoinCross" classname="org.apache.flink.sql.parser.FlinkSqlUnParserTest" time="0.002"/>
  <testcase name="testInvalidHintFormat" classname="org.apache.flink.sql.parser.FlinkSqlUnParserTest" time="0.009"/>
  <testcase name="testSingleQuotedAlias" classname="org.apache.flink.sql.parser.FlinkSqlUnParserTest" time="0.131"/>
  <testcase name="testJoinQuery" classname="org.apache.flink.sql.parser.FlinkSqlUnParserTest" time="0.021"/>
  <testcase name="testJoinUsing" classname="org.apache.flink.sql.parser.FlinkSqlUnParserTest" time="0.014"/>
  <testcase name="testAddCarets" classname="org.apache.flink.sql.parser.FlinkSqlUnParserTest" time="0"/>
  <testcase name="testSelectWithoutFromHavingFails" classname="org.apache.flink.sql.parser.FlinkSqlUnParserTest" time="0"/>
  <testcase name="testCardinalityFunc" classname="org.apache.flink.sql.parser.FlinkSqlUnParserTest" time="0.006"/>
  <testcase name="testMatchRecognize10" classname="org.apache.flink.sql.parser.FlinkSqlUnParserTest" time="0.101"/>
  <testcase name="testMatchRecognize11" classname="org.apache.flink.sql.parser.FlinkSqlUnParserTest" time="0.078"/>
  <testcase name="testSelectWithoutFromGroupByFails" classname="org.apache.flink.sql.parser.FlinkSqlUnParserTest" time="0.001"/>
  <testcase name="testMatchRecognizeDefineClause2" classname="org.apache.flink.sql.parser.FlinkSqlUnParserTest" time="0.012"/>
  <testcase name="testMatchRecognizeDefineClause3" classname="org.apache.flink.sql.parser.FlinkSqlUnParserTest" time="0.01"/>
  <testcase name="testMatchRecognizeDefineClause4" classname="org.apache.flink.sql.parser.FlinkSqlUnParserTest" time="0.018"/>
  <testcase name="testSelectDistinctWithoutFrom" classname="org.apache.flink.sql.parser.FlinkSqlUnParserTest" time="0.02"/>
  <testcase name="testWithinGroupClause1" classname="org.apache.flink.sql.parser.FlinkSqlUnParserTest" time="0.035"/>
  <testcase name="testWithinGroupClause2" classname="org.apache.flink.sql.parser.FlinkSqlUnParserTest" time="0.007"/>
  <testcase name="testWithinGroupClause3" classname="org.apache.flink.sql.parser.FlinkSqlUnParserTest" time="0"/>
  <testcase name="testWithinGroupClause4" classname="org.apache.flink.sql.parser.FlinkSqlUnParserTest" time="0.013"/>
  <testcase name="testWithinGroupClause5" classname="org.apache.flink.sql.parser.FlinkSqlUnParserTest" time="0.007"/>
  <testcase name="testTableHintsInUpdate" classname="org.apache.flink.sql.parser.FlinkSqlUnParserTest" time="0.015"/>
  <testcase name="testMetadata" classname="org.apache.flink.sql.parser.FlinkSqlUnParserTest" time="0.002"/>
  <testcase name="testCollectionTableWithLateral" classname="org.apache.flink.sql.parser.FlinkSqlUnParserTest" time="0.013"/>
  <testcase name="testStarAsFails" classname="org.apache.flink.sql.parser.FlinkSqlUnParserTest" time="0.002"/>
  <testcase name="testMatchRecognizePatternSkip1" classname="org.apache.flink.sql.parser.FlinkSqlUnParserTest" time="0.013"/>
  <testcase name="testMatchRecognizePatternSkip2" classname="org.apache.flink.sql.parser.FlinkSqlUnParserTest" time="0.028"/>
  <testcase name="testMatchRecognizePatternSkip3" classname="org.apache.flink.sql.parser.FlinkSqlUnParserTest" time="0.004"/>
  <testcase name="testMatchRecognizePatternSkip4" classname="org.apache.flink.sql.parser.FlinkSqlUnParserTest" time="0.002"/>
  <testcase name="testMatchRecognizePatternSkip5" classname="org.apache.flink.sql.parser.FlinkSqlUnParserTest" time="0.001"/>
  <testcase name="testMatchRecognizePatternSkip6" classname="org.apache.flink.sql.parser.FlinkSqlUnParserTest" time="0.031"/>
  <testcase name="testLongIdentifiers" classname="org.apache.flink.sql.parser.FlinkSqlUnParserTest" time="0.005"/>
  <testcase name="testHexAndBinaryString" classname="org.apache.flink.sql.parser.FlinkSqlUnParserTest" time="0.027"/>
  <testcase name="testScalarQueryInWhere" classname="org.apache.flink.sql.parser.FlinkSqlUnParserTest" time="0.029"/>
  <testcase name="testCaseExpressionFails" classname="org.apache.flink.sql.parser.FlinkSqlUnParserTest" time="0.001"/>
  <testcase name="testIntervalPluralUnits" classname="org.apache.flink.sql.parser.FlinkSqlUnParserTest" time="0.062"/>
  <testcase name="testMapItem" classname="org.apache.flink.sql.parser.FlinkSqlUnParserTest" time="0.031"/>
  <testcase name="testOrderIllegalInExpression" classname="org.apache.flink.sql.parser.FlinkSqlUnParserTest" time="0.039"/>
  <testcase name="testQueryInIllegalContext" classname="org.apache.flink.sql.parser.FlinkSqlUnParserTest" time="0.002"/>
  <testcase name="testDateMinusDate" classname="org.apache.flink.sql.parser.FlinkSqlUnParserTest" time="0.036"/>
  <testcase name="testMapValueConstructor" classname="org.apache.flink.sql.parser.FlinkSqlUnParserTest" time="0.01"/>
  <testcase name="testIsBooleans" classname="org.apache.flink.sql.parser.FlinkSqlUnParserTest" time="0.064"/>
  <testcase name="testJoinOnParentheses" classname="org.apache.flink.sql.parser.FlinkSqlUnParserTest" time="0.003"/>
  <testcase name="testGroupEmpty" classname="org.apache.flink.sql.parser.FlinkSqlUnParserTest" time="0.035"/>
  <testcase name="testOperateOnColumn" classname="org.apache.flink.sql.parser.FlinkSqlUnParserTest" time="0.014"/>
  <testcase name="testOrderNullsFirst" classname="org.apache.flink.sql.parser.FlinkSqlUnParserTest" time="0.018"/>
  <testcase name="testQuotesInString" classname="org.apache.flink.sql.parser.FlinkSqlUnParserTest" time="0.013"/>
  <testcase name="testWindowInSubQuery" classname="org.apache.flink.sql.parser.FlinkSqlUnParserTest" time="0.075"/>
  <testcase name="testEmptyValues" classname="org.apache.flink.sql.parser.FlinkSqlUnParserTest" time="0.002"/>
  <testcase name="testSubQueryInJoin" classname="org.apache.flink.sql.parser.FlinkSqlUnParserTest" time="0.003"/>
  <testcase name="testTemporalTable" classname="org.apache.flink.sql.parser.FlinkSqlUnParserTest" time="0.132"/>
  <testcase name="testInnerOuterJoinFails" classname="org.apache.flink.sql.parser.FlinkSqlUnParserTest" time="0.004"/>
  <testcase name="testMultisetMixed" classname="org.apache.flink.sql.parser.FlinkSqlUnParserTest" time="0.017"/>
  <testcase name="testHyphenatedColumnName" classname="org.apache.flink.sql.parser.FlinkSqlUnParserTest" time="0.015"/>
  <testcase name="testMultisetUnion" classname="org.apache.flink.sql.parser.FlinkSqlUnParserTest" time="0.003"/>
  <testcase name="testTableHintsInMerge" classname="org.apache.flink.sql.parser.FlinkSqlUnParserTest" time="0.032"/>
  <testcase name="testTableHintsInQuery" classname="org.apache.flink.sql.parser.FlinkSqlUnParserTest" time="0.022"/>
  <testcase name="testReplace" classname="org.apache.flink.sql.parser.FlinkSqlUnParserTest" time="0.021"/>
  <testcase name="testSomeEveryAndIntersectionAggQuery" classname="org.apache.flink.sql.parser.FlinkSqlUnParserTest" time="0.007"/>
  <testcase name="testDateLiteral" classname="org.apache.flink.sql.parser.FlinkSqlUnParserTest" time="0.009"/>
  <testcase name="testAsAliases" classname="org.apache.flink.sql.parser.FlinkSqlUnParserTest" time="0.008"/>
  <testcase name="testConvertAndTranslate" classname="org.apache.flink.sql.parser.FlinkSqlUnParserTest" time="0.011"/>
  <testcase name="testInsertCaseSensitiveColumnList" classname="org.apache.flink.sql.parser.FlinkSqlUnParserTest" time="0.005"/>
  <testcase name="testJoinAssociativity" classname="org.apache.flink.sql.parser.FlinkSqlUnParserTest" time="0">
    <skipped message="void org.apache.calcite.sql.parser.SqlParserTest.testJoinAssociativity() is @Disabled"/>
  </testcase>
  <testcase name="testBetweenAnd" classname="org.apache.flink.sql.parser.FlinkSqlUnParserTest" time="0.013"/>
  <testcase name="testCollectionTable" classname="org.apache.flink.sql.parser.FlinkSqlUnParserTest" time="0.001"/>
  <testcase name="testParensInFrom" classname="org.apache.flink.sql.parser.FlinkSqlUnParserTest" time="0.001"/>
  <testcase name="testPivotWithoutValues" classname="org.apache.flink.sql.parser.FlinkSqlUnParserTest" time="0.006"/>
  <testcase name="testUnnestWithOrdinality" classname="org.apache.flink.sql.parser.FlinkSqlUnParserTest" time="0.014"/>
  <testcase name="testGroupingSets" classname="org.apache.flink.sql.parser.FlinkSqlUnParserTest" time="0.043"/>
  <testcase name="testWindowReference" classname="org.apache.flink.sql.parser.FlinkSqlUnParserTest" time="0.002"/>
  <testcase name="testParseWithReader" classname="org.apache.flink.sql.parser.FlinkSqlUnParserTest" time="0.018"/>
  <testcase name="testGroupByCube2" classname="org.apache.flink.sql.parser.FlinkSqlUnParserTest" time="0.07"/>
  <testcase name="testMatchRecognizeWithin" classname="org.apache.flink.sql.parser.FlinkSqlUnParserTest" time="0.012"/>
  <testcase name="testOuterApply" classname="org.apache.flink.sql.parser.FlinkSqlUnParserTest" time="0.006"/>
  <testcase name="testExplicitTableInJoin" classname="org.apache.flink.sql.parser.FlinkSqlUnParserTest" time="0.009"/>
  <testcase name="testMinusPrefixInExpression" classname="org.apache.flink.sql.parser.FlinkSqlUnParserTest" time="0.009"/>
  <testcase name="testLessThanAssociativity" classname="org.apache.flink.sql.parser.FlinkSqlUnParserTest" time="0.062"/>
  <testcase name="testGroupByRollup" classname="org.apache.flink.sql.parser.FlinkSqlUnParserTest" time="0.008"/>
  <testcase name="testBetweenAnd2" classname="org.apache.flink.sql.parser.FlinkSqlUnParserTest" time="0.007"/>
  <testcase name="testWindowSpec" classname="org.apache.flink.sql.parser.FlinkSqlUnParserTest" time="0.055"/>
  <testcase name="testDefault" classname="org.apache.flink.sql.parser.FlinkSqlUnParserTest" time="0.008"/>
  <testcase name="testIntersect" classname="org.apache.flink.sql.parser.FlinkSqlUnParserTest" time="0.009"/>
  <testcase name="testIsNotDistinct" classname="org.apache.flink.sql.parser.FlinkSqlUnParserTest" time="0.028"/>
  <testcase name="testSubstring" classname="org.apache.flink.sql.parser.FlinkSqlUnParserTest" time="0.043"/>
  <testcase name="testProcedureCall" classname="org.apache.flink.sql.parser.FlinkSqlUnParserTest" time="0.012"/>
  <testcase name="testGrouping" classname="org.apache.flink.sql.parser.FlinkSqlUnParserTest" time="0.023"/>
  <testcase name="testOverlaps" classname="org.apache.flink.sql.parser.FlinkSqlUnParserTest" time="0.091"/>
  <testcase name="testPivotComposite" classname="org.apache.flink.sql.parser.FlinkSqlUnParserTest" time="0.018"/>
  <testcase name="testConcat" classname="org.apache.flink.sql.parser.FlinkSqlUnParserTest" time="0.002"/>
  <testcase name="testDelete" classname="org.apache.flink.sql.parser.FlinkSqlUnParserTest" time="0.002"/>
  <testcase name="testJsonObjectAgg" classname="org.apache.flink.sql.parser.FlinkSqlUnParserTest" time="0.013"/>
  <testcase name="testBangEqualIsBad" classname="org.apache.flink.sql.parser.FlinkSqlUnParserTest" time="0"/>
  <testcase name="testCastToVarchar" classname="org.apache.flink.sql.parser.FlinkSqlUnParserTest" time="0.008"/>
  <testcase name="testExcept" classname="org.apache.flink.sql.parser.FlinkSqlUnParserTest" time="0.008"/>
  <testcase name="testExists" classname="org.apache.flink.sql.parser.FlinkSqlUnParserTest" time="0.011"/>
  <testcase name="testFunctionNamedArgument" classname="org.apache.flink.sql.parser.FlinkSqlUnParserTest" time="0.01"/>
  <testcase name="testMergeSelectSource" classname="org.apache.flink.sql.parser.FlinkSqlUnParserTest" time="0.021"/>
  <testcase name="testInsertColumnList" classname="org.apache.flink.sql.parser.FlinkSqlUnParserTest" time="0.003"/>
  <testcase name="testJsonArrayAgg1" classname="org.apache.flink.sql.parser.FlinkSqlUnParserTest" time="0.008"/>
  <testcase name="testJsonArrayAgg2" classname="org.apache.flink.sql.parser.FlinkSqlUnParserTest" time="0.007"/>
  <testcase name="testMultiset" classname="org.apache.flink.sql.parser.FlinkSqlUnParserTest" time="0.019"/>
  <testcase name="testArrayValueConstructor" classname="org.apache.flink.sql.parser.FlinkSqlUnParserTest" time="0.005"/>
  <testcase name="testWithNestedInSubQuery" classname="org.apache.flink.sql.parser.FlinkSqlUnParserTest" time="0.003"/>
  <testcase name="testInList" classname="org.apache.flink.sql.parser.FlinkSqlUnParserTest" time="0.009"/>
  <testcase name="testIsASet" classname="org.apache.flink.sql.parser.FlinkSqlUnParserTest" time="0.002"/>
  <testcase name="testJsonPredicate" classname="org.apache.flink.sql.parser.FlinkSqlUnParserTest" time="0.009"/>
  <testcase name="testWindowSpecPartial" classname="org.apache.flink.sql.parser.FlinkSqlUnParserTest" time="0.026"/>
  <testcase name="testPosition" classname="org.apache.flink.sql.parser.FlinkSqlUnParserTest" time="0.004"/>
  <testcase name="testJoinOn" classname="org.apache.flink.sql.parser.FlinkSqlUnParserTest" time="0.008"/>
  <testcase name="testFromValues" classname="org.apache.flink.sql.parser.FlinkSqlUnParserTest" time="0"/>
  <testcase name="testStringLiteralChain" classname="org.apache.flink.sql.parser.FlinkSqlUnParserTest" time="0.01"/>
  <testcase name="testStringLiteralFails" classname="org.apache.flink.sql.parser.FlinkSqlUnParserTest" time="0.008"/>
  <testcase name="testInQuery" classname="org.apache.flink.sql.parser.FlinkSqlUnParserTest" time="0.004"/>
  <testcase name="testInSetop" classname="org.apache.flink.sql.parser.FlinkSqlUnParserTest" time="0.003"/>
  <testcase name="testWithValues" classname="org.apache.flink.sql.parser.FlinkSqlUnParserTest" time="0.008"/>
  <testcase name="testInvalidToken" classname="org.apache.flink.sql.parser.FlinkSqlUnParserTest" time="0.001"/>
  <testcase name="testFromWithAs" classname="org.apache.flink.sql.parser.FlinkSqlUnParserTest" time="0.002"/>
  <testcase name="testContinuedLiteral" classname="org.apache.flink.sql.parser.FlinkSqlUnParserTest" time="0.01"/>
  <testcase name="testNotExists" classname="org.apache.flink.sql.parser.FlinkSqlUnParserTest" time="0.005"/>
  <testcase name="testWithFails" classname="org.apache.flink.sql.parser.FlinkSqlUnParserTest" time="0.001"/>
  <testcase name="testWithUnion" classname="org.apache.flink.sql.parser.FlinkSqlUnParserTest" time="0.002"/>
  <testcase name="testSelectWithoutFrom" classname="org.apache.flink.sql.parser.FlinkSqlUnParserTest" time="0.002"/>
  <testcase name="testNullIf" classname="org.apache.flink.sql.parser.FlinkSqlUnParserTest" time="0.005"/>
  <testcase name="testFromValuesWithoutParens" classname="org.apache.flink.sql.parser.FlinkSqlUnParserTest" time="0"/>
  <testcase name="testInsertValuesRawDefault" classname="org.apache.flink.sql.parser.FlinkSqlUnParserTest" time="0.003"/>
  <testcase name="testEmbeddedFunction" classname="org.apache.flink.sql.parser.FlinkSqlUnParserTest" time="0">
    <skipped message="void org.apache.calcite.sql.parser.SqlParserTest.testEmbeddedFunction() is @Disabled"/>
  </testcase>
  <testcase name="testPeriod" classname="org.apache.flink.sql.parser.FlinkSqlUnParserTest" time="0.036"/>
  <testcase name="testPivot2" classname="org.apache.flink.sql.parser.FlinkSqlUnParserTest" time="0.011"/>
  <testcase name="testSelectWithoutFrom2" classname="org.apache.flink.sql.parser.FlinkSqlUnParserTest" time="0.002"/>
  <testcase name="testDateTimeCast" classname="org.apache.flink.sql.parser.FlinkSqlUnParserTest" time="0.006"/>
  <testcase name="testMixedFrom" classname="org.apache.flink.sql.parser.FlinkSqlUnParserTest" time="0.005"/>
  <testcase name="testMixedStar" classname="org.apache.flink.sql.parser.FlinkSqlUnParserTest" time="0.005"/>
  <testcase name="testIntervalOperators" classname="org.apache.flink.sql.parser.FlinkSqlUnParserTest" time="0.009"/>
  <testcase name="testCastFails" classname="org.apache.flink.sql.parser.FlinkSqlUnParserTest" time="0.001"/>
  <testcase name="testHavingBeforeGroupFails" classname="org.apache.flink.sql.parser.FlinkSqlUnParserTest" time="0"/>
  <testcase name="testUnicodeLiteral" classname="org.apache.flink.sql.parser.FlinkSqlUnParserTest" time="0.013"/>
  <testcase name="testHavingAfterGroup" classname="org.apache.flink.sql.parser.FlinkSqlUnParserTest" time="0.006"/>
  <testcase name="testInsertSelect" classname="org.apache.flink.sql.parser.FlinkSqlUnParserTest" time="0.003"/>
  <testcase name="testUnnest" classname="org.apache.flink.sql.parser.FlinkSqlUnParserTest" time="0.021"/>
  <testcase name="testUpdate" classname="org.apache.flink.sql.parser.FlinkSqlUnParserTest" time="0.006"/>
  <testcase name="testValues" classname="org.apache.flink.sql.parser.FlinkSqlUnParserTest" time="0.098"/>
  <testcase name="testInsertValuesDefault" classname="org.apache.flink.sql.parser.FlinkSqlUnParserTest" time="0.015"/>
  <testcase name="testIntervalArithmetics" classname="org.apache.flink.sql.parser.FlinkSqlUnParserTest" time="0.032"/>
  <testcase name="testLimitUnion" classname="org.apache.flink.sql.parser.FlinkSqlUnParserTest" time="0.001"/>
  <testcase name="testInsertValues" classname="org.apache.flink.sql.parser.FlinkSqlUnParserTest" time="0.002"/>
  <testcase name="testTranslate3" classname="org.apache.flink.sql.parser.FlinkSqlUnParserTest" time="0.002"/>
  <testcase name="testFromStarFails" classname="org.apache.flink.sql.parser.FlinkSqlUnParserTest" time="0"/>
  <testcase name="testNestedSelect" classname="org.apache.flink.sql.parser.FlinkSqlUnParserTest" time="0.011"/>
  <testcase name="testJsonValueExpressionOperator" classname="org.apache.flink.sql.parser.FlinkSqlUnParserTest" time="0.019"/>
  <testcase name="testBackTickIdentifier" classname="org.apache.flink.sql.parser.FlinkSqlUnParserTest" time="0.037"/>
  <testcase name="testPivotErrorExpressionInFor" classname="org.apache.flink.sql.parser.FlinkSqlUnParserTest" time="0"/>
  <testcase name="testSelectList" classname="org.apache.flink.sql.parser.FlinkSqlUnParserTest" time="0.007"/>
  <testcase name="testLiteralCollate" classname="org.apache.flink.sql.parser.FlinkSqlUnParserTest" time="0.001"/>
  <testcase name="testHavingNoGroup" classname="org.apache.flink.sql.parser.FlinkSqlUnParserTest" time="0.009"/>
  <testcase name="testIdentifier" classname="org.apache.flink.sql.parser.FlinkSqlUnParserTest" time="0.007"/>
  <testcase name="testMultisetIntersect" classname="org.apache.flink.sql.parser.FlinkSqlUnParserTest" time="0.004"/>
  <testcase name="testOuterApplyValues" classname="org.apache.flink.sql.parser.FlinkSqlUnParserTest" time="0.015"/>
  <testcase name="testBracketIdentifier" classname="org.apache.flink.sql.parser.FlinkSqlUnParserTest" time="0.012"/>
  <testcase name="testMatchRecognizeSubset1" classname="org.apache.flink.sql.parser.FlinkSqlUnParserTest" time="0.01"/>
  <testcase name="testMatchRecognizeSubset2" classname="org.apache.flink.sql.parser.FlinkSqlUnParserTest" time="0.005"/>
  <testcase name="testMatchRecognizeSubset3" classname="org.apache.flink.sql.parser.FlinkSqlUnParserTest" time="0.014"/>
  <testcase name="testSplitIdentifier" classname="org.apache.flink.sql.parser.FlinkSqlUnParserTest" time="0.009"/>
  <testcase name="testHexAndBinaryStringFails" classname="org.apache.flink.sql.parser.FlinkSqlUnParserTest" time="0.004"/>
  <testcase name="testEqualNotEqual" classname="org.apache.flink.sql.parser.FlinkSqlUnParserTest" time="0.014"/>
  <testcase name="testSequence" classname="org.apache.flink.sql.parser.FlinkSqlUnParserTest" time="0.019"/>
  <testcase name="testCastAsCollectionType" classname="org.apache.flink.sql.parser.FlinkSqlUnParserTest" time="0.009"/>
  <testcase name="testUnionOrder" classname="org.apache.flink.sql.parser.FlinkSqlUnParserTest" time="0.005"/>
  <testcase name="testQueryInFrom" classname="org.apache.flink.sql.parser.FlinkSqlUnParserTest" time="0.005"/>
  <testcase name="testFunction" classname="org.apache.flink.sql.parser.FlinkSqlUnParserTest" time="0.006"/>
  <testcase name="testSetMinus" classname="org.apache.flink.sql.parser.FlinkSqlUnParserTest" time="0.003"/>
  <testcase name="testIntervalCompare" classname="org.apache.flink.sql.parser.FlinkSqlUnParserTest" time="0.005"/>
  <testcase name="testCreateViewWithComment" classname="org.apache.flink.sql.parser.FlinkSqlUnParserTest" time="0.015"/>
  <testcase name="testDropIfExists" classname="org.apache.flink.sql.parser.FlinkSqlUnParserTest" time="0.006"/>
  <testcase name="testInvalidUpsertOverwrite" classname="org.apache.flink.sql.parser.FlinkSqlUnParserTest" time="0.001"/>
  <testcase name="testBeginStatementSet" classname="org.apache.flink.sql.parser.FlinkSqlUnParserTest" time="0.009"/>
  <testcase name="testInvalidComputedColumn" classname="org.apache.flink.sql.parser.FlinkSqlUnParserTest" time="0"/>
  <testcase name="testUseDataBase" classname="org.apache.flink.sql.parser.FlinkSqlUnParserTest" time="0.007"/>
  <testcase name="testDescribeTable" classname="org.apache.flink.sql.parser.FlinkSqlUnParserTest" time="0.015"/>
  <testcase name="testCreateTableWithNoColumns" classname="org.apache.flink.sql.parser.FlinkSqlUnParserTest" time="0.006"/>
  <testcase name="testCreateTableWithLikeClause" classname="org.apache.flink.sql.parser.FlinkSqlUnParserTest" time="0.02"/>
  <testcase name="testUseCatalog" classname="org.apache.flink.sql.parser.FlinkSqlUnParserTest" time="0.004"/>
  <testcase name="testExplain" classname="org.apache.flink.sql.parser.FlinkSqlUnParserTest" time="0.005"/>
  <testcase name="testExplainJsonFormat" classname="org.apache.flink.sql.parser.FlinkSqlUnParserTest" time="0"/>
  <testcase name="testCreateTableWithMultipleWatermark" classname="org.apache.flink.sql.parser.FlinkSqlUnParserTest" time="0.001"/>
  <testcase name="testCreateTableWithComplexType" classname="org.apache.flink.sql.parser.FlinkSqlUnParserTest" time="0.009"/>
  <testcase name="testUnloadModule" classname="org.apache.flink.sql.parser.FlinkSqlUnParserTest" time="0.004"/>
  <testcase name="testAlterTable" classname="org.apache.flink.sql.parser.FlinkSqlUnParserTest" time="0.013"/>
  <testcase name="testEnd" classname="org.apache.flink.sql.parser.FlinkSqlUnParserTest" time="0.002"/>
  <testcase name="testShowViews" classname="org.apache.flink.sql.parser.FlinkSqlUnParserTest" time="0.008"/>
  <testcase name="testDuplicatePk" classname="org.apache.flink.sql.parser.FlinkSqlUnParserTest" time="0.018"/>
  <testcase name="testCreateTableWithOnlyWaterMark" classname="org.apache.flink.sql.parser.FlinkSqlUnParserTest" time="0.005"/>
  <testcase name="testCreateTable" classname="org.apache.flink.sql.parser.FlinkSqlUnParserTest" time="0.01"/>
  <testcase name="testCreateTemporaryView" classname="org.apache.flink.sql.parser.FlinkSqlUnParserTest" time="0.003"/>
  <testcase name="testExplainPlanForWithExplainDetails" classname="org.apache.flink.sql.parser.FlinkSqlUnParserTest" time="0"/>
  <testcase name="testUseModules" classname="org.apache.flink.sql.parser.FlinkSqlUnParserTest" time="0.003"/>
  <testcase name="testLoadModule" classname="org.apache.flink.sql.parser.FlinkSqlUnParserTest" time="0.003"/>
  <testcase name="testDropDatabase" classname="org.apache.flink.sql.parser.FlinkSqlUnParserTest" time="0.004"/>
  <testcase name="testShowCurrentCatalog" classname="org.apache.flink.sql.parser.FlinkSqlUnParserTest" time="0.001"/>
  <testcase name="testInsertCaseSensitivePartitionSpecs" classname="org.apache.flink.sql.parser.FlinkSqlUnParserTest" time="0.003"/>
  <testcase name="testCreateTableWithComment" classname="org.apache.flink.sql.parser.FlinkSqlUnParserTest" time="0.006"/>
  <testcase name="testCreateViewWithEmptyFields" classname="org.apache.flink.sql.parser.FlinkSqlUnParserTest" time="0.003"/>
  <testcase name="testAlterTableReset" classname="org.apache.flink.sql.parser.FlinkSqlUnParserTest" time="0.002"/>
  <testcase name="testAlterView" classname="org.apache.flink.sql.parser.FlinkSqlUnParserTest" time="0.002"/>
  <testcase name="testInsertPartitionSpecs" classname="org.apache.flink.sql.parser.FlinkSqlUnParserTest" time="0.007"/>
  <testcase name="testCreateTableWithUserDefinedType" classname="org.apache.flink.sql.parser.FlinkSqlUnParserTest" time="0.005"/>
  <testcase name="testDescribeSchema" classname="org.apache.flink.sql.parser.FlinkSqlUnParserTest" time="0">
    <skipped/>
  </testcase>
  <testcase name="testCreateTemporaryTable" classname="org.apache.flink.sql.parser.FlinkSqlUnParserTest" time="0.004"/>
  <testcase name="testExplainDuplicateExplainDetails" classname="org.apache.flink.sql.parser.FlinkSqlUnParserTest" time="0.001"/>
  <testcase name="testSqlOptions" classname="org.apache.flink.sql.parser.FlinkSqlUnParserTest" time="0"/>
  <testcase name="testCreateTableWithOptionKeyAsIdentifier" classname="org.apache.flink.sql.parser.FlinkSqlUnParserTest" time="0"/>
  <testcase name="testDescribeDatabase" classname="org.apache.flink.sql.parser.FlinkSqlUnParserTest" time="0.003"/>
  <testcase name="testColumnSqlString" classname="org.apache.flink.sql.parser.FlinkSqlUnParserTest" time="0.004"/>
  <testcase name="testExplainWithImpl" classname="org.apache.flink.sql.parser.FlinkSqlUnParserTest" time="0.001"/>
  <testcase name="testExplainWithType" classname="org.apache.flink.sql.parser.FlinkSqlUnParserTest" time="0"/>
  <testcase name="testShowTables" classname="org.apache.flink.sql.parser.FlinkSqlUnParserTest" time="0.004"/>
  <testcase name="testTemporaryDropTable" classname="org.apache.flink.sql.parser.FlinkSqlUnParserTest" time="0.001"/>
  <testcase name="testDropTable" classname="org.apache.flink.sql.parser.FlinkSqlUnParserTest" time="0.001"/>
  <testcase name="testDropCatalog" classname="org.apache.flink.sql.parser.FlinkSqlUnParserTest" time="0.001"/>
  <testcase name="testCreateTemporaryViewIfNotExists" classname="org.apache.flink.sql.parser.FlinkSqlUnParserTest" time="0"/>
  <testcase name="testDescribeCatalog" classname="org.apache.flink.sql.parser.FlinkSqlUnParserTest" time="0.003"/>
  <testcase name="testShowCatalogs" classname="org.apache.flink.sql.parser.FlinkSqlUnParserTest" time="0.004"/>
  <testcase name="testDropView" classname="org.apache.flink.sql.parser.FlinkSqlUnParserTest" time="0.001"/>
  <testcase name="testCreateTableWithNestedComplexType" classname="org.apache.flink.sql.parser.FlinkSqlUnParserTest" time="0.009"/>
  <testcase name="testExplainPlanFor" classname="org.apache.flink.sql.parser.FlinkSqlUnParserTest" time="0.005"/>
  <testcase name="testShowJars" classname="org.apache.flink.sql.parser.FlinkSqlUnParserTest" time="0.009"/>
  <testcase name="testCreateCatalog" classname="org.apache.flink.sql.parser.FlinkSqlUnParserTest" time="0.002"/>
  <testcase name="testInsertExtendedColumnAsStaticPartition1" classname="org.apache.flink.sql.parser.FlinkSqlUnParserTest" time="0.004"/>
  <testcase name="testInsertExtendedColumnAsStaticPartition2" classname="org.apache.flink.sql.parser.FlinkSqlUnParserTest" time="0.022"/>
  <testcase name="testDropTemporaryIfExists" classname="org.apache.flink.sql.parser.FlinkSqlUnParserTest" time="0.004"/>
  <testcase name="testCreateViewWithInvalidFieldList" classname="org.apache.flink.sql.parser.FlinkSqlUnParserTest" time="0"/>
  <testcase name="testTableConstraintsValidated" classname="org.apache.flink.sql.parser.FlinkSqlUnParserTest" time="0.021"/>
  <testcase name="testTableConstraints" classname="org.apache.flink.sql.parser.FlinkSqlUnParserTest" time="0.021"/>
  <testcase name="testCreateView" classname="org.apache.flink.sql.parser.FlinkSqlUnParserTest" time="0.002"/>
  <testcase name="testDropTemporaryView" classname="org.apache.flink.sql.parser.FlinkSqlUnParserTest" time="0.002"/>
  <testcase name="testCreateTableWithLikeClauseWithoutColumns" classname="org.apache.flink.sql.parser.FlinkSqlUnParserTest" time="0.004"/>
  <testcase name="testCreateTableWithWatermark" classname="org.apache.flink.sql.parser.FlinkSqlUnParserTest" time="0.007"/>
  <testcase name="testCreateViewIfNotExists" classname="org.apache.flink.sql.parser.FlinkSqlUnParserTest" time="0.001"/>
  <testcase name="testCastAsRowType" classname="org.apache.flink.sql.parser.FlinkSqlUnParserTest" time="0.014"/>
  <testcase name="testExplainWithoutImpl" classname="org.apache.flink.sql.parser.FlinkSqlUnParserTest" time="0"/>
  <testcase name="testShowDataBases" classname="org.apache.flink.sql.parser.FlinkSqlUnParserTest" time="0.006"/>
  <testcase name="testShowModules" classname="org.apache.flink.sql.parser.FlinkSqlUnParserTest" time="0.003"/>
  <testcase name="testCreateFunction" classname="org.apache.flink.sql.parser.FlinkSqlUnParserTest" time="0.007"/>
  <testcase name="testShowFunctions" classname="org.apache.flink.sql.parser.FlinkSqlUnParserTest" time="0.002"/>
  <testcase name="testAlterFunction" classname="org.apache.flink.sql.parser.FlinkSqlUnParserTest" time="0.003"/>
  <testcase name="testCreateTableWithCommentOnComputedColumn" classname="org.apache.flink.sql.parser.FlinkSqlUnParserTest" time="0.01"/>
  <testcase name="testDropTemporaryFunction" classname="org.apache.flink.sql.parser.FlinkSqlUnParserTest" time="0.006"/>
  <testcase name="testCreateTableWithQueryWatermarkExpression" classname="org.apache.flink.sql.parser.FlinkSqlUnParserTest" time="0"/>
  <testcase name="testAddJar" classname="org.apache.flink.sql.parser.FlinkSqlUnParserTest" time="0.006"/>
  <testcase name="testExplainAllDetails" classname="org.apache.flink.sql.parser.FlinkSqlUnParserTest" time="0.004"/>
  <testcase name="testExplainAsXml" classname="org.apache.flink.sql.parser.FlinkSqlUnParserTest" time="0"/>
  <testcase name="testExplainUnion" classname="org.apache.flink.sql.parser.FlinkSqlUnParserTest" time="0.002"/>
  <testcase name="testCreateTableWithNakedTableName" classname="org.apache.flink.sql.parser.FlinkSqlUnParserTest" time="0"/>
  <testcase name="testExplainAsJson" classname="org.apache.flink.sql.parser.FlinkSqlUnParserTest" time="0.005"/>
  <testcase name="testInsertOverwrite" classname="org.apache.flink.sql.parser.FlinkSqlUnParserTest" time="0.008"/>
  <testcase name="testCreateDatabase" classname="org.apache.flink.sql.parser.FlinkSqlUnParserTest" time="0.002"/>
  <testcase name="testCreateTableWithWatermarkOnComputedColumn" classname="org.apache.flink.sql.parser.FlinkSqlUnParserTest" time="0.008"/>
  <testcase name="testShowCreateTable" classname="org.apache.flink.sql.parser.FlinkSqlUnParserTest" time="0.003"/>
  <testcase name="testAlterDatabase" classname="org.apache.flink.sql.parser.FlinkSqlUnParserTest" time="0.002"/>
  <testcase name="testExplainInsert" classname="org.apache.flink.sql.parser.FlinkSqlUnParserTest" time="0.003"/>
  <testcase name="testTableConstraintsWithEnforcement" classname="org.apache.flink.sql.parser.FlinkSqlUnParserTest" time="0.003"/>
  <testcase name="testShowCurrentDatabase" classname="org.apache.flink.sql.parser.FlinkSqlUnParserTest" time="0.001"/>
  <testcase name="testExplainEstimatedCost" classname="org.apache.flink.sql.parser.FlinkSqlUnParserTest" time="0.001"/>
  <testcase name="testCreateViewWithInvalidName" classname="org.apache.flink.sql.parser.FlinkSqlUnParserTest" time="0"/>
  <testcase name="testDescribeStatement" classname="org.apache.flink.sql.parser.FlinkSqlUnParserTest" time="0">
    <skipped/>
  </testcase>
  <testcase name="testCreateTableWithMinusInOptionKey" classname="org.apache.flink.sql.parser.FlinkSqlUnParserTest" time="0.006"/>
  <testcase name="testCreateViewWithFieldNames" classname="org.apache.flink.sql.parser.FlinkSqlUnParserTest" time="0"/>
  <testcase name="testCreateTableWithWatermarkOnNestedField" classname="org.apache.flink.sql.parser.FlinkSqlUnParserTest" time="0.018"/>
  <testcase name="testRemoveJar" classname="org.apache.flink.sql.parser.FlinkSqlUnParserTest" time="0.004"/>
  <testcase name="testExplainUpsert" classname="org.apache.flink.sql.parser.FlinkSqlUnParserTest" time="0.003"/>
  <testcase name="testCreateTableIfNotExists" classname="org.apache.flink.sql.parser.FlinkSqlUnParserTest" time="0.015"/>
  <testcase name="testSetReset" classname="org.apache.flink.sql.parser.FlinkSqlUnParserTest" time="0.006"/>
  <testcase name="testExplainChangelogMode" classname="org.apache.flink.sql.parser.FlinkSqlUnParserTest" time="0.004"/>
</testsuite>