<?xml version="1.0" encoding="UTF-8"?>
<testsuite xmlns:xsi="http://www.w3.org/2001/XMLSchema-instance" xsi:noNamespaceSchemaLocation="https://maven.apache.org/surefire/maven-surefire-plugin/xsd/surefire-test-report.xsd" name="org.apache.flink.table.catalog.hive.HiveCatalogHiveMetadataTest" time="26.44" tests="98" errors="0" skipped="1" failures="0">
  <properties>
    <property name="gopherProxySet" value="false"/>
    <property name="awt.toolkit" value="sun.lwawt.macosx.LWCToolkit"/>
    <property name="file.encoding.pkg" value="sun.io"/>
    <property name="java.specification.version" value="1.8"/>
    <property name="forkNumber" value="06"/>
    <property name="sun.cpu.isalist" value=""/>
    <property name="sun.jnu.encoding" value="UTF-8"/>
    <property name="java.class.path" value="/Users/liuzhiwei/ideapro/flink-1.14.4/flink-connectors/flink-connector-hive/target/test-classes:/Users/liuzhiwei/ideapro/flink-1.14.4/flink-connectors/flink-connector-hive/target/classes:/Users/liuzhiwei/ideapro/flink-1.14.4/flink-table/flink-table-common/target/flink-table-common-1.14.4.jar:/Users/liuzhiwei/ideapro/flink-1.14.4/flink-core/target/flink-core-1.14.4.jar:/Users/liuzhiwei/ideapro/flink-1.14.4/flink-annotations/target/flink-annotations-1.14.4.jar:/Users/liuzhiwei/ideapro/flink-1.14.4/flink-metrics/flink-metrics-core/target/flink-metrics-core-1.14.4.jar:/Users/liuzhiwei/.m2/repository/com/esotericsoftware/kryo/kryo/2.24.0/kryo-2.24.0.jar:/Users/liuzhiwei/.m2/repository/com/esotericsoftware/minlog/minlog/1.2/minlog-1.2.jar:/Users/liuzhiwei/.m2/repository/org/apache/flink/flink-shaded-guava/30.1.1-jre-14.0/flink-shaded-guava-30.1.1-jre-14.0.jar:/Users/liuzhiwei/.m2/repository/org/apache/flink/flink-shaded-asm-7/7.1-14.0/flink-shaded-asm-7-7.1-14.0.jar:/Users/liuzhiwei/ideapro/flink-1.14.4/flink-table/flink-table-api-java-bridge/target/flink-table-api-java-bridge_2.11-1.14.4.jar:/Users/liuzhiwei/ideapro/flink-1.14.4/flink-table/flink-table-api-java/target/flink-table-api-java-1.14.4.jar:/Users/liuzhiwei/ideapro/flink-1.14.4/flink-streaming-java/target/flink-streaming-java_2.11-1.14.4.jar:/Users/liuzhiwei/ideapro/flink-1.14.4/flink-scala/target/flink-scala_2.11-1.14.4.jar:/Users/liuzhiwei/.m2/repository/com/twitter/chill_2.11/0.7.6/chill_2.11-0.7.6.jar:/Users/liuzhiwei/.m2/repository/com/twitter/chill-java/0.7.6/chill-java-0.7.6.jar:/Users/liuzhiwei/ideapro/flink-1.14.4/flink-table/flink-table-runtime/target/flink-table-runtime_2.11-1.14.4.jar:/Users/liuzhiwei/ideapro/flink-1.14.4/flink-table/flink-table-code-splitter/target/flink-table-code-splitter-1.14.4.jar:/Users/liuzhiwei/.m2/repository/org/antlr/antlr4-runtime/4.7/antlr4-runtime-4.7.jar:/Users/liuzhiwei/.m2/repository/org/codehaus/janino/janino/3.0.11/janino-3.0.11.jar:/Users/liuzhiwei/.m2/repository/org/apache/calcite/avatica/avatica-core/1.17.0/avatica-core-1.17.0.jar:/Users/liuzhiwei/ideapro/flink-1.14.4/flink-table/flink-table-planner/target/flink-table-planner_2.11-1.14.4.jar:/Users/liuzhiwei/.m2/repository/com/google/guava/guava/29.0-jre/guava-29.0-jre.jar:/Users/liuzhiwei/.m2/repository/com/google/guava/failureaccess/1.0.1/failureaccess-1.0.1.jar:/Users/liuzhiwei/.m2/repository/com/google/guava/listenablefuture/9999.0-empty-to-avoid-conflict-with-guava/listenablefuture-9999.0-empty-to-avoid-conflict-with-guava.jar:/Users/liuzhiwei/.m2/repository/org/checkerframework/checker-qual/2.11.1/checker-qual-2.11.1.jar:/Users/liuzhiwei/.m2/repository/com/google/errorprone/error_prone_annotations/2.3.4/error_prone_annotations-2.3.4.jar:/Users/liuzhiwei/.m2/repository/com/google/j2objc/j2objc-annotations/1.3/j2objc-annotations-1.3.jar:/Users/liuzhiwei/.m2/repository/org/codehaus/janino/commons-compiler/3.0.11/commons-compiler-3.0.11.jar:/Users/liuzhiwei/ideapro/flink-1.14.4/flink-table/flink-table-api-scala/target/flink-table-api-scala_2.11-1.14.4.jar:/Users/liuzhiwei/.m2/repository/org/scala-lang/scala-reflect/2.11.12/scala-reflect-2.11.12.jar:/Users/liuzhiwei/.m2/repository/org/scala-lang/scala-library/2.11.12/scala-library-2.11.12.jar:/Users/liuzhiwei/.m2/repository/org/scala-lang/scala-compiler/2.11.12/scala-compiler-2.11.12.jar:/Users/liuzhiwei/.m2/repository/org/scala-lang/modules/scala-xml_2.11/1.0.5/scala-xml_2.11-1.0.5.jar:/Users/liuzhiwei/ideapro/flink-1.14.4/flink-table/flink-table-api-scala-bridge/target/flink-table-api-scala-bridge_2.11-1.14.4.jar:/Users/liuzhiwei/ideapro/flink-1.14.4/flink-streaming-scala/target/flink-streaming-scala_2.11-1.14.4.jar:/Users/liuzhiwei/ideapro/flink-1.14.4/flink-table/flink-sql-parser/target/flink-sql-parser-1.14.4.jar:/Users/liuzhiwei/ideapro/flink-1.14.4/flink-table/flink-sql-parser-hive/target/flink-sql-parser-hive-1.14.4.jar:/Users/liuzhiwei/.m2/repository/org/apache/calcite/calcite-core/1.26.0/calcite-core-1.26.0.jar:/Users/liuzhiwei/.m2/repository/org/apache/calcite/calcite-linq4j/1.26.0/calcite-linq4j-1.26.0.jar:/Users/liuzhiwei/.m2/repository/com/fasterxml/jackson/core/jackson-annotations/2.12.1/jackson-annotations-2.12.1.jar:/Users/liuzhiwei/.m2/repository/com/esri/geometry/esri-geometry-api/2.2.0/esri-geometry-api-2.2.0.jar:/Users/liuzhiwei/.m2/repository/com/fasterxml/jackson/core/jackson-core/2.12.1/jackson-core-2.12.1.jar:/Users/liuzhiwei/.m2/repository/com/fasterxml/jackson/core/jackson-databind/2.12.1/jackson-databind-2.12.1.jar:/Users/liuzhiwei/.m2/repository/com/jayway/jsonpath/json-path/2.4.0/json-path-2.4.0.jar:/Users/liuzhiwei/.m2/repository/net/minidev/json-smart/2.3/json-smart-2.3.jar:/Users/liuzhiwei/.m2/repository/net/minidev/accessors-smart/1.2/accessors-smart-1.2.jar:/Users/liuzhiwei/.m2/repository/org/ow2/asm/asm/5.0.4/asm-5.0.4.jar:/Users/liuzhiwei/.m2/repository/com/ibm/icu/icu4j/67.1/icu4j-67.1.jar:/Users/liuzhiwei/.m2/repository/org/scala-lang/modules/scala-parser-combinators_2.11/1.1.1/scala-parser-combinators_2.11-1.1.1.jar:/Users/liuzhiwei/ideapro/flink-1.14.4/flink-connectors/flink-hadoop-compatibility/target/flink-hadoop-compatibility_2.11-1.14.4.jar:/Users/liuzhiwei/ideapro/flink-1.14.4/flink-formats/flink-hadoop-bulk/target/flink-hadoop-bulk_2.11-1.14.4.jar:/Users/liuzhiwei/ideapro/flink-1.14.4/flink-connectors/flink-connector-files/target/flink-connector-files-1.14.4.jar:/Users/liuzhiwei/ideapro/flink-1.14.4/flink-connectors/flink-file-sink-common/target/flink-file-sink-common-1.14.4.jar:/Users/liuzhiwei/ideapro/flink-1.14.4/flink-connectors/flink-connector-base/target/flink-connector-base-1.14.4.jar:/Users/liuzhiwei/ideapro/flink-1.14.4/flink-formats/flink-orc/target/flink-orc_2.11-1.14.4.jar:/Users/liuzhiwei/ideapro/flink-1.14.4/flink-formats/flink-orc-nohive/target/flink-orc-nohive_2.11-1.14.4.jar:/Users/liuzhiwei/ideapro/flink-1.14.4/flink-formats/flink-parquet/target/flink-parquet_2.11-1.14.4.jar:/Users/liuzhiwei/.m2/repository/org/apache/parquet/parquet-hadoop/1.11.1/parquet-hadoop-1.11.1.jar:/Users/liuzhiwei/.m2/repository/org/apache/parquet/parquet-column/1.11.1/parquet-column-1.11.1.jar:/Users/liuzhiwei/.m2/repository/org/apache/parquet/parquet-common/1.11.1/parquet-common-1.11.1.jar:/Users/liuzhiwei/.m2/repository/org/apache/parquet/parquet-encoding/1.11.1/parquet-encoding-1.11.1.jar:/Users/liuzhiwei/.m2/repository/org/apache/parquet/parquet-format-structures/1.11.1/parquet-format-structures-1.11.1.jar:/Users/liuzhiwei/.m2/repository/javax/annotation/javax.annotation-api/1.3.2/javax.annotation-api-1.3.2.jar:/Users/liuzhiwei/.m2/repository/org/apache/parquet/parquet-jackson/1.11.1/parquet-jackson-1.11.1.jar:/Users/liuzhiwei/ideapro/flink-1.14.4/flink-filesystems/flink-hadoop-fs/target/flink-hadoop-fs-1.14.4.jar:/Users/liuzhiwei/.m2/repository/org/apache/hadoop/hadoop-common/2.7.5/hadoop-common-2.7.5.jar:/Users/liuzhiwei/.m2/repository/org/apache/hadoop/hadoop-annotations/2.7.5/hadoop-annotations-2.7.5.jar:/Library/Java/JavaVirtualMachines/jdk1.8.0_311.jdk/Contents/Home/jre/../lib/tools.jar:/Users/liuzhiwei/.m2/repository/commons-cli/commons-cli/1.3.1/commons-cli-1.3.1.jar:/Users/liuzhiwei/.m2/repository/org/apache/commons/commons-math3/3.5/commons-math3-3.5.jar:/Users/liuzhiwei/.m2/repository/xmlenc/xmlenc/0.52/xmlenc-0.52.jar:/Users/liuzhiwei/.m2/repository/commons-httpclient/commons-httpclient/3.1/commons-httpclient-3.1.jar:/Users/liuzhiwei/.m2/repository/commons-codec/commons-codec/1.13/commons-codec-1.13.jar:/Users/liuzhiwei/.m2/repository/commons-io/commons-io/2.8.0/commons-io-2.8.0.jar:/Users/liuzhiwei/.m2/repository/commons-net/commons-net/3.1/commons-net-3.1.jar:/Users/liuzhiwei/.m2/repository/commons-collections/commons-collections/3.2.2/commons-collections-3.2.2.jar:/Users/liuzhiwei/.m2/repository/javax/servlet/servlet-api/2.5/servlet-api-2.5.jar:/Users/liuzhiwei/.m2/repository/org/mortbay/jetty/jetty/6.1.26/jetty-6.1.26.jar:/Users/liuzhiwei/.m2/repository/org/mortbay/jetty/jetty-util/6.1.26/jetty-util-6.1.26.jar:/Users/liuzhiwei/.m2/repository/org/mortbay/jetty/jetty-sslengine/6.1.26/jetty-sslengine-6.1.26.jar:/Users/liuzhiwei/.m2/repository/javax/servlet/jsp/jsp-api/2.1/jsp-api-2.1.jar:/Users/liuzhiwei/.m2/repository/com/sun/jersey/jersey-core/1.9/jersey-core-1.9.jar:/Users/liuzhiwei/.m2/repository/com/sun/jersey/jersey-json/1.9/jersey-json-1.9.jar:/Users/liuzhiwei/.m2/repository/org/codehaus/jettison/jettison/1.1/jettison-1.1.jar:/Users/liuzhiwei/.m2/repository/com/sun/xml/bind/jaxb-impl/2.2.3-1/jaxb-impl-2.2.3-1.jar:/Users/liuzhiwei/.m2/repository/org/codehaus/jackson/jackson-jaxrs/1.8.3/jackson-jaxrs-1.8.3.jar:/Users/liuzhiwei/.m2/repository/org/codehaus/jackson/jackson-xc/1.8.3/jackson-xc-1.8.3.jar:/Users/liuzhiwei/.m2/repository/com/sun/jersey/jersey-server/1.9/jersey-server-1.9.jar:/Users/liuzhiwei/.m2/repository/asm/asm/3.1/asm-3.1.jar:/Users/liuzhiwei/.m2/repository/commons-logging/commons-logging/1.1.3/commons-logging-1.1.3.jar:/Users/liuzhiwei/.m2/repository/net/java/dev/jets3t/jets3t/0.9.0/jets3t-0.9.0.jar:/Users/liuzhiwei/.m2/repository/org/apache/httpcomponents/httpclient/4.5.13/httpclient-4.5.13.jar:/Users/liuzhiwei/.m2/repository/org/apache/httpcomponents/httpcore/4.4.14/httpcore-4.4.14.jar:/Users/liuzhiwei/.m2/repository/com/jamesmurty/utils/java-xmlbuilder/0.4/java-xmlbuilder-0.4.jar:/Users/liuzhiwei/.m2/repository/commons-lang/commons-lang/2.6/commons-lang-2.6.jar:/Users/liuzhiwei/.m2/repository/commons-configuration/commons-configuration/1.7/commons-configuration-1.7.jar:/Users/liuzhiwei/.m2/repository/commons-digester/commons-digester/1.8.1/commons-digester-1.8.1.jar:/Users/liuzhiwei/.m2/repository/commons-beanutils/commons-beanutils/1.8.3/commons-beanutils-1.8.3.jar:/Users/liuzhiwei/.m2/repository/org/codehaus/jackson/jackson-core-asl/1.9.13/jackson-core-asl-1.9.13.jar:/Users/liuzhiwei/.m2/repository/org/codehaus/jackson/jackson-mapper-asl/1.9.13/jackson-mapper-asl-1.9.13.jar:/Users/liuzhiwei/.m2/repository/com/google/protobuf/protobuf-java/2.5.0/protobuf-java-2.5.0.jar:/Users/liuzhiwei/.m2/repository/com/google/code/gson/gson/2.2.4/gson-2.2.4.jar:/Users/liuzhiwei/.m2/repository/org/apache/hadoop/hadoop-auth/2.7.5/hadoop-auth-2.7.5.jar:/Users/liuzhiwei/.m2/repository/org/apache/directory/server/apacheds-kerberos-codec/2.0.0-M15/apacheds-kerberos-codec-2.0.0-M15.jar:/Users/liuzhiwei/.m2/repository/org/apache/directory/server/apacheds-i18n/2.0.0-M15/apacheds-i18n-2.0.0-M15.jar:/Users/liuzhiwei/.m2/repository/org/apache/directory/api/api-asn1-api/1.0.0-M20/api-asn1-api-1.0.0-M20.jar:/Users/liuzhiwei/.m2/repository/org/apache/directory/api/api-util/1.0.0-M20/api-util-1.0.0-M20.jar:/Users/liuzhiwei/.m2/repository/com/jcraft/jsch/0.1.54/jsch-0.1.54.jar:/Users/liuzhiwei/.m2/repository/org/apache/curator/curator-client/2.7.1/curator-client-2.7.1.jar:/Users/liuzhiwei/.m2/repository/org/apache/curator/curator-recipes/2.7.1/curator-recipes-2.7.1.jar:/Users/liuzhiwei/.m2/repository/org/apache/htrace/htrace-core/3.1.0-incubating/htrace-core-3.1.0-incubating.jar:/Users/liuzhiwei/.m2/repository/org/apache/zookeeper/zookeeper/3.4.14/zookeeper-3.4.14.jar:/Users/liuzhiwei/.m2/repository/com/github/spotbugs/spotbugs-annotations/3.1.9/spotbugs-annotations-3.1.9.jar:/Users/liuzhiwei/.m2/repository/org/apache/yetus/audience-annotations/0.5.0/audience-annotations-0.5.0.jar:/Users/liuzhiwei/.m2/repository/org/apache/commons/commons-compress/1.21/commons-compress-1.21.jar:/Users/liuzhiwei/.m2/repository/org/apache/hadoop/hadoop-mapreduce-client-core/2.7.5/hadoop-mapreduce-client-core-2.7.5.jar:/Users/liuzhiwei/.m2/repository/org/apache/hadoop/hadoop-yarn-common/2.7.5/hadoop-yarn-common-2.7.5.jar:/Users/liuzhiwei/.m2/repository/org/apache/hadoop/hadoop-yarn-api/2.7.5/hadoop-yarn-api-2.7.5.jar:/Users/liuzhiwei/.m2/repository/javax/xml/bind/jaxb-api/2.3.1/jaxb-api-2.3.1.jar:/Users/liuzhiwei/.m2/repository/javax/activation/javax.activation-api/1.2.0/javax.activation-api-1.2.0.jar:/Users/liuzhiwei/.m2/repository/com/sun/jersey/jersey-client/1.9/jersey-client-1.9.jar:/Users/liuzhiwei/.m2/repository/com/google/inject/guice/3.0/guice-3.0.jar:/Users/liuzhiwei/.m2/repository/javax/inject/javax.inject/1/javax.inject-1.jar:/Users/liuzhiwei/.m2/repository/aopalliance/aopalliance/1.0/aopalliance-1.0.jar:/Users/liuzhiwei/.m2/repository/com/sun/jersey/contribs/jersey-guice/1.9/jersey-guice-1.9.jar:/Users/liuzhiwei/.m2/repository/com/google/inject/extensions/guice-servlet/3.0/guice-servlet-3.0.jar:/Users/liuzhiwei/.m2/repository/io/netty/netty/3.6.2.Final/netty-3.6.2.Final.jar:/Users/liuzhiwei/.m2/repository/org/apache/hive/hive-metastore/2.3.4/hive-metastore-2.3.4.jar:/Users/liuzhiwei/.m2/repository/org/apache/hive/hive-serde/2.3.4/hive-serde-2.3.4.jar:/Users/liuzhiwei/.m2/repository/com/jolbox/bonecp/0.8.0.RELEASE/bonecp-0.8.0.RELEASE.jar:/Users/liuzhiwei/.m2/repository/com/zaxxer/HikariCP/2.5.1/HikariCP-2.5.1.jar:/Users/liuzhiwei/.m2/repository/org/datanucleus/datanucleus-api-jdo/4.2.4/datanucleus-api-jdo-4.2.4.jar:/Users/liuzhiwei/.m2/repository/org/datanucleus/datanucleus-core/4.1.17/datanucleus-core-4.1.17.jar:/Users/liuzhiwei/.m2/repository/org/datanucleus/datanucleus-rdbms/4.1.19/datanucleus-rdbms-4.1.19.jar:/Users/liuzhiwei/.m2/repository/commons-pool/commons-pool/1.5.4/commons-pool-1.5.4.jar:/Users/liuzhiwei/.m2/repository/commons-dbcp/commons-dbcp/1.4/commons-dbcp-1.4.jar:/Users/liuzhiwei/.m2/repository/javax/jdo/jdo-api/3.0.1/jdo-api-3.0.1.jar:/Users/liuzhiwei/.m2/repository/javax/transaction/jta/1.1/jta-1.1.jar:/Users/liuzhiwei/.m2/repository/org/datanucleus/javax.jdo/3.2.0-m3/javax.jdo-3.2.0-m3.jar:/Users/liuzhiwei/.m2/repository/org/antlr/antlr-runtime/3.5.2/antlr-runtime-3.5.2.jar:/Users/liuzhiwei/.m2/repository/org/apache/thrift/libthrift/0.9.3/libthrift-0.9.3.jar:/Users/liuzhiwei/.m2/repository/org/apache/hive/hive-exec/2.3.4/hive-exec-2.3.4.jar:/Users/liuzhiwei/ideapro/flink-1.14.4/flink-table/flink-table-common/target/flink-table-common-1.14.4-tests.jar:/Users/liuzhiwei/ideapro/flink-1.14.4/flink-table/flink-table-api-java/target/flink-table-api-java-1.14.4-tests.jar:/Users/liuzhiwei/ideapro/flink-1.14.4/flink-table/flink-table-planner/target/flink-table-planner_2.11-1.14.4-tests.jar:/Users/liuzhiwei/ideapro/flink-1.14.4/flink-java/target/flink-java-1.14.4.jar:/Users/liuzhiwei/.m2/repository/org/apache/commons/commons-lang3/3.3.2/commons-lang3-3.3.2.jar:/Users/liuzhiwei/ideapro/flink-1.14.4/flink-clients/target/flink-clients_2.11-1.14.4.jar:/Users/liuzhiwei/ideapro/flink-1.14.4/flink-runtime/target/flink-runtime-1.14.4.jar:/Users/liuzhiwei/ideapro/flink-1.14.4/flink-rpc/flink-rpc-core/target/flink-rpc-core-1.14.4.jar:/Users/liuzhiwei/ideapro/flink-1.14.4/flink-rpc/flink-rpc-akka-loader/target/flink-rpc-akka-loader-1.14.4.jar:/Users/liuzhiwei/ideapro/flink-1.14.4/flink-queryable-state/flink-queryable-state-client-java/target/flink-queryable-state-client-java-1.14.4.jar:/Users/liuzhiwei/.m2/repository/org/apache/flink/flink-shaded-netty/4.1.65.Final-14.0/flink-shaded-netty-4.1.65.Final-14.0.jar:/Users/liuzhiwei/.m2/repository/org/apache/flink/flink-shaded-jackson/2.12.4-14.0/flink-shaded-jackson-2.12.4-14.0.jar:/Users/liuzhiwei/.m2/repository/org/apache/flink/flink-shaded-zookeeper-3/3.4.14-14.0/flink-shaded-zookeeper-3-3.4.14-14.0.jar:/Users/liuzhiwei/.m2/repository/org/javassist/javassist/3.24.0-GA/javassist-3.24.0-GA.jar:/Users/liuzhiwei/.m2/repository/org/lz4/lz4-java/1.8.0/lz4-java-1.8.0.jar:/Users/liuzhiwei/ideapro/flink-1.14.4/flink-optimizer/target/flink-optimizer-1.14.4.jar:/Users/liuzhiwei/.m2/repository/com/klarna/hiverunner/4.0.0/hiverunner-4.0.0.jar:/Users/liuzhiwei/.m2/repository/org/apache/tez/tez-dag/0.9.1/tez-dag-0.9.1.jar:/Users/liuzhiwei/.m2/repository/org/apache/tez/tez-api/0.9.1/tez-api-0.9.1.jar:/Users/liuzhiwei/.m2/repository/org/apache/tez/tez-runtime-internals/0.9.1/tez-runtime-internals-0.9.1.jar:/Users/liuzhiwei/.m2/repository/org/apache/tez/tez-runtime-library/0.9.1/tez-runtime-library-0.9.1.jar:/Users/liuzhiwei/.m2/repository/org/roaringbitmap/RoaringBitmap/0.4.9/RoaringBitmap-0.4.9.jar:/Users/liuzhiwei/.m2/repository/com/ning/async-http-client/1.8.16/async-http-client-1.8.16.jar:/Users/liuzhiwei/.m2/repository/org/apache/commons/commons-collections4/4.1/commons-collections4-4.1.jar:/Users/liuzhiwei/.m2/repository/org/apache/tez/tez-mapreduce/0.9.1/tez-mapreduce-0.9.1.jar:/Users/liuzhiwei/.m2/repository/org/apache/hadoop/hadoop-mapreduce-client-common/2.7.0/hadoop-mapreduce-client-common-2.7.0.jar:/Users/liuzhiwei/.m2/repository/org/reflections/reflections/0.9.8/reflections-0.9.8.jar:/Users/liuzhiwei/.m2/repository/javassist/javassist/3.12.1.GA/javassist-3.12.1.GA.jar:/Users/liuzhiwei/.m2/repository/dom4j/dom4j/1.6.1/dom4j-1.6.1.jar:/Users/liuzhiwei/.m2/repository/xml-apis/xml-apis/1.0.b2/xml-apis-1.0.b2.jar:/Users/liuzhiwei/.m2/repository/org/apache/hive/hive-service/2.3.4/hive-service-2.3.4.jar:/Users/liuzhiwei/.m2/repository/org/apache/hive/hive-service-rpc/2.3.4/hive-service-rpc-2.3.4.jar:/Users/liuzhiwei/.m2/repository/org/apache/hive/hive-llap-server/2.3.4/hive-llap-server-2.3.4.jar:/Users/liuzhiwei/.m2/repository/org/apache/hive/hive-llap-common/2.3.4/hive-llap-common-2.3.4.jar:/Users/liuzhiwei/.m2/repository/org/apache/hive/hive-llap-client/2.3.4/hive-llap-client-2.3.4.jar:/Users/liuzhiwei/.m2/repository/org/apache/hive/hive-llap-tez/2.3.4/hive-llap-tez-2.3.4.jar:/Users/liuzhiwei/.m2/repository/org/apache/hive/hive-shims/2.3.4/hive-shims-2.3.4.jar:/Users/liuzhiwei/.m2/repository/org/apache/hive/shims/hive-shims-common/2.3.4/hive-shims-common-2.3.4.jar:/Users/liuzhiwei/.m2/repository/org/apache/hive/shims/hive-shims-0.23/2.3.4/hive-shims-0.23-2.3.4.jar:/Users/liuzhiwei/.m2/repository/org/apache/hive/shims/hive-shims-scheduler/2.3.4/hive-shims-scheduler-2.3.4.jar:/Users/liuzhiwei/.m2/repository/com/tdunning/json/1.8/json-1.8.jar:/Users/liuzhiwei/.m2/repository/org/apache/orc/orc-core/1.3.3/orc-core-1.3.3.jar:/Users/liuzhiwei/.m2/repository/io/airlift/aircompressor/0.3/aircompressor-0.3.jar:/Users/liuzhiwei/.m2/repository/org/apache/slider/slider-core/0.90.2-incubating/slider-core-0.90.2-incubating.jar:/Users/liuzhiwei/.m2/repository/com/beust/jcommander/1.30/jcommander-1.30.jar:/Users/liuzhiwei/.m2/repository/org/apache/hive/hive-llap-common/2.3.4/hive-llap-common-2.3.4-tests.jar:/Users/liuzhiwei/.m2/repository/org/apache/hbase/hbase-hadoop2-compat/1.1.1/hbase-hadoop2-compat-1.1.1.jar:/Users/liuzhiwei/.m2/repository/org/apache/hbase/hbase-annotations/1.1.1/hbase-annotations-1.1.1.jar:/Users/liuzhiwei/.m2/repository/org/apache/commons/commons-math/2.2/commons-math-2.2.jar:/Users/liuzhiwei/.m2/repository/com/yammer/metrics/metrics-core/2.2.0/metrics-core-2.2.0.jar:/Users/liuzhiwei/.m2/repository/com/github/stephenc/findbugs/findbugs-annotations/1.3.9-1/findbugs-annotations-1.3.9-1.jar:/Users/liuzhiwei/.m2/repository/org/apache/hbase/hbase-client/1.1.1/hbase-client-1.1.1.jar:/Users/liuzhiwei/.m2/repository/org/apache/hbase/hbase-protocol/1.1.1/hbase-protocol-1.1.1.jar:/Users/liuzhiwei/.m2/repository/io/netty/netty-all/4.0.23.Final/netty-all-4.0.23.Final.jar:/Users/liuzhiwei/.m2/repository/org/jruby/jcodings/jcodings/1.0.8/jcodings-1.0.8.jar:/Users/liuzhiwei/.m2/repository/org/jruby/joni/joni/2.1.2/joni-2.1.2.jar:/Users/liuzhiwei/.m2/repository/org/apache/hbase/hbase-server/1.1.1/hbase-server-1.1.1.jar:/Users/liuzhiwei/.m2/repository/org/apache/hbase/hbase-procedure/1.1.1/hbase-procedure-1.1.1.jar:/Users/liuzhiwei/.m2/repository/org/apache/hbase/hbase-common/1.1.1/hbase-common-1.1.1-tests.jar:/Users/liuzhiwei/.m2/repository/org/apache/hbase/hbase-prefix-tree/1.1.1/hbase-prefix-tree-1.1.1.jar:/Users/liuzhiwei/.m2/repository/org/mortbay/jetty/jsp-2.1/6.1.14/jsp-2.1-6.1.14.jar:/Users/liuzhiwei/.m2/repository/org/mortbay/jetty/jsp-api-2.1/6.1.14/jsp-api-2.1-6.1.14.jar:/Users/liuzhiwei/.m2/repository/org/mortbay/jetty/servlet-api-2.5/6.1.14/servlet-api-2.5-6.1.14.jar:/Users/liuzhiwei/.m2/repository/com/lmax/disruptor/3.4.2/disruptor-3.4.2.jar:/Users/liuzhiwei/.m2/repository/org/apache/hbase/hbase-common/1.1.1/hbase-common-1.1.1.jar:/Users/liuzhiwei/.m2/repository/net/sf/jpam/jpam/1.1/jpam-1.1.jar:/Users/liuzhiwei/.m2/repository/org/eclipse/jetty/aggregate/jetty-all/7.6.0.v20120127/jetty-all-7.6.0.v20120127.jar:/Users/liuzhiwei/.m2/repository/org/apache/geronimo/specs/geronimo-jta_1.1_spec/1.1.1/geronimo-jta_1.1_spec-1.1.1.jar:/Users/liuzhiwei/.m2/repository/javax/mail/mail/1.4.1/mail-1.4.1.jar:/Users/liuzhiwei/.m2/repository/javax/activation/activation/1.1/activation-1.1.jar:/Users/liuzhiwei/.m2/repository/org/apache/geronimo/specs/geronimo-jaspic_1.0_spec/1.0/geronimo-jaspic_1.0_spec-1.0.jar:/Users/liuzhiwei/.m2/repository/org/apache/geronimo/specs/geronimo-annotation_1.0_spec/1.1.1/geronimo-annotation_1.0_spec-1.1.1.jar:/Users/liuzhiwei/.m2/repository/asm/asm-commons/3.1/asm-commons-3.1.jar:/Users/liuzhiwei/.m2/repository/asm/asm-tree/3.1/asm-tree-3.1.jar:/Users/liuzhiwei/.m2/repository/tomcat/jasper-compiler/5.5.23/jasper-compiler-5.5.23.jar:/Users/liuzhiwei/.m2/repository/javax/servlet/jsp-api/2.0/jsp-api-2.0.jar:/Users/liuzhiwei/.m2/repository/ant/ant/1.6.5/ant-1.6.5.jar:/Users/liuzhiwei/.m2/repository/tomcat/jasper-runtime/5.5.23/jasper-runtime-5.5.23.jar:/Users/liuzhiwei/.m2/repository/commons-el/commons-el/1.0/commons-el-1.0.jar:/Users/liuzhiwei/.m2/repository/org/apache/thrift/libfb303/0.9.3/libfb303-0.9.3.jar:/Users/liuzhiwei/.m2/repository/org/apache/curator/curator-framework/2.7.1/curator-framework-2.7.1.jar:/Users/liuzhiwei/.m2/repository/org/jamon/jamon-runtime/2.3.1/jamon-runtime-2.3.1.jar:/Users/liuzhiwei/.m2/repository/org/apache/hive/hcatalog/hive-hcatalog-core/2.3.4/hive-hcatalog-core-2.3.4.jar:/Users/liuzhiwei/.m2/repository/org/apache/hive/hive-cli/2.3.4/hive-cli-2.3.4.jar:/Users/liuzhiwei/.m2/repository/jline/jline/2.12/jline-2.12.jar:/Users/liuzhiwei/.m2/repository/org/apache/hive/hive-common/2.3.4/hive-common-2.3.4.jar:/Users/liuzhiwei/.m2/repository/org/apache/hive/hive-storage-api/2.4.0/hive-storage-api-2.4.0.jar:/Users/liuzhiwei/.m2/repository/org/eclipse/jetty/orbit/javax.servlet/3.0.0.v201112011016/javax.servlet-3.0.0.v201112011016.jar:/Users/liuzhiwei/.m2/repository/joda-time/joda-time/2.5/joda-time-2.5.jar:/Users/liuzhiwei/.m2/repository/org/apache/logging/log4j/log4j-web/2.6.2/log4j-web-2.6.2.jar:/Users/liuzhiwei/.m2/repository/org/apache/ant/ant/1.9.1/ant-1.9.1.jar:/Users/liuzhiwei/.m2/repository/org/apache/ant/ant-launcher/1.9.1/ant-launcher-1.9.1.jar:/Users/liuzhiwei/.m2/repository/io/dropwizard/metrics/metrics-core/3.1.0/metrics-core-3.1.0.jar:/Users/liuzhiwei/.m2/repository/io/dropwizard/metrics/metrics-jvm/3.1.0/metrics-jvm-3.1.0.jar:/Users/liuzhiwei/.m2/repository/io/dropwizard/metrics/metrics-json/3.1.0/metrics-json-3.1.0.jar:/Users/liuzhiwei/.m2/repository/com/github/joshelser/dropwizard-metrics-hadoop-metrics2-reporter/0.1.2/dropwizard-metrics-hadoop-metrics2-reporter-0.1.2.jar:/Users/liuzhiwei/.m2/repository/org/apache/hive/hcatalog/hive-webhcat-java-client/2.3.4/hive-webhcat-java-client-2.3.4.jar:/Users/liuzhiwei/.m2/repository/org/apache/hive/hcatalog/hive-hcatalog-server-extensions/2.3.4/hive-hcatalog-server-extensions-2.3.4.jar:/Users/liuzhiwei/ideapro/flink-1.14.4/flink-formats/flink-csv/target/flink-csv-1.14.4.jar:/Users/liuzhiwei/ideapro/flink-1.14.4/flink-formats/flink-format-common/target/flink-format-common-1.14.4.jar:/Users/liuzhiwei/ideapro/flink-1.14.4/flink-test-utils-parent/flink-test-utils/target/flink-test-utils_2.11-1.14.4.jar:/Users/liuzhiwei/ideapro/flink-1.14.4/flink-runtime/target/flink-runtime-1.14.4-tests.jar:/Users/liuzhiwei/ideapro/flink-1.14.4/flink-rpc/flink-rpc-akka-loader/target/flink-rpc-akka-loader-1.14.4-tests.jar:/Users/liuzhiwei/.m2/repository/org/apache/curator/curator-test/2.12.0/curator-test-2.12.0.jar:/Users/liuzhiwei/ideapro/flink-1.14.4/flink-state-backends/flink-statebackend-changelog/target/flink-statebackend-changelog-1.14.4.jar:/Users/liuzhiwei/.m2/repository/org/apache/derby/derby/10.10.2.0/derby-10.10.2.0.jar:/Users/liuzhiwei/.m2/repository/org/apache/avro/avro/1.8.2/avro-1.8.2.jar:/Users/liuzhiwei/.m2/repository/com/thoughtworks/paranamer/paranamer/2.7/paranamer-2.7.jar:/Users/liuzhiwei/.m2/repository/org/xerial/snappy/snappy-java/1.1.8.3/snappy-java-1.1.8.3.jar:/Users/liuzhiwei/.m2/repository/org/tukaani/xz/1.5/xz-1.5.jar:/Users/liuzhiwei/.m2/repository/org/slf4j/slf4j-api/1.7.15/slf4j-api-1.7.15.jar:/Users/liuzhiwei/.m2/repository/com/google/code/findbugs/jsr305/1.3.9/jsr305-1.3.9.jar:/Users/liuzhiwei/ideapro/flink-1.14.4/flink-test-utils-parent/flink-test-utils-junit/target/flink-test-utils-junit-1.14.4.jar:/Users/liuzhiwei/.m2/repository/org/apache/flink/flink-shaded-force-shading/14.0/flink-shaded-force-shading-14.0.jar:/Users/liuzhiwei/.m2/repository/org/junit/jupiter/junit-jupiter/5.7.2/junit-jupiter-5.7.2.jar:/Users/liuzhiwei/.m2/repository/org/junit/jupiter/junit-jupiter-api/5.7.2/junit-jupiter-api-5.7.2.jar:/Users/liuzhiwei/.m2/repository/org/opentest4j/opentest4j/1.2.0/opentest4j-1.2.0.jar:/Users/liuzhiwei/.m2/repository/org/junit/platform/junit-platform-commons/1.7.2/junit-platform-commons-1.7.2.jar:/Users/liuzhiwei/.m2/repository/org/junit/jupiter/junit-jupiter-params/5.7.2/junit-jupiter-params-5.7.2.jar:/Users/liuzhiwei/.m2/repository/org/junit/jupiter/junit-jupiter-engine/5.7.2/junit-jupiter-engine-5.7.2.jar:/Users/liuzhiwei/.m2/repository/org/junit/vintage/junit-vintage-engine/5.7.2/junit-vintage-engine-5.7.2.jar:/Users/liuzhiwei/.m2/repository/org/apiguardian/apiguardian-api/1.1.0/apiguardian-api-1.1.0.jar:/Users/liuzhiwei/.m2/repository/org/junit/platform/junit-platform-engine/1.7.2/junit-platform-engine-1.7.2.jar:/Users/liuzhiwei/.m2/repository/junit/junit/4.13.2/junit-4.13.2.jar:/Users/liuzhiwei/.m2/repository/org/mockito/mockito-core/2.21.0/mockito-core-2.21.0.jar:/Users/liuzhiwei/.m2/repository/net/bytebuddy/byte-buddy/1.8.22/byte-buddy-1.8.22.jar:/Users/liuzhiwei/.m2/repository/net/bytebuddy/byte-buddy-agent/1.8.22/byte-buddy-agent-1.8.22.jar:/Users/liuzhiwei/.m2/repository/org/objenesis/objenesis/2.1/objenesis-2.1.jar:/Users/liuzhiwei/.m2/repository/org/powermock/powermock-module-junit4/2.0.4/powermock-module-junit4-2.0.4.jar:/Users/liuzhiwei/.m2/repository/org/powermock/powermock-module-junit4-common/2.0.4/powermock-module-junit4-common-2.0.4.jar:/Users/liuzhiwei/.m2/repository/org/powermock/powermock-reflect/2.0.4/powermock-reflect-2.0.4.jar:/Users/liuzhiwei/.m2/repository/org/powermock/powermock-core/2.0.4/powermock-core-2.0.4.jar:/Users/liuzhiwei/.m2/repository/org/hamcrest/hamcrest-core/1.3/hamcrest-core-1.3.jar:/Users/liuzhiwei/.m2/repository/org/powermock/powermock-api-mockito2/2.0.4/powermock-api-mockito2-2.0.4.jar:/Users/liuzhiwei/.m2/repository/org/powermock/powermock-api-support/2.0.4/powermock-api-support-2.0.4.jar:/Users/liuzhiwei/.m2/repository/org/hamcrest/hamcrest-all/1.3/hamcrest-all-1.3.jar:/Users/liuzhiwei/.m2/repository/org/apache/logging/log4j/log4j-slf4j-impl/2.17.1/log4j-slf4j-impl-2.17.1.jar:/Users/liuzhiwei/.m2/repository/org/apache/logging/log4j/log4j-api/2.17.1/log4j-api-2.17.1.jar:/Users/liuzhiwei/.m2/repository/org/apache/logging/log4j/log4j-core/2.17.1/log4j-core-2.17.1.jar:/Users/liuzhiwei/.m2/repository/org/apache/logging/log4j/log4j-1.2-api/2.17.1/log4j-1.2-api-2.17.1.jar:"/>
    <property name="java.vm.vendor" value="Oracle Corporation"/>
    <property name="hadoop.version" value="2.4.1"/>
    <property name="sun.arch.data.model" value="64"/>
    <property name="java.vendor.url" value="http://java.oracle.com/"/>
    <property name="user.timezone" value=""/>
    <property name="os.name" value="Mac OS X"/>
    <property name="java.vm.specification.version" value="1.8"/>
    <property name="user.country" value="US"/>
    <property name="sun.java.launcher" value="SUN_STANDARD"/>
    <property name="sun.boot.library.path" value="/Library/Java/JavaVirtualMachines/jdk1.8.0_311.jdk/Contents/Home/jre/lib"/>
    <property name="project.basedir" value="/Users/liuzhiwei/ideapro/flink-1.14.4/flink-connectors/flink-connector-hive"/>
    <property name="sun.java.command" value="/Users/liuzhiwei/ideapro/flink-1.14.4/flink-connectors/flink-connector-hive/target/surefire/surefirebooter1011644137322803519.jar /Users/liuzhiwei/ideapro/flink-1.14.4/flink-connectors/flink-connector-hive/target/surefire 2022-06-10T17-37-14_312-jvmRun6 surefire389040375706458922tmp surefire_13151564705047312120967tmp"/>
    <property name="http.nonProxyHosts" value="local|*.local|169.254/16|*.169.254/16"/>
    <property name="surefire.test.class.path" value="/Users/liuzhiwei/ideapro/flink-1.14.4/flink-connectors/flink-connector-hive/target/test-classes:/Users/liuzhiwei/ideapro/flink-1.14.4/flink-connectors/flink-connector-hive/target/classes:/Users/liuzhiwei/ideapro/flink-1.14.4/flink-table/flink-table-common/target/flink-table-common-1.14.4.jar:/Users/liuzhiwei/ideapro/flink-1.14.4/flink-core/target/flink-core-1.14.4.jar:/Users/liuzhiwei/ideapro/flink-1.14.4/flink-annotations/target/flink-annotations-1.14.4.jar:/Users/liuzhiwei/ideapro/flink-1.14.4/flink-metrics/flink-metrics-core/target/flink-metrics-core-1.14.4.jar:/Users/liuzhiwei/.m2/repository/com/esotericsoftware/kryo/kryo/2.24.0/kryo-2.24.0.jar:/Users/liuzhiwei/.m2/repository/com/esotericsoftware/minlog/minlog/1.2/minlog-1.2.jar:/Users/liuzhiwei/.m2/repository/org/apache/flink/flink-shaded-guava/30.1.1-jre-14.0/flink-shaded-guava-30.1.1-jre-14.0.jar:/Users/liuzhiwei/.m2/repository/org/apache/flink/flink-shaded-asm-7/7.1-14.0/flink-shaded-asm-7-7.1-14.0.jar:/Users/liuzhiwei/ideapro/flink-1.14.4/flink-table/flink-table-api-java-bridge/target/flink-table-api-java-bridge_2.11-1.14.4.jar:/Users/liuzhiwei/ideapro/flink-1.14.4/flink-table/flink-table-api-java/target/flink-table-api-java-1.14.4.jar:/Users/liuzhiwei/ideapro/flink-1.14.4/flink-streaming-java/target/flink-streaming-java_2.11-1.14.4.jar:/Users/liuzhiwei/ideapro/flink-1.14.4/flink-scala/target/flink-scala_2.11-1.14.4.jar:/Users/liuzhiwei/.m2/repository/com/twitter/chill_2.11/0.7.6/chill_2.11-0.7.6.jar:/Users/liuzhiwei/.m2/repository/com/twitter/chill-java/0.7.6/chill-java-0.7.6.jar:/Users/liuzhiwei/ideapro/flink-1.14.4/flink-table/flink-table-runtime/target/flink-table-runtime_2.11-1.14.4.jar:/Users/liuzhiwei/ideapro/flink-1.14.4/flink-table/flink-table-code-splitter/target/flink-table-code-splitter-1.14.4.jar:/Users/liuzhiwei/.m2/repository/org/antlr/antlr4-runtime/4.7/antlr4-runtime-4.7.jar:/Users/liuzhiwei/.m2/repository/org/codehaus/janino/janino/3.0.11/janino-3.0.11.jar:/Users/liuzhiwei/.m2/repository/org/apache/calcite/avatica/avatica-core/1.17.0/avatica-core-1.17.0.jar:/Users/liuzhiwei/ideapro/flink-1.14.4/flink-table/flink-table-planner/target/flink-table-planner_2.11-1.14.4.jar:/Users/liuzhiwei/.m2/repository/com/google/guava/guava/29.0-jre/guava-29.0-jre.jar:/Users/liuzhiwei/.m2/repository/com/google/guava/failureaccess/1.0.1/failureaccess-1.0.1.jar:/Users/liuzhiwei/.m2/repository/com/google/guava/listenablefuture/9999.0-empty-to-avoid-conflict-with-guava/listenablefuture-9999.0-empty-to-avoid-conflict-with-guava.jar:/Users/liuzhiwei/.m2/repository/org/checkerframework/checker-qual/2.11.1/checker-qual-2.11.1.jar:/Users/liuzhiwei/.m2/repository/com/google/errorprone/error_prone_annotations/2.3.4/error_prone_annotations-2.3.4.jar:/Users/liuzhiwei/.m2/repository/com/google/j2objc/j2objc-annotations/1.3/j2objc-annotations-1.3.jar:/Users/liuzhiwei/.m2/repository/org/codehaus/janino/commons-compiler/3.0.11/commons-compiler-3.0.11.jar:/Users/liuzhiwei/ideapro/flink-1.14.4/flink-table/flink-table-api-scala/target/flink-table-api-scala_2.11-1.14.4.jar:/Users/liuzhiwei/.m2/repository/org/scala-lang/scala-reflect/2.11.12/scala-reflect-2.11.12.jar:/Users/liuzhiwei/.m2/repository/org/scala-lang/scala-library/2.11.12/scala-library-2.11.12.jar:/Users/liuzhiwei/.m2/repository/org/scala-lang/scala-compiler/2.11.12/scala-compiler-2.11.12.jar:/Users/liuzhiwei/.m2/repository/org/scala-lang/modules/scala-xml_2.11/1.0.5/scala-xml_2.11-1.0.5.jar:/Users/liuzhiwei/ideapro/flink-1.14.4/flink-table/flink-table-api-scala-bridge/target/flink-table-api-scala-bridge_2.11-1.14.4.jar:/Users/liuzhiwei/ideapro/flink-1.14.4/flink-streaming-scala/target/flink-streaming-scala_2.11-1.14.4.jar:/Users/liuzhiwei/ideapro/flink-1.14.4/flink-table/flink-sql-parser/target/flink-sql-parser-1.14.4.jar:/Users/liuzhiwei/ideapro/flink-1.14.4/flink-table/flink-sql-parser-hive/target/flink-sql-parser-hive-1.14.4.jar:/Users/liuzhiwei/.m2/repository/org/apache/calcite/calcite-core/1.26.0/calcite-core-1.26.0.jar:/Users/liuzhiwei/.m2/repository/org/apache/calcite/calcite-linq4j/1.26.0/calcite-linq4j-1.26.0.jar:/Users/liuzhiwei/.m2/repository/com/fasterxml/jackson/core/jackson-annotations/2.12.1/jackson-annotations-2.12.1.jar:/Users/liuzhiwei/.m2/repository/com/esri/geometry/esri-geometry-api/2.2.0/esri-geometry-api-2.2.0.jar:/Users/liuzhiwei/.m2/repository/com/fasterxml/jackson/core/jackson-core/2.12.1/jackson-core-2.12.1.jar:/Users/liuzhiwei/.m2/repository/com/fasterxml/jackson/core/jackson-databind/2.12.1/jackson-databind-2.12.1.jar:/Users/liuzhiwei/.m2/repository/com/jayway/jsonpath/json-path/2.4.0/json-path-2.4.0.jar:/Users/liuzhiwei/.m2/repository/net/minidev/json-smart/2.3/json-smart-2.3.jar:/Users/liuzhiwei/.m2/repository/net/minidev/accessors-smart/1.2/accessors-smart-1.2.jar:/Users/liuzhiwei/.m2/repository/org/ow2/asm/asm/5.0.4/asm-5.0.4.jar:/Users/liuzhiwei/.m2/repository/com/ibm/icu/icu4j/67.1/icu4j-67.1.jar:/Users/liuzhiwei/.m2/repository/org/scala-lang/modules/scala-parser-combinators_2.11/1.1.1/scala-parser-combinators_2.11-1.1.1.jar:/Users/liuzhiwei/ideapro/flink-1.14.4/flink-connectors/flink-hadoop-compatibility/target/flink-hadoop-compatibility_2.11-1.14.4.jar:/Users/liuzhiwei/ideapro/flink-1.14.4/flink-formats/flink-hadoop-bulk/target/flink-hadoop-bulk_2.11-1.14.4.jar:/Users/liuzhiwei/ideapro/flink-1.14.4/flink-connectors/flink-connector-files/target/flink-connector-files-1.14.4.jar:/Users/liuzhiwei/ideapro/flink-1.14.4/flink-connectors/flink-file-sink-common/target/flink-file-sink-common-1.14.4.jar:/Users/liuzhiwei/ideapro/flink-1.14.4/flink-connectors/flink-connector-base/target/flink-connector-base-1.14.4.jar:/Users/liuzhiwei/ideapro/flink-1.14.4/flink-formats/flink-orc/target/flink-orc_2.11-1.14.4.jar:/Users/liuzhiwei/ideapro/flink-1.14.4/flink-formats/flink-orc-nohive/target/flink-orc-nohive_2.11-1.14.4.jar:/Users/liuzhiwei/ideapro/flink-1.14.4/flink-formats/flink-parquet/target/flink-parquet_2.11-1.14.4.jar:/Users/liuzhiwei/.m2/repository/org/apache/parquet/parquet-hadoop/1.11.1/parquet-hadoop-1.11.1.jar:/Users/liuzhiwei/.m2/repository/org/apache/parquet/parquet-column/1.11.1/parquet-column-1.11.1.jar:/Users/liuzhiwei/.m2/repository/org/apache/parquet/parquet-common/1.11.1/parquet-common-1.11.1.jar:/Users/liuzhiwei/.m2/repository/org/apache/parquet/parquet-encoding/1.11.1/parquet-encoding-1.11.1.jar:/Users/liuzhiwei/.m2/repository/org/apache/parquet/parquet-format-structures/1.11.1/parquet-format-structures-1.11.1.jar:/Users/liuzhiwei/.m2/repository/javax/annotation/javax.annotation-api/1.3.2/javax.annotation-api-1.3.2.jar:/Users/liuzhiwei/.m2/repository/org/apache/parquet/parquet-jackson/1.11.1/parquet-jackson-1.11.1.jar:/Users/liuzhiwei/ideapro/flink-1.14.4/flink-filesystems/flink-hadoop-fs/target/flink-hadoop-fs-1.14.4.jar:/Users/liuzhiwei/.m2/repository/org/apache/hadoop/hadoop-common/2.7.5/hadoop-common-2.7.5.jar:/Users/liuzhiwei/.m2/repository/org/apache/hadoop/hadoop-annotations/2.7.5/hadoop-annotations-2.7.5.jar:/Library/Java/JavaVirtualMachines/jdk1.8.0_311.jdk/Contents/Home/jre/../lib/tools.jar:/Users/liuzhiwei/.m2/repository/commons-cli/commons-cli/1.3.1/commons-cli-1.3.1.jar:/Users/liuzhiwei/.m2/repository/org/apache/commons/commons-math3/3.5/commons-math3-3.5.jar:/Users/liuzhiwei/.m2/repository/xmlenc/xmlenc/0.52/xmlenc-0.52.jar:/Users/liuzhiwei/.m2/repository/commons-httpclient/commons-httpclient/3.1/commons-httpclient-3.1.jar:/Users/liuzhiwei/.m2/repository/commons-codec/commons-codec/1.13/commons-codec-1.13.jar:/Users/liuzhiwei/.m2/repository/commons-io/commons-io/2.8.0/commons-io-2.8.0.jar:/Users/liuzhiwei/.m2/repository/commons-net/commons-net/3.1/commons-net-3.1.jar:/Users/liuzhiwei/.m2/repository/commons-collections/commons-collections/3.2.2/commons-collections-3.2.2.jar:/Users/liuzhiwei/.m2/repository/javax/servlet/servlet-api/2.5/servlet-api-2.5.jar:/Users/liuzhiwei/.m2/repository/org/mortbay/jetty/jetty/6.1.26/jetty-6.1.26.jar:/Users/liuzhiwei/.m2/repository/org/mortbay/jetty/jetty-util/6.1.26/jetty-util-6.1.26.jar:/Users/liuzhiwei/.m2/repository/org/mortbay/jetty/jetty-sslengine/6.1.26/jetty-sslengine-6.1.26.jar:/Users/liuzhiwei/.m2/repository/javax/servlet/jsp/jsp-api/2.1/jsp-api-2.1.jar:/Users/liuzhiwei/.m2/repository/com/sun/jersey/jersey-core/1.9/jersey-core-1.9.jar:/Users/liuzhiwei/.m2/repository/com/sun/jersey/jersey-json/1.9/jersey-json-1.9.jar:/Users/liuzhiwei/.m2/repository/org/codehaus/jettison/jettison/1.1/jettison-1.1.jar:/Users/liuzhiwei/.m2/repository/com/sun/xml/bind/jaxb-impl/2.2.3-1/jaxb-impl-2.2.3-1.jar:/Users/liuzhiwei/.m2/repository/org/codehaus/jackson/jackson-jaxrs/1.8.3/jackson-jaxrs-1.8.3.jar:/Users/liuzhiwei/.m2/repository/org/codehaus/jackson/jackson-xc/1.8.3/jackson-xc-1.8.3.jar:/Users/liuzhiwei/.m2/repository/com/sun/jersey/jersey-server/1.9/jersey-server-1.9.jar:/Users/liuzhiwei/.m2/repository/asm/asm/3.1/asm-3.1.jar:/Users/liuzhiwei/.m2/repository/commons-logging/commons-logging/1.1.3/commons-logging-1.1.3.jar:/Users/liuzhiwei/.m2/repository/net/java/dev/jets3t/jets3t/0.9.0/jets3t-0.9.0.jar:/Users/liuzhiwei/.m2/repository/org/apache/httpcomponents/httpclient/4.5.13/httpclient-4.5.13.jar:/Users/liuzhiwei/.m2/repository/org/apache/httpcomponents/httpcore/4.4.14/httpcore-4.4.14.jar:/Users/liuzhiwei/.m2/repository/com/jamesmurty/utils/java-xmlbuilder/0.4/java-xmlbuilder-0.4.jar:/Users/liuzhiwei/.m2/repository/commons-lang/commons-lang/2.6/commons-lang-2.6.jar:/Users/liuzhiwei/.m2/repository/commons-configuration/commons-configuration/1.7/commons-configuration-1.7.jar:/Users/liuzhiwei/.m2/repository/commons-digester/commons-digester/1.8.1/commons-digester-1.8.1.jar:/Users/liuzhiwei/.m2/repository/commons-beanutils/commons-beanutils/1.8.3/commons-beanutils-1.8.3.jar:/Users/liuzhiwei/.m2/repository/org/codehaus/jackson/jackson-core-asl/1.9.13/jackson-core-asl-1.9.13.jar:/Users/liuzhiwei/.m2/repository/org/codehaus/jackson/jackson-mapper-asl/1.9.13/jackson-mapper-asl-1.9.13.jar:/Users/liuzhiwei/.m2/repository/com/google/protobuf/protobuf-java/2.5.0/protobuf-java-2.5.0.jar:/Users/liuzhiwei/.m2/repository/com/google/code/gson/gson/2.2.4/gson-2.2.4.jar:/Users/liuzhiwei/.m2/repository/org/apache/hadoop/hadoop-auth/2.7.5/hadoop-auth-2.7.5.jar:/Users/liuzhiwei/.m2/repository/org/apache/directory/server/apacheds-kerberos-codec/2.0.0-M15/apacheds-kerberos-codec-2.0.0-M15.jar:/Users/liuzhiwei/.m2/repository/org/apache/directory/server/apacheds-i18n/2.0.0-M15/apacheds-i18n-2.0.0-M15.jar:/Users/liuzhiwei/.m2/repository/org/apache/directory/api/api-asn1-api/1.0.0-M20/api-asn1-api-1.0.0-M20.jar:/Users/liuzhiwei/.m2/repository/org/apache/directory/api/api-util/1.0.0-M20/api-util-1.0.0-M20.jar:/Users/liuzhiwei/.m2/repository/com/jcraft/jsch/0.1.54/jsch-0.1.54.jar:/Users/liuzhiwei/.m2/repository/org/apache/curator/curator-client/2.7.1/curator-client-2.7.1.jar:/Users/liuzhiwei/.m2/repository/org/apache/curator/curator-recipes/2.7.1/curator-recipes-2.7.1.jar:/Users/liuzhiwei/.m2/repository/org/apache/htrace/htrace-core/3.1.0-incubating/htrace-core-3.1.0-incubating.jar:/Users/liuzhiwei/.m2/repository/org/apache/zookeeper/zookeeper/3.4.14/zookeeper-3.4.14.jar:/Users/liuzhiwei/.m2/repository/com/github/spotbugs/spotbugs-annotations/3.1.9/spotbugs-annotations-3.1.9.jar:/Users/liuzhiwei/.m2/repository/org/apache/yetus/audience-annotations/0.5.0/audience-annotations-0.5.0.jar:/Users/liuzhiwei/.m2/repository/org/apache/commons/commons-compress/1.21/commons-compress-1.21.jar:/Users/liuzhiwei/.m2/repository/org/apache/hadoop/hadoop-mapreduce-client-core/2.7.5/hadoop-mapreduce-client-core-2.7.5.jar:/Users/liuzhiwei/.m2/repository/org/apache/hadoop/hadoop-yarn-common/2.7.5/hadoop-yarn-common-2.7.5.jar:/Users/liuzhiwei/.m2/repository/org/apache/hadoop/hadoop-yarn-api/2.7.5/hadoop-yarn-api-2.7.5.jar:/Users/liuzhiwei/.m2/repository/javax/xml/bind/jaxb-api/2.3.1/jaxb-api-2.3.1.jar:/Users/liuzhiwei/.m2/repository/javax/activation/javax.activation-api/1.2.0/javax.activation-api-1.2.0.jar:/Users/liuzhiwei/.m2/repository/com/sun/jersey/jersey-client/1.9/jersey-client-1.9.jar:/Users/liuzhiwei/.m2/repository/com/google/inject/guice/3.0/guice-3.0.jar:/Users/liuzhiwei/.m2/repository/javax/inject/javax.inject/1/javax.inject-1.jar:/Users/liuzhiwei/.m2/repository/aopalliance/aopalliance/1.0/aopalliance-1.0.jar:/Users/liuzhiwei/.m2/repository/com/sun/jersey/contribs/jersey-guice/1.9/jersey-guice-1.9.jar:/Users/liuzhiwei/.m2/repository/com/google/inject/extensions/guice-servlet/3.0/guice-servlet-3.0.jar:/Users/liuzhiwei/.m2/repository/io/netty/netty/3.6.2.Final/netty-3.6.2.Final.jar:/Users/liuzhiwei/.m2/repository/org/apache/hive/hive-metastore/2.3.4/hive-metastore-2.3.4.jar:/Users/liuzhiwei/.m2/repository/org/apache/hive/hive-serde/2.3.4/hive-serde-2.3.4.jar:/Users/liuzhiwei/.m2/repository/com/jolbox/bonecp/0.8.0.RELEASE/bonecp-0.8.0.RELEASE.jar:/Users/liuzhiwei/.m2/repository/com/zaxxer/HikariCP/2.5.1/HikariCP-2.5.1.jar:/Users/liuzhiwei/.m2/repository/org/datanucleus/datanucleus-api-jdo/4.2.4/datanucleus-api-jdo-4.2.4.jar:/Users/liuzhiwei/.m2/repository/org/datanucleus/datanucleus-core/4.1.17/datanucleus-core-4.1.17.jar:/Users/liuzhiwei/.m2/repository/org/datanucleus/datanucleus-rdbms/4.1.19/datanucleus-rdbms-4.1.19.jar:/Users/liuzhiwei/.m2/repository/commons-pool/commons-pool/1.5.4/commons-pool-1.5.4.jar:/Users/liuzhiwei/.m2/repository/commons-dbcp/commons-dbcp/1.4/commons-dbcp-1.4.jar:/Users/liuzhiwei/.m2/repository/javax/jdo/jdo-api/3.0.1/jdo-api-3.0.1.jar:/Users/liuzhiwei/.m2/repository/javax/transaction/jta/1.1/jta-1.1.jar:/Users/liuzhiwei/.m2/repository/org/datanucleus/javax.jdo/3.2.0-m3/javax.jdo-3.2.0-m3.jar:/Users/liuzhiwei/.m2/repository/org/antlr/antlr-runtime/3.5.2/antlr-runtime-3.5.2.jar:/Users/liuzhiwei/.m2/repository/org/apache/thrift/libthrift/0.9.3/libthrift-0.9.3.jar:/Users/liuzhiwei/.m2/repository/org/apache/hive/hive-exec/2.3.4/hive-exec-2.3.4.jar:/Users/liuzhiwei/ideapro/flink-1.14.4/flink-table/flink-table-common/target/flink-table-common-1.14.4-tests.jar:/Users/liuzhiwei/ideapro/flink-1.14.4/flink-table/flink-table-api-java/target/flink-table-api-java-1.14.4-tests.jar:/Users/liuzhiwei/ideapro/flink-1.14.4/flink-table/flink-table-planner/target/flink-table-planner_2.11-1.14.4-tests.jar:/Users/liuzhiwei/ideapro/flink-1.14.4/flink-java/target/flink-java-1.14.4.jar:/Users/liuzhiwei/.m2/repository/org/apache/commons/commons-lang3/3.3.2/commons-lang3-3.3.2.jar:/Users/liuzhiwei/ideapro/flink-1.14.4/flink-clients/target/flink-clients_2.11-1.14.4.jar:/Users/liuzhiwei/ideapro/flink-1.14.4/flink-runtime/target/flink-runtime-1.14.4.jar:/Users/liuzhiwei/ideapro/flink-1.14.4/flink-rpc/flink-rpc-core/target/flink-rpc-core-1.14.4.jar:/Users/liuzhiwei/ideapro/flink-1.14.4/flink-rpc/flink-rpc-akka-loader/target/flink-rpc-akka-loader-1.14.4.jar:/Users/liuzhiwei/ideapro/flink-1.14.4/flink-queryable-state/flink-queryable-state-client-java/target/flink-queryable-state-client-java-1.14.4.jar:/Users/liuzhiwei/.m2/repository/org/apache/flink/flink-shaded-netty/4.1.65.Final-14.0/flink-shaded-netty-4.1.65.Final-14.0.jar:/Users/liuzhiwei/.m2/repository/org/apache/flink/flink-shaded-jackson/2.12.4-14.0/flink-shaded-jackson-2.12.4-14.0.jar:/Users/liuzhiwei/.m2/repository/org/apache/flink/flink-shaded-zookeeper-3/3.4.14-14.0/flink-shaded-zookeeper-3-3.4.14-14.0.jar:/Users/liuzhiwei/.m2/repository/org/javassist/javassist/3.24.0-GA/javassist-3.24.0-GA.jar:/Users/liuzhiwei/.m2/repository/org/lz4/lz4-java/1.8.0/lz4-java-1.8.0.jar:/Users/liuzhiwei/ideapro/flink-1.14.4/flink-optimizer/target/flink-optimizer-1.14.4.jar:/Users/liuzhiwei/.m2/repository/com/klarna/hiverunner/4.0.0/hiverunner-4.0.0.jar:/Users/liuzhiwei/.m2/repository/org/apache/tez/tez-dag/0.9.1/tez-dag-0.9.1.jar:/Users/liuzhiwei/.m2/repository/org/apache/tez/tez-api/0.9.1/tez-api-0.9.1.jar:/Users/liuzhiwei/.m2/repository/org/apache/tez/tez-runtime-internals/0.9.1/tez-runtime-internals-0.9.1.jar:/Users/liuzhiwei/.m2/repository/org/apache/tez/tez-runtime-library/0.9.1/tez-runtime-library-0.9.1.jar:/Users/liuzhiwei/.m2/repository/org/roaringbitmap/RoaringBitmap/0.4.9/RoaringBitmap-0.4.9.jar:/Users/liuzhiwei/.m2/repository/com/ning/async-http-client/1.8.16/async-http-client-1.8.16.jar:/Users/liuzhiwei/.m2/repository/org/apache/commons/commons-collections4/4.1/commons-collections4-4.1.jar:/Users/liuzhiwei/.m2/repository/org/apache/tez/tez-mapreduce/0.9.1/tez-mapreduce-0.9.1.jar:/Users/liuzhiwei/.m2/repository/org/apache/hadoop/hadoop-mapreduce-client-common/2.7.0/hadoop-mapreduce-client-common-2.7.0.jar:/Users/liuzhiwei/.m2/repository/org/reflections/reflections/0.9.8/reflections-0.9.8.jar:/Users/liuzhiwei/.m2/repository/javassist/javassist/3.12.1.GA/javassist-3.12.1.GA.jar:/Users/liuzhiwei/.m2/repository/dom4j/dom4j/1.6.1/dom4j-1.6.1.jar:/Users/liuzhiwei/.m2/repository/xml-apis/xml-apis/1.0.b2/xml-apis-1.0.b2.jar:/Users/liuzhiwei/.m2/repository/org/apache/hive/hive-service/2.3.4/hive-service-2.3.4.jar:/Users/liuzhiwei/.m2/repository/org/apache/hive/hive-service-rpc/2.3.4/hive-service-rpc-2.3.4.jar:/Users/liuzhiwei/.m2/repository/org/apache/hive/hive-llap-server/2.3.4/hive-llap-server-2.3.4.jar:/Users/liuzhiwei/.m2/repository/org/apache/hive/hive-llap-common/2.3.4/hive-llap-common-2.3.4.jar:/Users/liuzhiwei/.m2/repository/org/apache/hive/hive-llap-client/2.3.4/hive-llap-client-2.3.4.jar:/Users/liuzhiwei/.m2/repository/org/apache/hive/hive-llap-tez/2.3.4/hive-llap-tez-2.3.4.jar:/Users/liuzhiwei/.m2/repository/org/apache/hive/hive-shims/2.3.4/hive-shims-2.3.4.jar:/Users/liuzhiwei/.m2/repository/org/apache/hive/shims/hive-shims-common/2.3.4/hive-shims-common-2.3.4.jar:/Users/liuzhiwei/.m2/repository/org/apache/hive/shims/hive-shims-0.23/2.3.4/hive-shims-0.23-2.3.4.jar:/Users/liuzhiwei/.m2/repository/org/apache/hive/shims/hive-shims-scheduler/2.3.4/hive-shims-scheduler-2.3.4.jar:/Users/liuzhiwei/.m2/repository/com/tdunning/json/1.8/json-1.8.jar:/Users/liuzhiwei/.m2/repository/org/apache/orc/orc-core/1.3.3/orc-core-1.3.3.jar:/Users/liuzhiwei/.m2/repository/io/airlift/aircompressor/0.3/aircompressor-0.3.jar:/Users/liuzhiwei/.m2/repository/org/apache/slider/slider-core/0.90.2-incubating/slider-core-0.90.2-incubating.jar:/Users/liuzhiwei/.m2/repository/com/beust/jcommander/1.30/jcommander-1.30.jar:/Users/liuzhiwei/.m2/repository/org/apache/hive/hive-llap-common/2.3.4/hive-llap-common-2.3.4-tests.jar:/Users/liuzhiwei/.m2/repository/org/apache/hbase/hbase-hadoop2-compat/1.1.1/hbase-hadoop2-compat-1.1.1.jar:/Users/liuzhiwei/.m2/repository/org/apache/hbase/hbase-annotations/1.1.1/hbase-annotations-1.1.1.jar:/Users/liuzhiwei/.m2/repository/org/apache/commons/commons-math/2.2/commons-math-2.2.jar:/Users/liuzhiwei/.m2/repository/com/yammer/metrics/metrics-core/2.2.0/metrics-core-2.2.0.jar:/Users/liuzhiwei/.m2/repository/com/github/stephenc/findbugs/findbugs-annotations/1.3.9-1/findbugs-annotations-1.3.9-1.jar:/Users/liuzhiwei/.m2/repository/org/apache/hbase/hbase-client/1.1.1/hbase-client-1.1.1.jar:/Users/liuzhiwei/.m2/repository/org/apache/hbase/hbase-protocol/1.1.1/hbase-protocol-1.1.1.jar:/Users/liuzhiwei/.m2/repository/io/netty/netty-all/4.0.23.Final/netty-all-4.0.23.Final.jar:/Users/liuzhiwei/.m2/repository/org/jruby/jcodings/jcodings/1.0.8/jcodings-1.0.8.jar:/Users/liuzhiwei/.m2/repository/org/jruby/joni/joni/2.1.2/joni-2.1.2.jar:/Users/liuzhiwei/.m2/repository/org/apache/hbase/hbase-server/1.1.1/hbase-server-1.1.1.jar:/Users/liuzhiwei/.m2/repository/org/apache/hbase/hbase-procedure/1.1.1/hbase-procedure-1.1.1.jar:/Users/liuzhiwei/.m2/repository/org/apache/hbase/hbase-common/1.1.1/hbase-common-1.1.1-tests.jar:/Users/liuzhiwei/.m2/repository/org/apache/hbase/hbase-prefix-tree/1.1.1/hbase-prefix-tree-1.1.1.jar:/Users/liuzhiwei/.m2/repository/org/mortbay/jetty/jsp-2.1/6.1.14/jsp-2.1-6.1.14.jar:/Users/liuzhiwei/.m2/repository/org/mortbay/jetty/jsp-api-2.1/6.1.14/jsp-api-2.1-6.1.14.jar:/Users/liuzhiwei/.m2/repository/org/mortbay/jetty/servlet-api-2.5/6.1.14/servlet-api-2.5-6.1.14.jar:/Users/liuzhiwei/.m2/repository/com/lmax/disruptor/3.4.2/disruptor-3.4.2.jar:/Users/liuzhiwei/.m2/repository/org/apache/hbase/hbase-common/1.1.1/hbase-common-1.1.1.jar:/Users/liuzhiwei/.m2/repository/net/sf/jpam/jpam/1.1/jpam-1.1.jar:/Users/liuzhiwei/.m2/repository/org/eclipse/jetty/aggregate/jetty-all/7.6.0.v20120127/jetty-all-7.6.0.v20120127.jar:/Users/liuzhiwei/.m2/repository/org/apache/geronimo/specs/geronimo-jta_1.1_spec/1.1.1/geronimo-jta_1.1_spec-1.1.1.jar:/Users/liuzhiwei/.m2/repository/javax/mail/mail/1.4.1/mail-1.4.1.jar:/Users/liuzhiwei/.m2/repository/javax/activation/activation/1.1/activation-1.1.jar:/Users/liuzhiwei/.m2/repository/org/apache/geronimo/specs/geronimo-jaspic_1.0_spec/1.0/geronimo-jaspic_1.0_spec-1.0.jar:/Users/liuzhiwei/.m2/repository/org/apache/geronimo/specs/geronimo-annotation_1.0_spec/1.1.1/geronimo-annotation_1.0_spec-1.1.1.jar:/Users/liuzhiwei/.m2/repository/asm/asm-commons/3.1/asm-commons-3.1.jar:/Users/liuzhiwei/.m2/repository/asm/asm-tree/3.1/asm-tree-3.1.jar:/Users/liuzhiwei/.m2/repository/tomcat/jasper-compiler/5.5.23/jasper-compiler-5.5.23.jar:/Users/liuzhiwei/.m2/repository/javax/servlet/jsp-api/2.0/jsp-api-2.0.jar:/Users/liuzhiwei/.m2/repository/ant/ant/1.6.5/ant-1.6.5.jar:/Users/liuzhiwei/.m2/repository/tomcat/jasper-runtime/5.5.23/jasper-runtime-5.5.23.jar:/Users/liuzhiwei/.m2/repository/commons-el/commons-el/1.0/commons-el-1.0.jar:/Users/liuzhiwei/.m2/repository/org/apache/thrift/libfb303/0.9.3/libfb303-0.9.3.jar:/Users/liuzhiwei/.m2/repository/org/apache/curator/curator-framework/2.7.1/curator-framework-2.7.1.jar:/Users/liuzhiwei/.m2/repository/org/jamon/jamon-runtime/2.3.1/jamon-runtime-2.3.1.jar:/Users/liuzhiwei/.m2/repository/org/apache/hive/hcatalog/hive-hcatalog-core/2.3.4/hive-hcatalog-core-2.3.4.jar:/Users/liuzhiwei/.m2/repository/org/apache/hive/hive-cli/2.3.4/hive-cli-2.3.4.jar:/Users/liuzhiwei/.m2/repository/jline/jline/2.12/jline-2.12.jar:/Users/liuzhiwei/.m2/repository/org/apache/hive/hive-common/2.3.4/hive-common-2.3.4.jar:/Users/liuzhiwei/.m2/repository/org/apache/hive/hive-storage-api/2.4.0/hive-storage-api-2.4.0.jar:/Users/liuzhiwei/.m2/repository/org/eclipse/jetty/orbit/javax.servlet/3.0.0.v201112011016/javax.servlet-3.0.0.v201112011016.jar:/Users/liuzhiwei/.m2/repository/joda-time/joda-time/2.5/joda-time-2.5.jar:/Users/liuzhiwei/.m2/repository/org/apache/logging/log4j/log4j-web/2.6.2/log4j-web-2.6.2.jar:/Users/liuzhiwei/.m2/repository/org/apache/ant/ant/1.9.1/ant-1.9.1.jar:/Users/liuzhiwei/.m2/repository/org/apache/ant/ant-launcher/1.9.1/ant-launcher-1.9.1.jar:/Users/liuzhiwei/.m2/repository/io/dropwizard/metrics/metrics-core/3.1.0/metrics-core-3.1.0.jar:/Users/liuzhiwei/.m2/repository/io/dropwizard/metrics/metrics-jvm/3.1.0/metrics-jvm-3.1.0.jar:/Users/liuzhiwei/.m2/repository/io/dropwizard/metrics/metrics-json/3.1.0/metrics-json-3.1.0.jar:/Users/liuzhiwei/.m2/repository/com/github/joshelser/dropwizard-metrics-hadoop-metrics2-reporter/0.1.2/dropwizard-metrics-hadoop-metrics2-reporter-0.1.2.jar:/Users/liuzhiwei/.m2/repository/org/apache/hive/hcatalog/hive-webhcat-java-client/2.3.4/hive-webhcat-java-client-2.3.4.jar:/Users/liuzhiwei/.m2/repository/org/apache/hive/hcatalog/hive-hcatalog-server-extensions/2.3.4/hive-hcatalog-server-extensions-2.3.4.jar:/Users/liuzhiwei/ideapro/flink-1.14.4/flink-formats/flink-csv/target/flink-csv-1.14.4.jar:/Users/liuzhiwei/ideapro/flink-1.14.4/flink-formats/flink-format-common/target/flink-format-common-1.14.4.jar:/Users/liuzhiwei/ideapro/flink-1.14.4/flink-test-utils-parent/flink-test-utils/target/flink-test-utils_2.11-1.14.4.jar:/Users/liuzhiwei/ideapro/flink-1.14.4/flink-runtime/target/flink-runtime-1.14.4-tests.jar:/Users/liuzhiwei/ideapro/flink-1.14.4/flink-rpc/flink-rpc-akka-loader/target/flink-rpc-akka-loader-1.14.4-tests.jar:/Users/liuzhiwei/.m2/repository/org/apache/curator/curator-test/2.12.0/curator-test-2.12.0.jar:/Users/liuzhiwei/ideapro/flink-1.14.4/flink-state-backends/flink-statebackend-changelog/target/flink-statebackend-changelog-1.14.4.jar:/Users/liuzhiwei/.m2/repository/org/apache/derby/derby/10.10.2.0/derby-10.10.2.0.jar:/Users/liuzhiwei/.m2/repository/org/apache/avro/avro/1.8.2/avro-1.8.2.jar:/Users/liuzhiwei/.m2/repository/com/thoughtworks/paranamer/paranamer/2.7/paranamer-2.7.jar:/Users/liuzhiwei/.m2/repository/org/xerial/snappy/snappy-java/1.1.8.3/snappy-java-1.1.8.3.jar:/Users/liuzhiwei/.m2/repository/org/tukaani/xz/1.5/xz-1.5.jar:/Users/liuzhiwei/.m2/repository/org/slf4j/slf4j-api/1.7.15/slf4j-api-1.7.15.jar:/Users/liuzhiwei/.m2/repository/com/google/code/findbugs/jsr305/1.3.9/jsr305-1.3.9.jar:/Users/liuzhiwei/ideapro/flink-1.14.4/flink-test-utils-parent/flink-test-utils-junit/target/flink-test-utils-junit-1.14.4.jar:/Users/liuzhiwei/.m2/repository/org/apache/flink/flink-shaded-force-shading/14.0/flink-shaded-force-shading-14.0.jar:/Users/liuzhiwei/.m2/repository/org/junit/jupiter/junit-jupiter/5.7.2/junit-jupiter-5.7.2.jar:/Users/liuzhiwei/.m2/repository/org/junit/jupiter/junit-jupiter-api/5.7.2/junit-jupiter-api-5.7.2.jar:/Users/liuzhiwei/.m2/repository/org/opentest4j/opentest4j/1.2.0/opentest4j-1.2.0.jar:/Users/liuzhiwei/.m2/repository/org/junit/platform/junit-platform-commons/1.7.2/junit-platform-commons-1.7.2.jar:/Users/liuzhiwei/.m2/repository/org/junit/jupiter/junit-jupiter-params/5.7.2/junit-jupiter-params-5.7.2.jar:/Users/liuzhiwei/.m2/repository/org/junit/jupiter/junit-jupiter-engine/5.7.2/junit-jupiter-engine-5.7.2.jar:/Users/liuzhiwei/.m2/repository/org/junit/vintage/junit-vintage-engine/5.7.2/junit-vintage-engine-5.7.2.jar:/Users/liuzhiwei/.m2/repository/org/apiguardian/apiguardian-api/1.1.0/apiguardian-api-1.1.0.jar:/Users/liuzhiwei/.m2/repository/org/junit/platform/junit-platform-engine/1.7.2/junit-platform-engine-1.7.2.jar:/Users/liuzhiwei/.m2/repository/junit/junit/4.13.2/junit-4.13.2.jar:/Users/liuzhiwei/.m2/repository/org/mockito/mockito-core/2.21.0/mockito-core-2.21.0.jar:/Users/liuzhiwei/.m2/repository/net/bytebuddy/byte-buddy/1.8.22/byte-buddy-1.8.22.jar:/Users/liuzhiwei/.m2/repository/net/bytebuddy/byte-buddy-agent/1.8.22/byte-buddy-agent-1.8.22.jar:/Users/liuzhiwei/.m2/repository/org/objenesis/objenesis/2.1/objenesis-2.1.jar:/Users/liuzhiwei/.m2/repository/org/powermock/powermock-module-junit4/2.0.4/powermock-module-junit4-2.0.4.jar:/Users/liuzhiwei/.m2/repository/org/powermock/powermock-module-junit4-common/2.0.4/powermock-module-junit4-common-2.0.4.jar:/Users/liuzhiwei/.m2/repository/org/powermock/powermock-reflect/2.0.4/powermock-reflect-2.0.4.jar:/Users/liuzhiwei/.m2/repository/org/powermock/powermock-core/2.0.4/powermock-core-2.0.4.jar:/Users/liuzhiwei/.m2/repository/org/hamcrest/hamcrest-core/1.3/hamcrest-core-1.3.jar:/Users/liuzhiwei/.m2/repository/org/powermock/powermock-api-mockito2/2.0.4/powermock-api-mockito2-2.0.4.jar:/Users/liuzhiwei/.m2/repository/org/powermock/powermock-api-support/2.0.4/powermock-api-support-2.0.4.jar:/Users/liuzhiwei/.m2/repository/org/hamcrest/hamcrest-all/1.3/hamcrest-all-1.3.jar:/Users/liuzhiwei/.m2/repository/org/apache/logging/log4j/log4j-slf4j-impl/2.17.1/log4j-slf4j-impl-2.17.1.jar:/Users/liuzhiwei/.m2/repository/org/apache/logging/log4j/log4j-api/2.17.1/log4j-api-2.17.1.jar:/Users/liuzhiwei/.m2/repository/org/apache/logging/log4j/log4j-core/2.17.1/log4j-core-2.17.1.jar:/Users/liuzhiwei/.m2/repository/org/apache/logging/log4j/log4j-1.2-api/2.17.1/log4j-1.2-api-2.17.1.jar:"/>
    <property name="sun.cpu.endian" value="little"/>
    <property name="user.home" value="/Users/liuzhiwei"/>
    <property name="user.language" value="en"/>
    <property name="java.specification.vendor" value="Oracle Corporation"/>
    <property name="java.home" value="/Library/Java/JavaVirtualMachines/jdk1.8.0_311.jdk/Contents/Home/jre"/>
    <property name="basedir" value="/Users/liuzhiwei/ideapro/flink-1.14.4/flink-connectors/flink-connector-hive"/>
    <property name="file.separator" value="/"/>
    <property name="line.separator" value="&#10;"/>
    <property name="java.vm.specification.vendor" value="Oracle Corporation"/>
    <property name="java.specification.name" value="Java Platform API Specification"/>
    <property name="derby.stream.error.file" value="/Users/liuzhiwei/ideapro/flink-1.14.4/flink-connectors/flink-connector-hive/target/derby.log"/>
    <property name="java.awt.graphicsenv" value="sun.awt.CGraphicsEnvironment"/>
    <property name="test.randomization.seed" value=""/>
    <property name="mvn.forkNumber" value="6"/>
    <property name="surefire.real.class.path" value="/Users/liuzhiwei/ideapro/flink-1.14.4/flink-connectors/flink-connector-hive/target/surefire/surefirebooter1011644137322803519.jar"/>
    <property name="buffer-debloat.randomization" value="true"/>
    <property name="sun.boot.class.path" value="/Library/Java/JavaVirtualMachines/jdk1.8.0_311.jdk/Contents/Home/jre/lib/resources.jar:/Library/Java/JavaVirtualMachines/jdk1.8.0_311.jdk/Contents/Home/jre/lib/rt.jar:/Library/Java/JavaVirtualMachines/jdk1.8.0_311.jdk/Contents/Home/jre/lib/sunrsasign.jar:/Library/Java/JavaVirtualMachines/jdk1.8.0_311.jdk/Contents/Home/jre/lib/jsse.jar:/Library/Java/JavaVirtualMachines/jdk1.8.0_311.jdk/Contents/Home/jre/lib/jce.jar:/Library/Java/JavaVirtualMachines/jdk1.8.0_311.jdk/Contents/Home/jre/lib/charsets.jar:/Library/Java/JavaVirtualMachines/jdk1.8.0_311.jdk/Contents/Home/jre/lib/jfr.jar:/Library/Java/JavaVirtualMachines/jdk1.8.0_311.jdk/Contents/Home/jre/classes"/>
    <property name="checkpointing.changelog" value="unset"/>
    <property name="sun.management.compiler" value="HotSpot 64-Bit Tiered Compilers"/>
    <property name="ftp.nonProxyHosts" value="local|*.local|169.254/16|*.169.254/16"/>
    <property name="java.runtime.version" value="1.8.0_311-b11"/>
    <property name="user.name" value="liuzhiwei"/>
    <property name="path.separator" value=":"/>
    <property name="os.version" value="10.16"/>
    <property name="java.endorsed.dirs" value="/Library/Java/JavaVirtualMachines/jdk1.8.0_311.jdk/Contents/Home/jre/lib/endorsed"/>
    <property name="java.runtime.name" value="Java(TM) SE Runtime Environment"/>
    <property name="file.encoding" value="UTF-8"/>
    <property name="java.vm.name" value="Java HotSpot(TM) 64-Bit Server VM"/>
    <property name="localRepository" value="/Users/liuzhiwei/.m2/repository"/>
    <property name="java.vendor.url.bug" value="http://bugreport.sun.com/bugreport/"/>
    <property name="java.io.tmpdir" value="/var/folders/9v/knhh7l116z927rs422hz7g7r0000gn/T/"/>
    <property name="idea.version" value="2021.3.2"/>
    <property name="java.version" value="1.8.0_311"/>
    <property name="user.dir" value="/Users/liuzhiwei/ideapro/flink-1.14.4/flink-connectors/flink-connector-hive"/>
    <property name="os.arch" value="x86_64"/>
    <property name="java.vm.specification.name" value="Java Virtual Machine Specification"/>
    <property name="java.awt.printerjob" value="sun.lwawt.macosx.CPrinterJob"/>
    <property name="sun.os.patch.level" value="unknown"/>
    <property name="checkpointing.randomization" value="true"/>
    <property name="java.library.path" value="/Users/liuzhiwei/Library/Java/Extensions:/Library/Java/Extensions:/Network/Library/Java/Extensions:/System/Library/Java/Extensions:/usr/lib/java:."/>
    <property name="java.vm.info" value="mixed mode"/>
    <property name="java.vendor" value="Oracle Corporation"/>
    <property name="java.vm.version" value="25.311-b11"/>
    <property name="java.ext.dirs" value="/Users/liuzhiwei/Library/Java/Extensions:/Library/Java/JavaVirtualMachines/jdk1.8.0_311.jdk/Contents/Home/jre/lib/ext:/Library/Java/Extensions:/Network/Library/Java/Extensions:/System/Library/Java/Extensions:/usr/lib/java"/>
    <property name="sun.io.unicode.encoding" value="UnicodeBig"/>
    <property name="maven.repo.local" value="/Users/liuzhiwei/.m2/repository"/>
    <property name="java.class.version" value="52.0"/>
    <property name="socksNonProxyHosts" value="local|*.local|169.254/16|*.169.254/16"/>
  </properties>
  <testcase name="testAlterTableColumnStatistics" classname="org.apache.flink.table.catalog.hive.HiveCatalogHiveMetadataTest" time="3.85"/>
  <testcase name="testCreateTable_StorageFormatSet" classname="org.apache.flink.table.catalog.hive.HiveCatalogHiveMetadataTest" time="0.804"/>
  <testcase name="testAlterPartition" classname="org.apache.flink.table.catalog.hive.HiveCatalogHiveMetadataTest" time="1.154"/>
  <testcase name="testHiveStatistics" classname="org.apache.flink.table.catalog.hive.HiveCatalogHiveMetadataTest" time="0.665"/>
  <testcase name="testCreateTableWithConstraints" classname="org.apache.flink.table.catalog.hive.HiveCatalogHiveMetadataTest" time="0">
    <skipped message="got: &lt;false&gt;, expected: is &lt;true&gt;" type="org.junit.AssumptionViolatedException"><![CDATA[org.junit.AssumptionViolatedException: got: <false>, expected: is <true>
	at org.junit.Assume.assumeThat(Assume.java:106)
	at org.junit.Assume.assumeTrue(Assume.java:50)
	at org.apache.flink.table.catalog.hive.HiveCatalogHiveMetadataTest.testCreateTableWithConstraints(HiveCatalogHiveMetadataTest.java:258)
	at sun.reflect.NativeMethodAccessorImpl.invoke0(Native Method)
	at sun.reflect.NativeMethodAccessorImpl.invoke(NativeMethodAccessorImpl.java:62)
	at sun.reflect.DelegatingMethodAccessorImpl.invoke(DelegatingMethodAccessorImpl.java:43)
	at java.lang.reflect.Method.invoke(Method.java:498)
	at org.junit.runners.model.FrameworkMethod$1.runReflectiveCall(FrameworkMethod.java:59)
	at org.junit.internal.runners.model.ReflectiveCallable.run(ReflectiveCallable.java:12)
	at org.junit.runners.model.FrameworkMethod.invokeExplosively(FrameworkMethod.java:56)
	at org.junit.internal.runners.statements.InvokeMethod.evaluate(InvokeMethod.java:17)
	at org.junit.internal.runners.statements.RunAfters.evaluate(RunAfters.java:27)
	at org.junit.rules.ExpectedException$ExpectedExceptionStatement.evaluate(ExpectedException.java:258)
	at org.junit.runners.ParentRunner$3.evaluate(ParentRunner.java:306)
	at org.junit.runners.BlockJUnit4ClassRunner$1.evaluate(BlockJUnit4ClassRunner.java:100)
	at org.junit.runners.ParentRunner.runLeaf(ParentRunner.java:366)
	at org.junit.runners.BlockJUnit4ClassRunner.runChild(BlockJUnit4ClassRunner.java:103)
	at org.junit.runners.BlockJUnit4ClassRunner.runChild(BlockJUnit4ClassRunner.java:63)
	at org.junit.runners.ParentRunner$4.run(ParentRunner.java:331)
	at org.junit.runners.ParentRunner$1.schedule(ParentRunner.java:79)
	at org.junit.runners.ParentRunner.runChildren(ParentRunner.java:329)
	at org.junit.runners.ParentRunner.access$100(ParentRunner.java:66)
	at org.junit.runners.ParentRunner$2.evaluate(ParentRunner.java:293)
	at org.junit.internal.runners.statements.RunBefores.evaluate(RunBefores.java:26)
	at org.junit.internal.runners.statements.RunAfters.evaluate(RunAfters.java:27)
	at org.junit.runners.ParentRunner$3.evaluate(ParentRunner.java:306)
	at org.junit.runners.ParentRunner.run(ParentRunner.java:413)
	at org.junit.runner.JUnitCore.run(JUnitCore.java:137)
	at org.junit.runner.JUnitCore.run(JUnitCore.java:115)
	at org.junit.vintage.engine.execution.RunnerExecutor.execute(RunnerExecutor.java:43)
	at java.util.stream.ForEachOps$ForEachOp$OfRef.accept(ForEachOps.java:184)
	at java.util.stream.ReferencePipeline$3$1.accept(ReferencePipeline.java:193)
	at java.util.Iterator.forEachRemaining(Iterator.java:116)
	at java.util.Spliterators$IteratorSpliterator.forEachRemaining(Spliterators.java:1801)
	at java.util.stream.AbstractPipeline.copyInto(AbstractPipeline.java:482)
	at java.util.stream.AbstractPipeline.wrapAndCopyInto(AbstractPipeline.java:472)
	at java.util.stream.ForEachOps$ForEachOp.evaluateSequential(ForEachOps.java:151)
	at java.util.stream.ForEachOps$ForEachOp$OfRef.evaluateSequential(ForEachOps.java:174)
	at java.util.stream.AbstractPipeline.evaluate(AbstractPipeline.java:234)
	at java.util.stream.ReferencePipeline.forEach(ReferencePipeline.java:418)
	at org.junit.vintage.engine.VintageTestEngine.executeAllChildren(VintageTestEngine.java:82)
	at org.junit.vintage.engine.VintageTestEngine.execute(VintageTestEngine.java:73)
	at org.junit.platform.launcher.core.DefaultLauncher.execute(DefaultLauncher.java:220)
	at org.junit.platform.launcher.core.DefaultLauncher.lambda$execute$6(DefaultLauncher.java:188)
	at org.junit.platform.launcher.core.DefaultLauncher.withInterceptedStreams(DefaultLauncher.java:202)
	at org.junit.platform.launcher.core.DefaultLauncher.execute(DefaultLauncher.java:181)
	at org.junit.platform.launcher.core.DefaultLauncher.execute(DefaultLauncher.java:128)
	at org.apache.maven.surefire.junitplatform.JUnitPlatformProvider.invokeAllTests(JUnitPlatformProvider.java:150)
	at org.apache.maven.surefire.junitplatform.JUnitPlatformProvider.invoke(JUnitPlatformProvider.java:120)
	at org.apache.maven.surefire.booter.ForkedBooter.invokeProviderInSameClassLoader(ForkedBooter.java:384)
	at org.apache.maven.surefire.booter.ForkedBooter.runSuitesInProcess(ForkedBooter.java:345)
	at org.apache.maven.surefire.booter.ForkedBooter.execute(ForkedBooter.java:126)
	at org.apache.maven.surefire.booter.ForkedBooter.main(ForkedBooter.java:418)
]]></skipped>
  </testcase>
  <testcase name="testViewCompatibility" classname="org.apache.flink.table.catalog.hive.HiveCatalogHiveMetadataTest" time="0.405"/>
  <testcase name="testAlterPartitionColumnStatistics" classname="org.apache.flink.table.catalog.hive.HiveCatalogHiveMetadataTest" time="1.007"/>
  <testcase name="testAlterTableStats" classname="org.apache.flink.table.catalog.hive.HiveCatalogHiveMetadataTest" time="0.405"/>
  <testcase name="testCreateFunctionCaseInsensitive" classname="org.apache.flink.table.catalog.hive.HiveCatalogHiveMetadataTest" time="0.177"/>
  <testcase name="testDropPartition" classname="org.apache.flink.table.catalog.hive.HiveCatalogHiveMetadataTest" time="0.462"/>
  <testcase name="testDropDb_DatabaseNotEmptyException" classname="org.apache.flink.table.catalog.hive.HiveCatalogHiveMetadataTest" time="0.142"/>
  <testcase name="testRenameView" classname="org.apache.flink.table.catalog.hive.HiveCatalogHiveMetadataTest" time="0.184"/>
  <testcase name="testDropDb_DatabaseNotExist_Ignore" classname="org.apache.flink.table.catalog.hive.HiveCatalogHiveMetadataTest" time="0.004"/>
  <testcase name="testDropPartition_PartitionSpecInvalid" classname="org.apache.flink.table.catalog.hive.HiveCatalogHiveMetadataTest" time="0.111"/>
  <testcase name="testCreatePartition_PartitionAlreadyExists_ignored" classname="org.apache.flink.table.catalog.hive.HiveCatalogHiveMetadataTest" time="0.347"/>
  <testcase name="testCreateDb" classname="org.apache.flink.table.catalog.hive.HiveCatalogHiveMetadataTest" time="0.054"/>
  <testcase name="testAlterTable_TableNotExistException" classname="org.apache.flink.table.catalog.hive.HiveCatalogHiveMetadataTest" time="0.006"/>
  <testcase name="testDropPartition_TableNotExist" classname="org.apache.flink.table.catalog.hive.HiveCatalogHiveMetadataTest" time="0.082"/>
  <testcase name="testAlterTableStats_TableNotExistException" classname="org.apache.flink.table.catalog.hive.HiveCatalogHiveMetadataTest" time="0.006"/>
  <testcase name="testCreateTable_Streaming" classname="org.apache.flink.table.catalog.hive.HiveCatalogHiveMetadataTest" time="0.004"/>
  <testcase name="testGetFunction_FunctionNotExistException_NoDb" classname="org.apache.flink.table.catalog.hive.HiveCatalogHiveMetadataTest" time="0.005"/>
  <testcase name="testAlterTable" classname="org.apache.flink.table.catalog.hive.HiveCatalogHiveMetadataTest" time="0.538"/>
  <testcase name="testCreateView_TableAlreadyExistException" classname="org.apache.flink.table.catalog.hive.HiveCatalogHiveMetadataTest" time="0.15"/>
  <testcase name="testDropFunction" classname="org.apache.flink.table.catalog.hive.HiveCatalogHiveMetadataTest" time="0.183"/>
  <testcase name="testAlterPartitionedTable" classname="org.apache.flink.table.catalog.hive.HiveCatalogHiveMetadataTest" time="0.205"/>
  <testcase name="testCreateDb_DatabaseAlreadyExistException" classname="org.apache.flink.table.catalog.hive.HiveCatalogHiveMetadataTest" time="0.045"/>
  <testcase name="testAlterDb" classname="org.apache.flink.table.catalog.hive.HiveCatalogHiveMetadataTest" time="0.089"/>
  <testcase name="testGetPartition_PartitionSpecInvalid_sizeNotEqual" classname="org.apache.flink.table.catalog.hive.HiveCatalogHiveMetadataTest" time="0.11"/>
  <testcase name="testCreateDb_DatabaseAlreadyExist_ignored" classname="org.apache.flink.table.catalog.hive.HiveCatalogHiveMetadataTest" time="0.06"/>
  <testcase name="testAlterView_TableNotExist_ignored" classname="org.apache.flink.table.catalog.hive.HiveCatalogHiveMetadataTest" time="0.04"/>
  <testcase name="testRenameTable_nonPartitionedTable" classname="org.apache.flink.table.catalog.hive.HiveCatalogHiveMetadataTest" time="0.188"/>
  <testcase name="testCreateTable_DatabaseNotExistException" classname="org.apache.flink.table.catalog.hive.HiveCatalogHiveMetadataTest" time="0.006"/>
  <testcase name="testDropFunction_FunctionNotExistException" classname="org.apache.flink.table.catalog.hive.HiveCatalogHiveMetadataTest" time="0.009"/>
  <testcase name="testCreateTable_Batch" classname="org.apache.flink.table.catalog.hive.HiveCatalogHiveMetadataTest" time="0.286"/>
  <testcase name="testCreateTable_TableAlreadyExist_ignored" classname="org.apache.flink.table.catalog.hive.HiveCatalogHiveMetadataTest" time="0.151"/>
  <testcase name="testCreatePartition_PartitionSpecInvalidException" classname="org.apache.flink.table.catalog.hive.HiveCatalogHiveMetadataTest" time="0.148"/>
  <testcase name="testRenameTable_TableNotExistException_ignored" classname="org.apache.flink.table.catalog.hive.HiveCatalogHiveMetadataTest" time="0.043"/>
  <testcase name="testCreatePartition_TableNotExistException" classname="org.apache.flink.table.catalog.hive.HiveCatalogHiveMetadataTest" time="0.053"/>
  <testcase name="testTableExists" classname="org.apache.flink.table.catalog.hive.HiveCatalogHiveMetadataTest" time="0.129"/>
  <testcase name="testAlterFunction_FunctionNotExistException" classname="org.apache.flink.table.catalog.hive.HiveCatalogHiveMetadataTest" time="0.003"/>
  <testcase name="testAlterView" classname="org.apache.flink.table.catalog.hive.HiveCatalogHiveMetadataTest" time="0.164"/>
  <testcase name="testCreatePythonFunction" classname="org.apache.flink.table.catalog.hive.HiveCatalogHiveMetadataTest" time="0.056"/>
  <testcase name="testAlterDb_DatabaseNotExistException" classname="org.apache.flink.table.catalog.hive.HiveCatalogHiveMetadataTest" time="0.003"/>
  <testcase name="testAlterTable_TableNotExist_ignored" classname="org.apache.flink.table.catalog.hive.HiveCatalogHiveMetadataTest" time="0.053"/>
  <testcase name="testAlterTableStats_partitionedTable" classname="org.apache.flink.table.catalog.hive.HiveCatalogHiveMetadataTest" time="0.152"/>
  <testcase name="testListTables" classname="org.apache.flink.table.catalog.hive.HiveCatalogHiveMetadataTest" time="0.223"/>
  <testcase name="testCreateView_DatabaseNotExistException" classname="org.apache.flink.table.catalog.hive.HiveCatalogHiveMetadataTest" time="0.005"/>
  <testcase name="testListFunctions_DatabaseNotExistException" classname="org.apache.flink.table.catalog.hive.HiveCatalogHiveMetadataTest" time="0.002"/>
  <testcase name="testDropTable_TableNotExist_ignored" classname="org.apache.flink.table.catalog.hive.HiveCatalogHiveMetadataTest" time="0.043"/>
  <testcase name="testGetPartition_TableNotPartitioned" classname="org.apache.flink.table.catalog.hive.HiveCatalogHiveMetadataTest" time="0.12"/>
  <testcase name="testDropTable_TableNotExistException" classname="org.apache.flink.table.catalog.hive.HiveCatalogHiveMetadataTest" time="0.003"/>
  <testcase name="testCreateView_TableAlreadyExist_ignored" classname="org.apache.flink.table.catalog.hive.HiveCatalogHiveMetadataTest" time="0.099"/>
  <testcase name="testAlterTableStats_TableNotExistException_ignore" classname="org.apache.flink.table.catalog.hive.HiveCatalogHiveMetadataTest" time="0.001"/>
  <testcase name="testCreateTable_TableAlreadyExistException" classname="org.apache.flink.table.catalog.hive.HiveCatalogHiveMetadataTest" time="0.097"/>
  <testcase name="testAlterPartition_PartitionNotExist_ignored" classname="org.apache.flink.table.catalog.hive.HiveCatalogHiveMetadataTest" time="0.109"/>
  <testcase name="testGetPartition_PartitionNotExist" classname="org.apache.flink.table.catalog.hive.HiveCatalogHiveMetadataTest" time="0.111"/>
  <testcase name="testGetTableStats_TableNotExistException" classname="org.apache.flink.table.catalog.hive.HiveCatalogHiveMetadataTest" time="0.041"/>
  <testcase name="testDropPartition_TableNotPartitioned" classname="org.apache.flink.table.catalog.hive.HiveCatalogHiveMetadataTest" time="0.096"/>
  <testcase name="testDropTable_nonPartitionedTable" classname="org.apache.flink.table.catalog.hive.HiveCatalogHiveMetadataTest" time="0.104"/>
  <testcase name="testAlterView_TableNotExistException" classname="org.apache.flink.table.catalog.hive.HiveCatalogHiveMetadataTest" time="0.002"/>
  <testcase name="testDropView" classname="org.apache.flink.table.catalog.hive.HiveCatalogHiveMetadataTest" time="0.079"/>
  <testcase name="testCreateFunction_DatabaseNotExistException" classname="org.apache.flink.table.catalog.hive.HiveCatalogHiveMetadataTest" time="0.005"/>
  <testcase name="testAlterPartition_TableNotExist" classname="org.apache.flink.table.catalog.hive.HiveCatalogHiveMetadataTest" time="0.04"/>
  <testcase name="testRenameTable_TableAlreadyExistException" classname="org.apache.flink.table.catalog.hive.HiveCatalogHiveMetadataTest" time="0.277"/>
  <testcase name="testGetFunction_FunctionNotExistException" classname="org.apache.flink.table.catalog.hive.HiveCatalogHiveMetadataTest" time="0.045"/>
  <testcase name="testCreatePartition_TableNotPartitionedException" classname="org.apache.flink.table.catalog.hive.HiveCatalogHiveMetadataTest" time="0.094"/>
  <testcase name="testGetTable_TableNotExistException" classname="org.apache.flink.table.catalog.hive.HiveCatalogHiveMetadataTest" time="0.044"/>
  <testcase name="testCreateView" classname="org.apache.flink.table.catalog.hive.HiveCatalogHiveMetadataTest" time="0.083"/>
  <testcase name="testGetPartition_PartitionSpecInvalid_invalidPartitionSpec" classname="org.apache.flink.table.catalog.hive.HiveCatalogHiveMetadataTest" time="0.094"/>
  <testcase name="testAlterPartitionTableStats" classname="org.apache.flink.table.catalog.hive.HiveCatalogHiveMetadataTest" time="0.349"/>
  <testcase name="testGetPartitionStats" classname="org.apache.flink.table.catalog.hive.HiveCatalogHiveMetadataTest" time="0.435"/>
  <testcase name="testAlterFunction_FunctionNotExist_ignored" classname="org.apache.flink.table.catalog.hive.HiveCatalogHiveMetadataTest" time="0.122"/>
  <testcase name="testGetPartition_TableNotExist" classname="org.apache.flink.table.catalog.hive.HiveCatalogHiveMetadataTest" time="0.002"/>
  <testcase name="testCreatePartition" classname="org.apache.flink.table.catalog.hive.HiveCatalogHiveMetadataTest" time="0.736"/>
  <testcase name="testDropPartition_PartitionNotExist_ignored" classname="org.apache.flink.table.catalog.hive.HiveCatalogHiveMetadataTest" time="0.191"/>
  <testcase name="testAlterTable_differentTypedTable" classname="org.apache.flink.table.catalog.hive.HiveCatalogHiveMetadataTest" time="0.119"/>
  <testcase name="testDropDb_DatabaseNotExistException" classname="org.apache.flink.table.catalog.hive.HiveCatalogHiveMetadataTest" time="0.002"/>
  <testcase name="testListFunctions" classname="org.apache.flink.table.catalog.hive.HiveCatalogHiveMetadataTest" time="0.084"/>
  <testcase name="testCreateFunction" classname="org.apache.flink.table.catalog.hive.HiveCatalogHiveMetadataTest" time="0.049"/>
  <testcase name="testAlterFunction" classname="org.apache.flink.table.catalog.hive.HiveCatalogHiveMetadataTest" time="0.081"/>
  <testcase name="testAlterPythonFunction" classname="org.apache.flink.table.catalog.hive.HiveCatalogHiveMetadataTest" time="0.051"/>
  <testcase name="testCreateFunction_FunctionAlreadyExistException" classname="org.apache.flink.table.catalog.hive.HiveCatalogHiveMetadataTest" time="0.054"/>
  <testcase name="testCreatePartitionedTable_Batch" classname="org.apache.flink.table.catalog.hive.HiveCatalogHiveMetadataTest" time="0.123"/>
  <testcase name="testDropDb" classname="org.apache.flink.table.catalog.hive.HiveCatalogHiveMetadataTest" time="0.055"/>
  <testcase name="testCreatePartition_PartitionAlreadyExistsException" classname="org.apache.flink.table.catalog.hive.HiveCatalogHiveMetadataTest" time="0.627"/>
  <testcase name="testRenameTable_TableNotExistException" classname="org.apache.flink.table.catalog.hive.HiveCatalogHiveMetadataTest" time="0.04"/>
  <testcase name="testGetTable_TableNotExistException_NoDb" classname="org.apache.flink.table.catalog.hive.HiveCatalogHiveMetadataTest" time="0.002"/>
  <testcase name="testAlterPartition_PartitionSpecInvalid" classname="org.apache.flink.table.catalog.hive.HiveCatalogHiveMetadataTest" time="0.128"/>
  <testcase name="testAlterDb_DatabaseNotExist_ignored" classname="org.apache.flink.table.catalog.hive.HiveCatalogHiveMetadataTest" time="0.003"/>
  <testcase name="testAlterPartition_PartitionNotExist" classname="org.apache.flink.table.catalog.hive.HiveCatalogHiveMetadataTest" time="0.098"/>
  <testcase name="testGetDb_DatabaseNotExistException" classname="org.apache.flink.table.catalog.hive.HiveCatalogHiveMetadataTest" time="0.002"/>
  <testcase name="testPartitionExists" classname="org.apache.flink.table.catalog.hive.HiveCatalogHiveMetadataTest" time="0.348"/>
  <testcase name="testListPartitionPartialSpec" classname="org.apache.flink.table.catalog.hive.HiveCatalogHiveMetadataTest" time="0.508"/>
  <testcase name="testAlterPartition_TableNotPartitioned" classname="org.apache.flink.table.catalog.hive.HiveCatalogHiveMetadataTest" time="0.143"/>
  <testcase name="testDropFunction_FunctionNotExist_ignored" classname="org.apache.flink.table.catalog.hive.HiveCatalogHiveMetadataTest" time="0.04"/>
  <testcase name="testListView" classname="org.apache.flink.table.catalog.hive.HiveCatalogHiveMetadataTest" time="0.152"/>
  <testcase name="testDbExists" classname="org.apache.flink.table.catalog.hive.HiveCatalogHiveMetadataTest" time="0.065"/>
  <testcase name="testDropPartition_PartitionNotExist" classname="org.apache.flink.table.catalog.hive.HiveCatalogHiveMetadataTest" time="0.189"/>
</testsuite>