<?xml version="1.0" encoding="UTF-8"?>
<testsuite xmlns:xsi="http://www.w3.org/2001/XMLSchema-instance" xsi:noNamespaceSchemaLocation="https://maven.apache.org/surefire/maven-surefire-plugin/xsd/surefire-test-report.xsd" name="org.apache.flink.table.runtime.typeutils.ExternalSerializerTest" time="3.822" tests="80" errors="0" skipped="0" failures="0">
  <properties>
    <property name="gopherProxySet" value="false"/>
    <property name="awt.toolkit" value="sun.lwawt.macosx.LWCToolkit"/>
    <property name="file.encoding.pkg" value="sun.io"/>
    <property name="java.specification.version" value="1.8"/>
    <property name="forkNumber" value="02"/>
    <property name="sun.cpu.isalist" value=""/>
    <property name="sun.jnu.encoding" value="UTF-8"/>
    <property name="java.class.path" value="/Users/liuzhiwei/ideapro/flink-1.14.4/flink-table/flink-table-runtime/target/test-classes:/Users/liuzhiwei/ideapro/flink-1.14.4/flink-table/flink-table-runtime/target/classes:/Users/liuzhiwei/ideapro/flink-1.14.4/flink-table/flink-table-common/target/flink-table-common-1.14.4.jar:/Users/liuzhiwei/ideapro/flink-1.14.4/flink-core/target/flink-core-1.14.4.jar:/Users/liuzhiwei/ideapro/flink-1.14.4/flink-connectors/flink-connector-files/target/flink-connector-files-1.14.4.jar:/Users/liuzhiwei/ideapro/flink-1.14.4/flink-connectors/flink-connector-base/target/flink-connector-base-1.14.4.jar:/Users/liuzhiwei/.m2/repository/org/apache/flink/flink-shaded-asm-7/7.1-14.0/flink-shaded-asm-7-7.1-14.0.jar:/Users/liuzhiwei/ideapro/flink-1.14.4/flink-table/flink-table-api-java/target/flink-table-api-java-1.14.4.jar:/Users/liuzhiwei/ideapro/flink-1.14.4/flink-table/flink-table-api-java-bridge/target/flink-table-api-java-bridge_2.11-1.14.4.jar:/Users/liuzhiwei/ideapro/flink-1.14.4/flink-java/target/flink-java-1.14.4.jar:/Users/liuzhiwei/ideapro/flink-1.14.4/flink-table/flink-table-code-splitter/target/flink-table-code-splitter-1.14.4.jar:/Users/liuzhiwei/.m2/repository/org/antlr/antlr4-runtime/4.7/antlr4-runtime-4.7.jar:/Users/liuzhiwei/ideapro/flink-1.14.4/flink-streaming-java/target/flink-streaming-java_2.11-1.14.4.jar:/Users/liuzhiwei/ideapro/flink-1.14.4/flink-connectors/flink-file-sink-common/target/flink-file-sink-common-1.14.4.jar:/Users/liuzhiwei/ideapro/flink-1.14.4/flink-runtime/target/flink-runtime-1.14.4.jar:/Users/liuzhiwei/ideapro/flink-1.14.4/flink-rpc/flink-rpc-core/target/flink-rpc-core-1.14.4.jar:/Users/liuzhiwei/ideapro/flink-1.14.4/flink-rpc/flink-rpc-akka-loader/target/flink-rpc-akka-loader-1.14.4.jar:/Users/liuzhiwei/ideapro/flink-1.14.4/flink-queryable-state/flink-queryable-state-client-java/target/flink-queryable-state-client-java-1.14.4.jar:/Users/liuzhiwei/ideapro/flink-1.14.4/flink-filesystems/flink-hadoop-fs/target/flink-hadoop-fs-1.14.4.jar:/Users/liuzhiwei/.m2/repository/commons-io/commons-io/2.8.0/commons-io-2.8.0.jar:/Users/liuzhiwei/.m2/repository/org/apache/flink/flink-shaded-netty/4.1.65.Final-14.0/flink-shaded-netty-4.1.65.Final-14.0.jar:/Users/liuzhiwei/.m2/repository/org/apache/flink/flink-shaded-jackson/2.12.4-14.0/flink-shaded-jackson-2.12.4-14.0.jar:/Users/liuzhiwei/.m2/repository/org/apache/flink/flink-shaded-zookeeper-3/3.4.14-14.0/flink-shaded-zookeeper-3-3.4.14-14.0.jar:/Users/liuzhiwei/.m2/repository/commons-cli/commons-cli/1.3.1/commons-cli-1.3.1.jar:/Users/liuzhiwei/.m2/repository/org/javassist/javassist/3.24.0-GA/javassist-3.24.0-GA.jar:/Users/liuzhiwei/.m2/repository/org/xerial/snappy/snappy-java/1.1.8.3/snappy-java-1.1.8.3.jar:/Users/liuzhiwei/.m2/repository/org/lz4/lz4-java/1.8.0/lz4-java-1.8.0.jar:/Users/liuzhiwei/.m2/repository/org/apache/flink/flink-shaded-guava/30.1.1-jre-14.0/flink-shaded-guava-30.1.1-jre-14.0.jar:/Users/liuzhiwei/.m2/repository/org/apache/commons/commons-math3/3.5/commons-math3-3.5.jar:/Users/liuzhiwei/ideapro/flink-1.14.4/flink-libraries/flink-cep/target/flink-cep_2.11-1.14.4.jar:/Users/liuzhiwei/ideapro/flink-1.14.4/flink-scala/target/flink-scala_2.11-1.14.4.jar:/Users/liuzhiwei/.m2/repository/org/scala-lang/scala-reflect/2.11.12/scala-reflect-2.11.12.jar:/Users/liuzhiwei/.m2/repository/org/scala-lang/scala-library/2.11.12/scala-library-2.11.12.jar:/Users/liuzhiwei/.m2/repository/org/scala-lang/scala-compiler/2.11.12/scala-compiler-2.11.12.jar:/Users/liuzhiwei/.m2/repository/org/scala-lang/modules/scala-xml_2.11/1.0.5/scala-xml_2.11-1.0.5.jar:/Users/liuzhiwei/.m2/repository/org/scala-lang/modules/scala-parser-combinators_2.11/1.1.1/scala-parser-combinators_2.11-1.1.1.jar:/Users/liuzhiwei/.m2/repository/com/twitter/chill_2.11/0.7.6/chill_2.11-0.7.6.jar:/Users/liuzhiwei/.m2/repository/com/twitter/chill-java/0.7.6/chill-java-0.7.6.jar:/Users/liuzhiwei/.m2/repository/org/codehaus/janino/janino/3.0.11/janino-3.0.11.jar:/Users/liuzhiwei/.m2/repository/org/codehaus/janino/commons-compiler/3.0.11/commons-compiler-3.0.11.jar:/Users/liuzhiwei/.m2/repository/org/apache/calcite/avatica/avatica-core/1.17.0/avatica-core-1.17.0.jar:/Users/liuzhiwei/ideapro/flink-1.14.4/flink-core/target/flink-core-1.14.4-tests.jar:/Users/liuzhiwei/ideapro/flink-1.14.4/flink-annotations/target/flink-annotations-1.14.4.jar:/Users/liuzhiwei/ideapro/flink-1.14.4/flink-metrics/flink-metrics-core/target/flink-metrics-core-1.14.4.jar:/Users/liuzhiwei/.m2/repository/org/apache/commons/commons-lang3/3.3.2/commons-lang3-3.3.2.jar:/Users/liuzhiwei/.m2/repository/com/esotericsoftware/kryo/kryo/2.24.0/kryo-2.24.0.jar:/Users/liuzhiwei/.m2/repository/com/esotericsoftware/minlog/minlog/1.2/minlog-1.2.jar:/Users/liuzhiwei/.m2/repository/commons-collections/commons-collections/3.2.2/commons-collections-3.2.2.jar:/Users/liuzhiwei/.m2/repository/org/apache/commons/commons-compress/1.21/commons-compress-1.21.jar:/Users/liuzhiwei/ideapro/flink-1.14.4/flink-test-utils-parent/flink-test-utils/target/flink-test-utils_2.11-1.14.4.jar:/Users/liuzhiwei/ideapro/flink-1.14.4/flink-test-utils-parent/flink-test-utils-junit/target/flink-test-utils-junit-1.14.4.jar:/Users/liuzhiwei/ideapro/flink-1.14.4/flink-runtime/target/flink-runtime-1.14.4-tests.jar:/Users/liuzhiwei/ideapro/flink-1.14.4/flink-rpc/flink-rpc-akka-loader/target/flink-rpc-akka-loader-1.14.4-tests.jar:/Users/liuzhiwei/ideapro/flink-1.14.4/flink-clients/target/flink-clients_2.11-1.14.4.jar:/Users/liuzhiwei/ideapro/flink-1.14.4/flink-optimizer/target/flink-optimizer-1.14.4.jar:/Users/liuzhiwei/.m2/repository/io/netty/netty/3.10.6.Final/netty-3.10.6.Final.jar:/Users/liuzhiwei/.m2/repository/org/apache/curator/curator-test/2.12.0/curator-test-2.12.0.jar:/Users/liuzhiwei/.m2/repository/org/apache/zookeeper/zookeeper/3.4.14/zookeeper-3.4.14.jar:/Users/liuzhiwei/.m2/repository/com/github/spotbugs/spotbugs-annotations/3.1.9/spotbugs-annotations-3.1.9.jar:/Users/liuzhiwei/.m2/repository/org/apache/yetus/audience-annotations/0.5.0/audience-annotations-0.5.0.jar:/Users/liuzhiwei/.m2/repository/com/google/guava/guava/29.0-jre/guava-29.0-jre.jar:/Users/liuzhiwei/.m2/repository/com/google/guava/failureaccess/1.0.1/failureaccess-1.0.1.jar:/Users/liuzhiwei/.m2/repository/com/google/guava/listenablefuture/9999.0-empty-to-avoid-conflict-with-guava/listenablefuture-9999.0-empty-to-avoid-conflict-with-guava.jar:/Users/liuzhiwei/.m2/repository/org/checkerframework/checker-qual/2.11.1/checker-qual-2.11.1.jar:/Users/liuzhiwei/.m2/repository/com/google/errorprone/error_prone_annotations/2.3.4/error_prone_annotations-2.3.4.jar:/Users/liuzhiwei/.m2/repository/com/google/j2objc/j2objc-annotations/1.3/j2objc-annotations-1.3.jar:/Users/liuzhiwei/ideapro/flink-1.14.4/flink-state-backends/flink-statebackend-changelog/target/flink-statebackend-changelog-1.14.4.jar:/Users/liuzhiwei/ideapro/flink-1.14.4/flink-streaming-java/target/flink-streaming-java_2.11-1.14.4-tests.jar:/Users/liuzhiwei/ideapro/flink-1.14.4/flink-table/flink-table-common/target/flink-table-common-1.14.4-tests.jar:/Users/liuzhiwei/.m2/repository/org/apache/flink/flink-shaded-force-shading/14.0/flink-shaded-force-shading-14.0.jar:/Users/liuzhiwei/.m2/repository/org/slf4j/slf4j-api/1.7.15/slf4j-api-1.7.15.jar:/Users/liuzhiwei/.m2/repository/com/google/code/findbugs/jsr305/1.3.9/jsr305-1.3.9.jar:/Users/liuzhiwei/.m2/repository/org/junit/jupiter/junit-jupiter/5.7.2/junit-jupiter-5.7.2.jar:/Users/liuzhiwei/.m2/repository/org/junit/jupiter/junit-jupiter-api/5.7.2/junit-jupiter-api-5.7.2.jar:/Users/liuzhiwei/.m2/repository/org/opentest4j/opentest4j/1.2.0/opentest4j-1.2.0.jar:/Users/liuzhiwei/.m2/repository/org/junit/platform/junit-platform-commons/1.7.2/junit-platform-commons-1.7.2.jar:/Users/liuzhiwei/.m2/repository/org/junit/jupiter/junit-jupiter-params/5.7.2/junit-jupiter-params-5.7.2.jar:/Users/liuzhiwei/.m2/repository/org/junit/jupiter/junit-jupiter-engine/5.7.2/junit-jupiter-engine-5.7.2.jar:/Users/liuzhiwei/.m2/repository/org/junit/vintage/junit-vintage-engine/5.7.2/junit-vintage-engine-5.7.2.jar:/Users/liuzhiwei/.m2/repository/org/apiguardian/apiguardian-api/1.1.0/apiguardian-api-1.1.0.jar:/Users/liuzhiwei/.m2/repository/org/junit/platform/junit-platform-engine/1.7.2/junit-platform-engine-1.7.2.jar:/Users/liuzhiwei/.m2/repository/junit/junit/4.13.2/junit-4.13.2.jar:/Users/liuzhiwei/.m2/repository/org/mockito/mockito-core/2.21.0/mockito-core-2.21.0.jar:/Users/liuzhiwei/.m2/repository/net/bytebuddy/byte-buddy/1.8.22/byte-buddy-1.8.22.jar:/Users/liuzhiwei/.m2/repository/net/bytebuddy/byte-buddy-agent/1.8.22/byte-buddy-agent-1.8.22.jar:/Users/liuzhiwei/.m2/repository/org/objenesis/objenesis/2.1/objenesis-2.1.jar:/Users/liuzhiwei/.m2/repository/org/powermock/powermock-module-junit4/2.0.4/powermock-module-junit4-2.0.4.jar:/Users/liuzhiwei/.m2/repository/org/powermock/powermock-module-junit4-common/2.0.4/powermock-module-junit4-common-2.0.4.jar:/Users/liuzhiwei/.m2/repository/org/powermock/powermock-reflect/2.0.4/powermock-reflect-2.0.4.jar:/Users/liuzhiwei/.m2/repository/org/powermock/powermock-core/2.0.4/powermock-core-2.0.4.jar:/Users/liuzhiwei/.m2/repository/org/hamcrest/hamcrest-core/1.3/hamcrest-core-1.3.jar:/Users/liuzhiwei/.m2/repository/org/powermock/powermock-api-mockito2/2.0.4/powermock-api-mockito2-2.0.4.jar:/Users/liuzhiwei/.m2/repository/org/powermock/powermock-api-support/2.0.4/powermock-api-support-2.0.4.jar:/Users/liuzhiwei/.m2/repository/org/hamcrest/hamcrest-all/1.3/hamcrest-all-1.3.jar:/Users/liuzhiwei/.m2/repository/org/apache/logging/log4j/log4j-slf4j-impl/2.17.1/log4j-slf4j-impl-2.17.1.jar:/Users/liuzhiwei/.m2/repository/org/apache/logging/log4j/log4j-api/2.17.1/log4j-api-2.17.1.jar:/Users/liuzhiwei/.m2/repository/org/apache/logging/log4j/log4j-core/2.17.1/log4j-core-2.17.1.jar:/Users/liuzhiwei/.m2/repository/org/apache/logging/log4j/log4j-1.2-api/2.17.1/log4j-1.2-api-2.17.1.jar:"/>
    <property name="java.vm.vendor" value="Oracle Corporation"/>
    <property name="hadoop.version" value="2.4.1"/>
    <property name="sun.arch.data.model" value="64"/>
    <property name="java.vendor.url" value="http://java.oracle.com/"/>
    <property name="user.timezone" value=""/>
    <property name="os.name" value="Mac OS X"/>
    <property name="java.vm.specification.version" value="1.8"/>
    <property name="user.country" value="US"/>
    <property name="sun.java.launcher" value="SUN_STANDARD"/>
    <property name="sun.boot.library.path" value="/Library/Java/JavaVirtualMachines/jdk1.8.0_311.jdk/Contents/Home/jre/lib"/>
    <property name="project.basedir" value="/Users/liuzhiwei/ideapro/flink-1.14.4/flink-table/flink-table-runtime"/>
    <property name="sun.java.command" value="/Users/liuzhiwei/ideapro/flink-1.14.4/flink-table/flink-table-runtime/target/surefire/surefirebooter643389395978721153.jar /Users/liuzhiwei/ideapro/flink-1.14.4/flink-table/flink-table-runtime/target/surefire 2022-06-10T17-37-14_312-jvmRun2 surefire4728022808678132007tmp surefire_1252335040765286515246tmp"/>
    <property name="http.nonProxyHosts" value="local|*.local|169.254/16|*.169.254/16"/>
    <property name="surefire.test.class.path" value="/Users/liuzhiwei/ideapro/flink-1.14.4/flink-table/flink-table-runtime/target/test-classes:/Users/liuzhiwei/ideapro/flink-1.14.4/flink-table/flink-table-runtime/target/classes:/Users/liuzhiwei/ideapro/flink-1.14.4/flink-table/flink-table-common/target/flink-table-common-1.14.4.jar:/Users/liuzhiwei/ideapro/flink-1.14.4/flink-core/target/flink-core-1.14.4.jar:/Users/liuzhiwei/ideapro/flink-1.14.4/flink-connectors/flink-connector-files/target/flink-connector-files-1.14.4.jar:/Users/liuzhiwei/ideapro/flink-1.14.4/flink-connectors/flink-connector-base/target/flink-connector-base-1.14.4.jar:/Users/liuzhiwei/.m2/repository/org/apache/flink/flink-shaded-asm-7/7.1-14.0/flink-shaded-asm-7-7.1-14.0.jar:/Users/liuzhiwei/ideapro/flink-1.14.4/flink-table/flink-table-api-java/target/flink-table-api-java-1.14.4.jar:/Users/liuzhiwei/ideapro/flink-1.14.4/flink-table/flink-table-api-java-bridge/target/flink-table-api-java-bridge_2.11-1.14.4.jar:/Users/liuzhiwei/ideapro/flink-1.14.4/flink-java/target/flink-java-1.14.4.jar:/Users/liuzhiwei/ideapro/flink-1.14.4/flink-table/flink-table-code-splitter/target/flink-table-code-splitter-1.14.4.jar:/Users/liuzhiwei/.m2/repository/org/antlr/antlr4-runtime/4.7/antlr4-runtime-4.7.jar:/Users/liuzhiwei/ideapro/flink-1.14.4/flink-streaming-java/target/flink-streaming-java_2.11-1.14.4.jar:/Users/liuzhiwei/ideapro/flink-1.14.4/flink-connectors/flink-file-sink-common/target/flink-file-sink-common-1.14.4.jar:/Users/liuzhiwei/ideapro/flink-1.14.4/flink-runtime/target/flink-runtime-1.14.4.jar:/Users/liuzhiwei/ideapro/flink-1.14.4/flink-rpc/flink-rpc-core/target/flink-rpc-core-1.14.4.jar:/Users/liuzhiwei/ideapro/flink-1.14.4/flink-rpc/flink-rpc-akka-loader/target/flink-rpc-akka-loader-1.14.4.jar:/Users/liuzhiwei/ideapro/flink-1.14.4/flink-queryable-state/flink-queryable-state-client-java/target/flink-queryable-state-client-java-1.14.4.jar:/Users/liuzhiwei/ideapro/flink-1.14.4/flink-filesystems/flink-hadoop-fs/target/flink-hadoop-fs-1.14.4.jar:/Users/liuzhiwei/.m2/repository/commons-io/commons-io/2.8.0/commons-io-2.8.0.jar:/Users/liuzhiwei/.m2/repository/org/apache/flink/flink-shaded-netty/4.1.65.Final-14.0/flink-shaded-netty-4.1.65.Final-14.0.jar:/Users/liuzhiwei/.m2/repository/org/apache/flink/flink-shaded-jackson/2.12.4-14.0/flink-shaded-jackson-2.12.4-14.0.jar:/Users/liuzhiwei/.m2/repository/org/apache/flink/flink-shaded-zookeeper-3/3.4.14-14.0/flink-shaded-zookeeper-3-3.4.14-14.0.jar:/Users/liuzhiwei/.m2/repository/commons-cli/commons-cli/1.3.1/commons-cli-1.3.1.jar:/Users/liuzhiwei/.m2/repository/org/javassist/javassist/3.24.0-GA/javassist-3.24.0-GA.jar:/Users/liuzhiwei/.m2/repository/org/xerial/snappy/snappy-java/1.1.8.3/snappy-java-1.1.8.3.jar:/Users/liuzhiwei/.m2/repository/org/lz4/lz4-java/1.8.0/lz4-java-1.8.0.jar:/Users/liuzhiwei/.m2/repository/org/apache/flink/flink-shaded-guava/30.1.1-jre-14.0/flink-shaded-guava-30.1.1-jre-14.0.jar:/Users/liuzhiwei/.m2/repository/org/apache/commons/commons-math3/3.5/commons-math3-3.5.jar:/Users/liuzhiwei/ideapro/flink-1.14.4/flink-libraries/flink-cep/target/flink-cep_2.11-1.14.4.jar:/Users/liuzhiwei/ideapro/flink-1.14.4/flink-scala/target/flink-scala_2.11-1.14.4.jar:/Users/liuzhiwei/.m2/repository/org/scala-lang/scala-reflect/2.11.12/scala-reflect-2.11.12.jar:/Users/liuzhiwei/.m2/repository/org/scala-lang/scala-library/2.11.12/scala-library-2.11.12.jar:/Users/liuzhiwei/.m2/repository/org/scala-lang/scala-compiler/2.11.12/scala-compiler-2.11.12.jar:/Users/liuzhiwei/.m2/repository/org/scala-lang/modules/scala-xml_2.11/1.0.5/scala-xml_2.11-1.0.5.jar:/Users/liuzhiwei/.m2/repository/org/scala-lang/modules/scala-parser-combinators_2.11/1.1.1/scala-parser-combinators_2.11-1.1.1.jar:/Users/liuzhiwei/.m2/repository/com/twitter/chill_2.11/0.7.6/chill_2.11-0.7.6.jar:/Users/liuzhiwei/.m2/repository/com/twitter/chill-java/0.7.6/chill-java-0.7.6.jar:/Users/liuzhiwei/.m2/repository/org/codehaus/janino/janino/3.0.11/janino-3.0.11.jar:/Users/liuzhiwei/.m2/repository/org/codehaus/janino/commons-compiler/3.0.11/commons-compiler-3.0.11.jar:/Users/liuzhiwei/.m2/repository/org/apache/calcite/avatica/avatica-core/1.17.0/avatica-core-1.17.0.jar:/Users/liuzhiwei/ideapro/flink-1.14.4/flink-core/target/flink-core-1.14.4-tests.jar:/Users/liuzhiwei/ideapro/flink-1.14.4/flink-annotations/target/flink-annotations-1.14.4.jar:/Users/liuzhiwei/ideapro/flink-1.14.4/flink-metrics/flink-metrics-core/target/flink-metrics-core-1.14.4.jar:/Users/liuzhiwei/.m2/repository/org/apache/commons/commons-lang3/3.3.2/commons-lang3-3.3.2.jar:/Users/liuzhiwei/.m2/repository/com/esotericsoftware/kryo/kryo/2.24.0/kryo-2.24.0.jar:/Users/liuzhiwei/.m2/repository/com/esotericsoftware/minlog/minlog/1.2/minlog-1.2.jar:/Users/liuzhiwei/.m2/repository/commons-collections/commons-collections/3.2.2/commons-collections-3.2.2.jar:/Users/liuzhiwei/.m2/repository/org/apache/commons/commons-compress/1.21/commons-compress-1.21.jar:/Users/liuzhiwei/ideapro/flink-1.14.4/flink-test-utils-parent/flink-test-utils/target/flink-test-utils_2.11-1.14.4.jar:/Users/liuzhiwei/ideapro/flink-1.14.4/flink-test-utils-parent/flink-test-utils-junit/target/flink-test-utils-junit-1.14.4.jar:/Users/liuzhiwei/ideapro/flink-1.14.4/flink-runtime/target/flink-runtime-1.14.4-tests.jar:/Users/liuzhiwei/ideapro/flink-1.14.4/flink-rpc/flink-rpc-akka-loader/target/flink-rpc-akka-loader-1.14.4-tests.jar:/Users/liuzhiwei/ideapro/flink-1.14.4/flink-clients/target/flink-clients_2.11-1.14.4.jar:/Users/liuzhiwei/ideapro/flink-1.14.4/flink-optimizer/target/flink-optimizer-1.14.4.jar:/Users/liuzhiwei/.m2/repository/io/netty/netty/3.10.6.Final/netty-3.10.6.Final.jar:/Users/liuzhiwei/.m2/repository/org/apache/curator/curator-test/2.12.0/curator-test-2.12.0.jar:/Users/liuzhiwei/.m2/repository/org/apache/zookeeper/zookeeper/3.4.14/zookeeper-3.4.14.jar:/Users/liuzhiwei/.m2/repository/com/github/spotbugs/spotbugs-annotations/3.1.9/spotbugs-annotations-3.1.9.jar:/Users/liuzhiwei/.m2/repository/org/apache/yetus/audience-annotations/0.5.0/audience-annotations-0.5.0.jar:/Users/liuzhiwei/.m2/repository/com/google/guava/guava/29.0-jre/guava-29.0-jre.jar:/Users/liuzhiwei/.m2/repository/com/google/guava/failureaccess/1.0.1/failureaccess-1.0.1.jar:/Users/liuzhiwei/.m2/repository/com/google/guava/listenablefuture/9999.0-empty-to-avoid-conflict-with-guava/listenablefuture-9999.0-empty-to-avoid-conflict-with-guava.jar:/Users/liuzhiwei/.m2/repository/org/checkerframework/checker-qual/2.11.1/checker-qual-2.11.1.jar:/Users/liuzhiwei/.m2/repository/com/google/errorprone/error_prone_annotations/2.3.4/error_prone_annotations-2.3.4.jar:/Users/liuzhiwei/.m2/repository/com/google/j2objc/j2objc-annotations/1.3/j2objc-annotations-1.3.jar:/Users/liuzhiwei/ideapro/flink-1.14.4/flink-state-backends/flink-statebackend-changelog/target/flink-statebackend-changelog-1.14.4.jar:/Users/liuzhiwei/ideapro/flink-1.14.4/flink-streaming-java/target/flink-streaming-java_2.11-1.14.4-tests.jar:/Users/liuzhiwei/ideapro/flink-1.14.4/flink-table/flink-table-common/target/flink-table-common-1.14.4-tests.jar:/Users/liuzhiwei/.m2/repository/org/apache/flink/flink-shaded-force-shading/14.0/flink-shaded-force-shading-14.0.jar:/Users/liuzhiwei/.m2/repository/org/slf4j/slf4j-api/1.7.15/slf4j-api-1.7.15.jar:/Users/liuzhiwei/.m2/repository/com/google/code/findbugs/jsr305/1.3.9/jsr305-1.3.9.jar:/Users/liuzhiwei/.m2/repository/org/junit/jupiter/junit-jupiter/5.7.2/junit-jupiter-5.7.2.jar:/Users/liuzhiwei/.m2/repository/org/junit/jupiter/junit-jupiter-api/5.7.2/junit-jupiter-api-5.7.2.jar:/Users/liuzhiwei/.m2/repository/org/opentest4j/opentest4j/1.2.0/opentest4j-1.2.0.jar:/Users/liuzhiwei/.m2/repository/org/junit/platform/junit-platform-commons/1.7.2/junit-platform-commons-1.7.2.jar:/Users/liuzhiwei/.m2/repository/org/junit/jupiter/junit-jupiter-params/5.7.2/junit-jupiter-params-5.7.2.jar:/Users/liuzhiwei/.m2/repository/org/junit/jupiter/junit-jupiter-engine/5.7.2/junit-jupiter-engine-5.7.2.jar:/Users/liuzhiwei/.m2/repository/org/junit/vintage/junit-vintage-engine/5.7.2/junit-vintage-engine-5.7.2.jar:/Users/liuzhiwei/.m2/repository/org/apiguardian/apiguardian-api/1.1.0/apiguardian-api-1.1.0.jar:/Users/liuzhiwei/.m2/repository/org/junit/platform/junit-platform-engine/1.7.2/junit-platform-engine-1.7.2.jar:/Users/liuzhiwei/.m2/repository/junit/junit/4.13.2/junit-4.13.2.jar:/Users/liuzhiwei/.m2/repository/org/mockito/mockito-core/2.21.0/mockito-core-2.21.0.jar:/Users/liuzhiwei/.m2/repository/net/bytebuddy/byte-buddy/1.8.22/byte-buddy-1.8.22.jar:/Users/liuzhiwei/.m2/repository/net/bytebuddy/byte-buddy-agent/1.8.22/byte-buddy-agent-1.8.22.jar:/Users/liuzhiwei/.m2/repository/org/objenesis/objenesis/2.1/objenesis-2.1.jar:/Users/liuzhiwei/.m2/repository/org/powermock/powermock-module-junit4/2.0.4/powermock-module-junit4-2.0.4.jar:/Users/liuzhiwei/.m2/repository/org/powermock/powermock-module-junit4-common/2.0.4/powermock-module-junit4-common-2.0.4.jar:/Users/liuzhiwei/.m2/repository/org/powermock/powermock-reflect/2.0.4/powermock-reflect-2.0.4.jar:/Users/liuzhiwei/.m2/repository/org/powermock/powermock-core/2.0.4/powermock-core-2.0.4.jar:/Users/liuzhiwei/.m2/repository/org/hamcrest/hamcrest-core/1.3/hamcrest-core-1.3.jar:/Users/liuzhiwei/.m2/repository/org/powermock/powermock-api-mockito2/2.0.4/powermock-api-mockito2-2.0.4.jar:/Users/liuzhiwei/.m2/repository/org/powermock/powermock-api-support/2.0.4/powermock-api-support-2.0.4.jar:/Users/liuzhiwei/.m2/repository/org/hamcrest/hamcrest-all/1.3/hamcrest-all-1.3.jar:/Users/liuzhiwei/.m2/repository/org/apache/logging/log4j/log4j-slf4j-impl/2.17.1/log4j-slf4j-impl-2.17.1.jar:/Users/liuzhiwei/.m2/repository/org/apache/logging/log4j/log4j-api/2.17.1/log4j-api-2.17.1.jar:/Users/liuzhiwei/.m2/repository/org/apache/logging/log4j/log4j-core/2.17.1/log4j-core-2.17.1.jar:/Users/liuzhiwei/.m2/repository/org/apache/logging/log4j/log4j-1.2-api/2.17.1/log4j-1.2-api-2.17.1.jar:"/>
    <property name="sun.cpu.endian" value="little"/>
    <property name="user.home" value="/Users/liuzhiwei"/>
    <property name="user.language" value="en"/>
    <property name="java.specification.vendor" value="Oracle Corporation"/>
    <property name="java.home" value="/Library/Java/JavaVirtualMachines/jdk1.8.0_311.jdk/Contents/Home/jre"/>
    <property name="basedir" value="/Users/liuzhiwei/ideapro/flink-1.14.4/flink-table/flink-table-runtime"/>
    <property name="file.separator" value="/"/>
    <property name="line.separator" value="&#10;"/>
    <property name="java.vm.specification.vendor" value="Oracle Corporation"/>
    <property name="java.specification.name" value="Java Platform API Specification"/>
    <property name="java.awt.graphicsenv" value="sun.awt.CGraphicsEnvironment"/>
    <property name="test.randomization.seed" value=""/>
    <property name="mvn.forkNumber" value="2"/>
    <property name="surefire.real.class.path" value="/Users/liuzhiwei/ideapro/flink-1.14.4/flink-table/flink-table-runtime/target/surefire/surefirebooter643389395978721153.jar"/>
    <property name="buffer-debloat.randomization" value="true"/>
    <property name="sun.boot.class.path" value="/Library/Java/JavaVirtualMachines/jdk1.8.0_311.jdk/Contents/Home/jre/lib/resources.jar:/Library/Java/JavaVirtualMachines/jdk1.8.0_311.jdk/Contents/Home/jre/lib/rt.jar:/Library/Java/JavaVirtualMachines/jdk1.8.0_311.jdk/Contents/Home/jre/lib/sunrsasign.jar:/Library/Java/JavaVirtualMachines/jdk1.8.0_311.jdk/Contents/Home/jre/lib/jsse.jar:/Library/Java/JavaVirtualMachines/jdk1.8.0_311.jdk/Contents/Home/jre/lib/jce.jar:/Library/Java/JavaVirtualMachines/jdk1.8.0_311.jdk/Contents/Home/jre/lib/charsets.jar:/Library/Java/JavaVirtualMachines/jdk1.8.0_311.jdk/Contents/Home/jre/lib/jfr.jar:/Library/Java/JavaVirtualMachines/jdk1.8.0_311.jdk/Contents/Home/jre/classes"/>
    <property name="checkpointing.changelog" value="unset"/>
    <property name="sun.management.compiler" value="HotSpot 64-Bit Tiered Compilers"/>
    <property name="ftp.nonProxyHosts" value="local|*.local|169.254/16|*.169.254/16"/>
    <property name="java.runtime.version" value="1.8.0_311-b11"/>
    <property name="user.name" value="liuzhiwei"/>
    <property name="path.separator" value=":"/>
    <property name="os.version" value="10.16"/>
    <property name="java.endorsed.dirs" value="/Library/Java/JavaVirtualMachines/jdk1.8.0_311.jdk/Contents/Home/jre/lib/endorsed"/>
    <property name="java.runtime.name" value="Java(TM) SE Runtime Environment"/>
    <property name="file.encoding" value="UTF-8"/>
    <property name="java.vm.name" value="Java HotSpot(TM) 64-Bit Server VM"/>
    <property name="localRepository" value="/Users/liuzhiwei/.m2/repository"/>
    <property name="java.vendor.url.bug" value="http://bugreport.sun.com/bugreport/"/>
    <property name="java.io.tmpdir" value="/var/folders/9v/knhh7l116z927rs422hz7g7r0000gn/T/"/>
    <property name="idea.version" value="2021.3.2"/>
    <property name="java.version" value="1.8.0_311"/>
    <property name="user.dir" value="/Users/liuzhiwei/ideapro/flink-1.14.4/flink-table/flink-table-runtime"/>
    <property name="os.arch" value="x86_64"/>
    <property name="java.vm.specification.name" value="Java Virtual Machine Specification"/>
    <property name="java.awt.printerjob" value="sun.lwawt.macosx.CPrinterJob"/>
    <property name="sun.os.patch.level" value="unknown"/>
    <property name="checkpointing.randomization" value="true"/>
    <property name="java.library.path" value="/Users/liuzhiwei/Library/Java/Extensions:/Library/Java/Extensions:/Network/Library/Java/Extensions:/System/Library/Java/Extensions:/usr/lib/java:."/>
    <property name="java.vm.info" value="mixed mode"/>
    <property name="java.vendor" value="Oracle Corporation"/>
    <property name="java.vm.version" value="25.311-b11"/>
    <property name="java.ext.dirs" value="/Users/liuzhiwei/Library/Java/Extensions:/Library/Java/JavaVirtualMachines/jdk1.8.0_311.jdk/Contents/Home/jre/lib/ext:/Library/Java/Extensions:/Network/Library/Java/Extensions:/System/Library/Java/Extensions:/usr/lib/java"/>
    <property name="sun.io.unicode.encoding" value="UnicodeBig"/>
    <property name="maven.repo.local" value="/Users/liuzhiwei/.m2/repository"/>
    <property name="java.class.version" value="52.0"/>
    <property name="socksNonProxyHosts" value="local|*.local|169.254/16|*.169.254/16"/>
  </properties>
  <testcase name="testSerializeAsSequenceReusingValues[0: INT]" classname="org.apache.flink.table.runtime.typeutils.ExternalSerializerTest" time="0.013"/>
  <testcase name="testNullability[0: INT]" classname="org.apache.flink.table.runtime.typeutils.ExternalSerializerTest" time="0.002"/>
  <testcase name="testCopy[0: INT]" classname="org.apache.flink.table.runtime.typeutils.ExternalSerializerTest" time="0"/>
  <testcase name="testSerializedCopyIndividually[0: INT]" classname="org.apache.flink.table.runtime.typeutils.ExternalSerializerTest" time="0.001"/>
  <testcase name="testSerializabilityAndEquals[0: INT]" classname="org.apache.flink.table.runtime.typeutils.ExternalSerializerTest" time="0.044"/>
  <testcase name="testSerializeAsSequenceNoReuse[0: INT]" classname="org.apache.flink.table.runtime.typeutils.ExternalSerializerTest" time="0.003"/>
  <testcase name="testSerializeIndividuallyReusingValues[0: INT]" classname="org.apache.flink.table.runtime.typeutils.ExternalSerializerTest" time="0.001"/>
  <testcase name="testCopyIntoNewElements[0: INT]" classname="org.apache.flink.table.runtime.typeutils.ExternalSerializerTest" time="0"/>
  <testcase name="testCopyIntoReusedElements[0: INT]" classname="org.apache.flink.table.runtime.typeutils.ExternalSerializerTest" time="0"/>
  <testcase name="testConfigSnapshotInstantiation[0: INT]" classname="org.apache.flink.table.runtime.typeutils.ExternalSerializerTest" time="0.007"/>
  <testcase name="testSnapshotConfigurationAndReconfigure[0: INT]" classname="org.apache.flink.table.runtime.typeutils.ExternalSerializerTest" time="0.006"/>
  <testcase name="testSerializeIndividually[0: INT]" classname="org.apache.flink.table.runtime.typeutils.ExternalSerializerTest" time="0"/>
  <testcase name="testGetLength[0: INT]" classname="org.apache.flink.table.runtime.typeutils.ExternalSerializerTest" time="0"/>
  <testcase name="testInstantiate[0: INT]" classname="org.apache.flink.table.runtime.typeutils.ExternalSerializerTest" time="0"/>
  <testcase name="testSerializedCopyAsSequence[0: INT]" classname="org.apache.flink.table.runtime.typeutils.ExternalSerializerTest" time="0"/>
  <testcase name="testDuplicate[0: INT]" classname="org.apache.flink.table.runtime.typeutils.ExternalSerializerTest" time="0.165"/>
  <testcase name="testSerializeAsSequenceReusingValues[1: ROW&lt;`age` INT, `name` STRING&gt;]" classname="org.apache.flink.table.runtime.typeutils.ExternalSerializerTest" time="0.031"/>
  <testcase name="testNullability[1: ROW&lt;`age` INT, `name` STRING&gt;]" classname="org.apache.flink.table.runtime.typeutils.ExternalSerializerTest" time="0.003"/>
  <testcase name="testCopy[1: ROW&lt;`age` INT, `name` STRING&gt;]" classname="org.apache.flink.table.runtime.typeutils.ExternalSerializerTest" time="0.003"/>
  <testcase name="testSerializedCopyIndividually[1: ROW&lt;`age` INT, `name` STRING&gt;]" classname="org.apache.flink.table.runtime.typeutils.ExternalSerializerTest" time="0.007"/>
  <testcase name="testSerializabilityAndEquals[1: ROW&lt;`age` INT, `name` STRING&gt;]" classname="org.apache.flink.table.runtime.typeutils.ExternalSerializerTest" time="0.149"/>
  <testcase name="testSerializeAsSequenceNoReuse[1: ROW&lt;`age` INT, `name` STRING&gt;]" classname="org.apache.flink.table.runtime.typeutils.ExternalSerializerTest" time="0.009"/>
  <testcase name="testSerializeIndividuallyReusingValues[1: ROW&lt;`age` INT, `name` STRING&gt;]" classname="org.apache.flink.table.runtime.typeutils.ExternalSerializerTest" time="0.001"/>
  <testcase name="testCopyIntoNewElements[1: ROW&lt;`age` INT, `name` STRING&gt;]" classname="org.apache.flink.table.runtime.typeutils.ExternalSerializerTest" time="0.004"/>
  <testcase name="testCopyIntoReusedElements[1: ROW&lt;`age` INT, `name` STRING&gt;]" classname="org.apache.flink.table.runtime.typeutils.ExternalSerializerTest" time="0.002"/>
  <testcase name="testConfigSnapshotInstantiation[1: ROW&lt;`age` INT, `name` STRING&gt;]" classname="org.apache.flink.table.runtime.typeutils.ExternalSerializerTest" time="0.002"/>
  <testcase name="testSnapshotConfigurationAndReconfigure[1: ROW&lt;`age` INT, `name` STRING&gt;]" classname="org.apache.flink.table.runtime.typeutils.ExternalSerializerTest" time="0.009"/>
  <testcase name="testSerializeIndividually[1: ROW&lt;`age` INT, `name` STRING&gt;]" classname="org.apache.flink.table.runtime.typeutils.ExternalSerializerTest" time="0.003"/>
  <testcase name="testGetLength[1: ROW&lt;`age` INT, `name` STRING&gt;]" classname="org.apache.flink.table.runtime.typeutils.ExternalSerializerTest" time="0.001"/>
  <testcase name="testInstantiate[1: ROW&lt;`age` INT, `name` STRING&gt;]" classname="org.apache.flink.table.runtime.typeutils.ExternalSerializerTest" time="0.001"/>
  <testcase name="testSerializedCopyAsSequence[1: ROW&lt;`age` INT, `name` STRING&gt;]" classname="org.apache.flink.table.runtime.typeutils.ExternalSerializerTest" time="0.004"/>
  <testcase name="testDuplicate[1: ROW&lt;`age` INT, `name` STRING&gt;]" classname="org.apache.flink.table.runtime.typeutils.ExternalSerializerTest" time="0.156"/>
  <testcase name="testSerializeAsSequenceReusingValues[2: *org.apache.flink.table.runtime.typeutils.ExternalSerializerTest$ImmutableTestPojo&lt;`age` INT, `name` STRING&gt;*]" classname="org.apache.flink.table.runtime.typeutils.ExternalSerializerTest" time="0.164"/>
  <testcase name="testNullability[2: *org.apache.flink.table.runtime.typeutils.ExternalSerializerTest$ImmutableTestPojo&lt;`age` INT, `name` STRING&gt;*]" classname="org.apache.flink.table.runtime.typeutils.ExternalSerializerTest" time="0.123"/>
  <testcase name="testCopy[2: *org.apache.flink.table.runtime.typeutils.ExternalSerializerTest$ImmutableTestPojo&lt;`age` INT, `name` STRING&gt;*]" classname="org.apache.flink.table.runtime.typeutils.ExternalSerializerTest" time="0.033"/>
  <testcase name="testSerializedCopyIndividually[2: *org.apache.flink.table.runtime.typeutils.ExternalSerializerTest$ImmutableTestPojo&lt;`age` INT, `name` STRING&gt;*]" classname="org.apache.flink.table.runtime.typeutils.ExternalSerializerTest" time="0.074"/>
  <testcase name="testSerializabilityAndEquals[2: *org.apache.flink.table.runtime.typeutils.ExternalSerializerTest$ImmutableTestPojo&lt;`age` INT, `name` STRING&gt;*]" classname="org.apache.flink.table.runtime.typeutils.ExternalSerializerTest" time="0.174"/>
  <testcase name="testSerializeAsSequenceNoReuse[2: *org.apache.flink.table.runtime.typeutils.ExternalSerializerTest$ImmutableTestPojo&lt;`age` INT, `name` STRING&gt;*]" classname="org.apache.flink.table.runtime.typeutils.ExternalSerializerTest" time="0.026"/>
  <testcase name="testSerializeIndividuallyReusingValues[2: *org.apache.flink.table.runtime.typeutils.ExternalSerializerTest$ImmutableTestPojo&lt;`age` INT, `name` STRING&gt;*]" classname="org.apache.flink.table.runtime.typeutils.ExternalSerializerTest" time="0.046"/>
  <testcase name="testCopyIntoNewElements[2: *org.apache.flink.table.runtime.typeutils.ExternalSerializerTest$ImmutableTestPojo&lt;`age` INT, `name` STRING&gt;*]" classname="org.apache.flink.table.runtime.typeutils.ExternalSerializerTest" time="0.041"/>
  <testcase name="testCopyIntoReusedElements[2: *org.apache.flink.table.runtime.typeutils.ExternalSerializerTest$ImmutableTestPojo&lt;`age` INT, `name` STRING&gt;*]" classname="org.apache.flink.table.runtime.typeutils.ExternalSerializerTest" time="0.07"/>
  <testcase name="testConfigSnapshotInstantiation[2: *org.apache.flink.table.runtime.typeutils.ExternalSerializerTest$ImmutableTestPojo&lt;`age` INT, `name` STRING&gt;*]" classname="org.apache.flink.table.runtime.typeutils.ExternalSerializerTest" time="0.031"/>
  <testcase name="testSnapshotConfigurationAndReconfigure[2: *org.apache.flink.table.runtime.typeutils.ExternalSerializerTest$ImmutableTestPojo&lt;`age` INT, `name` STRING&gt;*]" classname="org.apache.flink.table.runtime.typeutils.ExternalSerializerTest" time="0.085"/>
  <testcase name="testSerializeIndividually[2: *org.apache.flink.table.runtime.typeutils.ExternalSerializerTest$ImmutableTestPojo&lt;`age` INT, `name` STRING&gt;*]" classname="org.apache.flink.table.runtime.typeutils.ExternalSerializerTest" time="0.109"/>
  <testcase name="testGetLength[2: *org.apache.flink.table.runtime.typeutils.ExternalSerializerTest$ImmutableTestPojo&lt;`age` INT, `name` STRING&gt;*]" classname="org.apache.flink.table.runtime.typeutils.ExternalSerializerTest" time="0.037"/>
  <testcase name="testInstantiate[2: *org.apache.flink.table.runtime.typeutils.ExternalSerializerTest$ImmutableTestPojo&lt;`age` INT, `name` STRING&gt;*]" classname="org.apache.flink.table.runtime.typeutils.ExternalSerializerTest" time="0.046"/>
  <testcase name="testSerializedCopyAsSequence[2: *org.apache.flink.table.runtime.typeutils.ExternalSerializerTest$ImmutableTestPojo&lt;`age` INT, `name` STRING&gt;*]" classname="org.apache.flink.table.runtime.typeutils.ExternalSerializerTest" time="0.047"/>
  <testcase name="testDuplicate[2: *org.apache.flink.table.runtime.typeutils.ExternalSerializerTest$ImmutableTestPojo&lt;`age` INT, `name` STRING&gt;*]" classname="org.apache.flink.table.runtime.typeutils.ExternalSerializerTest" time="0.826"/>
  <testcase name="testSerializeAsSequenceReusingValues[3: ARRAY&lt;*org.apache.flink.table.runtime.typeutils.ExternalSerializerTest$ImmutableTestPojo&lt;`age` INT, `name` STRING&gt;*&gt;]" classname="org.apache.flink.table.runtime.typeutils.ExternalSerializerTest" time="0.124"/>
  <testcase name="testNullability[3: ARRAY&lt;*org.apache.flink.table.runtime.typeutils.ExternalSerializerTest$ImmutableTestPojo&lt;`age` INT, `name` STRING&gt;*&gt;]" classname="org.apache.flink.table.runtime.typeutils.ExternalSerializerTest" time="0.021"/>
  <testcase name="testCopy[3: ARRAY&lt;*org.apache.flink.table.runtime.typeutils.ExternalSerializerTest$ImmutableTestPojo&lt;`age` INT, `name` STRING&gt;*&gt;]" classname="org.apache.flink.table.runtime.typeutils.ExternalSerializerTest" time="0.025"/>
  <testcase name="testSerializedCopyIndividually[3: ARRAY&lt;*org.apache.flink.table.runtime.typeutils.ExternalSerializerTest$ImmutableTestPojo&lt;`age` INT, `name` STRING&gt;*&gt;]" classname="org.apache.flink.table.runtime.typeutils.ExternalSerializerTest" time="0.067"/>
  <testcase name="testSerializabilityAndEquals[3: ARRAY&lt;*org.apache.flink.table.runtime.typeutils.ExternalSerializerTest$ImmutableTestPojo&lt;`age` INT, `name` STRING&gt;*&gt;]" classname="org.apache.flink.table.runtime.typeutils.ExternalSerializerTest" time="0.055"/>
  <testcase name="testSerializeAsSequenceNoReuse[3: ARRAY&lt;*org.apache.flink.table.runtime.typeutils.ExternalSerializerTest$ImmutableTestPojo&lt;`age` INT, `name` STRING&gt;*&gt;]" classname="org.apache.flink.table.runtime.typeutils.ExternalSerializerTest" time="0.034"/>
  <testcase name="testSerializeIndividuallyReusingValues[3: ARRAY&lt;*org.apache.flink.table.runtime.typeutils.ExternalSerializerTest$ImmutableTestPojo&lt;`age` INT, `name` STRING&gt;*&gt;]" classname="org.apache.flink.table.runtime.typeutils.ExternalSerializerTest" time="0.017"/>
  <testcase name="testCopyIntoNewElements[3: ARRAY&lt;*org.apache.flink.table.runtime.typeutils.ExternalSerializerTest$ImmutableTestPojo&lt;`age` INT, `name` STRING&gt;*&gt;]" classname="org.apache.flink.table.runtime.typeutils.ExternalSerializerTest" time="0.022"/>
  <testcase name="testCopyIntoReusedElements[3: ARRAY&lt;*org.apache.flink.table.runtime.typeutils.ExternalSerializerTest$ImmutableTestPojo&lt;`age` INT, `name` STRING&gt;*&gt;]" classname="org.apache.flink.table.runtime.typeutils.ExternalSerializerTest" time="0.028"/>
  <testcase name="testConfigSnapshotInstantiation[3: ARRAY&lt;*org.apache.flink.table.runtime.typeutils.ExternalSerializerTest$ImmutableTestPojo&lt;`age` INT, `name` STRING&gt;*&gt;]" classname="org.apache.flink.table.runtime.typeutils.ExternalSerializerTest" time="0.04"/>
  <testcase name="testSnapshotConfigurationAndReconfigure[3: ARRAY&lt;*org.apache.flink.table.runtime.typeutils.ExternalSerializerTest$ImmutableTestPojo&lt;`age` INT, `name` STRING&gt;*&gt;]" classname="org.apache.flink.table.runtime.typeutils.ExternalSerializerTest" time="0.031"/>
  <testcase name="testSerializeIndividually[3: ARRAY&lt;*org.apache.flink.table.runtime.typeutils.ExternalSerializerTest$ImmutableTestPojo&lt;`age` INT, `name` STRING&gt;*&gt;]" classname="org.apache.flink.table.runtime.typeutils.ExternalSerializerTest" time="0.006"/>
  <testcase name="testGetLength[3: ARRAY&lt;*org.apache.flink.table.runtime.typeutils.ExternalSerializerTest$ImmutableTestPojo&lt;`age` INT, `name` STRING&gt;*&gt;]" classname="org.apache.flink.table.runtime.typeutils.ExternalSerializerTest" time="0.011"/>
  <testcase name="testInstantiate[3: ARRAY&lt;*org.apache.flink.table.runtime.typeutils.ExternalSerializerTest$ImmutableTestPojo&lt;`age` INT, `name` STRING&gt;*&gt;]" classname="org.apache.flink.table.runtime.typeutils.ExternalSerializerTest" time="0.011"/>
  <testcase name="testSerializedCopyAsSequence[3: ARRAY&lt;*org.apache.flink.table.runtime.typeutils.ExternalSerializerTest$ImmutableTestPojo&lt;`age` INT, `name` STRING&gt;*&gt;]" classname="org.apache.flink.table.runtime.typeutils.ExternalSerializerTest" time="0.039"/>
  <testcase name="testDuplicate[3: ARRAY&lt;*org.apache.flink.table.runtime.typeutils.ExternalSerializerTest$ImmutableTestPojo&lt;`age` INT, `name` STRING&gt;*&gt;]" classname="org.apache.flink.table.runtime.typeutils.ExternalSerializerTest" time="0.379"/>
  <testcase name="testSerializeAsSequenceReusingValues[4: ARRAY&lt;INT&gt;]" classname="org.apache.flink.table.runtime.typeutils.ExternalSerializerTest" time="0.066"/>
  <testcase name="testNullability[4: ARRAY&lt;INT&gt;]" classname="org.apache.flink.table.runtime.typeutils.ExternalSerializerTest" time="0.001"/>
  <testcase name="testCopy[4: ARRAY&lt;INT&gt;]" classname="org.apache.flink.table.runtime.typeutils.ExternalSerializerTest" time="0.001"/>
  <testcase name="testSerializedCopyIndividually[4: ARRAY&lt;INT&gt;]" classname="org.apache.flink.table.runtime.typeutils.ExternalSerializerTest" time="0.003"/>
  <testcase name="testSerializabilityAndEquals[4: ARRAY&lt;INT&gt;]" classname="org.apache.flink.table.runtime.typeutils.ExternalSerializerTest" time="0.058"/>
  <testcase name="testSerializeAsSequenceNoReuse[4: ARRAY&lt;INT&gt;]" classname="org.apache.flink.table.runtime.typeutils.ExternalSerializerTest" time="0.001"/>
  <testcase name="testSerializeIndividuallyReusingValues[4: ARRAY&lt;INT&gt;]" classname="org.apache.flink.table.runtime.typeutils.ExternalSerializerTest" time="0.005"/>
  <testcase name="testCopyIntoNewElements[4: ARRAY&lt;INT&gt;]" classname="org.apache.flink.table.runtime.typeutils.ExternalSerializerTest" time="0"/>
  <testcase name="testCopyIntoReusedElements[4: ARRAY&lt;INT&gt;]" classname="org.apache.flink.table.runtime.typeutils.ExternalSerializerTest" time="0"/>
  <testcase name="testConfigSnapshotInstantiation[4: ARRAY&lt;INT&gt;]" classname="org.apache.flink.table.runtime.typeutils.ExternalSerializerTest" time="0"/>
  <testcase name="testSnapshotConfigurationAndReconfigure[4: ARRAY&lt;INT&gt;]" classname="org.apache.flink.table.runtime.typeutils.ExternalSerializerTest" time="0"/>
  <testcase name="testSerializeIndividually[4: ARRAY&lt;INT&gt;]" classname="org.apache.flink.table.runtime.typeutils.ExternalSerializerTest" time="0"/>
  <testcase name="testGetLength[4: ARRAY&lt;INT&gt;]" classname="org.apache.flink.table.runtime.typeutils.ExternalSerializerTest" time="0"/>
  <testcase name="testInstantiate[4: ARRAY&lt;INT&gt;]" classname="org.apache.flink.table.runtime.typeutils.ExternalSerializerTest" time="0"/>
  <testcase name="testSerializedCopyAsSequence[4: ARRAY&lt;INT&gt;]" classname="org.apache.flink.table.runtime.typeutils.ExternalSerializerTest" time="0"/>
  <testcase name="testDuplicate[4: ARRAY&lt;INT&gt;]" classname="org.apache.flink.table.runtime.typeutils.ExternalSerializerTest" time="0.144"/>
</testsuite>