<?xml version="1.0" encoding="UTF-8"?>
<testsuite xmlns:xsi="http://www.w3.org/2001/XMLSchema-instance" xsi:noNamespaceSchemaLocation="https://maven.apache.org/surefire/maven-surefire-plugin/xsd/surefire-test-report.xsd" name="org.apache.flink.contrib.streaming.state.EmbeddedRocksDBStateBackendTest" time="69.847" tests="150" errors="0" skipped="0" failures="0">
  <properties>
    <property name="gopherProxySet" value="false"/>
    <property name="awt.toolkit" value="sun.lwawt.macosx.LWCToolkit"/>
    <property name="file.encoding.pkg" value="sun.io"/>
    <property name="java.specification.version" value="1.8"/>
    <property name="forkNumber" value="02"/>
    <property name="sun.cpu.isalist" value=""/>
    <property name="sun.jnu.encoding" value="UTF-8"/>
    <property name="java.class.path" value="/Users/liuzhiwei/ideapro/flink-1.14.4/flink-state-backends/flink-statebackend-rocksdb/target/test-classes:/Users/liuzhiwei/ideapro/flink-1.14.4/flink-state-backends/flink-statebackend-rocksdb/target/classes:/Users/liuzhiwei/ideapro/flink-1.14.4/flink-streaming-java/target/flink-streaming-java_2.11-1.14.4.jar:/Users/liuzhiwei/ideapro/flink-1.14.4/flink-core/target/flink-core-1.14.4.jar:/Users/liuzhiwei/ideapro/flink-1.14.4/flink-annotations/target/flink-annotations-1.14.4.jar:/Users/liuzhiwei/ideapro/flink-1.14.4/flink-metrics/flink-metrics-core/target/flink-metrics-core-1.14.4.jar:/Users/liuzhiwei/.m2/repository/org/apache/flink/flink-shaded-asm-7/7.1-14.0/flink-shaded-asm-7-7.1-14.0.jar:/Users/liuzhiwei/.m2/repository/com/esotericsoftware/kryo/kryo/2.24.0/kryo-2.24.0.jar:/Users/liuzhiwei/.m2/repository/com/esotericsoftware/minlog/minlog/1.2/minlog-1.2.jar:/Users/liuzhiwei/.m2/repository/commons-collections/commons-collections/3.2.2/commons-collections-3.2.2.jar:/Users/liuzhiwei/.m2/repository/org/apache/commons/commons-compress/1.21/commons-compress-1.21.jar:/Users/liuzhiwei/ideapro/flink-1.14.4/flink-connectors/flink-file-sink-common/target/flink-file-sink-common-1.14.4.jar:/Users/liuzhiwei/ideapro/flink-1.14.4/flink-runtime/target/flink-runtime-1.14.4.jar:/Users/liuzhiwei/ideapro/flink-1.14.4/flink-scala/target/flink-scala_2.11-1.14.4.jar:/Users/liuzhiwei/.m2/repository/org/scala-lang/scala-reflect/2.11.12/scala-reflect-2.11.12.jar:/Users/liuzhiwei/.m2/repository/org/scala-lang/scala-library/2.11.12/scala-library-2.11.12.jar:/Users/liuzhiwei/.m2/repository/org/scala-lang/scala-compiler/2.11.12/scala-compiler-2.11.12.jar:/Users/liuzhiwei/.m2/repository/org/scala-lang/modules/scala-xml_2.11/1.0.5/scala-xml_2.11-1.0.5.jar:/Users/liuzhiwei/.m2/repository/org/scala-lang/modules/scala-parser-combinators_2.11/1.1.1/scala-parser-combinators_2.11-1.1.1.jar:/Users/liuzhiwei/.m2/repository/com/twitter/chill_2.11/0.7.6/chill_2.11-0.7.6.jar:/Users/liuzhiwei/.m2/repository/com/twitter/chill-java/0.7.6/chill-java-0.7.6.jar:/Users/liuzhiwei/ideapro/flink-1.14.4/flink-java/target/flink-java-1.14.4.jar:/Users/liuzhiwei/.m2/repository/org/apache/flink/flink-shaded-guava/30.1.1-jre-14.0/flink-shaded-guava-30.1.1-jre-14.0.jar:/Users/liuzhiwei/.m2/repository/org/apache/commons/commons-math3/3.5/commons-math3-3.5.jar:/Users/liuzhiwei/ideapro/flink-1.14.4/flink-clients/target/flink-clients_2.11-1.14.4.jar:/Users/liuzhiwei/ideapro/flink-1.14.4/flink-optimizer/target/flink-optimizer-1.14.4.jar:/Users/liuzhiwei/.m2/repository/commons-cli/commons-cli/1.3.1/commons-cli-1.3.1.jar:/Users/liuzhiwei/.m2/repository/com/ververica/frocksdbjni/6.20.3-ververica-1.0/frocksdbjni-6.20.3-ververica-1.0.jar:/Users/liuzhiwei/ideapro/flink-1.14.4/flink-test-utils-parent/flink-test-utils-junit/target/flink-test-utils-junit-1.14.4.jar:/Users/liuzhiwei/ideapro/flink-1.14.4/flink-streaming-java/target/flink-streaming-java_2.11-1.14.4-tests.jar:/Users/liuzhiwei/ideapro/flink-1.14.4/flink-runtime/target/flink-runtime-1.14.4-tests.jar:/Users/liuzhiwei/ideapro/flink-1.14.4/flink-rpc/flink-rpc-core/target/flink-rpc-core-1.14.4.jar:/Users/liuzhiwei/ideapro/flink-1.14.4/flink-rpc/flink-rpc-akka-loader/target/flink-rpc-akka-loader-1.14.4.jar:/Users/liuzhiwei/ideapro/flink-1.14.4/flink-queryable-state/flink-queryable-state-client-java/target/flink-queryable-state-client-java-1.14.4.jar:/Users/liuzhiwei/ideapro/flink-1.14.4/flink-filesystems/flink-hadoop-fs/target/flink-hadoop-fs-1.14.4.jar:/Users/liuzhiwei/.m2/repository/commons-io/commons-io/2.8.0/commons-io-2.8.0.jar:/Users/liuzhiwei/.m2/repository/org/apache/flink/flink-shaded-netty/4.1.65.Final-14.0/flink-shaded-netty-4.1.65.Final-14.0.jar:/Users/liuzhiwei/.m2/repository/org/apache/flink/flink-shaded-jackson/2.12.4-14.0/flink-shaded-jackson-2.12.4-14.0.jar:/Users/liuzhiwei/.m2/repository/org/apache/flink/flink-shaded-zookeeper-3/3.4.14-14.0/flink-shaded-zookeeper-3-3.4.14-14.0.jar:/Users/liuzhiwei/.m2/repository/org/apache/commons/commons-lang3/3.3.2/commons-lang3-3.3.2.jar:/Users/liuzhiwei/.m2/repository/org/javassist/javassist/3.24.0-GA/javassist-3.24.0-GA.jar:/Users/liuzhiwei/.m2/repository/org/xerial/snappy/snappy-java/1.1.8.3/snappy-java-1.1.8.3.jar:/Users/liuzhiwei/.m2/repository/org/lz4/lz4-java/1.8.0/lz4-java-1.8.0.jar:/Users/liuzhiwei/.m2/repository/org/apache/flink/flink-shaded-force-shading/14.0/flink-shaded-force-shading-14.0.jar:/Users/liuzhiwei/.m2/repository/org/slf4j/slf4j-api/1.7.15/slf4j-api-1.7.15.jar:/Users/liuzhiwei/.m2/repository/com/google/code/findbugs/jsr305/1.3.9/jsr305-1.3.9.jar:/Users/liuzhiwei/.m2/repository/org/junit/jupiter/junit-jupiter/5.7.2/junit-jupiter-5.7.2.jar:/Users/liuzhiwei/.m2/repository/org/junit/jupiter/junit-jupiter-api/5.7.2/junit-jupiter-api-5.7.2.jar:/Users/liuzhiwei/.m2/repository/org/opentest4j/opentest4j/1.2.0/opentest4j-1.2.0.jar:/Users/liuzhiwei/.m2/repository/org/junit/platform/junit-platform-commons/1.7.2/junit-platform-commons-1.7.2.jar:/Users/liuzhiwei/.m2/repository/org/junit/jupiter/junit-jupiter-params/5.7.2/junit-jupiter-params-5.7.2.jar:/Users/liuzhiwei/.m2/repository/org/junit/jupiter/junit-jupiter-engine/5.7.2/junit-jupiter-engine-5.7.2.jar:/Users/liuzhiwei/.m2/repository/org/junit/vintage/junit-vintage-engine/5.7.2/junit-vintage-engine-5.7.2.jar:/Users/liuzhiwei/.m2/repository/org/apiguardian/apiguardian-api/1.1.0/apiguardian-api-1.1.0.jar:/Users/liuzhiwei/.m2/repository/org/junit/platform/junit-platform-engine/1.7.2/junit-platform-engine-1.7.2.jar:/Users/liuzhiwei/.m2/repository/junit/junit/4.13.2/junit-4.13.2.jar:/Users/liuzhiwei/.m2/repository/org/mockito/mockito-core/2.21.0/mockito-core-2.21.0.jar:/Users/liuzhiwei/.m2/repository/net/bytebuddy/byte-buddy/1.8.22/byte-buddy-1.8.22.jar:/Users/liuzhiwei/.m2/repository/net/bytebuddy/byte-buddy-agent/1.8.22/byte-buddy-agent-1.8.22.jar:/Users/liuzhiwei/.m2/repository/org/objenesis/objenesis/2.1/objenesis-2.1.jar:/Users/liuzhiwei/.m2/repository/org/powermock/powermock-module-junit4/2.0.4/powermock-module-junit4-2.0.4.jar:/Users/liuzhiwei/.m2/repository/org/powermock/powermock-module-junit4-common/2.0.4/powermock-module-junit4-common-2.0.4.jar:/Users/liuzhiwei/.m2/repository/org/powermock/powermock-reflect/2.0.4/powermock-reflect-2.0.4.jar:/Users/liuzhiwei/.m2/repository/org/powermock/powermock-core/2.0.4/powermock-core-2.0.4.jar:/Users/liuzhiwei/.m2/repository/org/hamcrest/hamcrest-core/1.3/hamcrest-core-1.3.jar:/Users/liuzhiwei/.m2/repository/org/powermock/powermock-api-mockito2/2.0.4/powermock-api-mockito2-2.0.4.jar:/Users/liuzhiwei/.m2/repository/org/powermock/powermock-api-support/2.0.4/powermock-api-support-2.0.4.jar:/Users/liuzhiwei/.m2/repository/org/hamcrest/hamcrest-all/1.3/hamcrest-all-1.3.jar:/Users/liuzhiwei/.m2/repository/org/apache/logging/log4j/log4j-slf4j-impl/2.17.1/log4j-slf4j-impl-2.17.1.jar:/Users/liuzhiwei/.m2/repository/org/apache/logging/log4j/log4j-api/2.17.1/log4j-api-2.17.1.jar:/Users/liuzhiwei/.m2/repository/org/apache/logging/log4j/log4j-core/2.17.1/log4j-core-2.17.1.jar:/Users/liuzhiwei/.m2/repository/org/apache/logging/log4j/log4j-1.2-api/2.17.1/log4j-1.2-api-2.17.1.jar:"/>
    <property name="java.vm.vendor" value="Oracle Corporation"/>
    <property name="hadoop.version" value="2.4.1"/>
    <property name="sun.arch.data.model" value="64"/>
    <property name="java.vendor.url" value="http://java.oracle.com/"/>
    <property name="user.timezone" value=""/>
    <property name="os.name" value="Mac OS X"/>
    <property name="java.vm.specification.version" value="1.8"/>
    <property name="user.country" value="US"/>
    <property name="sun.java.launcher" value="SUN_STANDARD"/>
    <property name="sun.boot.library.path" value="/Library/Java/JavaVirtualMachines/jdk1.8.0_311.jdk/Contents/Home/jre/lib"/>
    <property name="project.basedir" value="/Users/liuzhiwei/ideapro/flink-1.14.4/flink-state-backends/flink-statebackend-rocksdb"/>
    <property name="sun.java.command" value="/Users/liuzhiwei/ideapro/flink-1.14.4/flink-state-backends/flink-statebackend-rocksdb/target/surefire/surefirebooter8397927769078970900.jar /Users/liuzhiwei/ideapro/flink-1.14.4/flink-state-backends/flink-statebackend-rocksdb/target/surefire 2022-06-10T17-37-14_312-jvmRun2 surefire8422608963143400526tmp surefire_10841989931691215632044tmp"/>
    <property name="http.nonProxyHosts" value="local|*.local|169.254/16|*.169.254/16"/>
    <property name="surefire.test.class.path" value="/Users/liuzhiwei/ideapro/flink-1.14.4/flink-state-backends/flink-statebackend-rocksdb/target/test-classes:/Users/liuzhiwei/ideapro/flink-1.14.4/flink-state-backends/flink-statebackend-rocksdb/target/classes:/Users/liuzhiwei/ideapro/flink-1.14.4/flink-streaming-java/target/flink-streaming-java_2.11-1.14.4.jar:/Users/liuzhiwei/ideapro/flink-1.14.4/flink-core/target/flink-core-1.14.4.jar:/Users/liuzhiwei/ideapro/flink-1.14.4/flink-annotations/target/flink-annotations-1.14.4.jar:/Users/liuzhiwei/ideapro/flink-1.14.4/flink-metrics/flink-metrics-core/target/flink-metrics-core-1.14.4.jar:/Users/liuzhiwei/.m2/repository/org/apache/flink/flink-shaded-asm-7/7.1-14.0/flink-shaded-asm-7-7.1-14.0.jar:/Users/liuzhiwei/.m2/repository/com/esotericsoftware/kryo/kryo/2.24.0/kryo-2.24.0.jar:/Users/liuzhiwei/.m2/repository/com/esotericsoftware/minlog/minlog/1.2/minlog-1.2.jar:/Users/liuzhiwei/.m2/repository/commons-collections/commons-collections/3.2.2/commons-collections-3.2.2.jar:/Users/liuzhiwei/.m2/repository/org/apache/commons/commons-compress/1.21/commons-compress-1.21.jar:/Users/liuzhiwei/ideapro/flink-1.14.4/flink-connectors/flink-file-sink-common/target/flink-file-sink-common-1.14.4.jar:/Users/liuzhiwei/ideapro/flink-1.14.4/flink-runtime/target/flink-runtime-1.14.4.jar:/Users/liuzhiwei/ideapro/flink-1.14.4/flink-scala/target/flink-scala_2.11-1.14.4.jar:/Users/liuzhiwei/.m2/repository/org/scala-lang/scala-reflect/2.11.12/scala-reflect-2.11.12.jar:/Users/liuzhiwei/.m2/repository/org/scala-lang/scala-library/2.11.12/scala-library-2.11.12.jar:/Users/liuzhiwei/.m2/repository/org/scala-lang/scala-compiler/2.11.12/scala-compiler-2.11.12.jar:/Users/liuzhiwei/.m2/repository/org/scala-lang/modules/scala-xml_2.11/1.0.5/scala-xml_2.11-1.0.5.jar:/Users/liuzhiwei/.m2/repository/org/scala-lang/modules/scala-parser-combinators_2.11/1.1.1/scala-parser-combinators_2.11-1.1.1.jar:/Users/liuzhiwei/.m2/repository/com/twitter/chill_2.11/0.7.6/chill_2.11-0.7.6.jar:/Users/liuzhiwei/.m2/repository/com/twitter/chill-java/0.7.6/chill-java-0.7.6.jar:/Users/liuzhiwei/ideapro/flink-1.14.4/flink-java/target/flink-java-1.14.4.jar:/Users/liuzhiwei/.m2/repository/org/apache/flink/flink-shaded-guava/30.1.1-jre-14.0/flink-shaded-guava-30.1.1-jre-14.0.jar:/Users/liuzhiwei/.m2/repository/org/apache/commons/commons-math3/3.5/commons-math3-3.5.jar:/Users/liuzhiwei/ideapro/flink-1.14.4/flink-clients/target/flink-clients_2.11-1.14.4.jar:/Users/liuzhiwei/ideapro/flink-1.14.4/flink-optimizer/target/flink-optimizer-1.14.4.jar:/Users/liuzhiwei/.m2/repository/commons-cli/commons-cli/1.3.1/commons-cli-1.3.1.jar:/Users/liuzhiwei/.m2/repository/com/ververica/frocksdbjni/6.20.3-ververica-1.0/frocksdbjni-6.20.3-ververica-1.0.jar:/Users/liuzhiwei/ideapro/flink-1.14.4/flink-test-utils-parent/flink-test-utils-junit/target/flink-test-utils-junit-1.14.4.jar:/Users/liuzhiwei/ideapro/flink-1.14.4/flink-streaming-java/target/flink-streaming-java_2.11-1.14.4-tests.jar:/Users/liuzhiwei/ideapro/flink-1.14.4/flink-runtime/target/flink-runtime-1.14.4-tests.jar:/Users/liuzhiwei/ideapro/flink-1.14.4/flink-rpc/flink-rpc-core/target/flink-rpc-core-1.14.4.jar:/Users/liuzhiwei/ideapro/flink-1.14.4/flink-rpc/flink-rpc-akka-loader/target/flink-rpc-akka-loader-1.14.4.jar:/Users/liuzhiwei/ideapro/flink-1.14.4/flink-queryable-state/flink-queryable-state-client-java/target/flink-queryable-state-client-java-1.14.4.jar:/Users/liuzhiwei/ideapro/flink-1.14.4/flink-filesystems/flink-hadoop-fs/target/flink-hadoop-fs-1.14.4.jar:/Users/liuzhiwei/.m2/repository/commons-io/commons-io/2.8.0/commons-io-2.8.0.jar:/Users/liuzhiwei/.m2/repository/org/apache/flink/flink-shaded-netty/4.1.65.Final-14.0/flink-shaded-netty-4.1.65.Final-14.0.jar:/Users/liuzhiwei/.m2/repository/org/apache/flink/flink-shaded-jackson/2.12.4-14.0/flink-shaded-jackson-2.12.4-14.0.jar:/Users/liuzhiwei/.m2/repository/org/apache/flink/flink-shaded-zookeeper-3/3.4.14-14.0/flink-shaded-zookeeper-3-3.4.14-14.0.jar:/Users/liuzhiwei/.m2/repository/org/apache/commons/commons-lang3/3.3.2/commons-lang3-3.3.2.jar:/Users/liuzhiwei/.m2/repository/org/javassist/javassist/3.24.0-GA/javassist-3.24.0-GA.jar:/Users/liuzhiwei/.m2/repository/org/xerial/snappy/snappy-java/1.1.8.3/snappy-java-1.1.8.3.jar:/Users/liuzhiwei/.m2/repository/org/lz4/lz4-java/1.8.0/lz4-java-1.8.0.jar:/Users/liuzhiwei/.m2/repository/org/apache/flink/flink-shaded-force-shading/14.0/flink-shaded-force-shading-14.0.jar:/Users/liuzhiwei/.m2/repository/org/slf4j/slf4j-api/1.7.15/slf4j-api-1.7.15.jar:/Users/liuzhiwei/.m2/repository/com/google/code/findbugs/jsr305/1.3.9/jsr305-1.3.9.jar:/Users/liuzhiwei/.m2/repository/org/junit/jupiter/junit-jupiter/5.7.2/junit-jupiter-5.7.2.jar:/Users/liuzhiwei/.m2/repository/org/junit/jupiter/junit-jupiter-api/5.7.2/junit-jupiter-api-5.7.2.jar:/Users/liuzhiwei/.m2/repository/org/opentest4j/opentest4j/1.2.0/opentest4j-1.2.0.jar:/Users/liuzhiwei/.m2/repository/org/junit/platform/junit-platform-commons/1.7.2/junit-platform-commons-1.7.2.jar:/Users/liuzhiwei/.m2/repository/org/junit/jupiter/junit-jupiter-params/5.7.2/junit-jupiter-params-5.7.2.jar:/Users/liuzhiwei/.m2/repository/org/junit/jupiter/junit-jupiter-engine/5.7.2/junit-jupiter-engine-5.7.2.jar:/Users/liuzhiwei/.m2/repository/org/junit/vintage/junit-vintage-engine/5.7.2/junit-vintage-engine-5.7.2.jar:/Users/liuzhiwei/.m2/repository/org/apiguardian/apiguardian-api/1.1.0/apiguardian-api-1.1.0.jar:/Users/liuzhiwei/.m2/repository/org/junit/platform/junit-platform-engine/1.7.2/junit-platform-engine-1.7.2.jar:/Users/liuzhiwei/.m2/repository/junit/junit/4.13.2/junit-4.13.2.jar:/Users/liuzhiwei/.m2/repository/org/mockito/mockito-core/2.21.0/mockito-core-2.21.0.jar:/Users/liuzhiwei/.m2/repository/net/bytebuddy/byte-buddy/1.8.22/byte-buddy-1.8.22.jar:/Users/liuzhiwei/.m2/repository/net/bytebuddy/byte-buddy-agent/1.8.22/byte-buddy-agent-1.8.22.jar:/Users/liuzhiwei/.m2/repository/org/objenesis/objenesis/2.1/objenesis-2.1.jar:/Users/liuzhiwei/.m2/repository/org/powermock/powermock-module-junit4/2.0.4/powermock-module-junit4-2.0.4.jar:/Users/liuzhiwei/.m2/repository/org/powermock/powermock-module-junit4-common/2.0.4/powermock-module-junit4-common-2.0.4.jar:/Users/liuzhiwei/.m2/repository/org/powermock/powermock-reflect/2.0.4/powermock-reflect-2.0.4.jar:/Users/liuzhiwei/.m2/repository/org/powermock/powermock-core/2.0.4/powermock-core-2.0.4.jar:/Users/liuzhiwei/.m2/repository/org/hamcrest/hamcrest-core/1.3/hamcrest-core-1.3.jar:/Users/liuzhiwei/.m2/repository/org/powermock/powermock-api-mockito2/2.0.4/powermock-api-mockito2-2.0.4.jar:/Users/liuzhiwei/.m2/repository/org/powermock/powermock-api-support/2.0.4/powermock-api-support-2.0.4.jar:/Users/liuzhiwei/.m2/repository/org/hamcrest/hamcrest-all/1.3/hamcrest-all-1.3.jar:/Users/liuzhiwei/.m2/repository/org/apache/logging/log4j/log4j-slf4j-impl/2.17.1/log4j-slf4j-impl-2.17.1.jar:/Users/liuzhiwei/.m2/repository/org/apache/logging/log4j/log4j-api/2.17.1/log4j-api-2.17.1.jar:/Users/liuzhiwei/.m2/repository/org/apache/logging/log4j/log4j-core/2.17.1/log4j-core-2.17.1.jar:/Users/liuzhiwei/.m2/repository/org/apache/logging/log4j/log4j-1.2-api/2.17.1/log4j-1.2-api-2.17.1.jar:"/>
    <property name="sun.cpu.endian" value="little"/>
    <property name="user.home" value="/Users/liuzhiwei"/>
    <property name="user.language" value="en"/>
    <property name="java.specification.vendor" value="Oracle Corporation"/>
    <property name="java.home" value="/Library/Java/JavaVirtualMachines/jdk1.8.0_311.jdk/Contents/Home/jre"/>
    <property name="basedir" value="/Users/liuzhiwei/ideapro/flink-1.14.4/flink-state-backends/flink-statebackend-rocksdb"/>
    <property name="file.separator" value="/"/>
    <property name="line.separator" value="&#10;"/>
    <property name="java.vm.specification.vendor" value="Oracle Corporation"/>
    <property name="java.specification.name" value="Java Platform API Specification"/>
    <property name="java.awt.graphicsenv" value="sun.awt.CGraphicsEnvironment"/>
    <property name="test.randomization.seed" value=""/>
    <property name="mvn.forkNumber" value="2"/>
    <property name="surefire.real.class.path" value="/Users/liuzhiwei/ideapro/flink-1.14.4/flink-state-backends/flink-statebackend-rocksdb/target/surefire/surefirebooter8397927769078970900.jar"/>
    <property name="buffer-debloat.randomization" value="true"/>
    <property name="sun.boot.class.path" value="/Library/Java/JavaVirtualMachines/jdk1.8.0_311.jdk/Contents/Home/jre/lib/resources.jar:/Library/Java/JavaVirtualMachines/jdk1.8.0_311.jdk/Contents/Home/jre/lib/rt.jar:/Library/Java/JavaVirtualMachines/jdk1.8.0_311.jdk/Contents/Home/jre/lib/sunrsasign.jar:/Library/Java/JavaVirtualMachines/jdk1.8.0_311.jdk/Contents/Home/jre/lib/jsse.jar:/Library/Java/JavaVirtualMachines/jdk1.8.0_311.jdk/Contents/Home/jre/lib/jce.jar:/Library/Java/JavaVirtualMachines/jdk1.8.0_311.jdk/Contents/Home/jre/lib/charsets.jar:/Library/Java/JavaVirtualMachines/jdk1.8.0_311.jdk/Contents/Home/jre/lib/jfr.jar:/Library/Java/JavaVirtualMachines/jdk1.8.0_311.jdk/Contents/Home/jre/classes"/>
    <property name="checkpointing.changelog" value="unset"/>
    <property name="sun.management.compiler" value="HotSpot 64-Bit Tiered Compilers"/>
    <property name="ftp.nonProxyHosts" value="local|*.local|169.254/16|*.169.254/16"/>
    <property name="java.runtime.version" value="1.8.0_311-b11"/>
    <property name="user.name" value="liuzhiwei"/>
    <property name="path.separator" value=":"/>
    <property name="os.version" value="10.16"/>
    <property name="java.endorsed.dirs" value="/Library/Java/JavaVirtualMachines/jdk1.8.0_311.jdk/Contents/Home/jre/lib/endorsed"/>
    <property name="java.runtime.name" value="Java(TM) SE Runtime Environment"/>
    <property name="file.encoding" value="UTF-8"/>
    <property name="java.vm.name" value="Java HotSpot(TM) 64-Bit Server VM"/>
    <property name="localRepository" value="/Users/liuzhiwei/.m2/repository"/>
    <property name="java.vendor.url.bug" value="http://bugreport.sun.com/bugreport/"/>
    <property name="java.io.tmpdir" value="/var/folders/9v/knhh7l116z927rs422hz7g7r0000gn/T/"/>
    <property name="idea.version" value="2021.3.2"/>
    <property name="java.version" value="1.8.0_311"/>
    <property name="user.dir" value="/Users/liuzhiwei/ideapro/flink-1.14.4/flink-state-backends/flink-statebackend-rocksdb"/>
    <property name="os.arch" value="x86_64"/>
    <property name="java.vm.specification.name" value="Java Virtual Machine Specification"/>
    <property name="java.awt.printerjob" value="sun.lwawt.macosx.CPrinterJob"/>
    <property name="sun.os.patch.level" value="unknown"/>
    <property name="checkpointing.randomization" value="true"/>
    <property name="java.library.path" value="/Users/liuzhiwei/Library/Java/Extensions:/Library/Java/Extensions:/Network/Library/Java/Extensions:/System/Library/Java/Extensions:/usr/lib/java:."/>
    <property name="java.vm.info" value="mixed mode"/>
    <property name="java.vendor" value="Oracle Corporation"/>
    <property name="java.vm.version" value="25.311-b11"/>
    <property name="java.ext.dirs" value="/Users/liuzhiwei/Library/Java/Extensions:/Library/Java/JavaVirtualMachines/jdk1.8.0_311.jdk/Contents/Home/jre/lib/ext:/Library/Java/Extensions:/Network/Library/Java/Extensions:/System/Library/Java/Extensions:/usr/lib/java"/>
    <property name="sun.io.unicode.encoding" value="UnicodeBig"/>
    <property name="maven.repo.local" value="/Users/liuzhiwei/.m2/repository"/>
    <property name="java.class.version" value="52.0"/>
    <property name="socksNonProxyHosts" value="local|*.local|169.254/16|*.169.254/16"/>
  </properties>
  <testcase name="testCompletingSnapshot[0]" classname="org.apache.flink.contrib.streaming.state.EmbeddedRocksDBStateBackendTest" time="1.073"/>
  <testcase name="testCancelRunningSnapshot[0]" classname="org.apache.flink.contrib.streaming.state.EmbeddedRocksDBStateBackendTest" time="0.096"/>
  <testcase name="testReleasingSnapshotAfterBackendClosed[0]" classname="org.apache.flink.contrib.streaming.state.EmbeddedRocksDBStateBackendTest" time="0.07"/>
  <testcase name="testCorrectMergeOperatorSet[0]" classname="org.apache.flink.contrib.streaming.state.EmbeddedRocksDBStateBackendTest" time="0.521"/>
  <testcase name="testDisposeDeletesAllDirectories[0]" classname="org.apache.flink.contrib.streaming.state.EmbeddedRocksDBStateBackendTest" time="0.058"/>
  <testcase name="testDismissingSnapshot[0]" classname="org.apache.flink.contrib.streaming.state.EmbeddedRocksDBStateBackendTest" time="0.041"/>
  <testcase name="testSharedIncrementalStateDeRegistration[0]" classname="org.apache.flink.contrib.streaming.state.EmbeddedRocksDBStateBackendTest" time="0.151"/>
  <testcase name="testDismissingSnapshotNotRunnable[0]" classname="org.apache.flink.contrib.streaming.state.EmbeddedRocksDBStateBackendTest" time="0.038"/>
  <testcase name="testKryoRegisteringRestoreResilienceWithDefaultSerializer[0]" classname="org.apache.flink.contrib.streaming.state.EmbeddedRocksDBStateBackendTest" time="0.386"/>
  <testcase name="testReducingStateRestoreWithWrongSerializers[0]" classname="org.apache.flink.contrib.streaming.state.EmbeddedRocksDBStateBackendTest" time="0.101"/>
  <testcase name="testListStateDefaultValue[0]" classname="org.apache.flink.contrib.streaming.state.EmbeddedRocksDBStateBackendTest" time="0.045"/>
  <testcase name="testMapStateGetKeysAndNamespaces[0]" classname="org.apache.flink.contrib.streaming.state.EmbeddedRocksDBStateBackendTest" time="0.103"/>
  <testcase name="testValueStateRestoreWithWrongSerializers[0]" classname="org.apache.flink.contrib.streaming.state.EmbeddedRocksDBStateBackendTest" time="0.094"/>
  <testcase name="testKryoRegisteringRestoreResilienceWithRegisteredType[0]" classname="org.apache.flink.contrib.streaming.state.EmbeddedRocksDBStateBackendTest" time="0.124"/>
  <testcase name="testListStateMerging[0]" classname="org.apache.flink.contrib.streaming.state.EmbeddedRocksDBStateBackendTest" time="0.044"/>
  <testcase name="testBackendUsesRegisteredKryoSerializerUsingGetOrCreate[0]" classname="org.apache.flink.contrib.streaming.state.EmbeddedRocksDBStateBackendTest" time="0.058"/>
  <testcase name="testReducingStateDefaultValue[0]" classname="org.apache.flink.contrib.streaming.state.EmbeddedRocksDBStateBackendTest" time="0.036"/>
  <testcase name="testMapStateRestoreWithWrongSerializers[0]" classname="org.apache.flink.contrib.streaming.state.EmbeddedRocksDBStateBackendTest" time="0.106"/>
  <testcase name="testMultipleValueStates[0]" classname="org.apache.flink.contrib.streaming.state.EmbeddedRocksDBStateBackendTest" time="0.119"/>
  <testcase name="testKeyGroupsSnapshotRestoreScaleDownUnEvenDistribute[0]" classname="org.apache.flink.contrib.streaming.state.EmbeddedRocksDBStateBackendTest" time="7.906"/>
  <testcase name="testEmptyStateCheckpointing[0]" classname="org.apache.flink.contrib.streaming.state.EmbeddedRocksDBStateBackendTest" time="0.095"/>
  <testcase name="testParallelAsyncSnapshots[0]" classname="org.apache.flink.contrib.streaming.state.EmbeddedRocksDBStateBackendTest" time="0.093"/>
  <testcase name="testAsyncSnapshotCancellation[0]" classname="org.apache.flink.contrib.streaming.state.EmbeddedRocksDBStateBackendTest" time="0.062"/>
  <testcase name="testMapStateIsEmpty[0]" classname="org.apache.flink.contrib.streaming.state.EmbeddedRocksDBStateBackendTest" time="0.182"/>
  <testcase name="testAggregatingStateAddAndGetWithImmutableAccumulator[0]" classname="org.apache.flink.contrib.streaming.state.EmbeddedRocksDBStateBackendTest" time="0.038"/>
  <testcase name="testBackendUsesRegisteredKryoSerializer[0]" classname="org.apache.flink.contrib.streaming.state.EmbeddedRocksDBStateBackendTest" time="0.063"/>
  <testcase name="testListStateAPIs[0]" classname="org.apache.flink.contrib.streaming.state.EmbeddedRocksDBStateBackendTest" time="0.041"/>
  <testcase name="testValueStateDefaultValue[0]" classname="org.apache.flink.contrib.streaming.state.EmbeddedRocksDBStateBackendTest" time="0.101"/>
  <testcase name="testRequireNonNullNamespace[0]" classname="org.apache.flink.contrib.streaming.state.EmbeddedRocksDBStateBackendTest" time="0.046"/>
  <testcase name="testValueStateRace[0]" classname="org.apache.flink.contrib.streaming.state.EmbeddedRocksDBStateBackendTest" time="0.179"/>
  <testcase name="testListStateUpdateNullEntries[0]" classname="org.apache.flink.contrib.streaming.state.EmbeddedRocksDBStateBackendTest" time="0.07"/>
  <testcase name="testNonConcurrentSnapshotTransformerAccess[0]" classname="org.apache.flink.contrib.streaming.state.EmbeddedRocksDBStateBackendTest" time="0.157"/>
  <testcase name="testListState[0]" classname="org.apache.flink.contrib.streaming.state.EmbeddedRocksDBStateBackendTest" time="0.18"/>
  <testcase name="testReducingState[0]" classname="org.apache.flink.contrib.streaming.state.EmbeddedRocksDBStateBackendTest" time="0.166"/>
  <testcase name="testGetKeys[0]" classname="org.apache.flink.contrib.streaming.state.EmbeddedRocksDBStateBackendTest" time="0.075"/>
  <testcase name="testKeyGroupedInternalPriorityQueueAddAll[0]" classname="org.apache.flink.contrib.streaming.state.EmbeddedRocksDBStateBackendTest" time="0.042"/>
  <testcase name="testKeyGroupedInternalPriorityQueue[0]" classname="org.apache.flink.contrib.streaming.state.EmbeddedRocksDBStateBackendTest" time="0.036"/>
  <testcase name="testListStateUpdateNull[0]" classname="org.apache.flink.contrib.streaming.state.EmbeddedRocksDBStateBackendTest" time="0.032"/>
  <testcase name="testConcurrentModificationWithApplyToAllKeys[0]" classname="org.apache.flink.contrib.streaming.state.EmbeddedRocksDBStateBackendTest" time="0.038"/>
  <testcase name="testMapStateDefaultValue[0]" classname="org.apache.flink.contrib.streaming.state.EmbeddedRocksDBStateBackendTest" time="0.038"/>
  <testcase name="testKryoRestoreResilienceWithDifferentRegistrationOrder[0]" classname="org.apache.flink.contrib.streaming.state.EmbeddedRocksDBStateBackendTest" time="0.137"/>
  <testcase name="testReducingStateAddAndGet[0]" classname="org.apache.flink.contrib.streaming.state.EmbeddedRocksDBStateBackendTest" time="0.039"/>
  <testcase name="testKryoRegisteringRestoreResilienceWithRegisteredSerializer[0]" classname="org.apache.flink.contrib.streaming.state.EmbeddedRocksDBStateBackendTest" time="0.18"/>
  <testcase name="testSnapshotNonAccessedState[0]" classname="org.apache.flink.contrib.streaming.state.EmbeddedRocksDBStateBackendTest" time="0.159"/>
  <testcase name="testReducingStateMerging[0]" classname="org.apache.flink.contrib.streaming.state.EmbeddedRocksDBStateBackendTest" time="0.039"/>
  <testcase name="testAsyncSnapshot[0]" classname="org.apache.flink.contrib.streaming.state.EmbeddedRocksDBStateBackendTest" time="0.103"/>
  <testcase name="testAggregatingStateAddAndGetWithMutableAccumulator[0]" classname="org.apache.flink.contrib.streaming.state.EmbeddedRocksDBStateBackendTest" time="0.045"/>
  <testcase name="testNumStateEntries[0]" classname="org.apache.flink.contrib.streaming.state.EmbeddedRocksDBStateBackendTest" time="0.036"/>
  <testcase name="testListStateRestoreWithWrongSerializers[0]" classname="org.apache.flink.contrib.streaming.state.EmbeddedRocksDBStateBackendTest" time="0.097"/>
  <testcase name="testRestoreWithWrongKeySerializer[0]" classname="org.apache.flink.contrib.streaming.state.EmbeddedRocksDBStateBackendTest" time="0.063"/>
  <testcase name="testKeyGroupsSnapshotRestoreNoRescale[0]" classname="org.apache.flink.contrib.streaming.state.EmbeddedRocksDBStateBackendTest" time="3.664"/>
  <testcase name="testListStateAddNull[0]" classname="org.apache.flink.contrib.streaming.state.EmbeddedRocksDBStateBackendTest" time="0.051"/>
  <testcase name="testValueStateNullUpdate[0]" classname="org.apache.flink.contrib.streaming.state.EmbeddedRocksDBStateBackendTest" time="0.105"/>
  <testcase name="testGetKeysAndNamespaces[0]" classname="org.apache.flink.contrib.streaming.state.EmbeddedRocksDBStateBackendTest" time="0.057"/>
  <testcase name="testQueryableStateRegistration[0]" classname="org.apache.flink.contrib.streaming.state.EmbeddedRocksDBStateBackendTest" time="0.174"/>
  <testcase name="testKeyGroupSnapshotRestoreScaleDown[0]" classname="org.apache.flink.contrib.streaming.state.EmbeddedRocksDBStateBackendTest" time="4.057"/>
  <testcase name="testEnableStateLatencyTracking[0]" classname="org.apache.flink.contrib.streaming.state.EmbeddedRocksDBStateBackendTest" time="0.037"/>
  <testcase name="testMapState[0]" classname="org.apache.flink.contrib.streaming.state.EmbeddedRocksDBStateBackendTest" time="0.179"/>
  <testcase name="testMapStateGetKeys[0]" classname="org.apache.flink.contrib.streaming.state.EmbeddedRocksDBStateBackendTest" time="0.053"/>
  <testcase name="testListStateAddAllNull[0]" classname="org.apache.flink.contrib.streaming.state.EmbeddedRocksDBStateBackendTest" time="0.035"/>
  <testcase name="testCheckConcurrencyProblemWhenPerformingCheckpointAsync[0]" classname="org.apache.flink.contrib.streaming.state.EmbeddedRocksDBStateBackendTest" time="0.241"/>
  <testcase name="testAggregatingStateMergingWithMutableAccumulator[0]" classname="org.apache.flink.contrib.streaming.state.EmbeddedRocksDBStateBackendTest" time="0.051"/>
  <testcase name="testValueStateWorkWithTtl[0]" classname="org.apache.flink.contrib.streaming.state.EmbeddedRocksDBStateBackendTest" time="0.053"/>
  <testcase name="testKeyGroupsSnapshotRestoreScaleUpUnEvenDistribute[0]" classname="org.apache.flink.contrib.streaming.state.EmbeddedRocksDBStateBackendTest" time="14.591"/>
  <testcase name="testApplyToAllKeysLambdaFunction[0]" classname="org.apache.flink.contrib.streaming.state.EmbeddedRocksDBStateBackendTest" time="0.054"/>
  <testcase name="testValueState[0]" classname="org.apache.flink.contrib.streaming.state.EmbeddedRocksDBStateBackendTest" time="0.176"/>
  <testcase name="testValueStateNullAsDefaultValue[0]" classname="org.apache.flink.contrib.streaming.state.EmbeddedRocksDBStateBackendTest" time="0.035"/>
  <testcase name="testMapStateIteratorArbitraryAccess[0]" classname="org.apache.flink.contrib.streaming.state.EmbeddedRocksDBStateBackendTest" time="0.065"/>
  <testcase name="testBackendUsesRegisteredKryoDefaultSerializerUsingGetOrCreate[0]" classname="org.apache.flink.contrib.streaming.state.EmbeddedRocksDBStateBackendTest" time="0.061"/>
  <testcase name="testBackendUsesRegisteredKryoDefaultSerializer[0]" classname="org.apache.flink.contrib.streaming.state.EmbeddedRocksDBStateBackendTest" time="0.046"/>
  <testcase name="testCopyDefaultValue[0]" classname="org.apache.flink.contrib.streaming.state.EmbeddedRocksDBStateBackendTest" time="0.034"/>
  <testcase name="testAggregatingStateMergingWithImmutableAccumulator[0]" classname="org.apache.flink.contrib.streaming.state.EmbeddedRocksDBStateBackendTest" time="0.038"/>
  <testcase name="testPojoRestoreResilienceWithDifferentRegistrationOrder[0]" classname="org.apache.flink.contrib.streaming.state.EmbeddedRocksDBStateBackendTest" time="0.137"/>
  <testcase name="testKeyGroupSnapshotRestoreScaleUp[0]" classname="org.apache.flink.contrib.streaming.state.EmbeddedRocksDBStateBackendTest" time="7.756"/>
  <testcase name="testListStateAddAllNullEntries[0]" classname="org.apache.flink.contrib.streaming.state.EmbeddedRocksDBStateBackendTest" time="0.041"/>
  <testcase name="testCompletingSnapshot[1]" classname="org.apache.flink.contrib.streaming.state.EmbeddedRocksDBStateBackendTest" time="0.263"/>
  <testcase name="testCancelRunningSnapshot[1]" classname="org.apache.flink.contrib.streaming.state.EmbeddedRocksDBStateBackendTest" time="0.094"/>
  <testcase name="testReleasingSnapshotAfterBackendClosed[1]" classname="org.apache.flink.contrib.streaming.state.EmbeddedRocksDBStateBackendTest" time="0.046"/>
  <testcase name="testCorrectMergeOperatorSet[1]" classname="org.apache.flink.contrib.streaming.state.EmbeddedRocksDBStateBackendTest" time="0.021"/>
  <testcase name="testDisposeDeletesAllDirectories[1]" classname="org.apache.flink.contrib.streaming.state.EmbeddedRocksDBStateBackendTest" time="0.039"/>
  <testcase name="testDismissingSnapshot[1]" classname="org.apache.flink.contrib.streaming.state.EmbeddedRocksDBStateBackendTest" time="0.035"/>
  <testcase name="testSharedIncrementalStateDeRegistration[1]" classname="org.apache.flink.contrib.streaming.state.EmbeddedRocksDBStateBackendTest" time="0.005"/>
  <testcase name="testDismissingSnapshotNotRunnable[1]" classname="org.apache.flink.contrib.streaming.state.EmbeddedRocksDBStateBackendTest" time="0.026"/>
  <testcase name="testKryoRegisteringRestoreResilienceWithDefaultSerializer[1]" classname="org.apache.flink.contrib.streaming.state.EmbeddedRocksDBStateBackendTest" time="0.127"/>
  <testcase name="testReducingStateRestoreWithWrongSerializers[1]" classname="org.apache.flink.contrib.streaming.state.EmbeddedRocksDBStateBackendTest" time="0.066"/>
  <testcase name="testListStateDefaultValue[1]" classname="org.apache.flink.contrib.streaming.state.EmbeddedRocksDBStateBackendTest" time="0.035"/>
  <testcase name="testMapStateGetKeysAndNamespaces[1]" classname="org.apache.flink.contrib.streaming.state.EmbeddedRocksDBStateBackendTest" time="0.094"/>
  <testcase name="testValueStateRestoreWithWrongSerializers[1]" classname="org.apache.flink.contrib.streaming.state.EmbeddedRocksDBStateBackendTest" time="0.099"/>
  <testcase name="testKryoRegisteringRestoreResilienceWithRegisteredType[1]" classname="org.apache.flink.contrib.streaming.state.EmbeddedRocksDBStateBackendTest" time="0.077"/>
  <testcase name="testListStateMerging[1]" classname="org.apache.flink.contrib.streaming.state.EmbeddedRocksDBStateBackendTest" time="0.036"/>
  <testcase name="testBackendUsesRegisteredKryoSerializerUsingGetOrCreate[1]" classname="org.apache.flink.contrib.streaming.state.EmbeddedRocksDBStateBackendTest" time="0.038"/>
  <testcase name="testReducingStateDefaultValue[1]" classname="org.apache.flink.contrib.streaming.state.EmbeddedRocksDBStateBackendTest" time="0.034"/>
  <testcase name="testMapStateRestoreWithWrongSerializers[1]" classname="org.apache.flink.contrib.streaming.state.EmbeddedRocksDBStateBackendTest" time="0.067"/>
  <testcase name="testMultipleValueStates[1]" classname="org.apache.flink.contrib.streaming.state.EmbeddedRocksDBStateBackendTest" time="0.069"/>
  <testcase name="testKeyGroupsSnapshotRestoreScaleDownUnEvenDistribute[1]" classname="org.apache.flink.contrib.streaming.state.EmbeddedRocksDBStateBackendTest" time="3.47"/>
  <testcase name="testEmptyStateCheckpointing[1]" classname="org.apache.flink.contrib.streaming.state.EmbeddedRocksDBStateBackendTest" time="0.079"/>
  <testcase name="testParallelAsyncSnapshots[1]" classname="org.apache.flink.contrib.streaming.state.EmbeddedRocksDBStateBackendTest" time="0.045"/>
  <testcase name="testAsyncSnapshotCancellation[1]" classname="org.apache.flink.contrib.streaming.state.EmbeddedRocksDBStateBackendTest" time="0.039"/>
  <testcase name="testMapStateIsEmpty[1]" classname="org.apache.flink.contrib.streaming.state.EmbeddedRocksDBStateBackendTest" time="0.193"/>
  <testcase name="testAggregatingStateAddAndGetWithImmutableAccumulator[1]" classname="org.apache.flink.contrib.streaming.state.EmbeddedRocksDBStateBackendTest" time="0.046"/>
  <testcase name="testBackendUsesRegisteredKryoSerializer[1]" classname="org.apache.flink.contrib.streaming.state.EmbeddedRocksDBStateBackendTest" time="0.064"/>
  <testcase name="testListStateAPIs[1]" classname="org.apache.flink.contrib.streaming.state.EmbeddedRocksDBStateBackendTest" time="0.139"/>
  <testcase name="testValueStateDefaultValue[1]" classname="org.apache.flink.contrib.streaming.state.EmbeddedRocksDBStateBackendTest" time="0.083"/>
  <testcase name="testRequireNonNullNamespace[1]" classname="org.apache.flink.contrib.streaming.state.EmbeddedRocksDBStateBackendTest" time="0.032"/>
  <testcase name="testValueStateRace[1]" classname="org.apache.flink.contrib.streaming.state.EmbeddedRocksDBStateBackendTest" time="0.151"/>
  <testcase name="testListStateUpdateNullEntries[1]" classname="org.apache.flink.contrib.streaming.state.EmbeddedRocksDBStateBackendTest" time="0.035"/>
  <testcase name="testNonConcurrentSnapshotTransformerAccess[1]" classname="org.apache.flink.contrib.streaming.state.EmbeddedRocksDBStateBackendTest" time="0.103"/>
  <testcase name="testListState[1]" classname="org.apache.flink.contrib.streaming.state.EmbeddedRocksDBStateBackendTest" time="0.109"/>
  <testcase name="testReducingState[1]" classname="org.apache.flink.contrib.streaming.state.EmbeddedRocksDBStateBackendTest" time="0.096"/>
  <testcase name="testGetKeys[1]" classname="org.apache.flink.contrib.streaming.state.EmbeddedRocksDBStateBackendTest" time="0.054"/>
  <testcase name="testKeyGroupedInternalPriorityQueueAddAll[1]" classname="org.apache.flink.contrib.streaming.state.EmbeddedRocksDBStateBackendTest" time="0.048"/>
  <testcase name="testKeyGroupedInternalPriorityQueue[1]" classname="org.apache.flink.contrib.streaming.state.EmbeddedRocksDBStateBackendTest" time="0.045"/>
  <testcase name="testListStateUpdateNull[1]" classname="org.apache.flink.contrib.streaming.state.EmbeddedRocksDBStateBackendTest" time="0.033"/>
  <testcase name="testConcurrentModificationWithApplyToAllKeys[1]" classname="org.apache.flink.contrib.streaming.state.EmbeddedRocksDBStateBackendTest" time="0.036"/>
  <testcase name="testMapStateDefaultValue[1]" classname="org.apache.flink.contrib.streaming.state.EmbeddedRocksDBStateBackendTest" time="0.033"/>
  <testcase name="testKryoRestoreResilienceWithDifferentRegistrationOrder[1]" classname="org.apache.flink.contrib.streaming.state.EmbeddedRocksDBStateBackendTest" time="0.081"/>
  <testcase name="testReducingStateAddAndGet[1]" classname="org.apache.flink.contrib.streaming.state.EmbeddedRocksDBStateBackendTest" time="0.035"/>
  <testcase name="testKryoRegisteringRestoreResilienceWithRegisteredSerializer[1]" classname="org.apache.flink.contrib.streaming.state.EmbeddedRocksDBStateBackendTest" time="0.104"/>
  <testcase name="testSnapshotNonAccessedState[1]" classname="org.apache.flink.contrib.streaming.state.EmbeddedRocksDBStateBackendTest" time="0.097"/>
  <testcase name="testReducingStateMerging[1]" classname="org.apache.flink.contrib.streaming.state.EmbeddedRocksDBStateBackendTest" time="0.034"/>
  <testcase name="testAsyncSnapshot[1]" classname="org.apache.flink.contrib.streaming.state.EmbeddedRocksDBStateBackendTest" time="0.07"/>
  <testcase name="testAggregatingStateAddAndGetWithMutableAccumulator[1]" classname="org.apache.flink.contrib.streaming.state.EmbeddedRocksDBStateBackendTest" time="0.042"/>
  <testcase name="testNumStateEntries[1]" classname="org.apache.flink.contrib.streaming.state.EmbeddedRocksDBStateBackendTest" time="0.037"/>
  <testcase name="testListStateRestoreWithWrongSerializers[1]" classname="org.apache.flink.contrib.streaming.state.EmbeddedRocksDBStateBackendTest" time="0.065"/>
  <testcase name="testRestoreWithWrongKeySerializer[1]" classname="org.apache.flink.contrib.streaming.state.EmbeddedRocksDBStateBackendTest" time="0.095"/>
  <testcase name="testKeyGroupsSnapshotRestoreNoRescale[1]" classname="org.apache.flink.contrib.streaming.state.EmbeddedRocksDBStateBackendTest" time="3.444"/>
  <testcase name="testListStateAddNull[1]" classname="org.apache.flink.contrib.streaming.state.EmbeddedRocksDBStateBackendTest" time="0.034"/>
  <testcase name="testValueStateNullUpdate[1]" classname="org.apache.flink.contrib.streaming.state.EmbeddedRocksDBStateBackendTest" time="0.067"/>
  <testcase name="testGetKeysAndNamespaces[1]" classname="org.apache.flink.contrib.streaming.state.EmbeddedRocksDBStateBackendTest" time="0.045"/>
  <testcase name="testQueryableStateRegistration[1]" classname="org.apache.flink.contrib.streaming.state.EmbeddedRocksDBStateBackendTest" time="0.065"/>
  <testcase name="testKeyGroupSnapshotRestoreScaleDown[1]" classname="org.apache.flink.contrib.streaming.state.EmbeddedRocksDBStateBackendTest" time="2.764"/>
  <testcase name="testEnableStateLatencyTracking[1]" classname="org.apache.flink.contrib.streaming.state.EmbeddedRocksDBStateBackendTest" time="0.029"/>
  <testcase name="testMapState[1]" classname="org.apache.flink.contrib.streaming.state.EmbeddedRocksDBStateBackendTest" time="0.102"/>
  <testcase name="testMapStateGetKeys[1]" classname="org.apache.flink.contrib.streaming.state.EmbeddedRocksDBStateBackendTest" time="0.05"/>
  <testcase name="testListStateAddAllNull[1]" classname="org.apache.flink.contrib.streaming.state.EmbeddedRocksDBStateBackendTest" time="0.033"/>
  <testcase name="testCheckConcurrencyProblemWhenPerformingCheckpointAsync[1]" classname="org.apache.flink.contrib.streaming.state.EmbeddedRocksDBStateBackendTest" time="0.083"/>
  <testcase name="testAggregatingStateMergingWithMutableAccumulator[1]" classname="org.apache.flink.contrib.streaming.state.EmbeddedRocksDBStateBackendTest" time="0.041"/>
  <testcase name="testValueStateWorkWithTtl[1]" classname="org.apache.flink.contrib.streaming.state.EmbeddedRocksDBStateBackendTest" time="0.041"/>
  <testcase name="testKeyGroupsSnapshotRestoreScaleUpUnEvenDistribute[1]" classname="org.apache.flink.contrib.streaming.state.EmbeddedRocksDBStateBackendTest" time="5.053"/>
  <testcase name="testApplyToAllKeysLambdaFunction[1]" classname="org.apache.flink.contrib.streaming.state.EmbeddedRocksDBStateBackendTest" time="0.044"/>
  <testcase name="testValueState[1]" classname="org.apache.flink.contrib.streaming.state.EmbeddedRocksDBStateBackendTest" time="0.101"/>
  <testcase name="testValueStateNullAsDefaultValue[1]" classname="org.apache.flink.contrib.streaming.state.EmbeddedRocksDBStateBackendTest" time="0.034"/>
  <testcase name="testMapStateIteratorArbitraryAccess[1]" classname="org.apache.flink.contrib.streaming.state.EmbeddedRocksDBStateBackendTest" time="0.063"/>
  <testcase name="testBackendUsesRegisteredKryoDefaultSerializerUsingGetOrCreate[1]" classname="org.apache.flink.contrib.streaming.state.EmbeddedRocksDBStateBackendTest" time="0.047"/>
  <testcase name="testBackendUsesRegisteredKryoDefaultSerializer[1]" classname="org.apache.flink.contrib.streaming.state.EmbeddedRocksDBStateBackendTest" time="0.036"/>
  <testcase name="testCopyDefaultValue[1]" classname="org.apache.flink.contrib.streaming.state.EmbeddedRocksDBStateBackendTest" time="0.032"/>
  <testcase name="testAggregatingStateMergingWithImmutableAccumulator[1]" classname="org.apache.flink.contrib.streaming.state.EmbeddedRocksDBStateBackendTest" time="0.036"/>
  <testcase name="testPojoRestoreResilienceWithDifferentRegistrationOrder[1]" classname="org.apache.flink.contrib.streaming.state.EmbeddedRocksDBStateBackendTest" time="0.073"/>
  <testcase name="testKeyGroupSnapshotRestoreScaleUp[1]" classname="org.apache.flink.contrib.streaming.state.EmbeddedRocksDBStateBackendTest" time="4.929"/>
  <testcase name="testListStateAddAllNullEntries[1]" classname="org.apache.flink.contrib.streaming.state.EmbeddedRocksDBStateBackendTest" time="0.033"/>
</testsuite>